Mplus VERSION 8.2 (Mac)
MUTHEN & MUTHEN
08/26/2020  10:09 AM

INPUT INSTRUCTIONS

  TITLE:
  model 3 with 5 classes
  DATA:
  FILE = "data_624dd70f9f561f2c8c991d291c51b950.dat";

  VARIABLE:
  NAMES = KinshipJ MutualismJ ExchangeJ HawkJ DoveJ DivisionJ PossessionJ;
   MISSING=.;
   CLASSES = c1(5);

  ANALYSIS:
  TYPE = mixture;

  MODEL:
  %c1#1%
  KinshipJ (vKinshipJ);
  MutualismJ (vMutualismJ);
  ExchangeJ (vExchangeJ);
  HawkJ (vHawkJ);
  DoveJ (vDoveJ);
  DivisionJ (vDivisionJ);
  PossessionJ (vPossessionJ);

  KinshipJ WITH MutualismJ (KinshipJWMutualismJ);
  KinshipJ WITH ExchangeJ (KinshipJWExchangeJ);
  KinshipJ WITH HawkJ (KinshipJWHawkJ);
  KinshipJ WITH DoveJ (KinshipJWDoveJ);
  KinshipJ WITH DivisionJ (KinshipJWDivisionJ);
  KinshipJ WITH PossessionJ (KinshipJWPossessionJ);
  MutualismJ WITH ExchangeJ (MutualismJWExchangeJ);
  MutualismJ WITH HawkJ (MutualismJWHawkJ);
  MutualismJ WITH DoveJ (MutualismJWDoveJ);
  MutualismJ WITH DivisionJ (MutualismJWDivisionJ);
  MutualismJ WITH PossessionJ (MutualismJWPossessionJ);
  ExchangeJ WITH HawkJ (ExchangeJWHawkJ);
  ExchangeJ WITH DoveJ (ExchangeJWDoveJ);
  ExchangeJ WITH DivisionJ (ExchangeJWDivisionJ);
  ExchangeJ WITH PossessionJ (ExchangeJWPossessionJ);
  HawkJ WITH DoveJ (HawkJWDoveJ);
  HawkJ WITH DivisionJ (HawkJWDivisionJ);
  HawkJ WITH PossessionJ (HawkJWPossessionJ);
  DoveJ WITH DivisionJ (DoveJWDivisionJ);
  DoveJ WITH PossessionJ (DoveJWPossessionJ);
  DivisionJ WITH PossessionJ (DivisionJWPossessionJ);

  %c1#2%
  KinshipJ (vKinshipJ);
  MutualismJ (vMutualismJ);
  ExchangeJ (vExchangeJ);
  HawkJ (vHawkJ);
  DoveJ (vDoveJ);
  DivisionJ (vDivisionJ);
  PossessionJ (vPossessionJ);

  KinshipJ WITH MutualismJ (KinshipJWMutualismJ);
  KinshipJ WITH ExchangeJ (KinshipJWExchangeJ);
  KinshipJ WITH HawkJ (KinshipJWHawkJ);
  KinshipJ WITH DoveJ (KinshipJWDoveJ);
  KinshipJ WITH DivisionJ (KinshipJWDivisionJ);
  KinshipJ WITH PossessionJ (KinshipJWPossessionJ);
  MutualismJ WITH ExchangeJ (MutualismJWExchangeJ);
  MutualismJ WITH HawkJ (MutualismJWHawkJ);
  MutualismJ WITH DoveJ (MutualismJWDoveJ);
  MutualismJ WITH DivisionJ (MutualismJWDivisionJ);
  MutualismJ WITH PossessionJ (MutualismJWPossessionJ);
  ExchangeJ WITH HawkJ (ExchangeJWHawkJ);
  ExchangeJ WITH DoveJ (ExchangeJWDoveJ);
  ExchangeJ WITH DivisionJ (ExchangeJWDivisionJ);
  ExchangeJ WITH PossessionJ (ExchangeJWPossessionJ);
  HawkJ WITH DoveJ (HawkJWDoveJ);
  HawkJ WITH DivisionJ (HawkJWDivisionJ);
  HawkJ WITH PossessionJ (HawkJWPossessionJ);
  DoveJ WITH DivisionJ (DoveJWDivisionJ);
  DoveJ WITH PossessionJ (DoveJWPossessionJ);
  DivisionJ WITH PossessionJ (DivisionJWPossessionJ);

  %c1#3%
  KinshipJ (vKinshipJ);
  MutualismJ (vMutualismJ);
  ExchangeJ (vExchangeJ);
  HawkJ (vHawkJ);
  DoveJ (vDoveJ);
  DivisionJ (vDivisionJ);
  PossessionJ (vPossessionJ);

  KinshipJ WITH MutualismJ (KinshipJWMutualismJ);
  KinshipJ WITH ExchangeJ (KinshipJWExchangeJ);
  KinshipJ WITH HawkJ (KinshipJWHawkJ);
  KinshipJ WITH DoveJ (KinshipJWDoveJ);
  KinshipJ WITH DivisionJ (KinshipJWDivisionJ);
  KinshipJ WITH PossessionJ (KinshipJWPossessionJ);
  MutualismJ WITH ExchangeJ (MutualismJWExchangeJ);
  MutualismJ WITH HawkJ (MutualismJWHawkJ);
  MutualismJ WITH DoveJ (MutualismJWDoveJ);
  MutualismJ WITH DivisionJ (MutualismJWDivisionJ);
  MutualismJ WITH PossessionJ (MutualismJWPossessionJ);
  ExchangeJ WITH HawkJ (ExchangeJWHawkJ);
  ExchangeJ WITH DoveJ (ExchangeJWDoveJ);
  ExchangeJ WITH DivisionJ (ExchangeJWDivisionJ);
  ExchangeJ WITH PossessionJ (ExchangeJWPossessionJ);
  HawkJ WITH DoveJ (HawkJWDoveJ);
  HawkJ WITH DivisionJ (HawkJWDivisionJ);
  HawkJ WITH PossessionJ (HawkJWPossessionJ);
  DoveJ WITH DivisionJ (DoveJWDivisionJ);
  DoveJ WITH PossessionJ (DoveJWPossessionJ);
  DivisionJ WITH PossessionJ (DivisionJWPossessionJ);

  %c1#4%
  KinshipJ (vKinshipJ);
  MutualismJ (vMutualismJ);
  ExchangeJ (vExchangeJ);
  HawkJ (vHawkJ);
  DoveJ (vDoveJ);
  DivisionJ (vDivisionJ);
  PossessionJ (vPossessionJ);

  KinshipJ WITH MutualismJ (KinshipJWMutualismJ);
  KinshipJ WITH ExchangeJ (KinshipJWExchangeJ);
  KinshipJ WITH HawkJ (KinshipJWHawkJ);
  KinshipJ WITH DoveJ (KinshipJWDoveJ);
  KinshipJ WITH DivisionJ (KinshipJWDivisionJ);
  KinshipJ WITH PossessionJ (KinshipJWPossessionJ);
  MutualismJ WITH ExchangeJ (MutualismJWExchangeJ);
  MutualismJ WITH HawkJ (MutualismJWHawkJ);
  MutualismJ WITH DoveJ (MutualismJWDoveJ);
  MutualismJ WITH DivisionJ (MutualismJWDivisionJ);
  MutualismJ WITH PossessionJ (MutualismJWPossessionJ);
  ExchangeJ WITH HawkJ (ExchangeJWHawkJ);
  ExchangeJ WITH DoveJ (ExchangeJWDoveJ);
  ExchangeJ WITH DivisionJ (ExchangeJWDivisionJ);
  ExchangeJ WITH PossessionJ (ExchangeJWPossessionJ);
  HawkJ WITH DoveJ (HawkJWDoveJ);
  HawkJ WITH DivisionJ (HawkJWDivisionJ);
  HawkJ WITH PossessionJ (HawkJWPossessionJ);
  DoveJ WITH DivisionJ (DoveJWDivisionJ);
  DoveJ WITH PossessionJ (DoveJWPossessionJ);
  DivisionJ WITH PossessionJ (DivisionJWPossessionJ);

  %c1#5%
  KinshipJ (vKinshipJ);
  MutualismJ (vMutualismJ);
  ExchangeJ (vExchangeJ);
  HawkJ (vHawkJ);
  DoveJ (vDoveJ);
  DivisionJ (vDivisionJ);
  PossessionJ (vPossessionJ);

  KinshipJ WITH MutualismJ (KinshipJWMutualismJ);
  KinshipJ WITH ExchangeJ (KinshipJWExchangeJ);
  KinshipJ WITH HawkJ (KinshipJWHawkJ);
  KinshipJ WITH DoveJ (KinshipJWDoveJ);
  KinshipJ WITH DivisionJ (KinshipJWDivisionJ);
  KinshipJ WITH PossessionJ (KinshipJWPossessionJ);
  MutualismJ WITH ExchangeJ (MutualismJWExchangeJ);
  MutualismJ WITH HawkJ (MutualismJWHawkJ);
  MutualismJ WITH DoveJ (MutualismJWDoveJ);
  MutualismJ WITH DivisionJ (MutualismJWDivisionJ);
  MutualismJ WITH PossessionJ (MutualismJWPossessionJ);
  ExchangeJ WITH HawkJ (ExchangeJWHawkJ);
  ExchangeJ WITH DoveJ (ExchangeJWDoveJ);
  ExchangeJ WITH DivisionJ (ExchangeJWDivisionJ);
  ExchangeJ WITH PossessionJ (ExchangeJWPossessionJ);
  HawkJ WITH DoveJ (HawkJWDoveJ);
  HawkJ WITH DivisionJ (HawkJWDivisionJ);
  HawkJ WITH PossessionJ (HawkJWPossessionJ);
  DoveJ WITH DivisionJ (DoveJWDivisionJ);
  DoveJ WITH PossessionJ (DoveJWPossessionJ);
  DivisionJ WITH PossessionJ (DivisionJWPossessionJ);


  OUTPUT:
  TECH14;

  SAVEDATA:
  FILE IS model_3_class_5.dat;
  SAVE = cprobabilities;



*** WARNING in VARIABLE command
  Note that only the first 8 characters of variable names are used in the output.
  Shorten variable names to avoid any confusion.
*** WARNING in MODEL command
  All variables are uncorrelated with all other variables within class.
  Check that this is what is intended.
   2 WARNING(S) FOUND IN THE INPUT INSTRUCTIONS




model 3 with 5 classes

SUMMARY OF ANALYSIS

Number of groups                                                 1
Number of observations                                        1392

Number of dependent variables                                    7
Number of independent variables                                  0
Number of continuous latent variables                            0
Number of categorical latent variables                           1

Observed dependent variables

  Continuous
   KINSHIPJ    MUTUALISMJ  EXCHANGEJ   HAWKJ       DOVEJ       DIVISIONJ
   POSSESSION

Categorical latent variables
   C1


Estimator                                                      MLR
Information matrix                                        OBSERVED
Optimization Specifications for the Quasi-Newton Algorithm for
Continuous Outcomes
  Maximum number of iterations                                 100
  Convergence criterion                                  0.100D-05
Optimization Specifications for the EM Algorithm
  Maximum number of iterations                                 500
  Convergence criteria
    Loglikelihood change                                 0.100D-06
    Relative loglikelihood change                        0.100D-06
    Derivative                                           0.100D-05
Optimization Specifications for the M step of the EM Algorithm for
Categorical Latent variables
  Number of M step iterations                                    1
  M step convergence criterion                           0.100D-05
  Basis for M step termination                           ITERATION
Optimization Specifications for the M step of the EM Algorithm for
Censored, Binary or Ordered Categorical (Ordinal), Unordered
Categorical (Nominal) and Count Outcomes
  Number of M step iterations                                    1
  M step convergence criterion                           0.100D-05
  Basis for M step termination                           ITERATION
  Maximum value for logit thresholds                            15
  Minimum value for logit thresholds                           -15
  Minimum expected cell size for chi-square              0.100D-01
Maximum number of iterations for H1                           2000
Convergence criterion for H1                             0.100D-03
Optimization algorithm                                         EMA
Random Starts Specifications
  Number of initial stage random starts                         20
  Number of final stage optimizations                            4
  Number of initial stage iterations                            10
  Initial stage convergence criterion                    0.100D+01
  Random starts scale                                    0.500D+01
  Random seed for generating random starts                       0

Input data file(s)
  data_624dd70f9f561f2c8c991d291c51b950.dat
Input data format  FREE


SUMMARY OF DATA

     Number of missing data patterns             1
     Number of y missing data patterns           1
     Number of u missing data patterns           0


COVARIANCE COVERAGE OF DATA

Minimum covariance coverage value   0.100


     PROPORTION OF DATA PRESENT FOR Y


           Covariance Coverage
              KINSHIPJ      MUTUALIS      EXCHANGE      HAWKJ         DOVEJ
              ________      ________      ________      ________      ________
 KINSHIPJ       1.000
 MUTUALIS       1.000         1.000
 EXCHANGE       1.000         1.000         1.000
 HAWKJ          1.000         1.000         1.000         1.000
 DOVEJ          1.000         1.000         1.000         1.000         1.000
 DIVISION       1.000         1.000         1.000         1.000         1.000
 POSSESSI       1.000         1.000         1.000         1.000         1.000


           Covariance Coverage
              DIVISION      POSSESSI
              ________      ________
 DIVISION       1.000
 POSSESSI       1.000         1.000



UNIVARIATE SAMPLE STATISTICS


     UNIVARIATE HIGHER-ORDER MOMENT DESCRIPTIVE STATISTICS

         Variable/         Mean/     Skewness/   Minimum/ % with                Percentiles
        Sample Size      Variance    Kurtosis    Maximum  Min/Max      20%/60%    40%/80%    Median

     KINSHIPJ             68.142      -0.400      12.667    0.07%      55.333     64.667     69.000
            1392.000     243.252      -0.028      99.333    0.07%      73.000     82.000
     MUTUALISMJ           64.403      -0.398      11.000    0.07%      53.000     61.667     65.000
            1392.000     184.479       0.162      96.000    0.07%      68.333     76.333
     EXCHANGEJ            71.836      -0.357      32.667    0.07%      62.667     69.667     72.667
            1392.000     127.269       0.056      98.000    0.14%      75.333     81.333
     HAWKJ                65.577      -0.286      11.000    0.07%      52.333     61.667     66.000
            1392.000     250.911      -0.258      99.667    0.14%      70.333     80.000
     DOVEJ                54.086      -0.377       2.000    0.07%      41.000     51.333     55.167
            1392.000     244.615      -0.092      92.333    0.07%      59.000     68.000
     DIVISIONJ            69.860      -0.574       6.333    0.07%      57.333     67.000     71.333
            1392.000     243.008       0.243     100.000    0.29%      75.333     83.000
     POSSESSIONJ          39.164       0.105       1.667    0.07%      26.000     35.000     39.333
            1392.000     234.437      -0.117      95.333    0.07%      43.000     52.000

RANDOM STARTS RESULTS RANKED FROM THE BEST TO THE WORST LOGLIKELIHOOD VALUES

Final stage loglikelihood values at local maxima, seeds, and initial stage start numbers:

          -39444.837  637345           19
          -39448.666  462953           7
          -39458.426  650371           14
          -39460.010  608496           4



     WARNING:  THE BEST LOGLIKELIHOOD VALUE WAS NOT REPLICATED.  THE
     SOLUTION MAY NOT BE TRUSTWORTHY DUE TO LOCAL MAXIMA.  INCREASE THE
     NUMBER OF RANDOM STARTS.


THE MODEL ESTIMATION TERMINATED NORMALLY



MODEL FIT INFORMATION

Number of Free Parameters                       67

Loglikelihood

          H0 Value                      -39444.837
          H0 Scaling Correction Factor      1.3439
            for MLR

Information Criteria

          Akaike (AIC)                   79023.674
          Bayesian (BIC)                 79374.653
          Sample-Size Adjusted BIC       79161.820
            (n* = (n + 2) / 24)



FINAL CLASS COUNTS AND PROPORTIONS FOR THE LATENT CLASSES
BASED ON THE ESTIMATED MODEL

    Latent
   Classes

       1        211.56517          0.15199
       2         76.40453          0.05489
       3       1049.40663          0.75388
       4         46.80854          0.03363
       5          7.81513          0.00561


FINAL CLASS COUNTS AND PROPORTIONS FOR THE LATENT CLASSES
BASED ON ESTIMATED POSTERIOR PROBABILITIES

    Latent
   Classes

       1        211.56517          0.15199
       2         76.40453          0.05489
       3       1049.40663          0.75388
       4         46.80854          0.03363
       5          7.81513          0.00561


FINAL CLASS COUNTS AND PROPORTIONS FOR THE LATENT CLASSES
BASED ON THEIR MOST LIKELY LATENT CLASS MEMBERSHIP

Class Counts and Proportions

    Latent
   Classes

       1              174          0.12500
       2               61          0.04382
       3             1115          0.80101
       4               35          0.02514
       5                7          0.00503


CLASSIFICATION QUALITY

     Entropy                         0.790


Average Latent Class Probabilities for Most Likely Latent Class Membership (Row)
by Latent Class (Column)

           1        2        3        4        5

    1   0.784    0.004    0.190    0.022    0.001
    2   0.005    0.768    0.190    0.038    0.000
    3   0.066    0.024    0.896    0.013    0.001
    4   0.049    0.056    0.147    0.747    0.001
    5   0.010    0.001    0.061    0.015    0.914


Classification Probabilities for the Most Likely Latent Class Membership (Column)
by Latent Class (Row)

           1        2        3        4        5

    1   0.645    0.001    0.346    0.008    0.000
    2   0.008    0.613    0.353    0.026    0.000
    3   0.031    0.011    0.952    0.005    0.000
    4   0.083    0.049    0.307    0.559    0.002
    5   0.013    0.000    0.163    0.005    0.819


Logits for the Classification Probabilities for the Most Likely Latent Class Membership (Column)
by Latent Class (Row)

              1        2        3        4        5

    1      7.623    1.419    7.000    3.245    0.000
    2      4.556    8.835    8.282    5.660    0.000
    3      4.354    3.306    7.765    2.496    0.000
    4      3.604    3.089    4.914    5.513    0.000
    5     -4.139   -8.216   -1.614   -5.038    0.000


MODEL RESULTS

                                                    Two-Tailed
                    Estimate       S.E.  Est./S.E.    P-Value

Latent Class 1

 KINSHIPJ WITH
    MUTUALISMJ        44.520      7.583      5.871      0.000
    EXCHANGEJ         54.074      5.236     10.328      0.000
    HAWKJ             73.487      7.612      9.654      0.000
    DOVEJ             73.078     17.977      4.065      0.000
    DIVISIONJ         20.112     14.216      1.415      0.157
    POSSESSION        -5.958      6.868     -0.867      0.386

 MUTUALIS WITH
    EXCHANGEJ         54.176      6.814      7.951      0.000
    HAWKJ             40.255      7.609      5.291      0.000
    DOVEJ             28.382     10.388      2.732      0.006
    DIVISIONJ         34.741     11.896      2.920      0.003
    POSSESSION        -6.817      6.538     -1.043      0.297

 EXCHANGE WITH
    HAWKJ             41.291      5.308      7.779      0.000
    DOVEJ             22.630      6.366      3.555      0.000
    DIVISIONJ         30.682      5.221      5.877      0.000
    POSSESSION         2.002      4.636      0.432      0.666

 HAWKJ    WITH
    DOVEJ             67.590     10.197      6.628      0.000
    DIVISIONJ         28.814     10.007      2.879      0.004
    POSSESSION        -2.500      6.719     -0.372      0.710

 DOVEJ    WITH
    DIVISIONJ         11.017     27.312      0.403      0.687
    POSSESSION         7.161      9.031      0.793      0.428

 DIVISION WITH
    POSSESSION        13.006      8.564      1.519      0.129

 Means
    KINSHIPJ          68.489      3.548     19.305      0.000
    MUTUALISMJ        64.455      1.883     34.232      0.000
    EXCHANGEJ         70.476      1.812     38.899      0.000
    HAWKJ             67.606      3.234     20.904      0.000
    DOVEJ             33.653      2.135     15.764      0.000
    DIVISIONJ         70.998      7.944      8.937      0.000
    POSSESSION        43.553      1.367     31.866      0.000

 Variances
    KINSHIPJ         239.265     10.026     23.865      0.000
    MUTUALISMJ       156.464     14.636     10.690      0.000
    EXCHANGEJ        125.504      4.889     25.670      0.000
    HAWKJ            244.777      9.252     26.457      0.000
    DOVEJ            163.720     32.234      5.079      0.000
    DIVISIONJ        181.168     29.523      6.136      0.000
    POSSESSION       228.164      8.849     25.784      0.000

Latent Class 2

 KINSHIPJ WITH
    MUTUALISMJ        44.520      7.583      5.871      0.000
    EXCHANGEJ         54.074      5.236     10.328      0.000
    HAWKJ             73.487      7.612      9.654      0.000
    DOVEJ             73.078     17.977      4.065      0.000
    DIVISIONJ         20.112     14.216      1.415      0.157
    POSSESSION        -5.958      6.868     -0.867      0.386

 MUTUALIS WITH
    EXCHANGEJ         54.176      6.814      7.951      0.000
    HAWKJ             40.255      7.609      5.291      0.000
    DOVEJ             28.382     10.388      2.732      0.006
    DIVISIONJ         34.741     11.896      2.920      0.003
    POSSESSION        -6.817      6.538     -1.043      0.297

 EXCHANGE WITH
    HAWKJ             41.291      5.308      7.779      0.000
    DOVEJ             22.630      6.366      3.555      0.000
    DIVISIONJ         30.682      5.221      5.877      0.000
    POSSESSION         2.002      4.636      0.432      0.666

 HAWKJ    WITH
    DOVEJ             67.590     10.197      6.628      0.000
    DIVISIONJ         28.814     10.007      2.879      0.004
    POSSESSION        -2.500      6.719     -0.372      0.710

 DOVEJ    WITH
    DIVISIONJ         11.017     27.312      0.403      0.687
    POSSESSION         7.161      9.031      0.793      0.428

 DIVISION WITH
    POSSESSION        13.006      8.564      1.519      0.129

 Means
    KINSHIPJ          70.934      5.155     13.759      0.000
    MUTUALISMJ        64.761      5.314     12.186      0.000
    EXCHANGEJ         76.640      2.597     29.514      0.000
    HAWKJ             63.873      4.531     14.096      0.000
    DOVEJ             63.368      5.275     12.013      0.000
    DIVISIONJ         40.689      5.584      7.287      0.000
    POSSESSION        31.506      4.122      7.644      0.000

 Variances
    KINSHIPJ         239.265     10.026     23.865      0.000
    MUTUALISMJ       156.464     14.636     10.690      0.000
    EXCHANGEJ        125.504      4.889     25.670      0.000
    HAWKJ            244.777      9.252     26.457      0.000
    DOVEJ            163.720     32.234      5.079      0.000
    DIVISIONJ        181.168     29.523      6.136      0.000
    POSSESSION       228.164      8.849     25.784      0.000

Latent Class 3

 KINSHIPJ WITH
    MUTUALISMJ        44.520      7.583      5.871      0.000
    EXCHANGEJ         54.074      5.236     10.328      0.000
    HAWKJ             73.487      7.612      9.654      0.000
    DOVEJ             73.078     17.977      4.065      0.000
    DIVISIONJ         20.112     14.216      1.415      0.157
    POSSESSION        -5.958      6.868     -0.867      0.386

 MUTUALIS WITH
    EXCHANGEJ         54.176      6.814      7.951      0.000
    HAWKJ             40.255      7.609      5.291      0.000
    DOVEJ             28.382     10.388      2.732      0.006
    DIVISIONJ         34.741     11.896      2.920      0.003
    POSSESSION        -6.817      6.538     -1.043      0.297

 EXCHANGE WITH
    HAWKJ             41.291      5.308      7.779      0.000
    DOVEJ             22.630      6.366      3.555      0.000
    DIVISIONJ         30.682      5.221      5.877      0.000
    POSSESSION         2.002      4.636      0.432      0.666

 HAWKJ    WITH
    DOVEJ             67.590     10.197      6.628      0.000
    DIVISIONJ         28.814     10.007      2.879      0.004
    POSSESSION        -2.500      6.719     -0.372      0.710

 DOVEJ    WITH
    DIVISIONJ         11.017     27.312      0.403      0.687
    POSSESSION         7.161      9.031      0.793      0.428

 DIVISION WITH
    POSSESSION        13.006      8.564      1.519      0.129

 Means
    KINSHIPJ          68.107      0.972     70.043      0.000
    MUTUALISMJ        65.722      0.692     95.040      0.000
    EXCHANGEJ         71.734      0.438    163.829      0.000
    HAWKJ             65.259      0.919     70.979      0.000
    DOVEJ             57.879      1.461     39.626      0.000
    DIVISIONJ         72.375      0.834     86.791      0.000
    POSSESSION        38.875      0.567     68.545      0.000

 Variances
    KINSHIPJ         239.265     10.026     23.865      0.000
    MUTUALISMJ       156.464     14.636     10.690      0.000
    EXCHANGEJ        125.504      4.889     25.670      0.000
    HAWKJ            244.777      9.252     26.457      0.000
    DOVEJ            163.720     32.234      5.079      0.000
    DIVISIONJ        181.168     29.523      6.136      0.000
    POSSESSION       228.164      8.849     25.784      0.000

Latent Class 4

 KINSHIPJ WITH
    MUTUALISMJ        44.520      7.583      5.871      0.000
    EXCHANGEJ         54.074      5.236     10.328      0.000
    HAWKJ             73.487      7.612      9.654      0.000
    DOVEJ             73.078     17.977      4.065      0.000
    DIVISIONJ         20.112     14.216      1.415      0.157
    POSSESSION        -5.958      6.868     -0.867      0.386

 MUTUALIS WITH
    EXCHANGEJ         54.176      6.814      7.951      0.000
    HAWKJ             40.255      7.609      5.291      0.000
    DOVEJ             28.382     10.388      2.732      0.006
    DIVISIONJ         34.741     11.896      2.920      0.003
    POSSESSION        -6.817      6.538     -1.043      0.297

 EXCHANGE WITH
    HAWKJ             41.291      5.308      7.779      0.000
    DOVEJ             22.630      6.366      3.555      0.000
    DIVISIONJ         30.682      5.221      5.877      0.000
    POSSESSION         2.002      4.636      0.432      0.666

 HAWKJ    WITH
    DOVEJ             67.590     10.197      6.628      0.000
    DIVISIONJ         28.814     10.007      2.879      0.004
    POSSESSION        -2.500      6.719     -0.372      0.710

 DOVEJ    WITH
    DIVISIONJ         11.017     27.312      0.403      0.687
    POSSESSION         7.161      9.031      0.793      0.428

 DIVISION WITH
    POSSESSION        13.006      8.564      1.519      0.129

 Means
    KINSHIPJ          60.167     10.168      5.918      0.000
    MUTUALISMJ        38.875      4.881      7.965      0.000
    EXCHANGEJ         71.414      7.145      9.994      0.000
    HAWKJ             70.942      4.572     15.515      0.000
    DOVEJ             46.744     14.951      3.127      0.002
    DIVISIONJ         53.511     20.343      2.630      0.009
    POSSESSION        38.855      4.556      8.529      0.000

 Variances
    KINSHIPJ         239.265     10.026     23.865      0.000
    MUTUALISMJ       156.464     14.636     10.690      0.000
    EXCHANGEJ        125.504      4.889     25.670      0.000
    HAWKJ            244.777      9.252     26.457      0.000
    DOVEJ            163.720     32.234      5.079      0.000
    DIVISIONJ        181.168     29.523      6.136      0.000
    POSSESSION       228.164      8.849     25.784      0.000

Latent Class 5

 KINSHIPJ WITH
    MUTUALISMJ        44.520      7.583      5.871      0.000
    EXCHANGEJ         54.074      5.236     10.328      0.000
    HAWKJ             73.487      7.612      9.654      0.000
    DOVEJ             73.078     17.977      4.065      0.000
    DIVISIONJ         20.112     14.216      1.415      0.157
    POSSESSION        -5.958      6.868     -0.867      0.386

 MUTUALIS WITH
    EXCHANGEJ         54.176      6.814      7.951      0.000
    HAWKJ             40.255      7.609      5.291      0.000
    DOVEJ             28.382     10.388      2.732      0.006
    DIVISIONJ         34.741     11.896      2.920      0.003
    POSSESSION        -6.817      6.538     -1.043      0.297

 EXCHANGE WITH
    HAWKJ             41.291      5.308      7.779      0.000
    DOVEJ             22.630      6.366      3.555      0.000
    DIVISIONJ         30.682      5.221      5.877      0.000
    POSSESSION         2.002      4.636      0.432      0.666

 HAWKJ    WITH
    DOVEJ             67.590     10.197      6.628      0.000
    DIVISIONJ         28.814     10.007      2.879      0.004
    POSSESSION        -2.500      6.719     -0.372      0.710

 DOVEJ    WITH
    DIVISIONJ         11.017     27.312      0.403      0.687
    POSSESSION         7.161      9.031      0.793      0.428

 DIVISION WITH
    POSSESSION        13.006      8.564      1.519      0.129

 Means
    KINSHIPJ          83.935      5.655     14.844      0.000
    MUTUALISMJ        35.219      6.656      5.291      0.000
    EXCHANGEJ         77.838      4.996     15.580      0.000
    HAWKJ             37.893      8.099      4.679      0.000
    DOVEJ             51.092      8.191      6.238      0.000
    DIVISIONJ         84.354      5.743     14.689      0.000
    POSSESSION        35.903      5.612      6.397      0.000

 Variances
    KINSHIPJ         239.265     10.026     23.865      0.000
    MUTUALISMJ       156.464     14.636     10.690      0.000
    EXCHANGEJ        125.504      4.889     25.670      0.000
    HAWKJ            244.777      9.252     26.457      0.000
    DOVEJ            163.720     32.234      5.079      0.000
    DIVISIONJ        181.168     29.523      6.136      0.000
    POSSESSION       228.164      8.849     25.784      0.000

Categorical Latent Variables

 Means
    C1#1               3.298      0.667      4.945      0.000
    C1#2               2.280      0.814      2.800      0.005
    C1#3               4.900      0.489     10.017      0.000
    C1#4               1.790      0.662      2.704      0.007


QUALITY OF NUMERICAL RESULTS

     Condition Number for the Information Matrix              0.216E-05
       (ratio of smallest to largest eigenvalue)


TECHNICAL 14 OUTPUT

     Random Starts Specifications for the k-1 Class Analysis Model
        Number of initial stage random starts                  20
        Number of final stage optimizations                     4

     Random Starts Specification for the k-1 Class Model for Generated Data
        Number of initial stage random starts                   0
        Number of final stage optimizations for the
           initial stage random starts                          0
     Random Starts Specification for the k Class Model for Generated Data
        Number of initial stage random starts                  40
        Number of final stage optimizations                     8
     Number of bootstrap draws requested                   Varies


     PARAMETRIC BOOTSTRAPPED LIKELIHOOD RATIO TEST FOR 4 (H0) VERSUS 5 CLASSES

          H0 Loglikelihood Value                       -39458.433
          2 Times the Loglikelihood Difference             27.193
          Difference in the Number of Parameters                8
          Approximate P-Value                              0.0300
          Successful Bootstrap Draws                          100

     WARNING:  OF THE 100 BOOTSTRAP DRAWS, 67 DRAWS HAD BOTH A SMALLER LRT VALUE THAN THE
     OBSERVED LRT VALUE AND NOT A REPLICATED BEST LOGLIKELIHOOD VALUE FOR THE 5-CLASS MODEL.
     THIS MEANS THAT THE P-VALUE MAY NOT BE TRUSTWORTHY DUE TO LOCAL MAXIMA.
     INCREASE THE NUMBER OF RANDOM STARTS USING THE LRTSTARTS OPTION.



SAVEDATA INFORMATION


  Save file
    model_3_class_5.dat

  Order and format of variables

    KINSHIPJ       F10.3
    MUTUALIS       F10.3
    EXCHANGE       F10.3
    HAWKJ          F10.3
    DOVEJ          F10.3
    DIVISION       F10.3
    POSSESSI       F10.3
    CPROB1         F10.3
    CPROB2         F10.3
    CPROB3         F10.3
    CPROB4         F10.3
    CPROB5         F10.3
    C1             F10.3

  Save file format
    13F10.3

  Save file record length    10000


     Beginning Time:  10:09:59
        Ending Time:  10:13:04
       Elapsed Time:  00:03:05



MUTHEN & MUTHEN
3463 Stoner Ave.
Los Angeles, CA  90066

Tel: (310) 391-9971
Fax: (310) 391-8971
Web: www.StatModel.com
Support: Support@StatModel.com

Copyright (c) 1998-2018 Muthen & Muthen
