Mplus VERSION 8.2 (Mac)
MUTHEN & MUTHEN
08/26/2020  10:08 AM

INPUT INSTRUCTIONS

  TITLE:
  model 3 with 2 classes
  DATA:
  FILE = "data_624dd70f9f561f2c8c991d291c51b950.dat";

  VARIABLE:
  NAMES = KinshipJ MutualismJ ExchangeJ HawkJ DoveJ DivisionJ PossessionJ;
   MISSING=.;
   CLASSES = c1(2);

  ANALYSIS:
  TYPE = mixture;

  MODEL:
  %c1#1%
  KinshipJ (vKinshipJ);
  MutualismJ (vMutualismJ);
  ExchangeJ (vExchangeJ);
  HawkJ (vHawkJ);
  DoveJ (vDoveJ);
  DivisionJ (vDivisionJ);
  PossessionJ (vPossessionJ);

  KinshipJ WITH MutualismJ (KinshipJWMutualismJ);
  KinshipJ WITH ExchangeJ (KinshipJWExchangeJ);
  KinshipJ WITH HawkJ (KinshipJWHawkJ);
  KinshipJ WITH DoveJ (KinshipJWDoveJ);
  KinshipJ WITH DivisionJ (KinshipJWDivisionJ);
  KinshipJ WITH PossessionJ (KinshipJWPossessionJ);
  MutualismJ WITH ExchangeJ (MutualismJWExchangeJ);
  MutualismJ WITH HawkJ (MutualismJWHawkJ);
  MutualismJ WITH DoveJ (MutualismJWDoveJ);
  MutualismJ WITH DivisionJ (MutualismJWDivisionJ);
  MutualismJ WITH PossessionJ (MutualismJWPossessionJ);
  ExchangeJ WITH HawkJ (ExchangeJWHawkJ);
  ExchangeJ WITH DoveJ (ExchangeJWDoveJ);
  ExchangeJ WITH DivisionJ (ExchangeJWDivisionJ);
  ExchangeJ WITH PossessionJ (ExchangeJWPossessionJ);
  HawkJ WITH DoveJ (HawkJWDoveJ);
  HawkJ WITH DivisionJ (HawkJWDivisionJ);
  HawkJ WITH PossessionJ (HawkJWPossessionJ);
  DoveJ WITH DivisionJ (DoveJWDivisionJ);
  DoveJ WITH PossessionJ (DoveJWPossessionJ);
  DivisionJ WITH PossessionJ (DivisionJWPossessionJ);

  %c1#2%
  KinshipJ (vKinshipJ);
  MutualismJ (vMutualismJ);
  ExchangeJ (vExchangeJ);
  HawkJ (vHawkJ);
  DoveJ (vDoveJ);
  DivisionJ (vDivisionJ);
  PossessionJ (vPossessionJ);

  KinshipJ WITH MutualismJ (KinshipJWMutualismJ);
  KinshipJ WITH ExchangeJ (KinshipJWExchangeJ);
  KinshipJ WITH HawkJ (KinshipJWHawkJ);
  KinshipJ WITH DoveJ (KinshipJWDoveJ);
  KinshipJ WITH DivisionJ (KinshipJWDivisionJ);
  KinshipJ WITH PossessionJ (KinshipJWPossessionJ);
  MutualismJ WITH ExchangeJ (MutualismJWExchangeJ);
  MutualismJ WITH HawkJ (MutualismJWHawkJ);
  MutualismJ WITH DoveJ (MutualismJWDoveJ);
  MutualismJ WITH DivisionJ (MutualismJWDivisionJ);
  MutualismJ WITH PossessionJ (MutualismJWPossessionJ);
  ExchangeJ WITH HawkJ (ExchangeJWHawkJ);
  ExchangeJ WITH DoveJ (ExchangeJWDoveJ);
  ExchangeJ WITH DivisionJ (ExchangeJWDivisionJ);
  ExchangeJ WITH PossessionJ (ExchangeJWPossessionJ);
  HawkJ WITH DoveJ (HawkJWDoveJ);
  HawkJ WITH DivisionJ (HawkJWDivisionJ);
  HawkJ WITH PossessionJ (HawkJWPossessionJ);
  DoveJ WITH DivisionJ (DoveJWDivisionJ);
  DoveJ WITH PossessionJ (DoveJWPossessionJ);
  DivisionJ WITH PossessionJ (DivisionJWPossessionJ);


  OUTPUT:
  TECH14;

  SAVEDATA:
  FILE IS model_3_class_2.dat;
  SAVE = cprobabilities;



*** WARNING in VARIABLE command
  Note that only the first 8 characters of variable names are used in the output.
  Shorten variable names to avoid any confusion.
*** WARNING in MODEL command
  All variables are uncorrelated with all other variables within class.
  Check that this is what is intended.
   2 WARNING(S) FOUND IN THE INPUT INSTRUCTIONS




model 3 with 2 classes

SUMMARY OF ANALYSIS

Number of groups                                                 1
Number of observations                                        1392

Number of dependent variables                                    7
Number of independent variables                                  0
Number of continuous latent variables                            0
Number of categorical latent variables                           1

Observed dependent variables

  Continuous
   KINSHIPJ    MUTUALISMJ  EXCHANGEJ   HAWKJ       DOVEJ       DIVISIONJ
   POSSESSION

Categorical latent variables
   C1


Estimator                                                      MLR
Information matrix                                        OBSERVED
Optimization Specifications for the Quasi-Newton Algorithm for
Continuous Outcomes
  Maximum number of iterations                                 100
  Convergence criterion                                  0.100D-05
Optimization Specifications for the EM Algorithm
  Maximum number of iterations                                 500
  Convergence criteria
    Loglikelihood change                                 0.100D-06
    Relative loglikelihood change                        0.100D-06
    Derivative                                           0.100D-05
Optimization Specifications for the M step of the EM Algorithm for
Categorical Latent variables
  Number of M step iterations                                    1
  M step convergence criterion                           0.100D-05
  Basis for M step termination                           ITERATION
Optimization Specifications for the M step of the EM Algorithm for
Censored, Binary or Ordered Categorical (Ordinal), Unordered
Categorical (Nominal) and Count Outcomes
  Number of M step iterations                                    1
  M step convergence criterion                           0.100D-05
  Basis for M step termination                           ITERATION
  Maximum value for logit thresholds                            15
  Minimum value for logit thresholds                           -15
  Minimum expected cell size for chi-square              0.100D-01
Maximum number of iterations for H1                           2000
Convergence criterion for H1                             0.100D-03
Optimization algorithm                                         EMA
Random Starts Specifications
  Number of initial stage random starts                         20
  Number of final stage optimizations                            4
  Number of initial stage iterations                            10
  Initial stage convergence criterion                    0.100D+01
  Random starts scale                                    0.500D+01
  Random seed for generating random starts                       0

Input data file(s)
  data_624dd70f9f561f2c8c991d291c51b950.dat
Input data format  FREE


SUMMARY OF DATA

     Number of missing data patterns             1
     Number of y missing data patterns           1
     Number of u missing data patterns           0


COVARIANCE COVERAGE OF DATA

Minimum covariance coverage value   0.100


     PROPORTION OF DATA PRESENT FOR Y


           Covariance Coverage
              KINSHIPJ      MUTUALIS      EXCHANGE      HAWKJ         DOVEJ
              ________      ________      ________      ________      ________
 KINSHIPJ       1.000
 MUTUALIS       1.000         1.000
 EXCHANGE       1.000         1.000         1.000
 HAWKJ          1.000         1.000         1.000         1.000
 DOVEJ          1.000         1.000         1.000         1.000         1.000
 DIVISION       1.000         1.000         1.000         1.000         1.000
 POSSESSI       1.000         1.000         1.000         1.000         1.000


           Covariance Coverage
              DIVISION      POSSESSI
              ________      ________
 DIVISION       1.000
 POSSESSI       1.000         1.000



UNIVARIATE SAMPLE STATISTICS


     UNIVARIATE HIGHER-ORDER MOMENT DESCRIPTIVE STATISTICS

         Variable/         Mean/     Skewness/   Minimum/ % with                Percentiles
        Sample Size      Variance    Kurtosis    Maximum  Min/Max      20%/60%    40%/80%    Median

     KINSHIPJ             68.142      -0.400      12.667    0.07%      55.333     64.667     69.000
            1392.000     243.252      -0.028      99.333    0.07%      73.000     82.000
     MUTUALISMJ           64.403      -0.398      11.000    0.07%      53.000     61.667     65.000
            1392.000     184.479       0.162      96.000    0.07%      68.333     76.333
     EXCHANGEJ            71.836      -0.357      32.667    0.07%      62.667     69.667     72.667
            1392.000     127.269       0.056      98.000    0.14%      75.333     81.333
     HAWKJ                65.577      -0.286      11.000    0.07%      52.333     61.667     66.000
            1392.000     250.911      -0.258      99.667    0.14%      70.333     80.000
     DOVEJ                54.086      -0.377       2.000    0.07%      41.000     51.333     55.167
            1392.000     244.615      -0.092      92.333    0.07%      59.000     68.000
     DIVISIONJ            69.860      -0.574       6.333    0.07%      57.333     67.000     71.333
            1392.000     243.008       0.243     100.000    0.29%      75.333     83.000
     POSSESSIONJ          39.164       0.105       1.667    0.07%      26.000     35.000     39.333
            1392.000     234.437      -0.117      95.333    0.07%      43.000     52.000

RANDOM STARTS RESULTS RANKED FROM THE BEST TO THE WORST LOGLIKELIHOOD VALUES

Final stage loglikelihood values at local maxima, seeds, and initial stage start numbers:

          -39502.470  650371           14
          -39512.336  462953           7
          -39512.336  573096           20
          -39525.922  68985            17



     WARNING:  THE BEST LOGLIKELIHOOD VALUE WAS NOT REPLICATED.  THE
     SOLUTION MAY NOT BE TRUSTWORTHY DUE TO LOCAL MAXIMA.  INCREASE THE
     NUMBER OF RANDOM STARTS.


THE MODEL ESTIMATION TERMINATED NORMALLY



MODEL FIT INFORMATION

Number of Free Parameters                       43

Loglikelihood

          H0 Value                      -39502.470
          H0 Scaling Correction Factor      1.0897
            for MLR

Information Criteria

          Akaike (AIC)                   79090.941
          Bayesian (BIC)                 79316.196
          Sample-Size Adjusted BIC       79179.602
            (n* = (n + 2) / 24)



FINAL CLASS COUNTS AND PROPORTIONS FOR THE LATENT CLASSES
BASED ON THE ESTIMATED MODEL

    Latent
   Classes

       1        166.83494          0.11985
       2       1225.16506          0.88015


FINAL CLASS COUNTS AND PROPORTIONS FOR THE LATENT CLASSES
BASED ON ESTIMATED POSTERIOR PROBABILITIES

    Latent
   Classes

       1        166.83494          0.11985
       2       1225.16506          0.88015


FINAL CLASS COUNTS AND PROPORTIONS FOR THE LATENT CLASSES
BASED ON THEIR MOST LIKELY LATENT CLASS MEMBERSHIP

Class Counts and Proportions

    Latent
   Classes

       1              131          0.09411
       2             1261          0.90589


CLASSIFICATION QUALITY

     Entropy                         0.767


Average Latent Class Probabilities for Most Likely Latent Class Membership (Row)
by Latent Class (Column)

           1        2

    1   0.794    0.206
    2   0.050    0.950


Classification Probabilities for the Most Likely Latent Class Membership (Column)
by Latent Class (Row)

           1        2

    1   0.623    0.377
    2   0.022    0.978


Logits for the Classification Probabilities for the Most Likely Latent Class Membership (Column)
by Latent Class (Row)

              1        2

    1      0.503    0.000
    2     -3.791    0.000


MODEL RESULTS

                                                    Two-Tailed
                    Estimate       S.E.  Est./S.E.    P-Value

Latent Class 1

 KINSHIPJ WITH
    MUTUALISMJ        48.518      5.779      8.396      0.000
    EXCHANGEJ         55.567      4.764     11.665      0.000
    HAWKJ             69.469      7.396      9.393      0.000
    DOVEJ             75.041      6.760     11.100      0.000
    DIVISIONJ         19.227      8.555      2.248      0.025
    POSSESSION        -7.305      6.338     -1.153      0.249

 MUTUALIS WITH
    EXCHANGEJ         54.543      4.375     12.466      0.000
    HAWKJ             39.964      5.916      6.755      0.000
    DOVEJ             39.039      6.149      6.349      0.000
    DIVISIONJ         36.721      7.587      4.840      0.000
    POSSESSION        -7.574      5.401     -1.402      0.161

 EXCHANGE WITH
    HAWKJ             39.367      5.004      7.867      0.000
    DOVEJ             28.968      4.991      5.804      0.000
    DIVISIONJ         30.651      4.819      6.360      0.000
    POSSESSION        -0.277      4.452     -0.062      0.950

 HAWKJ    WITH
    DOVEJ             58.647      6.870      8.537      0.000
    DIVISIONJ         26.914      8.821      3.051      0.002
    POSSESSION         0.172      6.507      0.026      0.979

 DOVEJ    WITH
    DIVISIONJ          4.132      9.360      0.441      0.659
    POSSESSION       -11.017      6.337     -1.739      0.082

 DIVISION WITH
    POSSESSION        16.945      7.130      2.376      0.017

 Means
    KINSHIPJ          67.532      2.401     28.131      0.000
    MUTUALISMJ        60.990      2.548     23.936      0.000
    EXCHANGEJ         74.001      1.312     56.401      0.000
    HAWKJ             65.819      2.466     26.692      0.000
    DOVEJ             54.241      2.805     19.335      0.000
    DIVISIONJ         44.864      3.069     14.620      0.000
    POSSESSION        36.685      2.342     15.664      0.000

 Variances
    KINSHIPJ         243.202      9.110     26.697      0.000
    MUTUALISMJ       182.892      7.347     24.893      0.000
    EXCHANGEJ        126.630      4.907     25.804      0.000
    HAWKJ            250.903      8.882     28.250      0.000
    DOVEJ            244.613      9.055     27.015      0.000
    DIVISIONJ        157.928     12.619     12.515      0.000
    POSSESSION       233.600      8.676     26.925      0.000

Latent Class 2

 KINSHIPJ WITH
    MUTUALISMJ        48.518      5.779      8.396      0.000
    EXCHANGEJ         55.567      4.764     11.665      0.000
    HAWKJ             69.469      7.396      9.393      0.000
    DOVEJ             75.041      6.760     11.100      0.000
    DIVISIONJ         19.227      8.555      2.248      0.025
    POSSESSION        -7.305      6.338     -1.153      0.249

 MUTUALIS WITH
    EXCHANGEJ         54.543      4.375     12.466      0.000
    HAWKJ             39.964      5.916      6.755      0.000
    DOVEJ             39.039      6.149      6.349      0.000
    DIVISIONJ         36.721      7.587      4.840      0.000
    POSSESSION        -7.574      5.401     -1.402      0.161

 EXCHANGE WITH
    HAWKJ             39.367      5.004      7.867      0.000
    DOVEJ             28.968      4.991      5.804      0.000
    DIVISIONJ         30.651      4.819      6.360      0.000
    POSSESSION        -0.277      4.452     -0.062      0.950

 HAWKJ    WITH
    DOVEJ             58.647      6.870      8.537      0.000
    DIVISIONJ         26.914      8.821      3.051      0.002
    POSSESSION         0.172      6.507      0.026      0.979

 DOVEJ    WITH
    DIVISIONJ          4.132      9.360      0.441      0.659
    POSSESSION       -11.017      6.337     -1.739      0.082

 DIVISION WITH
    POSSESSION        16.945      7.130      2.376      0.017

 Means
    KINSHIPJ          68.226      0.506    134.915      0.000
    MUTUALISMJ        64.868      0.445    145.919      0.000
    EXCHANGEJ         71.541      0.335    213.810      0.000
    HAWKJ             65.544      0.533    122.859      0.000
    DOVEJ             54.065      0.532    101.628      0.000
    DIVISIONJ         73.263      0.908     80.703      0.000
    POSSESSION        39.502      0.469     84.174      0.000

 Variances
    KINSHIPJ         243.202      9.110     26.697      0.000
    MUTUALISMJ       182.892      7.347     24.893      0.000
    EXCHANGEJ        126.630      4.907     25.804      0.000
    HAWKJ            250.903      8.882     28.250      0.000
    DOVEJ            244.613      9.055     27.015      0.000
    DIVISIONJ        157.928     12.619     12.515      0.000
    POSSESSION       233.600      8.676     26.925      0.000

Categorical Latent Variables

 Means
    C1#1              -1.994      0.351     -5.681      0.000


QUALITY OF NUMERICAL RESULTS

     Condition Number for the Information Matrix              0.129E-05
       (ratio of smallest to largest eigenvalue)


TECHNICAL 14 OUTPUT

     Random Starts Specifications for the k-1 Class Analysis Model
        Number of initial stage random starts                  20
        Number of final stage optimizations                     4

     Random Starts Specification for the k-1 Class Model for Generated Data
        Number of initial stage random starts                   0
        Number of final stage optimizations for the
           initial stage random starts                          0
     Random Starts Specification for the k Class Model for Generated Data
        Number of initial stage random starts                  40
        Number of final stage optimizations                     8
     Number of bootstrap draws requested                   Varies


     PARAMETRIC BOOTSTRAPPED LIKELIHOOD RATIO TEST FOR 1 (H0) VERSUS 2 CLASSES

          H0 Loglikelihood Value                       -39543.816
          2 Times the Loglikelihood Difference             82.691
          Difference in the Number of Parameters                8
          Approximate P-Value                              0.0000
          Successful Bootstrap Draws                           10

     WARNING:  OF THE 10 BOOTSTRAP DRAWS, 7 DRAWS HAD BOTH A SMALLER LRT VALUE THAN THE
     OBSERVED LRT VALUE AND NOT A REPLICATED BEST LOGLIKELIHOOD VALUE FOR THE 2-CLASS MODEL.
     THIS MEANS THAT THE P-VALUE MAY NOT BE TRUSTWORTHY DUE TO LOCAL MAXIMA.
     INCREASE THE NUMBER OF RANDOM STARTS USING THE LRTSTARTS OPTION.



SAVEDATA INFORMATION


  Save file
    model_3_class_2.dat

  Order and format of variables

    KINSHIPJ       F10.3
    MUTUALIS       F10.3
    EXCHANGE       F10.3
    HAWKJ          F10.3
    DOVEJ          F10.3
    DIVISION       F10.3
    POSSESSI       F10.3
    CPROB1         F10.3
    CPROB2         F10.3
    C1             F10.3

  Save file format
    10F10.3

  Save file record length    10000


     Beginning Time:  10:08:41
        Ending Time:  10:08:48
       Elapsed Time:  00:00:07



MUTHEN & MUTHEN
3463 Stoner Ave.
Los Angeles, CA  90066

Tel: (310) 391-9971
Fax: (310) 391-8971
Web: www.StatModel.com
Support: Support@StatModel.com

Copyright (c) 1998-2018 Muthen & Muthen
