Mplus VERSION 8.2 (Mac)
MUTHEN & MUTHEN
08/26/2020  12:12 PM

INPUT INSTRUCTIONS

  TITLE:
  model 6 with 2 classes
  DATA:
  FILE = "data_624dd70f9f561f2c8c991d291c51b950.dat";

  VARIABLE:
  NAMES = KinshipJ MutualismJ ExchangeJ HawkJ DoveJ DivisionJ PossessionJ;
   MISSING=.;
   CLASSES = c1(2);

  ANALYSIS:
  TYPE = mixture;

  MODEL:
  %c1#1%
  KinshipJ (vKinshipJ1);
  MutualismJ (vMutualismJ1);
  ExchangeJ (vExchangeJ1);
  HawkJ (vHawkJ1);
  DoveJ (vDoveJ1);
  DivisionJ (vDivisionJ1);
  PossessionJ (vPossessionJ1);

  KinshipJ WITH MutualismJ (KinshipJWMutualismJ1);
  KinshipJ WITH ExchangeJ (KinshipJWExchangeJ1);
  KinshipJ WITH HawkJ (KinshipJWHawkJ1);
  KinshipJ WITH DoveJ (KinshipJWDoveJ1);
  KinshipJ WITH DivisionJ (KinshipJWDivisionJ1);
  KinshipJ WITH PossessionJ (KinshipJWPossessionJ1);
  MutualismJ WITH ExchangeJ (MutualismJWExchangeJ1);
  MutualismJ WITH HawkJ (MutualismJWHawkJ1);
  MutualismJ WITH DoveJ (MutualismJWDoveJ1);
  MutualismJ WITH DivisionJ (MutualismJWDivisionJ1);
  MutualismJ WITH PossessionJ (MutualismJWPossessionJ1);
  ExchangeJ WITH HawkJ (ExchangeJWHawkJ1);
  ExchangeJ WITH DoveJ (ExchangeJWDoveJ1);
  ExchangeJ WITH DivisionJ (ExchangeJWDivisionJ1);
  ExchangeJ WITH PossessionJ (ExchangeJWPossessionJ1);
  HawkJ WITH DoveJ (HawkJWDoveJ1);
  HawkJ WITH DivisionJ (HawkJWDivisionJ1);
  HawkJ WITH PossessionJ (HawkJWPossessionJ1);
  DoveJ WITH DivisionJ (DoveJWDivisionJ1);
  DoveJ WITH PossessionJ (DoveJWPossessionJ1);
  DivisionJ WITH PossessionJ (DivisionJWPossessionJ1);

  %c1#2%
  KinshipJ (vKinshipJ2);
  MutualismJ (vMutualismJ2);
  ExchangeJ (vExchangeJ2);
  HawkJ (vHawkJ2);
  DoveJ (vDoveJ2);
  DivisionJ (vDivisionJ2);
  PossessionJ (vPossessionJ2);

  KinshipJ WITH MutualismJ (KinshipJWMutualismJ2);
  KinshipJ WITH ExchangeJ (KinshipJWExchangeJ2);
  KinshipJ WITH HawkJ (KinshipJWHawkJ2);
  KinshipJ WITH DoveJ (KinshipJWDoveJ2);
  KinshipJ WITH DivisionJ (KinshipJWDivisionJ2);
  KinshipJ WITH PossessionJ (KinshipJWPossessionJ2);
  MutualismJ WITH ExchangeJ (MutualismJWExchangeJ2);
  MutualismJ WITH HawkJ (MutualismJWHawkJ2);
  MutualismJ WITH DoveJ (MutualismJWDoveJ2);
  MutualismJ WITH DivisionJ (MutualismJWDivisionJ2);
  MutualismJ WITH PossessionJ (MutualismJWPossessionJ2);
  ExchangeJ WITH HawkJ (ExchangeJWHawkJ2);
  ExchangeJ WITH DoveJ (ExchangeJWDoveJ2);
  ExchangeJ WITH DivisionJ (ExchangeJWDivisionJ2);
  ExchangeJ WITH PossessionJ (ExchangeJWPossessionJ2);
  HawkJ WITH DoveJ (HawkJWDoveJ2);
  HawkJ WITH DivisionJ (HawkJWDivisionJ2);
  HawkJ WITH PossessionJ (HawkJWPossessionJ2);
  DoveJ WITH DivisionJ (DoveJWDivisionJ2);
  DoveJ WITH PossessionJ (DoveJWPossessionJ2);
  DivisionJ WITH PossessionJ (DivisionJWPossessionJ2);


  OUTPUT:
  TECH14;

  SAVEDATA:
  FILE IS model_6_class_2.dat;
  SAVE = cprobabilities;



*** WARNING in VARIABLE command
  Note that only the first 8 characters of variable names are used in the output.
  Shorten variable names to avoid any confusion.
*** WARNING in MODEL command
  All variables are uncorrelated with all other variables within class.
  Check that this is what is intended.
   2 WARNING(S) FOUND IN THE INPUT INSTRUCTIONS




model 6 with 2 classes

SUMMARY OF ANALYSIS

Number of groups                                                 1
Number of observations                                        1392

Number of dependent variables                                    7
Number of independent variables                                  0
Number of continuous latent variables                            0
Number of categorical latent variables                           1

Observed dependent variables

  Continuous
   KINSHIPJ    MUTUALISMJ  EXCHANGEJ   HAWKJ       DOVEJ       DIVISIONJ
   POSSESSION

Categorical latent variables
   C1


Estimator                                                      MLR
Information matrix                                        OBSERVED
Optimization Specifications for the Quasi-Newton Algorithm for
Continuous Outcomes
  Maximum number of iterations                                 100
  Convergence criterion                                  0.100D-05
Optimization Specifications for the EM Algorithm
  Maximum number of iterations                                 500
  Convergence criteria
    Loglikelihood change                                 0.100D-06
    Relative loglikelihood change                        0.100D-06
    Derivative                                           0.100D-05
Optimization Specifications for the M step of the EM Algorithm for
Categorical Latent variables
  Number of M step iterations                                    1
  M step convergence criterion                           0.100D-05
  Basis for M step termination                           ITERATION
Optimization Specifications for the M step of the EM Algorithm for
Censored, Binary or Ordered Categorical (Ordinal), Unordered
Categorical (Nominal) and Count Outcomes
  Number of M step iterations                                    1
  M step convergence criterion                           0.100D-05
  Basis for M step termination                           ITERATION
  Maximum value for logit thresholds                            15
  Minimum value for logit thresholds                           -15
  Minimum expected cell size for chi-square              0.100D-01
Maximum number of iterations for H1                           2000
Convergence criterion for H1                             0.100D-03
Optimization algorithm                                         EMA
Random Starts Specifications
  Number of initial stage random starts                         20
  Number of final stage optimizations                            4
  Number of initial stage iterations                            10
  Initial stage convergence criterion                    0.100D+01
  Random starts scale                                    0.500D+01
  Random seed for generating random starts                       0

Input data file(s)
  data_624dd70f9f561f2c8c991d291c51b950.dat
Input data format  FREE


SUMMARY OF DATA

     Number of missing data patterns             1
     Number of y missing data patterns           1
     Number of u missing data patterns           0


COVARIANCE COVERAGE OF DATA

Minimum covariance coverage value   0.100


     PROPORTION OF DATA PRESENT FOR Y


           Covariance Coverage
              KINSHIPJ      MUTUALIS      EXCHANGE      HAWKJ         DOVEJ
              ________      ________      ________      ________      ________
 KINSHIPJ       1.000
 MUTUALIS       1.000         1.000
 EXCHANGE       1.000         1.000         1.000
 HAWKJ          1.000         1.000         1.000         1.000
 DOVEJ          1.000         1.000         1.000         1.000         1.000
 DIVISION       1.000         1.000         1.000         1.000         1.000
 POSSESSI       1.000         1.000         1.000         1.000         1.000


           Covariance Coverage
              DIVISION      POSSESSI
              ________      ________
 DIVISION       1.000
 POSSESSI       1.000         1.000



UNIVARIATE SAMPLE STATISTICS


     UNIVARIATE HIGHER-ORDER MOMENT DESCRIPTIVE STATISTICS

         Variable/         Mean/     Skewness/   Minimum/ % with                Percentiles
        Sample Size      Variance    Kurtosis    Maximum  Min/Max      20%/60%    40%/80%    Median

     KINSHIPJ             68.142      -0.400      12.667    0.07%      55.333     64.667     69.000
            1392.000     243.252      -0.028      99.333    0.07%      73.000     82.000
     MUTUALISMJ           64.403      -0.398      11.000    0.07%      53.000     61.667     65.000
            1392.000     184.479       0.162      96.000    0.07%      68.333     76.333
     EXCHANGEJ            71.836      -0.357      32.667    0.07%      62.667     69.667     72.667
            1392.000     127.269       0.056      98.000    0.14%      75.333     81.333
     HAWKJ                65.577      -0.286      11.000    0.07%      52.333     61.667     66.000
            1392.000     250.911      -0.258      99.667    0.14%      70.333     80.000
     DOVEJ                54.086      -0.377       2.000    0.07%      41.000     51.333     55.167
            1392.000     244.615      -0.092      92.333    0.07%      59.000     68.000
     DIVISIONJ            69.860      -0.574       6.333    0.07%      57.333     67.000     71.333
            1392.000     243.008       0.243     100.000    0.29%      75.333     83.000
     POSSESSIONJ          39.164       0.105       1.667    0.07%      26.000     35.000     39.333
            1392.000     234.437      -0.117      95.333    0.07%      43.000     52.000

RANDOM STARTS RESULTS RANKED FROM THE BEST TO THE WORST LOGLIKELIHOOD VALUES

Final stage loglikelihood values at local maxima, seeds, and initial stage start numbers:

          -39419.275  127215           9
          -39419.275  285380           1
          -39419.275  573096           20
          -39419.275  unperturbed      0



THE BEST LOGLIKELIHOOD VALUE HAS BEEN REPLICATED.  RERUN WITH AT LEAST TWICE THE
RANDOM STARTS TO CHECK THAT THE BEST LOGLIKELIHOOD IS STILL OBTAINED AND REPLICATED.


THE MODEL ESTIMATION TERMINATED NORMALLY



MODEL FIT INFORMATION

Number of Free Parameters                       71

Loglikelihood

          H0 Value                      -39419.275
          H0 Scaling Correction Factor      1.0769
            for MLR

Information Criteria

          Akaike (AIC)                   78980.551
          Bayesian (BIC)                 79352.484
          Sample-Size Adjusted BIC       79126.944
            (n* = (n + 2) / 24)



FINAL CLASS COUNTS AND PROPORTIONS FOR THE LATENT CLASSES
BASED ON THE ESTIMATED MODEL

    Latent
   Classes

       1        634.25310          0.45564
       2        757.74690          0.54436


FINAL CLASS COUNTS AND PROPORTIONS FOR THE LATENT CLASSES
BASED ON ESTIMATED POSTERIOR PROBABILITIES

    Latent
   Classes

       1        634.25310          0.45564
       2        757.74690          0.54436


FINAL CLASS COUNTS AND PROPORTIONS FOR THE LATENT CLASSES
BASED ON THEIR MOST LIKELY LATENT CLASS MEMBERSHIP

Class Counts and Proportions

    Latent
   Classes

       1              581          0.41739
       2              811          0.58261


CLASSIFICATION QUALITY

     Entropy                         0.412


Average Latent Class Probabilities for Most Likely Latent Class Membership (Row)
by Latent Class (Column)

           1        2

    1   0.820    0.180
    2   0.195    0.805


Classification Probabilities for the Most Likely Latent Class Membership (Column)
by Latent Class (Row)

           1        2

    1   0.751    0.249
    2   0.138    0.862


Logits for the Classification Probabilities for the Most Likely Latent Class Membership (Column)
by Latent Class (Row)

              1        2

    1      1.103    0.000
    2     -1.829    0.000


MODEL RESULTS

                                                    Two-Tailed
                    Estimate       S.E.  Est./S.E.    P-Value

Latent Class 1

 KINSHIPJ WITH
    MUTUALISMJ        26.358     13.513      1.951      0.051
    EXCHANGEJ         37.688     10.369      3.635      0.000
    HAWKJ             61.989     16.916      3.665      0.000
    DOVEJ             82.468     16.388      5.032      0.000
    DIVISIONJ        -24.563     18.730     -1.311      0.190
    POSSESSION       -21.975     13.925     -1.578      0.115

 MUTUALIS WITH
    EXCHANGEJ         45.733     11.033      4.145      0.000
    HAWKJ             23.881     13.347      1.789      0.074
    DOVEJ             27.011     14.501      1.863      0.062
    DIVISIONJ          9.465     16.003      0.591      0.554
    POSSESSION        -9.190     12.655     -0.726      0.468

 EXCHANGE WITH
    HAWKJ             22.251     10.339      2.152      0.031
    DOVEJ             24.566     14.563      1.687      0.092
    DIVISIONJ        -14.647     13.780     -1.063      0.288
    POSSESSION        -9.639      8.965     -1.075      0.282

 HAWKJ    WITH
    DOVEJ             31.390     14.462      2.171      0.030
    DIVISIONJ        -24.634     18.605     -1.324      0.185
    POSSESSION        -0.060     12.812     -0.005      0.996

 DOVEJ    WITH
    DIVISIONJ        -61.278     18.029     -3.399      0.001
    POSSESSION       -37.233     13.848     -2.689      0.007

 DIVISION WITH
    POSSESSION        39.177     14.285      2.743      0.006

 Means
    KINSHIPJ          64.701      1.248     51.857      0.000
    MUTUALISMJ        59.749      1.214     49.217      0.000
    EXCHANGEJ         69.781      1.263     55.229      0.000
    HAWKJ             60.892      1.214     50.173      0.000
    DOVEJ             48.709      1.370     35.564      0.000
    DIVISIONJ         63.387      1.362     46.536      0.000
    POSSESSION        39.036      1.058     36.896      0.000

 Variances
    KINSHIPJ         288.744     19.591     14.739      0.000
    MUTUALISMJ       220.296     17.273     12.754      0.000
    EXCHANGEJ        149.432     11.998     12.455      0.000
    HAWKJ            285.539     18.081     15.793      0.000
    DOVEJ            291.419     18.994     15.343      0.000
    DIVISIONJ        298.590     22.351     13.359      0.000
    POSSESSION       199.022     14.304     13.914      0.000

Latent Class 2

 KINSHIPJ WITH
    MUTUALISMJ        42.960      9.090      4.726      0.000
    EXCHANGEJ         59.325     11.025      5.381      0.000
    HAWKJ             50.901     14.135      3.601      0.000
    DOVEJ             40.349      8.552      4.718      0.000
    DIVISIONJ         25.448      9.304      2.735      0.006
    POSSESSION         4.674     10.111      0.462      0.644

 MUTUALIS WITH
    EXCHANGEJ         45.361      8.422      5.386      0.000
    HAWKJ             19.693     10.922      1.803      0.071
    DOVEJ             10.496      8.039      1.306      0.192
    DIVISIONJ         34.559      7.927      4.359      0.000
    POSSESSION        -5.024      8.720     -0.576      0.565

 EXCHANGE WITH
    HAWKJ             39.018     11.614      3.360      0.001
    DOVEJ             15.744      6.290      2.503      0.012
    DIVISIONJ         34.575      7.860      4.399      0.000
    POSSESSION         5.810      7.568      0.768      0.443

 HAWKJ    WITH
    DOVEJ             42.738      9.500      4.499      0.000
    DIVISIONJ         21.922     10.638      2.061      0.039
    POSSESSION        -0.709     11.526     -0.062      0.951

 DOVEJ    WITH
    DIVISIONJ          4.402      8.157      0.540      0.589
    POSSESSION         9.770     11.567      0.845      0.398

 DIVISION WITH
    POSSESSION        12.558      9.165      1.370      0.171

 Means
    KINSHIPJ          71.023      1.185     59.911      0.000
    MUTUALISMJ        68.298      0.925     73.854      0.000
    EXCHANGEJ         73.556      1.271     57.885      0.000
    HAWKJ             69.498      1.164     59.695      0.000
    DOVEJ             58.586      1.218     48.119      0.000
    DIVISIONJ         75.277      1.044     72.083      0.000
    POSSESSION        39.272      0.932     42.156      0.000

 Variances
    KINSHIPJ         186.964     18.076     10.343      0.000
    MUTUALISMJ       121.193      9.172     13.214      0.000
    EXCHANGEJ        102.222     17.597      5.809      0.000
    HAWKJ            188.178     14.284     13.174      0.000
    DOVEJ            160.984     21.215      7.588      0.000
    DIVISIONJ        132.074     12.875     10.258      0.000
    POSSESSION       264.055     15.831     16.679      0.000

Categorical Latent Variables

 Means
    C1#1              -0.178      0.263     -0.675      0.500


QUALITY OF NUMERICAL RESULTS

     Condition Number for the Information Matrix              0.478E-06
       (ratio of smallest to largest eigenvalue)


TECHNICAL 14 OUTPUT

     Random Starts Specifications for the k-1 Class Analysis Model
        Number of initial stage random starts                  20
        Number of final stage optimizations                     4

     Random Starts Specification for the k-1 Class Model for Generated Data
        Number of initial stage random starts                   0
        Number of final stage optimizations for the
           initial stage random starts                          0
     Random Starts Specification for the k Class Model for Generated Data
        Number of initial stage random starts                  40
        Number of final stage optimizations                     8
     Number of bootstrap draws requested                   Varies


     PARAMETRIC BOOTSTRAPPED LIKELIHOOD RATIO TEST FOR 1 (H0) VERSUS 2 CLASSES

          H0 Loglikelihood Value                       -39543.816
          2 Times the Loglikelihood Difference            249.082
          Difference in the Number of Parameters               36
          Approximate P-Value                              0.0000
          Successful Bootstrap Draws                            5

     WARNING:  OF THE 5 BOOTSTRAP DRAWS, 5 DRAWS HAD BOTH A SMALLER LRT VALUE THAN THE
     OBSERVED LRT VALUE AND NOT A REPLICATED BEST LOGLIKELIHOOD VALUE FOR THE 2-CLASS MODEL.
     THIS MEANS THAT THE P-VALUE MAY NOT BE TRUSTWORTHY DUE TO LOCAL MAXIMA.
     INCREASE THE NUMBER OF RANDOM STARTS USING THE LRTSTARTS OPTION.



SAVEDATA INFORMATION


  Save file
    model_6_class_2.dat

  Order and format of variables

    KINSHIPJ       F10.3
    MUTUALIS       F10.3
    EXCHANGE       F10.3
    HAWKJ          F10.3
    DOVEJ          F10.3
    DIVISION       F10.3
    POSSESSI       F10.3
    CPROB1         F10.3
    CPROB2         F10.3
    C1             F10.3

  Save file format
    10F10.3

  Save file record length    10000


     Beginning Time:  12:12:00
        Ending Time:  12:12:05
       Elapsed Time:  00:00:05



MUTHEN & MUTHEN
3463 Stoner Ave.
Los Angeles, CA  90066

Tel: (310) 391-9971
Fax: (310) 391-8971
Web: www.StatModel.com
Support: Support@StatModel.com

Copyright (c) 1998-2018 Muthen & Muthen
