Mplus VERSION 8.2 (Mac)
MUTHEN & MUTHEN
08/26/2020  10:35 AM

INPUT INSTRUCTIONS

  TITLE:
  model 5 with 6 classes
  DATA:
  FILE = "data_624dd70f9f561f2c8c991d291c51b950.dat";

  VARIABLE:
  NAMES = KinshipJ MutualismJ ExchangeJ HawkJ DoveJ DivisionJ PossessionJ;
   MISSING=.;
   CLASSES = c1(6);

  ANALYSIS:
  TYPE = mixture;

  MODEL:
  %c1#1%
  KinshipJ (vKinshipJ);
  MutualismJ (vMutualismJ);
  ExchangeJ (vExchangeJ);
  HawkJ (vHawkJ);
  DoveJ (vDoveJ);
  DivisionJ (vDivisionJ);
  PossessionJ (vPossessionJ);

  KinshipJ WITH MutualismJ (KinshipJWMutualismJ1);
  KinshipJ WITH ExchangeJ (KinshipJWExchangeJ1);
  KinshipJ WITH HawkJ (KinshipJWHawkJ1);
  KinshipJ WITH DoveJ (KinshipJWDoveJ1);
  KinshipJ WITH DivisionJ (KinshipJWDivisionJ1);
  KinshipJ WITH PossessionJ (KinshipJWPossessionJ1);
  MutualismJ WITH ExchangeJ (MutualismJWExchangeJ1);
  MutualismJ WITH HawkJ (MutualismJWHawkJ1);
  MutualismJ WITH DoveJ (MutualismJWDoveJ1);
  MutualismJ WITH DivisionJ (MutualismJWDivisionJ1);
  MutualismJ WITH PossessionJ (MutualismJWPossessionJ1);
  ExchangeJ WITH HawkJ (ExchangeJWHawkJ1);
  ExchangeJ WITH DoveJ (ExchangeJWDoveJ1);
  ExchangeJ WITH DivisionJ (ExchangeJWDivisionJ1);
  ExchangeJ WITH PossessionJ (ExchangeJWPossessionJ1);
  HawkJ WITH DoveJ (HawkJWDoveJ1);
  HawkJ WITH DivisionJ (HawkJWDivisionJ1);
  HawkJ WITH PossessionJ (HawkJWPossessionJ1);
  DoveJ WITH DivisionJ (DoveJWDivisionJ1);
  DoveJ WITH PossessionJ (DoveJWPossessionJ1);
  DivisionJ WITH PossessionJ (DivisionJWPossessionJ1);

  %c1#2%
  KinshipJ (vKinshipJ);
  MutualismJ (vMutualismJ);
  ExchangeJ (vExchangeJ);
  HawkJ (vHawkJ);
  DoveJ (vDoveJ);
  DivisionJ (vDivisionJ);
  PossessionJ (vPossessionJ);

  KinshipJ WITH MutualismJ (KinshipJWMutualismJ2);
  KinshipJ WITH ExchangeJ (KinshipJWExchangeJ2);
  KinshipJ WITH HawkJ (KinshipJWHawkJ2);
  KinshipJ WITH DoveJ (KinshipJWDoveJ2);
  KinshipJ WITH DivisionJ (KinshipJWDivisionJ2);
  KinshipJ WITH PossessionJ (KinshipJWPossessionJ2);
  MutualismJ WITH ExchangeJ (MutualismJWExchangeJ2);
  MutualismJ WITH HawkJ (MutualismJWHawkJ2);
  MutualismJ WITH DoveJ (MutualismJWDoveJ2);
  MutualismJ WITH DivisionJ (MutualismJWDivisionJ2);
  MutualismJ WITH PossessionJ (MutualismJWPossessionJ2);
  ExchangeJ WITH HawkJ (ExchangeJWHawkJ2);
  ExchangeJ WITH DoveJ (ExchangeJWDoveJ2);
  ExchangeJ WITH DivisionJ (ExchangeJWDivisionJ2);
  ExchangeJ WITH PossessionJ (ExchangeJWPossessionJ2);
  HawkJ WITH DoveJ (HawkJWDoveJ2);
  HawkJ WITH DivisionJ (HawkJWDivisionJ2);
  HawkJ WITH PossessionJ (HawkJWPossessionJ2);
  DoveJ WITH DivisionJ (DoveJWDivisionJ2);
  DoveJ WITH PossessionJ (DoveJWPossessionJ2);
  DivisionJ WITH PossessionJ (DivisionJWPossessionJ2);

  %c1#3%
  KinshipJ (vKinshipJ);
  MutualismJ (vMutualismJ);
  ExchangeJ (vExchangeJ);
  HawkJ (vHawkJ);
  DoveJ (vDoveJ);
  DivisionJ (vDivisionJ);
  PossessionJ (vPossessionJ);

  KinshipJ WITH MutualismJ (KinshipJWMutualismJ3);
  KinshipJ WITH ExchangeJ (KinshipJWExchangeJ3);
  KinshipJ WITH HawkJ (KinshipJWHawkJ3);
  KinshipJ WITH DoveJ (KinshipJWDoveJ3);
  KinshipJ WITH DivisionJ (KinshipJWDivisionJ3);
  KinshipJ WITH PossessionJ (KinshipJWPossessionJ3);
  MutualismJ WITH ExchangeJ (MutualismJWExchangeJ3);
  MutualismJ WITH HawkJ (MutualismJWHawkJ3);
  MutualismJ WITH DoveJ (MutualismJWDoveJ3);
  MutualismJ WITH DivisionJ (MutualismJWDivisionJ3);
  MutualismJ WITH PossessionJ (MutualismJWPossessionJ3);
  ExchangeJ WITH HawkJ (ExchangeJWHawkJ3);
  ExchangeJ WITH DoveJ (ExchangeJWDoveJ3);
  ExchangeJ WITH DivisionJ (ExchangeJWDivisionJ3);
  ExchangeJ WITH PossessionJ (ExchangeJWPossessionJ3);
  HawkJ WITH DoveJ (HawkJWDoveJ3);
  HawkJ WITH DivisionJ (HawkJWDivisionJ3);
  HawkJ WITH PossessionJ (HawkJWPossessionJ3);
  DoveJ WITH DivisionJ (DoveJWDivisionJ3);
  DoveJ WITH PossessionJ (DoveJWPossessionJ3);
  DivisionJ WITH PossessionJ (DivisionJWPossessionJ3);

  %c1#4%
  KinshipJ (vKinshipJ);
  MutualismJ (vMutualismJ);
  ExchangeJ (vExchangeJ);
  HawkJ (vHawkJ);
  DoveJ (vDoveJ);
  DivisionJ (vDivisionJ);
  PossessionJ (vPossessionJ);

  KinshipJ WITH MutualismJ (KinshipJWMutualismJ4);
  KinshipJ WITH ExchangeJ (KinshipJWExchangeJ4);
  KinshipJ WITH HawkJ (KinshipJWHawkJ4);
  KinshipJ WITH DoveJ (KinshipJWDoveJ4);
  KinshipJ WITH DivisionJ (KinshipJWDivisionJ4);
  KinshipJ WITH PossessionJ (KinshipJWPossessionJ4);
  MutualismJ WITH ExchangeJ (MutualismJWExchangeJ4);
  MutualismJ WITH HawkJ (MutualismJWHawkJ4);
  MutualismJ WITH DoveJ (MutualismJWDoveJ4);
  MutualismJ WITH DivisionJ (MutualismJWDivisionJ4);
  MutualismJ WITH PossessionJ (MutualismJWPossessionJ4);
  ExchangeJ WITH HawkJ (ExchangeJWHawkJ4);
  ExchangeJ WITH DoveJ (ExchangeJWDoveJ4);
  ExchangeJ WITH DivisionJ (ExchangeJWDivisionJ4);
  ExchangeJ WITH PossessionJ (ExchangeJWPossessionJ4);
  HawkJ WITH DoveJ (HawkJWDoveJ4);
  HawkJ WITH DivisionJ (HawkJWDivisionJ4);
  HawkJ WITH PossessionJ (HawkJWPossessionJ4);
  DoveJ WITH DivisionJ (DoveJWDivisionJ4);
  DoveJ WITH PossessionJ (DoveJWPossessionJ4);
  DivisionJ WITH PossessionJ (DivisionJWPossessionJ4);

  %c1#5%
  KinshipJ (vKinshipJ);
  MutualismJ (vMutualismJ);
  ExchangeJ (vExchangeJ);
  HawkJ (vHawkJ);
  DoveJ (vDoveJ);
  DivisionJ (vDivisionJ);
  PossessionJ (vPossessionJ);

  KinshipJ WITH MutualismJ (KinshipJWMutualismJ5);
  KinshipJ WITH ExchangeJ (KinshipJWExchangeJ5);
  KinshipJ WITH HawkJ (KinshipJWHawkJ5);
  KinshipJ WITH DoveJ (KinshipJWDoveJ5);
  KinshipJ WITH DivisionJ (KinshipJWDivisionJ5);
  KinshipJ WITH PossessionJ (KinshipJWPossessionJ5);
  MutualismJ WITH ExchangeJ (MutualismJWExchangeJ5);
  MutualismJ WITH HawkJ (MutualismJWHawkJ5);
  MutualismJ WITH DoveJ (MutualismJWDoveJ5);
  MutualismJ WITH DivisionJ (MutualismJWDivisionJ5);
  MutualismJ WITH PossessionJ (MutualismJWPossessionJ5);
  ExchangeJ WITH HawkJ (ExchangeJWHawkJ5);
  ExchangeJ WITH DoveJ (ExchangeJWDoveJ5);
  ExchangeJ WITH DivisionJ (ExchangeJWDivisionJ5);
  ExchangeJ WITH PossessionJ (ExchangeJWPossessionJ5);
  HawkJ WITH DoveJ (HawkJWDoveJ5);
  HawkJ WITH DivisionJ (HawkJWDivisionJ5);
  HawkJ WITH PossessionJ (HawkJWPossessionJ5);
  DoveJ WITH DivisionJ (DoveJWDivisionJ5);
  DoveJ WITH PossessionJ (DoveJWPossessionJ5);
  DivisionJ WITH PossessionJ (DivisionJWPossessionJ5);

  %c1#6%
  KinshipJ (vKinshipJ);
  MutualismJ (vMutualismJ);
  ExchangeJ (vExchangeJ);
  HawkJ (vHawkJ);
  DoveJ (vDoveJ);
  DivisionJ (vDivisionJ);
  PossessionJ (vPossessionJ);

  KinshipJ WITH MutualismJ (KinshipJWMutualismJ6);
  KinshipJ WITH ExchangeJ (KinshipJWExchangeJ6);
  KinshipJ WITH HawkJ (KinshipJWHawkJ6);
  KinshipJ WITH DoveJ (KinshipJWDoveJ6);
  KinshipJ WITH DivisionJ (KinshipJWDivisionJ6);
  KinshipJ WITH PossessionJ (KinshipJWPossessionJ6);
  MutualismJ WITH ExchangeJ (MutualismJWExchangeJ6);
  MutualismJ WITH HawkJ (MutualismJWHawkJ6);
  MutualismJ WITH DoveJ (MutualismJWDoveJ6);
  MutualismJ WITH DivisionJ (MutualismJWDivisionJ6);
  MutualismJ WITH PossessionJ (MutualismJWPossessionJ6);
  ExchangeJ WITH HawkJ (ExchangeJWHawkJ6);
  ExchangeJ WITH DoveJ (ExchangeJWDoveJ6);
  ExchangeJ WITH DivisionJ (ExchangeJWDivisionJ6);
  ExchangeJ WITH PossessionJ (ExchangeJWPossessionJ6);
  HawkJ WITH DoveJ (HawkJWDoveJ6);
  HawkJ WITH DivisionJ (HawkJWDivisionJ6);
  HawkJ WITH PossessionJ (HawkJWPossessionJ6);
  DoveJ WITH DivisionJ (DoveJWDivisionJ6);
  DoveJ WITH PossessionJ (DoveJWPossessionJ6);
  DivisionJ WITH PossessionJ (DivisionJWPossessionJ6);


  OUTPUT:
  TECH14;

  SAVEDATA:
  FILE IS model_5_class_6.dat;
  SAVE = cprobabilities;



*** WARNING in VARIABLE command
  Note that only the first 8 characters of variable names are used in the output.
  Shorten variable names to avoid any confusion.
*** WARNING in MODEL command
  All variables are uncorrelated with all other variables within class.
  Check that this is what is intended.
   2 WARNING(S) FOUND IN THE INPUT INSTRUCTIONS




model 5 with 6 classes

SUMMARY OF ANALYSIS

Number of groups                                                 1
Number of observations                                        1392

Number of dependent variables                                    7
Number of independent variables                                  0
Number of continuous latent variables                            0
Number of categorical latent variables                           1

Observed dependent variables

  Continuous
   KINSHIPJ    MUTUALISMJ  EXCHANGEJ   HAWKJ       DOVEJ       DIVISIONJ
   POSSESSION

Categorical latent variables
   C1


Estimator                                                      MLR
Information matrix                                        OBSERVED
Optimization Specifications for the Quasi-Newton Algorithm for
Continuous Outcomes
  Maximum number of iterations                                 100
  Convergence criterion                                  0.100D-05
Optimization Specifications for the EM Algorithm
  Maximum number of iterations                                 500
  Convergence criteria
    Loglikelihood change                                 0.100D-06
    Relative loglikelihood change                        0.100D-06
    Derivative                                           0.100D-05
Optimization Specifications for the M step of the EM Algorithm for
Categorical Latent variables
  Number of M step iterations                                    1
  M step convergence criterion                           0.100D-05
  Basis for M step termination                           ITERATION
Optimization Specifications for the M step of the EM Algorithm for
Censored, Binary or Ordered Categorical (Ordinal), Unordered
Categorical (Nominal) and Count Outcomes
  Number of M step iterations                                    1
  M step convergence criterion                           0.100D-05
  Basis for M step termination                           ITERATION
  Maximum value for logit thresholds                            15
  Minimum value for logit thresholds                           -15
  Minimum expected cell size for chi-square              0.100D-01
Maximum number of iterations for H1                           2000
Convergence criterion for H1                             0.100D-03
Optimization algorithm                                         EMA
Random Starts Specifications
  Number of initial stage random starts                         20
  Number of final stage optimizations                            4
  Number of initial stage iterations                            10
  Initial stage convergence criterion                    0.100D+01
  Random starts scale                                    0.500D+01
  Random seed for generating random starts                       0

Input data file(s)
  data_624dd70f9f561f2c8c991d291c51b950.dat
Input data format  FREE


SUMMARY OF DATA

     Number of missing data patterns             1
     Number of y missing data patterns           1
     Number of u missing data patterns           0


COVARIANCE COVERAGE OF DATA

Minimum covariance coverage value   0.100


     PROPORTION OF DATA PRESENT FOR Y


           Covariance Coverage
              KINSHIPJ      MUTUALIS      EXCHANGE      HAWKJ         DOVEJ
              ________      ________      ________      ________      ________
 KINSHIPJ       1.000
 MUTUALIS       1.000         1.000
 EXCHANGE       1.000         1.000         1.000
 HAWKJ          1.000         1.000         1.000         1.000
 DOVEJ          1.000         1.000         1.000         1.000         1.000
 DIVISION       1.000         1.000         1.000         1.000         1.000
 POSSESSI       1.000         1.000         1.000         1.000         1.000


           Covariance Coverage
              DIVISION      POSSESSI
              ________      ________
 DIVISION       1.000
 POSSESSI       1.000         1.000



UNIVARIATE SAMPLE STATISTICS


     UNIVARIATE HIGHER-ORDER MOMENT DESCRIPTIVE STATISTICS

         Variable/         Mean/     Skewness/   Minimum/ % with                Percentiles
        Sample Size      Variance    Kurtosis    Maximum  Min/Max      20%/60%    40%/80%    Median

     KINSHIPJ             68.142      -0.400      12.667    0.07%      55.333     64.667     69.000
            1392.000     243.252      -0.028      99.333    0.07%      73.000     82.000
     MUTUALISMJ           64.403      -0.398      11.000    0.07%      53.000     61.667     65.000
            1392.000     184.479       0.162      96.000    0.07%      68.333     76.333
     EXCHANGEJ            71.836      -0.357      32.667    0.07%      62.667     69.667     72.667
            1392.000     127.269       0.056      98.000    0.14%      75.333     81.333
     HAWKJ                65.577      -0.286      11.000    0.07%      52.333     61.667     66.000
            1392.000     250.911      -0.258      99.667    0.14%      70.333     80.000
     DOVEJ                54.086      -0.377       2.000    0.07%      41.000     51.333     55.167
            1392.000     244.615      -0.092      92.333    0.07%      59.000     68.000
     DIVISIONJ            69.860      -0.574       6.333    0.07%      57.333     67.000     71.333
            1392.000     243.008       0.243     100.000    0.29%      75.333     83.000
     POSSESSIONJ          39.164       0.105       1.667    0.07%      26.000     35.000     39.333
            1392.000     234.437      -0.117      95.333    0.07%      43.000     52.000

RANDOM STARTS RESULTS RANKED FROM THE BEST TO THE WORST LOGLIKELIHOOD VALUES

Unperturbed starting value run did not converge in the initial stage
optimizations.

9 perturbed starting value run(s) did not converge in the initial stage
optimizations.

Final stage loglikelihood values at local maxima, seeds, and initial stage start numbers:

          -39300.273  851945           18
          -39302.323  68985            17
          -39335.907  415931           10

1 perturbed starting value run(s) did not converge.



     WARNING:  THE BEST LOGLIKELIHOOD VALUE WAS NOT REPLICATED.  THE
     SOLUTION MAY NOT BE TRUSTWORTHY DUE TO LOCAL MAXIMA.  INCREASE THE
     NUMBER OF RANDOM STARTS.

     ONE OR MORE PARAMETERS WERE FIXED TO AVOID SINGULARITY OF THE
     INFORMATION MATRIX. THE SINGULARITY IS MOST LIKELY BECAUSE THE
     MODEL IS NOT IDENTIFIED, OR BECAUSE OF EMPTY CELLS IN THE JOINT
     DISTRIBUTION OF THE CATEGORICAL VARIABLES IN THE MODEL.
     THE FOLLOWING PARAMETERS WERE FIXED:
     Parameter 131, %C1#5%: HAWKJ WITH MUTUALISMJ (equality/label)
     Parameter 45, %C1#2%: EXCHANGEJ WITH MUTUALISMJ (equality/label)
     Parameter 144, %C1#5%: POSSESSIONJ WITH EXCHANGEJ (equality/label)
     Parameter 83, %C1#3%: DIVISIONJ WITH EXCHANGEJ (equality/label)
     Parameter 118, %C1#4%: POSSESSIONJ WITH DOVEJ (equality/label)
     Parameter 173, %C1#6%: POSSESSIONJ WITH HAWKJ (equality/label)
     Parameter 63, %C1#2%: POSSESSIONJ WITH DIVISIONJ (equality/label)
     Parameter 127, %C1#5%: MUTUALISMJ WITH KINSHIPJ (equality/label)
     Parameter 54, %C1#2%: DIVISIONJ WITH MUTUALISMJ (equality/label)
     Parameter 60, %C1#2%: POSSESSIONJ WITH EXCHANGEJ (equality/label)
     Parameter 116, %C1#4%: POSSESSIONJ WITH EXCHANGEJ (equality/label)
     Parameter 82, %C1#3%: DIVISIONJ WITH MUTUALISMJ (equality/label)
     Parameter 117, %C1#4%: POSSESSIONJ WITH HAWKJ (equality/label)
     Parameter 142, %C1#5%: POSSESSIONJ WITH KINSHIPJ (equality/label)
     Parameter 171, %C1#6%: POSSESSIONJ WITH MUTUALISMJ (equality/label)
     Parameter 157, %C1#6%: EXCHANGEJ WITH MUTUALISMJ (equality/label)
     Parameter 114, %C1#4%: POSSESSIONJ WITH KINSHIPJ (equality/label)
     Parameter 113, %C1#4%: DIVISIONJ WITH DOVEJ (equality/label)
     Parameter 46, %C1#2%: HAWKJ WITH KINSHIPJ (equality/label)
     Parameter 50, %C1#2%: DOVEJ WITH MUTUALISMJ (equality/label)
     Parameter 140, %C1#5%: DIVISIONJ WITH HAWKJ (equality/label)
     Parameter 56, %C1#2%: DIVISIONJ WITH HAWKJ (equality/label)
     Parameter 59, %C1#2%: POSSESSIONJ WITH MUTUALISMJ (equality/label)
     Parameter 143, %C1#5%: POSSESSIONJ WITH MUTUALISMJ (equality/label)
     Parameter 61, %C1#2%: POSSESSIONJ WITH HAWKJ (equality/label)
     Parameter 169, %C1#6%: DIVISIONJ WITH DOVEJ (equality/label)
     Parameter 55, %C1#2%: DIVISIONJ WITH EXCHANGEJ (equality/label)
     Parameter 168, %C1#6%: DIVISIONJ WITH HAWKJ (equality/label)
     Parameter 76, %C1#3%: HAWKJ WITH EXCHANGEJ (equality/label)
     Parameter 139, %C1#5%: DIVISIONJ WITH EXCHANGEJ (equality/label)
     Parameter 137, %C1#5%: DIVISIONJ WITH KINSHIPJ (equality/label)
     Parameter 136, %C1#5%: DOVEJ WITH HAWKJ (equality/label)
     Parameter 78, %C1#3%: DOVEJ WITH MUTUALISMJ (equality/label)
     Parameter 30, %C1#1%: POSSESSIONJ WITH MUTUALISMJ (equality/label)
     Parameter 62, %C1#2%: POSSESSIONJ WITH DOVEJ (equality/label)
     Parameter 115, %C1#4%: POSSESSIONJ WITH MUTUALISMJ (equality/label)
     Parameter 52, %C1#2%: DOVEJ WITH HAWKJ (equality/label)
     Parameter 49, %C1#2%: DOVEJ WITH KINSHIPJ (equality/label)
     Parameter 53, %C1#2%: DIVISIONJ WITH KINSHIPJ (equality/label)
     Parameter 134, %C1#5%: DOVEJ WITH MUTUALISMJ (equality/label)
     Parameter 89, %C1#3%: POSSESSIONJ WITH HAWKJ (equality/label)
     Parameter 58, %C1#2%: POSSESSIONJ WITH KINSHIPJ (equality/label)
     Parameter 132, %C1#5%: HAWKJ WITH EXCHANGEJ (equality/label)
     Parameter 119, %C1#4%: POSSESSIONJ WITH DIVISIONJ (equality/label)
     Parameter 128, %C1#5%: EXCHANGEJ WITH KINSHIPJ (equality/label)
     Parameter 47, %C1#2%: HAWKJ WITH MUTUALISMJ (equality/label)
     Parameter 164, %C1#6%: DOVEJ WITH HAWKJ (equality/label)
     Parameter 24, %C1#1%: DIVISIONJ WITH MUTUALISMJ (equality/label)
     Parameter 166, %C1#6%: DIVISIONJ WITH MUTUALISMJ (equality/label)
     Parameter 135, %C1#5%: DOVEJ WITH EXCHANGEJ (equality/label)
     Parameter 138, %C1#5%: DIVISIONJ WITH MUTUALISMJ (equality/label)
     Parameter 19, %C1#1%: DOVEJ WITH MUTUALISMJ (equality/label)
     Parameter 129, %C1#5%: EXCHANGEJ WITH MUTUALISMJ (equality/label)
     Parameter 146, %C1#5%: POSSESSIONJ WITH DOVEJ (equality/label)
     Parameter 158, %C1#6%: HAWKJ WITH KINSHIPJ (equality/label)
     Parameter 160, %C1#6%: HAWKJ WITH EXCHANGEJ (equality/label)
     Parameter 145, %C1#5%: POSSESSIONJ WITH HAWKJ (equality/label)
     Parameter 7, %C1#1%: [ POSSESSIONJ ]
     Parameter 43, %C1#2%: MUTUALISMJ WITH KINSHIPJ (equality/label)
     Parameter 133, %C1#5%: DOVEJ WITH KINSHIPJ (equality/label)
     Parameter 70, %C1#3%: [ POSSESSIONJ ]
     Parameter 147, %C1#5%: POSSESSIONJ WITH DIVISIONJ (equality/label)
     Parameter 141, %C1#5%: DIVISIONJ WITH DOVEJ (equality/label)
     Parameter 109, %C1#4%: DIVISIONJ WITH KINSHIPJ (equality/label)
     Parameter 57, %C1#2%: DIVISIONJ WITH DOVEJ (equality/label)
     Parameter 167, %C1#6%: DIVISIONJ WITH EXCHANGEJ (equality/label)
     Parameter 176, [ C1#1 ]
     Parameter 130, %C1#5%: HAWKJ WITH KINSHIPJ (equality/label)
     Parameter 178, [ C1#3 ]
     Parameter 44, %C1#2%: EXCHANGEJ WITH KINSHIPJ (equality/label)
     Parameter 106, %C1#4%: DOVEJ WITH MUTUALISMJ (equality/label)
     Parameter 33, %C1#1%: POSSESSIONJ WITH DOVEJ (equality/label)
     Parameter 48, %C1#2%: HAWKJ WITH EXCHANGEJ (equality/label)
     Parameter 111, %C1#4%: DIVISIONJ WITH EXCHANGEJ (equality/label)
     Parameter 103, %C1#4%: HAWKJ WITH MUTUALISMJ (equality/label)
     Parameter 155, %C1#6%: MUTUALISMJ WITH KINSHIPJ (equality/label)
     Parameter 180, [ C1#5 ]
     Parameter 110, %C1#4%: DIVISIONJ WITH MUTUALISMJ (equality/label)
     Parameter 112, %C1#4%: DIVISIONJ WITH HAWKJ (equality/label)
     Parameter 14, %C1#1%: HAWKJ WITH KINSHIPJ (equality/label)
     Parameter 104, %C1#4%: HAWKJ WITH EXCHANGEJ (equality/label)
     Parameter 107, %C1#4%: DOVEJ WITH EXCHANGEJ (equality/label)
     Parameter 79, %C1#3%: DOVEJ WITH EXCHANGEJ (equality/label)
     Parameter 108, %C1#4%: DOVEJ WITH HAWKJ (equality/label)
     Parameter 75, %C1#3%: HAWKJ WITH MUTUALISMJ (equality/label)
     Parameter 51, %C1#2%: DOVEJ WITH EXCHANGEJ (equality/label)
     Parameter 99, %C1#4%: MUTUALISMJ WITH KINSHIPJ (equality/label)
     Parameter 102, %C1#4%: HAWKJ WITH KINSHIPJ (equality/label)
     Parameter 172, %C1#6%: POSSESSIONJ WITH EXCHANGEJ (equality/label)
     Parameter 159, %C1#6%: HAWKJ WITH MUTUALISMJ (equality/label)
     Parameter 177, [ C1#2 ]
     Parameter 105, %C1#4%: DOVEJ WITH KINSHIPJ (equality/label)
     Parameter 90, %C1#3%: POSSESSIONJ WITH DOVEJ (equality/label)
     Parameter 5, %C1#1%: [ DOVEJ ]
     Parameter 101, %C1#4%: EXCHANGEJ WITH MUTUALISMJ (equality/label)
     Parameter 165, %C1#6%: DIVISIONJ WITH KINSHIPJ (equality/label)
     Parameter 154, %C1#6%: [ POSSESSIONJ ]
     Parameter 84, %C1#3%: DIVISIONJ WITH HAWKJ (equality/label)
     Parameter 162, %C1#6%: DOVEJ WITH MUTUALISMJ (equality/label)
     Parameter 100, %C1#4%: EXCHANGEJ WITH KINSHIPJ (equality/label)
     Parameter 4, %C1#1%: [ HAWKJ ]
     Parameter 68, %C1#3%: [ DOVEJ ]
     Parameter 21, %C1#1%: DOVEJ WITH HAWKJ (equality/label)
     Parameter 74, %C1#3%: HAWKJ WITH KINSHIPJ (equality/label)
     Parameter 151, %C1#6%: [ HAWKJ ]
     Parameter 2, %C1#1%: [ MUTUALISMJ ]
     Parameter 175, %C1#6%: POSSESSIONJ WITH DIVISIONJ (equality/label)
     Parameter 26, %C1#1%: DIVISIONJ WITH HAWKJ (equality/label)
     Parameter 126, %C1#5%: [ POSSESSIONJ ]
     Parameter 42, %C1#2%: [ POSSESSIONJ ]
     Parameter 27, %C1#1%: DIVISIONJ WITH DOVEJ (equality/label)
     Parameter 67, %C1#3%: [ HAWKJ ]
     Parameter 124, %C1#5%: [ DOVEJ ]
     Parameter 88, %C1#3%: POSSESSIONJ WITH EXCHANGEJ (equality/label)
     Parameter 87, %C1#3%: POSSESSIONJ WITH MUTUALISMJ (equality/label)
     Parameter 40, %C1#2%: [ DOVEJ ]
     Parameter 125, %C1#5%: [ DIVISIONJ ]
     Parameter 174, %C1#6%: POSSESSIONJ WITH DOVEJ (equality/label)
     Parameter 152, %C1#6%: [ DOVEJ ]
     Parameter 69, %C1#3%: [ DIVISIONJ ]
     Parameter 39, %C1#2%: [ HAWKJ ]
     Parameter 25, %C1#1%: DIVISIONJ WITH EXCHANGEJ (equality/label)
     Parameter 37, %C1#2%: [ MUTUALISMJ ]
     Parameter 36, %C1#2%: [ KINSHIPJ ]
     Parameter 149, %C1#6%: [ MUTUALISMJ ]
     Parameter 156, %C1#6%: EXCHANGEJ WITH KINSHIPJ (equality/label)
     Parameter 41, %C1#2%: [ DIVISIONJ ]
     Parameter 179, [ C1#4 ]
     Parameter 123, %C1#5%: [ HAWKJ ]
     Parameter 16, %C1#1%: HAWKJ WITH EXCHANGEJ (equality/label)
     Parameter 121, %C1#5%: [ MUTUALISMJ ]
     Parameter 85, %C1#3%: DIVISIONJ WITH DOVEJ (equality/label)
     Parameter 120, %C1#5%: [ KINSHIPJ ]
     Parameter 6, %C1#1%: [ DIVISIONJ ]
     Parameter 72, %C1#3%: EXCHANGEJ WITH KINSHIPJ (equality/label)
     Parameter 163, %C1#6%: DOVEJ WITH EXCHANGEJ (equality/label)
     Parameter 20, %C1#1%: DOVEJ WITH EXCHANGEJ (equality/label)
     Parameter 34, %C1#1%: POSSESSIONJ WITH DIVISIONJ (equality/label)
     Parameter 66, %C1#3%: [ EXCHANGEJ ]
     Parameter 38, %C1#2%: [ EXCHANGEJ ]
     Parameter 122, %C1#5%: [ EXCHANGEJ ]
     Parameter 29, %C1#1%: POSSESSIONJ WITH KINSHIPJ (equality/label)
     Parameter 18, %C1#1%: DOVEJ WITH KINSHIPJ (equality/label)
     Parameter 73, %C1#3%: EXCHANGEJ WITH MUTUALISMJ (equality/label)
     Parameter 80, %C1#3%: DOVEJ WITH HAWKJ (equality/label)
     Parameter 15, %C1#1%: HAWKJ WITH MUTUALISMJ (equality/label)
     Parameter 153, %C1#6%: [ DIVISIONJ ]
     Parameter 98, %C1#4%: [ POSSESSIONJ ]
     Parameter 161, %C1#6%: DOVEJ WITH KINSHIPJ (equality/label)
     Parameter 150, %C1#6%: [ EXCHANGEJ ]
     Parameter 23, %C1#1%: DIVISIONJ WITH KINSHIPJ (equality/label)
     Parameter 3, %C1#1%: [ EXCHANGEJ ]
     Parameter 11, %C1#1%: EXCHANGEJ WITH KINSHIPJ (equality/label)
     Parameter 170, %C1#6%: POSSESSIONJ WITH KINSHIPJ (equality/label)
     Parameter 96, %C1#4%: [ DOVEJ ]
     Parameter 148, %C1#6%: [ KINSHIPJ ]
     Parameter 95, %C1#4%: [ HAWKJ ]
     Parameter 92, %C1#4%: [ KINSHIPJ ]
     Parameter 97, %C1#4%: [ DIVISIONJ ]
     Parameter 93, %C1#4%: [ MUTUALISMJ ]
     Parameter 77, %C1#3%: DOVEJ WITH KINSHIPJ (equality/label)
     Parameter 86, %C1#3%: POSSESSIONJ WITH KINSHIPJ (equality/label)
     Parameter 12, %C1#1%: EXCHANGEJ WITH MUTUALISMJ (equality/label)
     Parameter 94, %C1#4%: [ EXCHANGEJ ]
     Parameter 65, %C1#3%: [ MUTUALISMJ ]
     Parameter 91, %C1#3%: POSSESSIONJ WITH DIVISIONJ (equality/label)
     Parameter 81, %C1#3%: DIVISIONJ WITH KINSHIPJ (equality/label)
     Parameter 71, %C1#3%: MUTUALISMJ WITH KINSHIPJ (equality/label)
     Parameter 1, %C1#1%: [ KINSHIPJ ]
     Parameter 35, %C1#1%: POSSESSIONJ (equality/label)
     Parameter 31, %C1#1%: POSSESSIONJ WITH EXCHANGEJ (equality/label)
     Parameter 28, %C1#1%: DIVISIONJ (equality/label)
     Parameter 13, %C1#1%: EXCHANGEJ (equality/label)
     Parameter 10, %C1#1%: MUTUALISMJ (equality/label)
     Parameter 64, %C1#3%: [ KINSHIPJ ]
     Parameter 22, %C1#1%: DOVEJ (equality/label)


THE MODEL ESTIMATION TERMINATED NORMALLY



MODEL FIT INFORMATION

Number of Free Parameters                      180

Loglikelihood

          H0 Value                      -39300.273
          H0 Scaling Correction Factor      0.0143
            for MLR

Information Criteria

          Akaike (AIC)                   78960.546
          Bayesian (BIC)                 79903.475
          Sample-Size Adjusted BIC       79331.684
            (n* = (n + 2) / 24)



FINAL CLASS COUNTS AND PROPORTIONS FOR THE LATENT CLASSES
BASED ON THE ESTIMATED MODEL

    Latent
   Classes

       1          7.95368          0.00571
       2        113.45722          0.08151
       3          8.97873          0.00645
       4       1131.16862          0.81262
       5        108.01491          0.07760
       6         22.42685          0.01611


FINAL CLASS COUNTS AND PROPORTIONS FOR THE LATENT CLASSES
BASED ON ESTIMATED POSTERIOR PROBABILITIES

    Latent
   Classes

       1          7.95368          0.00571
       2        113.45722          0.08151
       3          8.97873          0.00645
       4       1131.16862          0.81262
       5        108.01491          0.07760
       6         22.42685          0.01611


FINAL CLASS COUNTS AND PROPORTIONS FOR THE LATENT CLASSES
BASED ON THEIR MOST LIKELY LATENT CLASS MEMBERSHIP

Class Counts and Proportions

    Latent
   Classes

       1                8          0.00575
       2               82          0.05891
       3                9          0.00647
       4             1175          0.84411
       5               95          0.06825
       6               23          0.01652


CLASSIFICATION QUALITY

     Entropy                         0.872


Average Latent Class Probabilities for Most Likely Latent Class Membership (Row)
by Latent Class (Column)

           1        2        3        4        5        6

    1   0.994    0.002    0.000    0.004    0.000    0.000
    2   0.000    0.728    0.000    0.259    0.012    0.000
    3   0.000    0.000    0.998    0.002    0.000    0.000
    4   0.000    0.044    0.000    0.928    0.026    0.002
    5   0.000    0.019    0.000    0.170    0.811    0.000
    6   0.000    0.001    0.000    0.146    0.001    0.852


Classification Probabilities for the Most Likely Latent Class Membership (Column)
by Latent Class (Row)

           1        2        3        4        5        6

    1   1.000    0.000    0.000    0.000    0.000    0.000
    2   0.000    0.526    0.000    0.457    0.016    0.000
    3   0.000    0.000    1.000    0.000    0.000    0.000
    4   0.000    0.019    0.000    0.964    0.014    0.003
    5   0.000    0.009    0.000    0.277    0.713    0.000
    6   0.000    0.000    0.000    0.126    0.000    0.874


Logits for the Classification Probabilities for the Most Likely Latent Class Membership (Column)
by Latent Class (Row)

              1        2        3        4        5        6

    1     13.816    0.000    0.000    0.000    0.000    0.000
    2     -0.570    7.549   -2.365    7.408    4.054    0.000
    3      0.000    0.000   13.816    0.000    0.000    0.000
    4     -4.765    1.848   -5.210    5.786    1.575    0.000
    5     -5.456    3.691   -5.456    7.077    8.021    0.000
    6    -13.680  -13.680  -13.680   -1.934  -13.680    0.000


MODEL RESULTS

                                                    Two-Tailed
                    Estimate       S.E.  Est./S.E.    P-Value

Latent Class 1

 KINSHIPJ WITH
    MUTUALISMJ       -93.382      0.449   -207.774      0.000
    EXCHANGEJ        -17.343      0.000    999.000    999.000
    HAWKJ              3.061      0.000    999.000    999.000
    DOVEJ             45.719      0.000    999.000    999.000
    DIVISIONJ         53.790      0.000    999.000    999.000
    POSSESSION       -89.517      0.000    999.000    999.000

 MUTUALIS WITH
    EXCHANGEJ         63.676      0.000    999.000    999.000
    HAWKJ            -60.524      0.000    999.000    999.000
    DOVEJ             49.827      0.000    999.000    999.000
    DIVISIONJ        -56.674      0.000    999.000    999.000
    POSSESSION        80.664      0.000    999.000    999.000

 EXCHANGE WITH
    HAWKJ           -139.321      0.000    999.000    999.000
    DOVEJ             84.233      0.000    999.000    999.000
    DIVISIONJ        -54.141      0.000    999.000    999.000
    POSSESSION       123.538      0.000    999.000    999.000

 HAWKJ    WITH
    DOVEJ           -152.556      0.000    999.000    999.000
    DIVISIONJ        144.149      0.000    999.000    999.000
    POSSESSION      -209.577      0.043  -4818.901      0.000

 DOVEJ    WITH
    DIVISIONJ       -163.371      0.000    999.000    999.000
    POSSESSION       146.117      0.000    999.000    999.000

 DIVISION WITH
    POSSESSION      -173.578      0.000    999.000    999.000

 Means
    KINSHIPJ          46.538      0.000    999.000    999.000
    MUTUALISMJ        57.822      0.000    999.000    999.000
    EXCHANGEJ         62.741      0.000    999.000    999.000
    HAWKJ             30.984      0.000    999.000    999.000
    DOVEJ             43.801      0.000    999.000    999.000
    DIVISIONJ         82.479      0.000    999.000    999.000
    POSSESSION        20.191      0.000    999.000    999.000

 Variances
    KINSHIPJ         222.827      0.014  16179.720      0.000
    MUTUALISMJ       163.873      0.000    999.000    999.000
    EXCHANGEJ        121.578      0.000    999.000    999.000
    HAWKJ            239.583      0.051   4695.907      0.000
    DOVEJ            233.311      0.000    999.000    999.000
    DIVISIONJ        185.812      0.000    999.000    999.000
    POSSESSION       228.860      0.000    999.000    999.000

Latent Class 2

 KINSHIPJ WITH
    MUTUALISMJ       -59.189      0.000    999.000    999.000
    EXCHANGEJ        -60.552      0.000    999.000    999.000
    HAWKJ            -15.559      0.000    999.000    999.000
    DOVEJ             36.575      0.000    999.000    999.000
    DIVISIONJ        -32.026      0.000    999.000    999.000
    POSSESSION       -46.752      0.000    999.000    999.000

 MUTUALIS WITH
    EXCHANGEJ         -1.211      0.000    999.000    999.000
    HAWKJ            -40.719      0.000    999.000    999.000
    DOVEJ             14.205      0.000    999.000    999.000
    DIVISIONJ          6.907      0.000    999.000    999.000
    POSSESSION       -21.348      0.000    999.000    999.000

 EXCHANGE WITH
    HAWKJ             69.430      0.000    999.000    999.000
    DOVEJ            -82.644      0.000    999.000    999.000
    DIVISIONJ        -11.660      0.000    999.000    999.000
    POSSESSION         7.295      0.000    999.000    999.000

 HAWKJ    WITH
    DOVEJ             37.963      0.000    999.000    999.000
    DIVISIONJ        -19.785      0.000    999.000    999.000
    POSSESSION       -23.687      0.000    999.000    999.000

 DOVEJ    WITH
    DIVISIONJ        -75.156      0.000    999.000    999.000
    POSSESSION       -34.562      0.000    999.000    999.000

 DIVISION WITH
    POSSESSION         7.770      0.000    999.000    999.000

 Means
    KINSHIPJ          54.184      0.000    999.000    999.000
    MUTUALISMJ        50.125      0.000    999.000    999.000
    EXCHANGEJ         65.529      0.000    999.000    999.000
    HAWKJ             59.498      0.000    999.000    999.000
    DOVEJ             50.649      0.000    999.000    999.000
    DIVISIONJ         68.398      0.000    999.000    999.000
    POSSESSION        39.309      0.000    999.000    999.000

 Variances
    KINSHIPJ         222.827      0.014  16179.720      0.000
    MUTUALISMJ       163.873      0.000    999.000    999.000
    EXCHANGEJ        121.578      0.000    999.000    999.000
    HAWKJ            239.583      0.051   4695.907      0.000
    DOVEJ            233.311      0.000    999.000    999.000
    DIVISIONJ        185.812      0.000    999.000    999.000
    POSSESSION       228.860      0.000    999.000    999.000

Latent Class 3

 KINSHIPJ WITH
    MUTUALISMJ        65.313      0.000    999.000    999.000
    EXCHANGEJ         50.289      0.000    999.000    999.000
    HAWKJ             26.415      0.000    999.000    999.000
    DOVEJ            190.557      0.000    999.000    999.000
    DIVISIONJ        -73.005      0.000    999.000    999.000
    POSSESSION      -105.734      0.000    999.000    999.000

 MUTUALIS WITH
    EXCHANGEJ        136.891      0.000    999.000    999.000
    HAWKJ             26.238      0.000    999.000    999.000
    DOVEJ              4.517      0.000    999.000    999.000
    DIVISIONJ         -1.209      0.000    999.000    999.000
    POSSESSION        78.422      0.000    999.000    999.000

 EXCHANGE WITH
    HAWKJ              4.182      0.000    999.000    999.000
    DOVEJ            -12.639      0.000    999.000    999.000
    DIVISIONJ         -1.962      0.000    999.000    999.000
    POSSESSION        72.467      0.000    999.000    999.000

 HAWKJ    WITH
    DOVEJ            120.762      0.000    999.000    999.000
    DIVISIONJ        -59.774      0.000    999.000    999.000
    POSSESSION        20.542      0.000    999.000    999.000

 DOVEJ    WITH
    DIVISIONJ       -104.137      0.000    999.000    999.000
    POSSESSION      -137.410      0.000    999.000    999.000

 DIVISION WITH
    POSSESSION       150.762      0.000    999.000    999.000

 Means
    KINSHIPJ          56.359      0.000    999.000    999.000
    MUTUALISMJ        81.122      0.000    999.000    999.000
    EXCHANGEJ         82.603      0.000    999.000    999.000
    HAWKJ             67.476      0.000    999.000    999.000
    DOVEJ             65.355      0.000    999.000    999.000
    DIVISIONJ         74.695      0.000    999.000    999.000
    POSSESSION        20.892      0.000    999.000    999.000

 Variances
    KINSHIPJ         222.827      0.014  16179.720      0.000
    MUTUALISMJ       163.873      0.000    999.000    999.000
    EXCHANGEJ        121.578      0.000    999.000    999.000
    HAWKJ            239.583      0.051   4695.907      0.000
    DOVEJ            233.311      0.000    999.000    999.000
    DIVISIONJ        185.812      0.000    999.000    999.000
    POSSESSION       228.860      0.000    999.000    999.000

Latent Class 4

 KINSHIPJ WITH
    MUTUALISMJ        53.032      0.000    999.000    999.000
    EXCHANGEJ         63.030      0.000    999.000    999.000
    HAWKJ             71.327      0.000    999.000    999.000
    DOVEJ             75.648      0.000    999.000    999.000
    DIVISIONJ         26.612      0.000    999.000    999.000
    POSSESSION        -4.468      0.000    999.000    999.000

 MUTUALIS WITH
    EXCHANGEJ         52.758      0.000    999.000    999.000
    HAWKJ             44.343      0.000    999.000    999.000
    DOVEJ             38.712      0.000    999.000    999.000
    DIVISIONJ         46.747      0.000    999.000    999.000
    POSSESSION        -9.310      0.000    999.000    999.000

 EXCHANGE WITH
    HAWKJ             41.013      0.000    999.000    999.000
    DOVEJ             43.336      0.000    999.000    999.000
    DIVISIONJ         34.532      0.000    999.000    999.000
    POSSESSION        -2.415      0.000    999.000    999.000

 HAWKJ    WITH
    DOVEJ             65.283      0.000    999.000    999.000
    DIVISIONJ         52.852      0.000    999.000    999.000
    POSSESSION        -3.954      0.000    999.000    999.000

 DOVEJ    WITH
    DIVISIONJ          5.491      0.000    999.000    999.000
    POSSESSION        -1.333      0.000    999.000    999.000

 DIVISION WITH
    POSSESSION        13.362      0.000    999.000    999.000

 Means
    KINSHIPJ          69.549      0.000    999.000    999.000
    MUTUALISMJ        65.814      0.000    999.000    999.000
    EXCHANGEJ         71.841      0.000    999.000    999.000
    HAWKJ             66.103      0.000    999.000    999.000
    DOVEJ             55.518      0.000    999.000    999.000
    DIVISIONJ         71.858      0.000    999.000    999.000
    POSSESSION        39.552      0.000    999.000    999.000

 Variances
    KINSHIPJ         222.827      0.014  16179.720      0.000
    MUTUALISMJ       163.873      0.000    999.000    999.000
    EXCHANGEJ        121.578      0.000    999.000    999.000
    HAWKJ            239.583      0.051   4695.907      0.000
    DOVEJ            233.311      0.000    999.000    999.000
    DIVISIONJ        185.812      0.000    999.000    999.000
    POSSESSION       228.860      0.000    999.000    999.000

Latent Class 5

 KINSHIPJ WITH
    MUTUALISMJ         5.458      0.000    999.000    999.000
    EXCHANGEJ         28.018      0.000    999.000    999.000
    HAWKJ             94.931      0.000    999.000    999.000
    DOVEJ             62.389      0.000    999.000    999.000
    DIVISIONJ         25.898      0.000    999.000    999.000
    POSSESSION       -12.886      0.000    999.000    999.000

 MUTUALIS WITH
    EXCHANGEJ         34.433      0.000    999.000    999.000
    HAWKJ              0.116      0.000    999.000    999.000
    DOVEJ             29.529      0.000    999.000    999.000
    DIVISIONJ         42.615      0.000    999.000    999.000
    POSSESSION        17.755      0.000    999.000    999.000

 EXCHANGE WITH
    HAWKJ            -42.612      0.000    999.000    999.000
    DOVEJ             33.752      0.000    999.000    999.000
    DIVISIONJ         20.580      0.000    999.000    999.000
    POSSESSION         3.323      0.000    999.000    999.000

 HAWKJ    WITH
    DOVEJ             29.473      0.000    999.000    999.000
    DIVISIONJ         24.014      0.000    999.000    999.000
    POSSESSION        79.873      0.000    999.000    999.000

 DOVEJ    WITH
    DIVISIONJ        -66.248      0.000    999.000    999.000
    POSSESSION       -58.256      0.000    999.000    999.000

 DIVISION WITH
    POSSESSION        75.901      0.000    999.000    999.000

 Means
    KINSHIPJ          68.506      0.000    999.000    999.000
    MUTUALISMJ        62.859      0.000    999.000    999.000
    EXCHANGEJ         75.912      0.000    999.000    999.000
    HAWKJ             70.745      0.000    999.000    999.000
    DOVEJ             44.403      0.000    999.000    999.000
    DIVISIONJ         45.233      0.000    999.000    999.000
    POSSESSION        36.070      0.000    999.000    999.000

 Variances
    KINSHIPJ         222.827      0.014  16179.720      0.000
    MUTUALISMJ       163.873      0.000    999.000    999.000
    EXCHANGEJ        121.578      0.000    999.000    999.000
    HAWKJ            239.583      0.051   4695.907      0.000
    DOVEJ            233.311      0.000    999.000    999.000
    DIVISIONJ        185.812      0.000    999.000    999.000
    POSSESSION       228.860      0.000    999.000    999.000

Latent Class 6

 KINSHIPJ WITH
    MUTUALISMJ       -36.879      0.000    999.000    999.000
    EXCHANGEJ        126.966      0.000    999.000    999.000
    HAWKJ            -30.800      0.000    999.000    999.000
    DOVEJ            210.300      0.000    999.000    999.000
    DIVISIONJ         66.332      0.000    999.000    999.000
    POSSESSION      -186.055      0.000    999.000    999.000

 MUTUALIS WITH
    EXCHANGEJ         -4.380      0.000    999.000    999.000
    HAWKJ            121.078      0.000    999.000    999.000
    DOVEJ            -63.893      0.000    999.000    999.000
    DIVISIONJ         34.306      0.000    999.000    999.000
    POSSESSION        18.631      0.000    999.000    999.000

 EXCHANGE WITH
    HAWKJ            -40.980      0.000    999.000    999.000
    DOVEJ            131.605      0.000    999.000    999.000
    DIVISIONJ         51.495      0.000    999.000    999.000
    POSSESSION      -100.131      0.000    999.000    999.000

 HAWKJ    WITH
    DOVEJ            -42.673      0.000    999.000    999.000
    DIVISIONJ         38.697      0.000    999.000    999.000
    POSSESSION       -23.009      0.000    999.000    999.000

 DOVEJ    WITH
    DIVISIONJ         11.218      0.000    999.000    999.000
    POSSESSION      -147.664      0.000    999.000    999.000

 DIVISION WITH
    POSSESSION      -153.311      0.000    999.000    999.000

 Means
    KINSHIPJ          78.448      0.000    999.000    999.000
    MUTUALISMJ        68.554      0.000    999.000    999.000
    EXCHANGEJ         82.760      0.000    999.000    999.000
    HAWKJ             56.382      0.000    999.000    999.000
    DOVEJ             44.987      0.000    999.000    999.000
    DIVISIONJ         88.701      0.000    999.000    999.000
    POSSESSION        47.810      0.000    999.000    999.000

 Variances
    KINSHIPJ         222.827      0.014  16179.720      0.000
    MUTUALISMJ       163.873      0.000    999.000    999.000
    EXCHANGEJ        121.578      0.000    999.000    999.000
    HAWKJ            239.583      0.051   4695.907      0.000
    DOVEJ            233.311      0.000    999.000    999.000
    DIVISIONJ        185.812      0.000    999.000    999.000
    POSSESSION       228.860      0.000    999.000    999.000

Categorical Latent Variables

 Means
    C1#1              -1.037      0.000    999.000    999.000
    C1#2               1.621      0.000    999.000    999.000
    C1#3              -0.915      0.000    999.000    999.000
    C1#4               3.921      0.000    999.000    999.000
    C1#5               1.572      0.000    999.000    999.000


QUALITY OF NUMERICAL RESULTS

     Condition Number for the Information Matrix              0.142E-09
       (ratio of smallest to largest eigenvalue)


TECHNICAL 14 OUTPUT

     Random Starts Specifications for the k-1 Class Analysis Model
        Number of initial stage random starts                  20
        Number of final stage optimizations                     4

     Random Starts Specification for the k-1 Class Model for Generated Data
        Number of initial stage random starts                   0
        Number of final stage optimizations for the
           initial stage random starts                          0
     Random Starts Specification for the k Class Model for Generated Data
        Number of initial stage random starts                  40
        Number of final stage optimizations                     8
     Number of bootstrap draws requested                   Varies


     PARAMETRIC BOOTSTRAPPED LIKELIHOOD RATIO TEST FOR 5 (H0) VERSUS 6 CLASSES

          H0 Loglikelihood Value                       -39353.522
          2 Times the Loglikelihood Difference            106.498
          Difference in the Number of Parameters               29
          Approximate P-Value                              0.0000
          Successful Bootstrap Draws                            2

     WARNING:  OF THE 2 BOOTSTRAP DRAWS, 69 DRAWS HAD BOTH A SMALLER LRT VALUE THAN THE
     OBSERVED LRT VALUE AND NOT A REPLICATED BEST LOGLIKELIHOOD VALUE FOR THE 6-CLASS MODEL.
     THIS MEANS THAT THE P-VALUE MAY NOT BE TRUSTWORTHY DUE TO LOCAL MAXIMA.
     INCREASE THE NUMBER OF RANDOM STARTS USING THE LRTSTARTS OPTION.


     WARNING:  98 OUT OF 100 BOOTSTRAP DRAWS DID NOT CONVERGE.
     THE P-VALUE MAY NOT BE TRUSTWORTHY.
     INCREASE THE NUMBER OF RANDOM STARTS USING THE LRTSTARTS OPTION.



SAVEDATA INFORMATION


  Save file
    model_5_class_6.dat

  Order and format of variables

    KINSHIPJ       F10.3
    MUTUALIS       F10.3
    EXCHANGE       F10.3
    HAWKJ          F10.3
    DOVEJ          F10.3
    DIVISION       F10.3
    POSSESSI       F10.3
    CPROB1         F10.3
    CPROB2         F10.3
    CPROB3         F10.3
    CPROB4         F10.3
    CPROB5         F10.3
    CPROB6         F10.3
    C1             F10.3

  Save file format
    14F10.3

  Save file record length    10000


     Beginning Time:  10:35:49
        Ending Time:  10:44:32
       Elapsed Time:  00:08:43



MUTHEN & MUTHEN
3463 Stoner Ave.
Los Angeles, CA  90066

Tel: (310) 391-9971
Fax: (310) 391-8971
Web: www.StatModel.com
Support: Support@StatModel.com

Copyright (c) 1998-2018 Muthen & Muthen
