Mplus VERSION 8.2 (Mac)
MUTHEN & MUTHEN
08/26/2020  12:12 PM

INPUT INSTRUCTIONS

  TITLE:
  model 6 with 4 classes
  DATA:
  FILE = "data_624dd70f9f561f2c8c991d291c51b950.dat";

  VARIABLE:
  NAMES = KinshipJ MutualismJ ExchangeJ HawkJ DoveJ DivisionJ PossessionJ;
   MISSING=.;
   CLASSES = c1(4);

  ANALYSIS:
  TYPE = mixture;

  MODEL:
  %c1#1%
  KinshipJ (vKinshipJ1);
  MutualismJ (vMutualismJ1);
  ExchangeJ (vExchangeJ1);
  HawkJ (vHawkJ1);
  DoveJ (vDoveJ1);
  DivisionJ (vDivisionJ1);
  PossessionJ (vPossessionJ1);

  KinshipJ WITH MutualismJ (KinshipJWMutualismJ1);
  KinshipJ WITH ExchangeJ (KinshipJWExchangeJ1);
  KinshipJ WITH HawkJ (KinshipJWHawkJ1);
  KinshipJ WITH DoveJ (KinshipJWDoveJ1);
  KinshipJ WITH DivisionJ (KinshipJWDivisionJ1);
  KinshipJ WITH PossessionJ (KinshipJWPossessionJ1);
  MutualismJ WITH ExchangeJ (MutualismJWExchangeJ1);
  MutualismJ WITH HawkJ (MutualismJWHawkJ1);
  MutualismJ WITH DoveJ (MutualismJWDoveJ1);
  MutualismJ WITH DivisionJ (MutualismJWDivisionJ1);
  MutualismJ WITH PossessionJ (MutualismJWPossessionJ1);
  ExchangeJ WITH HawkJ (ExchangeJWHawkJ1);
  ExchangeJ WITH DoveJ (ExchangeJWDoveJ1);
  ExchangeJ WITH DivisionJ (ExchangeJWDivisionJ1);
  ExchangeJ WITH PossessionJ (ExchangeJWPossessionJ1);
  HawkJ WITH DoveJ (HawkJWDoveJ1);
  HawkJ WITH DivisionJ (HawkJWDivisionJ1);
  HawkJ WITH PossessionJ (HawkJWPossessionJ1);
  DoveJ WITH DivisionJ (DoveJWDivisionJ1);
  DoveJ WITH PossessionJ (DoveJWPossessionJ1);
  DivisionJ WITH PossessionJ (DivisionJWPossessionJ1);

  %c1#2%
  KinshipJ (vKinshipJ2);
  MutualismJ (vMutualismJ2);
  ExchangeJ (vExchangeJ2);
  HawkJ (vHawkJ2);
  DoveJ (vDoveJ2);
  DivisionJ (vDivisionJ2);
  PossessionJ (vPossessionJ2);

  KinshipJ WITH MutualismJ (KinshipJWMutualismJ2);
  KinshipJ WITH ExchangeJ (KinshipJWExchangeJ2);
  KinshipJ WITH HawkJ (KinshipJWHawkJ2);
  KinshipJ WITH DoveJ (KinshipJWDoveJ2);
  KinshipJ WITH DivisionJ (KinshipJWDivisionJ2);
  KinshipJ WITH PossessionJ (KinshipJWPossessionJ2);
  MutualismJ WITH ExchangeJ (MutualismJWExchangeJ2);
  MutualismJ WITH HawkJ (MutualismJWHawkJ2);
  MutualismJ WITH DoveJ (MutualismJWDoveJ2);
  MutualismJ WITH DivisionJ (MutualismJWDivisionJ2);
  MutualismJ WITH PossessionJ (MutualismJWPossessionJ2);
  ExchangeJ WITH HawkJ (ExchangeJWHawkJ2);
  ExchangeJ WITH DoveJ (ExchangeJWDoveJ2);
  ExchangeJ WITH DivisionJ (ExchangeJWDivisionJ2);
  ExchangeJ WITH PossessionJ (ExchangeJWPossessionJ2);
  HawkJ WITH DoveJ (HawkJWDoveJ2);
  HawkJ WITH DivisionJ (HawkJWDivisionJ2);
  HawkJ WITH PossessionJ (HawkJWPossessionJ2);
  DoveJ WITH DivisionJ (DoveJWDivisionJ2);
  DoveJ WITH PossessionJ (DoveJWPossessionJ2);
  DivisionJ WITH PossessionJ (DivisionJWPossessionJ2);

  %c1#3%
  KinshipJ (vKinshipJ3);
  MutualismJ (vMutualismJ3);
  ExchangeJ (vExchangeJ3);
  HawkJ (vHawkJ3);
  DoveJ (vDoveJ3);
  DivisionJ (vDivisionJ3);
  PossessionJ (vPossessionJ3);

  KinshipJ WITH MutualismJ (KinshipJWMutualismJ3);
  KinshipJ WITH ExchangeJ (KinshipJWExchangeJ3);
  KinshipJ WITH HawkJ (KinshipJWHawkJ3);
  KinshipJ WITH DoveJ (KinshipJWDoveJ3);
  KinshipJ WITH DivisionJ (KinshipJWDivisionJ3);
  KinshipJ WITH PossessionJ (KinshipJWPossessionJ3);
  MutualismJ WITH ExchangeJ (MutualismJWExchangeJ3);
  MutualismJ WITH HawkJ (MutualismJWHawkJ3);
  MutualismJ WITH DoveJ (MutualismJWDoveJ3);
  MutualismJ WITH DivisionJ (MutualismJWDivisionJ3);
  MutualismJ WITH PossessionJ (MutualismJWPossessionJ3);
  ExchangeJ WITH HawkJ (ExchangeJWHawkJ3);
  ExchangeJ WITH DoveJ (ExchangeJWDoveJ3);
  ExchangeJ WITH DivisionJ (ExchangeJWDivisionJ3);
  ExchangeJ WITH PossessionJ (ExchangeJWPossessionJ3);
  HawkJ WITH DoveJ (HawkJWDoveJ3);
  HawkJ WITH DivisionJ (HawkJWDivisionJ3);
  HawkJ WITH PossessionJ (HawkJWPossessionJ3);
  DoveJ WITH DivisionJ (DoveJWDivisionJ3);
  DoveJ WITH PossessionJ (DoveJWPossessionJ3);
  DivisionJ WITH PossessionJ (DivisionJWPossessionJ3);

  %c1#4%
  KinshipJ (vKinshipJ4);
  MutualismJ (vMutualismJ4);
  ExchangeJ (vExchangeJ4);
  HawkJ (vHawkJ4);
  DoveJ (vDoveJ4);
  DivisionJ (vDivisionJ4);
  PossessionJ (vPossessionJ4);

  KinshipJ WITH MutualismJ (KinshipJWMutualismJ4);
  KinshipJ WITH ExchangeJ (KinshipJWExchangeJ4);
  KinshipJ WITH HawkJ (KinshipJWHawkJ4);
  KinshipJ WITH DoveJ (KinshipJWDoveJ4);
  KinshipJ WITH DivisionJ (KinshipJWDivisionJ4);
  KinshipJ WITH PossessionJ (KinshipJWPossessionJ4);
  MutualismJ WITH ExchangeJ (MutualismJWExchangeJ4);
  MutualismJ WITH HawkJ (MutualismJWHawkJ4);
  MutualismJ WITH DoveJ (MutualismJWDoveJ4);
  MutualismJ WITH DivisionJ (MutualismJWDivisionJ4);
  MutualismJ WITH PossessionJ (MutualismJWPossessionJ4);
  ExchangeJ WITH HawkJ (ExchangeJWHawkJ4);
  ExchangeJ WITH DoveJ (ExchangeJWDoveJ4);
  ExchangeJ WITH DivisionJ (ExchangeJWDivisionJ4);
  ExchangeJ WITH PossessionJ (ExchangeJWPossessionJ4);
  HawkJ WITH DoveJ (HawkJWDoveJ4);
  HawkJ WITH DivisionJ (HawkJWDivisionJ4);
  HawkJ WITH PossessionJ (HawkJWPossessionJ4);
  DoveJ WITH DivisionJ (DoveJWDivisionJ4);
  DoveJ WITH PossessionJ (DoveJWPossessionJ4);
  DivisionJ WITH PossessionJ (DivisionJWPossessionJ4);


  OUTPUT:
  TECH14;

  SAVEDATA:
  FILE IS model_6_class_4.dat;
  SAVE = cprobabilities;



*** WARNING in VARIABLE command
  Note that only the first 8 characters of variable names are used in the output.
  Shorten variable names to avoid any confusion.
*** WARNING in MODEL command
  All variables are uncorrelated with all other variables within class.
  Check that this is what is intended.
   2 WARNING(S) FOUND IN THE INPUT INSTRUCTIONS




model 6 with 4 classes

SUMMARY OF ANALYSIS

Number of groups                                                 1
Number of observations                                        1392

Number of dependent variables                                    7
Number of independent variables                                  0
Number of continuous latent variables                            0
Number of categorical latent variables                           1

Observed dependent variables

  Continuous
   KINSHIPJ    MUTUALISMJ  EXCHANGEJ   HAWKJ       DOVEJ       DIVISIONJ
   POSSESSION

Categorical latent variables
   C1


Estimator                                                      MLR
Information matrix                                        OBSERVED
Optimization Specifications for the Quasi-Newton Algorithm for
Continuous Outcomes
  Maximum number of iterations                                 100
  Convergence criterion                                  0.100D-05
Optimization Specifications for the EM Algorithm
  Maximum number of iterations                                 500
  Convergence criteria
    Loglikelihood change                                 0.100D-06
    Relative loglikelihood change                        0.100D-06
    Derivative                                           0.100D-05
Optimization Specifications for the M step of the EM Algorithm for
Categorical Latent variables
  Number of M step iterations                                    1
  M step convergence criterion                           0.100D-05
  Basis for M step termination                           ITERATION
Optimization Specifications for the M step of the EM Algorithm for
Censored, Binary or Ordered Categorical (Ordinal), Unordered
Categorical (Nominal) and Count Outcomes
  Number of M step iterations                                    1
  M step convergence criterion                           0.100D-05
  Basis for M step termination                           ITERATION
  Maximum value for logit thresholds                            15
  Minimum value for logit thresholds                           -15
  Minimum expected cell size for chi-square              0.100D-01
Maximum number of iterations for H1                           2000
Convergence criterion for H1                             0.100D-03
Optimization algorithm                                         EMA
Random Starts Specifications
  Number of initial stage random starts                         20
  Number of final stage optimizations                            4
  Number of initial stage iterations                            10
  Initial stage convergence criterion                    0.100D+01
  Random starts scale                                    0.500D+01
  Random seed for generating random starts                       0

Input data file(s)
  data_624dd70f9f561f2c8c991d291c51b950.dat
Input data format  FREE


SUMMARY OF DATA

     Number of missing data patterns             1
     Number of y missing data patterns           1
     Number of u missing data patterns           0


COVARIANCE COVERAGE OF DATA

Minimum covariance coverage value   0.100


     PROPORTION OF DATA PRESENT FOR Y


           Covariance Coverage
              KINSHIPJ      MUTUALIS      EXCHANGE      HAWKJ         DOVEJ
              ________      ________      ________      ________      ________
 KINSHIPJ       1.000
 MUTUALIS       1.000         1.000
 EXCHANGE       1.000         1.000         1.000
 HAWKJ          1.000         1.000         1.000         1.000
 DOVEJ          1.000         1.000         1.000         1.000         1.000
 DIVISION       1.000         1.000         1.000         1.000         1.000
 POSSESSI       1.000         1.000         1.000         1.000         1.000


           Covariance Coverage
              DIVISION      POSSESSI
              ________      ________
 DIVISION       1.000
 POSSESSI       1.000         1.000



UNIVARIATE SAMPLE STATISTICS


     UNIVARIATE HIGHER-ORDER MOMENT DESCRIPTIVE STATISTICS

         Variable/         Mean/     Skewness/   Minimum/ % with                Percentiles
        Sample Size      Variance    Kurtosis    Maximum  Min/Max      20%/60%    40%/80%    Median

     KINSHIPJ             68.142      -0.400      12.667    0.07%      55.333     64.667     69.000
            1392.000     243.252      -0.028      99.333    0.07%      73.000     82.000
     MUTUALISMJ           64.403      -0.398      11.000    0.07%      53.000     61.667     65.000
            1392.000     184.479       0.162      96.000    0.07%      68.333     76.333
     EXCHANGEJ            71.836      -0.357      32.667    0.07%      62.667     69.667     72.667
            1392.000     127.269       0.056      98.000    0.14%      75.333     81.333
     HAWKJ                65.577      -0.286      11.000    0.07%      52.333     61.667     66.000
            1392.000     250.911      -0.258      99.667    0.14%      70.333     80.000
     DOVEJ                54.086      -0.377       2.000    0.07%      41.000     51.333     55.167
            1392.000     244.615      -0.092      92.333    0.07%      59.000     68.000
     DIVISIONJ            69.860      -0.574       6.333    0.07%      57.333     67.000     71.333
            1392.000     243.008       0.243     100.000    0.29%      75.333     83.000
     POSSESSIONJ          39.164       0.105       1.667    0.07%      26.000     35.000     39.333
            1392.000     234.437      -0.117      95.333    0.07%      43.000     52.000

RANDOM STARTS RESULTS RANKED FROM THE BEST TO THE WORST LOGLIKELIHOOD VALUES

4 perturbed starting value run(s) did not converge in the initial stage
optimizations.

Final stage loglikelihood values at local maxima, seeds, and initial stage start numbers:

          -39317.774  127215           9
          -39321.090  415931           10
          -39328.003  608496           4
          -39332.992  462953           7



     WARNING:  THE BEST LOGLIKELIHOOD VALUE WAS NOT REPLICATED.  THE
     SOLUTION MAY NOT BE TRUSTWORTHY DUE TO LOCAL MAXIMA.  INCREASE THE
     NUMBER OF RANDOM STARTS.


THE MODEL ESTIMATION TERMINATED NORMALLY



MODEL FIT INFORMATION

Number of Free Parameters                      143

Loglikelihood

          H0 Value                      -39317.774
          H0 Scaling Correction Factor      1.1459
            for MLR

Information Criteria

          Akaike (AIC)                   78921.547
          Bayesian (BIC)                 79670.652
          Sample-Size Adjusted BIC       79216.396
            (n* = (n + 2) / 24)



FINAL CLASS COUNTS AND PROPORTIONS FOR THE LATENT CLASSES
BASED ON THE ESTIMATED MODEL

    Latent
   Classes

       1        568.65065          0.40851
       2        276.19421          0.19842
       3        153.08453          0.10997
       4        394.07062          0.28310


FINAL CLASS COUNTS AND PROPORTIONS FOR THE LATENT CLASSES
BASED ON ESTIMATED POSTERIOR PROBABILITIES

    Latent
   Classes

       1        568.65065          0.40851
       2        276.19421          0.19842
       3        153.08453          0.10997
       4        394.07062          0.28310


FINAL CLASS COUNTS AND PROPORTIONS FOR THE LATENT CLASSES
BASED ON THEIR MOST LIKELY LATENT CLASS MEMBERSHIP

Class Counts and Proportions

    Latent
   Classes

       1              550          0.39511
       2              291          0.20905
       3              169          0.12141
       4              382          0.27443


CLASSIFICATION QUALITY

     Entropy                         0.615


Average Latent Class Probabilities for Most Likely Latent Class Membership (Row)
by Latent Class (Column)

           1        2        3        4

    1   0.841    0.038    0.022    0.100
    2   0.118    0.755    0.033    0.095
    3   0.107    0.090    0.682    0.121
    4   0.141    0.054    0.042    0.763


Classification Probabilities for the Most Likely Latent Class Membership (Column)
by Latent Class (Row)

           1        2        3        4

    1   0.813    0.060    0.032    0.095
    2   0.075    0.795    0.055    0.075
    3   0.079    0.062    0.753    0.106
    4   0.139    0.070    0.052    0.739


Logits for the Classification Probabilities for the Most Likely Latent Class Membership (Column)
by Latent Class (Row)

              1        2        3        4

    1      2.150   -0.448   -1.088    0.000
    2      0.010    2.365   -0.310    0.000
    3     -0.288   -0.536    1.963    0.000
    4     -1.672   -2.359   -2.656    0.000


MODEL RESULTS

                                                    Two-Tailed
                    Estimate       S.E.  Est./S.E.    P-Value

Latent Class 1

 KINSHIPJ WITH
    MUTUALISMJ         7.229     16.940      0.427      0.670
    EXCHANGEJ         42.293     11.660      3.627      0.000
    HAWKJ             49.673     23.737      2.093      0.036
    DOVEJ             92.321     15.991      5.773      0.000
    DIVISIONJ        -40.207     22.333     -1.800      0.072
    POSSESSION       -33.745     13.355     -2.527      0.012

 MUTUALIS WITH
    EXCHANGEJ         44.534     10.053      4.430      0.000
    HAWKJ             -5.320     16.646     -0.320      0.749
    DOVEJ             36.421     13.827      2.634      0.008
    DIVISIONJ        -11.333     14.491     -0.782      0.434
    POSSESSION       -27.421     12.561     -2.183      0.029

 EXCHANGE WITH
    HAWKJ             28.231     11.214      2.517      0.012
    DOVEJ             32.397     11.180      2.898      0.004
    DIVISIONJ        -18.716     12.655     -1.479      0.139
    POSSESSION       -10.323      8.604     -1.200      0.230

 HAWKJ    WITH
    DOVEJ             44.873     19.385      2.315      0.021
    DIVISIONJ        -58.832     22.336     -2.634      0.008
    POSSESSION        -9.852     16.305     -0.604      0.546

 DOVEJ    WITH
    DIVISIONJ        -45.800     14.401     -3.180      0.001
    POSSESSION       -36.439     13.980     -2.607      0.009

 DIVISION WITH
    POSSESSION        22.302     14.608      1.527      0.127

 Means
    KINSHIPJ          63.144      1.455     43.389      0.000
    MUTUALISMJ        57.473      1.247     46.075      0.000
    EXCHANGEJ         69.959      0.974     71.863      0.000
    HAWKJ             58.090      1.609     36.092      0.000
    DOVEJ             49.881      1.507     33.103      0.000
    DIVISIONJ         62.272      1.319     47.202      0.000
    POSSESSION        37.103      1.091     34.004      0.000

 Variances
    KINSHIPJ         284.098     25.371     11.198      0.000
    MUTUALISMJ       202.420     15.228     13.292      0.000
    EXCHANGEJ        145.189     11.390     12.747      0.000
    HAWKJ            266.604     27.456      9.710      0.000
    DOVEJ            282.958     20.506     13.799      0.000
    DIVISIONJ        287.657     22.877     12.574      0.000
    POSSESSION       200.544     13.695     14.644      0.000

Latent Class 2

 KINSHIPJ WITH
    MUTUALISMJ        31.393     20.619      1.523      0.128
    EXCHANGEJ         39.254     24.571      1.598      0.110
    HAWKJ            -39.197     23.465     -1.670      0.095
    DOVEJ             30.910     21.470      1.440      0.150
    DIVISIONJ         28.621     15.011      1.907      0.057
    POSSESSION        -4.817     37.607     -0.128      0.898

 MUTUALIS WITH
    EXCHANGEJ         42.040     15.107      2.783      0.005
    HAWKJ            -14.563     12.023     -1.211      0.226
    DOVEJ              2.411     16.314      0.148      0.883
    DIVISIONJ         10.378     10.444      0.994      0.320
    POSSESSION       -18.702     27.540     -0.679      0.497

 EXCHANGE WITH
    HAWKJ            -23.722     15.548     -1.526      0.127
    DOVEJ              4.468     15.618      0.286      0.775
    DIVISIONJ         30.031     13.020      2.307      0.021
    POSSESSION       -17.577     14.310     -1.228      0.219

 HAWKJ    WITH
    DOVEJ              5.939     14.700      0.404      0.686
    DIVISIONJ         20.147     13.444      1.499      0.134
    POSSESSION       -12.886     25.517     -0.505      0.614

 DOVEJ    WITH
    DIVISIONJ          0.041      9.019      0.005      0.996
    POSSESSION       -26.059     18.383     -1.418      0.156

 DIVISION WITH
    POSSESSION         5.462     29.056      0.188      0.851

 Means
    KINSHIPJ          68.576      4.303     15.936      0.000
    MUTUALISMJ        71.245      2.245     31.730      0.000
    EXCHANGEJ         71.636      1.326     54.043      0.000
    HAWKJ             65.543      2.017     32.501      0.000
    DOVEJ             52.933      1.337     39.578      0.000
    DIVISIONJ         83.610      2.627     31.825      0.000
    POSSESSION        43.288      3.607     12.002      0.000

 Variances
    KINSHIPJ         217.193     71.972      3.018      0.003
    MUTUALISMJ        89.813     13.958      6.434      0.000
    EXCHANGEJ        137.285     24.043      5.710      0.000
    HAWKJ            140.284     21.013      6.676      0.000
    DOVEJ            194.558     29.447      6.607      0.000
    DIVISIONJ         65.114     20.502      3.176      0.001
    POSSESSION       220.528     37.386      5.899      0.000

Latent Class 3

 KINSHIPJ WITH
    MUTUALISMJ        83.799     17.610      4.759      0.000
    EXCHANGEJ         51.715     18.669      2.770      0.006
    HAWKJ             92.197     22.838      4.037      0.000
    DOVEJ             52.824     13.285      3.976      0.000
    DIVISIONJ         79.815     17.378      4.593      0.000
    POSSESSION        13.368     31.321      0.427      0.670

 MUTUALIS WITH
    EXCHANGEJ         71.171     16.522      4.308      0.000
    HAWKJ             54.961     21.960      2.503      0.012
    DOVEJ             35.188     13.628      2.582      0.010
    DIVISIONJ         71.272     18.676      3.816      0.000
    POSSESSION       -12.586     32.673     -0.385      0.700

 EXCHANGE WITH
    HAWKJ             44.446     19.274      2.306      0.021
    DOVEJ             52.298     11.772      4.442      0.000
    DIVISIONJ         87.090     17.081      5.099      0.000
    POSSESSION        42.966     24.122      1.781      0.075

 HAWKJ    WITH
    DOVEJ             66.212     14.932      4.434      0.000
    DIVISIONJ        113.382     19.483      5.819      0.000
    POSSESSION         7.252     25.881      0.280      0.779

 DOVEJ    WITH
    DIVISIONJ         76.187     11.396      6.685      0.000
    POSSESSION        32.428     19.696      1.646      0.100

 DIVISION WITH
    POSSESSION        13.179     21.746      0.606      0.544

 Means
    KINSHIPJ          70.566      2.451     28.790      0.000
    MUTUALISMJ        69.137      2.353     29.388      0.000
    EXCHANGEJ         69.265      1.544     44.848      0.000
    HAWKJ             66.923      2.171     30.821      0.000
    DOVEJ             65.524      1.113     58.875      0.000
    DIVISIONJ         72.342      1.772     40.831      0.000
    POSSESSION        42.772      2.504     17.079      0.000

 Variances
    KINSHIPJ         180.787     24.544      7.366      0.000
    MUTUALISMJ       159.975     27.076      5.908      0.000
    EXCHANGEJ        115.116     19.653      5.858      0.000
    HAWKJ            199.036     26.350      7.554      0.000
    DOVEJ             64.631      9.913      6.520      0.000
    DIVISIONJ        133.539     21.362      6.251      0.000
    POSSESSION       307.894     41.904      7.348      0.000

Latent Class 4

 KINSHIPJ WITH
    MUTUALISMJ        30.798     16.611      1.854      0.064
    EXCHANGEJ         52.999     22.613      2.344      0.019
    HAWKJ             48.532     35.329      1.374      0.170
    DOVEJ             34.363     17.141      2.005      0.045
    DIVISIONJ         18.892     17.072      1.107      0.268
    POSSESSION        10.150     15.123      0.671      0.502

 MUTUALIS WITH
    EXCHANGEJ         41.713     11.036      3.780      0.000
    HAWKJ             25.449     17.307      1.470      0.141
    DOVEJ              3.998     14.231      0.281      0.779
    DIVISIONJ          4.594     13.124      0.350      0.726
    POSSESSION        -7.705     12.161     -0.634      0.526

 EXCHANGE WITH
    HAWKJ             39.348     21.684      1.815      0.070
    DOVEJ             22.809     11.563      1.973      0.049
    DIVISIONJ         36.890      9.081      4.062      0.000
    POSSESSION        10.629     12.217      0.870      0.384

 HAWKJ    WITH
    DOVEJ             36.046     16.841      2.140      0.032
    DIVISIONJ         32.357     14.134      2.289      0.022
    POSSESSION        10.268     17.948      0.572      0.567

 DOVEJ    WITH
    DIVISIONJ          2.400     20.654      0.116      0.907
    POSSESSION        -2.852     17.813     -0.160      0.873

 DIVISION WITH
    POSSESSION       -16.796     17.691     -0.949      0.342

 Means
    KINSHIPJ          74.110      3.486     21.259      0.000
    MUTUALISMJ        67.767      1.558     43.509      0.000
    EXCHANGEJ         75.683      2.062     36.701      0.000
    HAWKJ             75.882      4.119     18.421      0.000
    DOVEJ             56.518      2.001     28.247      0.000
    DIVISIONJ         70.207      1.689     41.562      0.000
    POSSESSION        37.847      1.657     22.835      0.000

 Variances
    KINSHIPJ         152.757     39.527      3.865      0.000
    MUTUALISMJ       112.322     11.733      9.573      0.000
    EXCHANGEJ         76.626     15.840      4.838      0.000
    HAWKJ            138.167     49.652      2.783      0.005
    DOVEJ            211.113     34.004      6.209      0.000
    DIVISIONJ        127.690     21.764      5.867      0.000
    POSSESSION       239.714     22.651     10.583      0.000

Categorical Latent Variables

 Means
    C1#1               0.367      0.331      1.109      0.268
    C1#2              -0.355      0.483     -0.736      0.462
    C1#3              -0.946      0.384     -2.463      0.014


QUALITY OF NUMERICAL RESULTS

     Condition Number for the Information Matrix              0.682E-06
       (ratio of smallest to largest eigenvalue)


TECHNICAL 14 OUTPUT

     Random Starts Specifications for the k-1 Class Analysis Model
        Number of initial stage random starts                  20
        Number of final stage optimizations                     4

     Random Starts Specification for the k-1 Class Model for Generated Data
        Number of initial stage random starts                   0
        Number of final stage optimizations for the
           initial stage random starts                          0
     Random Starts Specification for the k Class Model for Generated Data
        Number of initial stage random starts                  40
        Number of final stage optimizations                     8
     Number of bootstrap draws requested                   Varies


     PARAMETRIC BOOTSTRAPPED LIKELIHOOD RATIO TEST FOR 3 (H0) VERSUS 4 CLASSES

          H0 Loglikelihood Value                       -39367.311
          2 Times the Loglikelihood Difference             99.075
          Difference in the Number of Parameters               36
          Approximate P-Value                              0.6667
          Successful Bootstrap Draws                            3


SAVEDATA INFORMATION


  Save file
    model_6_class_4.dat

  Order and format of variables

    KINSHIPJ       F10.3
    MUTUALIS       F10.3
    EXCHANGE       F10.3
    HAWKJ          F10.3
    DOVEJ          F10.3
    DIVISION       F10.3
    POSSESSI       F10.3
    CPROB1         F10.3
    CPROB2         F10.3
    CPROB3         F10.3
    CPROB4         F10.3
    C1             F10.3

  Save file format
    12F10.3

  Save file record length    10000


     Beginning Time:  12:12:35
        Ending Time:  12:12:49
       Elapsed Time:  00:00:14



MUTHEN & MUTHEN
3463 Stoner Ave.
Los Angeles, CA  90066

Tel: (310) 391-9971
Fax: (310) 391-8971
Web: www.StatModel.com
Support: Support@StatModel.com

Copyright (c) 1998-2018 Muthen & Muthen
