Mplus VERSION 8.2 (Mac)
MUTHEN & MUTHEN
08/26/2020  10:15 AM

INPUT INSTRUCTIONS

  TITLE:
  model 4 with 4 classes
  DATA:
  FILE = "data_624dd70f9f561f2c8c991d291c51b950.dat";

  VARIABLE:
  NAMES = KinshipJ MutualismJ ExchangeJ HawkJ DoveJ DivisionJ PossessionJ;
   MISSING=.;
   CLASSES = c1(4);

  ANALYSIS:
  TYPE = mixture;

  MODEL:
  %c1#1%
  KinshipJ (vKinshipJ1);
  MutualismJ (vMutualismJ1);
  ExchangeJ (vExchangeJ1);
  HawkJ (vHawkJ1);
  DoveJ (vDoveJ1);
  DivisionJ (vDivisionJ1);
  PossessionJ (vPossessionJ1);

  KinshipJ WITH MutualismJ (KinshipJWMutualismJ);
  KinshipJ WITH ExchangeJ (KinshipJWExchangeJ);
  KinshipJ WITH HawkJ (KinshipJWHawkJ);
  KinshipJ WITH DoveJ (KinshipJWDoveJ);
  KinshipJ WITH DivisionJ (KinshipJWDivisionJ);
  KinshipJ WITH PossessionJ (KinshipJWPossessionJ);
  MutualismJ WITH ExchangeJ (MutualismJWExchangeJ);
  MutualismJ WITH HawkJ (MutualismJWHawkJ);
  MutualismJ WITH DoveJ (MutualismJWDoveJ);
  MutualismJ WITH DivisionJ (MutualismJWDivisionJ);
  MutualismJ WITH PossessionJ (MutualismJWPossessionJ);
  ExchangeJ WITH HawkJ (ExchangeJWHawkJ);
  ExchangeJ WITH DoveJ (ExchangeJWDoveJ);
  ExchangeJ WITH DivisionJ (ExchangeJWDivisionJ);
  ExchangeJ WITH PossessionJ (ExchangeJWPossessionJ);
  HawkJ WITH DoveJ (HawkJWDoveJ);
  HawkJ WITH DivisionJ (HawkJWDivisionJ);
  HawkJ WITH PossessionJ (HawkJWPossessionJ);
  DoveJ WITH DivisionJ (DoveJWDivisionJ);
  DoveJ WITH PossessionJ (DoveJWPossessionJ);
  DivisionJ WITH PossessionJ (DivisionJWPossessionJ);

  %c1#2%
  KinshipJ (vKinshipJ2);
  MutualismJ (vMutualismJ2);
  ExchangeJ (vExchangeJ2);
  HawkJ (vHawkJ2);
  DoveJ (vDoveJ2);
  DivisionJ (vDivisionJ2);
  PossessionJ (vPossessionJ2);

  KinshipJ WITH MutualismJ (KinshipJWMutualismJ);
  KinshipJ WITH ExchangeJ (KinshipJWExchangeJ);
  KinshipJ WITH HawkJ (KinshipJWHawkJ);
  KinshipJ WITH DoveJ (KinshipJWDoveJ);
  KinshipJ WITH DivisionJ (KinshipJWDivisionJ);
  KinshipJ WITH PossessionJ (KinshipJWPossessionJ);
  MutualismJ WITH ExchangeJ (MutualismJWExchangeJ);
  MutualismJ WITH HawkJ (MutualismJWHawkJ);
  MutualismJ WITH DoveJ (MutualismJWDoveJ);
  MutualismJ WITH DivisionJ (MutualismJWDivisionJ);
  MutualismJ WITH PossessionJ (MutualismJWPossessionJ);
  ExchangeJ WITH HawkJ (ExchangeJWHawkJ);
  ExchangeJ WITH DoveJ (ExchangeJWDoveJ);
  ExchangeJ WITH DivisionJ (ExchangeJWDivisionJ);
  ExchangeJ WITH PossessionJ (ExchangeJWPossessionJ);
  HawkJ WITH DoveJ (HawkJWDoveJ);
  HawkJ WITH DivisionJ (HawkJWDivisionJ);
  HawkJ WITH PossessionJ (HawkJWPossessionJ);
  DoveJ WITH DivisionJ (DoveJWDivisionJ);
  DoveJ WITH PossessionJ (DoveJWPossessionJ);
  DivisionJ WITH PossessionJ (DivisionJWPossessionJ);

  %c1#3%
  KinshipJ (vKinshipJ3);
  MutualismJ (vMutualismJ3);
  ExchangeJ (vExchangeJ3);
  HawkJ (vHawkJ3);
  DoveJ (vDoveJ3);
  DivisionJ (vDivisionJ3);
  PossessionJ (vPossessionJ3);

  KinshipJ WITH MutualismJ (KinshipJWMutualismJ);
  KinshipJ WITH ExchangeJ (KinshipJWExchangeJ);
  KinshipJ WITH HawkJ (KinshipJWHawkJ);
  KinshipJ WITH DoveJ (KinshipJWDoveJ);
  KinshipJ WITH DivisionJ (KinshipJWDivisionJ);
  KinshipJ WITH PossessionJ (KinshipJWPossessionJ);
  MutualismJ WITH ExchangeJ (MutualismJWExchangeJ);
  MutualismJ WITH HawkJ (MutualismJWHawkJ);
  MutualismJ WITH DoveJ (MutualismJWDoveJ);
  MutualismJ WITH DivisionJ (MutualismJWDivisionJ);
  MutualismJ WITH PossessionJ (MutualismJWPossessionJ);
  ExchangeJ WITH HawkJ (ExchangeJWHawkJ);
  ExchangeJ WITH DoveJ (ExchangeJWDoveJ);
  ExchangeJ WITH DivisionJ (ExchangeJWDivisionJ);
  ExchangeJ WITH PossessionJ (ExchangeJWPossessionJ);
  HawkJ WITH DoveJ (HawkJWDoveJ);
  HawkJ WITH DivisionJ (HawkJWDivisionJ);
  HawkJ WITH PossessionJ (HawkJWPossessionJ);
  DoveJ WITH DivisionJ (DoveJWDivisionJ);
  DoveJ WITH PossessionJ (DoveJWPossessionJ);
  DivisionJ WITH PossessionJ (DivisionJWPossessionJ);

  %c1#4%
  KinshipJ (vKinshipJ4);
  MutualismJ (vMutualismJ4);
  ExchangeJ (vExchangeJ4);
  HawkJ (vHawkJ4);
  DoveJ (vDoveJ4);
  DivisionJ (vDivisionJ4);
  PossessionJ (vPossessionJ4);

  KinshipJ WITH MutualismJ (KinshipJWMutualismJ);
  KinshipJ WITH ExchangeJ (KinshipJWExchangeJ);
  KinshipJ WITH HawkJ (KinshipJWHawkJ);
  KinshipJ WITH DoveJ (KinshipJWDoveJ);
  KinshipJ WITH DivisionJ (KinshipJWDivisionJ);
  KinshipJ WITH PossessionJ (KinshipJWPossessionJ);
  MutualismJ WITH ExchangeJ (MutualismJWExchangeJ);
  MutualismJ WITH HawkJ (MutualismJWHawkJ);
  MutualismJ WITH DoveJ (MutualismJWDoveJ);
  MutualismJ WITH DivisionJ (MutualismJWDivisionJ);
  MutualismJ WITH PossessionJ (MutualismJWPossessionJ);
  ExchangeJ WITH HawkJ (ExchangeJWHawkJ);
  ExchangeJ WITH DoveJ (ExchangeJWDoveJ);
  ExchangeJ WITH DivisionJ (ExchangeJWDivisionJ);
  ExchangeJ WITH PossessionJ (ExchangeJWPossessionJ);
  HawkJ WITH DoveJ (HawkJWDoveJ);
  HawkJ WITH DivisionJ (HawkJWDivisionJ);
  HawkJ WITH PossessionJ (HawkJWPossessionJ);
  DoveJ WITH DivisionJ (DoveJWDivisionJ);
  DoveJ WITH PossessionJ (DoveJWPossessionJ);
  DivisionJ WITH PossessionJ (DivisionJWPossessionJ);


  OUTPUT:
  TECH14;

  SAVEDATA:
  FILE IS model_4_class_4.dat;
  SAVE = cprobabilities;



*** WARNING in VARIABLE command
  Note that only the first 8 characters of variable names are used in the output.
  Shorten variable names to avoid any confusion.
*** WARNING in MODEL command
  All variables are uncorrelated with all other variables within class.
  Check that this is what is intended.
   2 WARNING(S) FOUND IN THE INPUT INSTRUCTIONS




model 4 with 4 classes

SUMMARY OF ANALYSIS

Number of groups                                                 1
Number of observations                                        1392

Number of dependent variables                                    7
Number of independent variables                                  0
Number of continuous latent variables                            0
Number of categorical latent variables                           1

Observed dependent variables

  Continuous
   KINSHIPJ    MUTUALISMJ  EXCHANGEJ   HAWKJ       DOVEJ       DIVISIONJ
   POSSESSION

Categorical latent variables
   C1


Estimator                                                      MLR
Information matrix                                        OBSERVED
Optimization Specifications for the Quasi-Newton Algorithm for
Continuous Outcomes
  Maximum number of iterations                                 100
  Convergence criterion                                  0.100D-05
Optimization Specifications for the EM Algorithm
  Maximum number of iterations                                 500
  Convergence criteria
    Loglikelihood change                                 0.100D-06
    Relative loglikelihood change                        0.100D-06
    Derivative                                           0.100D-05
Optimization Specifications for the M step of the EM Algorithm for
Categorical Latent variables
  Number of M step iterations                                    1
  M step convergence criterion                           0.100D-05
  Basis for M step termination                           ITERATION
Optimization Specifications for the M step of the EM Algorithm for
Censored, Binary or Ordered Categorical (Ordinal), Unordered
Categorical (Nominal) and Count Outcomes
  Number of M step iterations                                    1
  M step convergence criterion                           0.100D-05
  Basis for M step termination                           ITERATION
  Maximum value for logit thresholds                            15
  Minimum value for logit thresholds                           -15
  Minimum expected cell size for chi-square              0.100D-01
Maximum number of iterations for H1                           2000
Convergence criterion for H1                             0.100D-03
Optimization algorithm                                         EMA
Random Starts Specifications
  Number of initial stage random starts                         20
  Number of final stage optimizations                            4
  Number of initial stage iterations                            10
  Initial stage convergence criterion                    0.100D+01
  Random starts scale                                    0.500D+01
  Random seed for generating random starts                       0

Input data file(s)
  data_624dd70f9f561f2c8c991d291c51b950.dat
Input data format  FREE


SUMMARY OF DATA

     Number of missing data patterns             1
     Number of y missing data patterns           1
     Number of u missing data patterns           0


COVARIANCE COVERAGE OF DATA

Minimum covariance coverage value   0.100


     PROPORTION OF DATA PRESENT FOR Y


           Covariance Coverage
              KINSHIPJ      MUTUALIS      EXCHANGE      HAWKJ         DOVEJ
              ________      ________      ________      ________      ________
 KINSHIPJ       1.000
 MUTUALIS       1.000         1.000
 EXCHANGE       1.000         1.000         1.000
 HAWKJ          1.000         1.000         1.000         1.000
 DOVEJ          1.000         1.000         1.000         1.000         1.000
 DIVISION       1.000         1.000         1.000         1.000         1.000
 POSSESSI       1.000         1.000         1.000         1.000         1.000


           Covariance Coverage
              DIVISION      POSSESSI
              ________      ________
 DIVISION       1.000
 POSSESSI       1.000         1.000



UNIVARIATE SAMPLE STATISTICS


     UNIVARIATE HIGHER-ORDER MOMENT DESCRIPTIVE STATISTICS

         Variable/         Mean/     Skewness/   Minimum/ % with                Percentiles
        Sample Size      Variance    Kurtosis    Maximum  Min/Max      20%/60%    40%/80%    Median

     KINSHIPJ             68.142      -0.400      12.667    0.07%      55.333     64.667     69.000
            1392.000     243.252      -0.028      99.333    0.07%      73.000     82.000
     MUTUALISMJ           64.403      -0.398      11.000    0.07%      53.000     61.667     65.000
            1392.000     184.479       0.162      96.000    0.07%      68.333     76.333
     EXCHANGEJ            71.836      -0.357      32.667    0.07%      62.667     69.667     72.667
            1392.000     127.269       0.056      98.000    0.14%      75.333     81.333
     HAWKJ                65.577      -0.286      11.000    0.07%      52.333     61.667     66.000
            1392.000     250.911      -0.258      99.667    0.14%      70.333     80.000
     DOVEJ                54.086      -0.377       2.000    0.07%      41.000     51.333     55.167
            1392.000     244.615      -0.092      92.333    0.07%      59.000     68.000
     DIVISIONJ            69.860      -0.574       6.333    0.07%      57.333     67.000     71.333
            1392.000     243.008       0.243     100.000    0.29%      75.333     83.000
     POSSESSIONJ          39.164       0.105       1.667    0.07%      26.000     35.000     39.333
            1392.000     234.437      -0.117      95.333    0.07%      43.000     52.000

RANDOM STARTS RESULTS RANKED FROM THE BEST TO THE WORST LOGLIKELIHOOD VALUES

1 perturbed starting value run(s) did not converge in the initial stage
optimizations.

Final stage loglikelihood values at local maxima, seeds, and initial stage start numbers:

          -39378.111  637345           19
          -39380.024  127215           9
          -39382.544  27071            15
          -39382.747  68985            17



     WARNING:  THE BEST LOGLIKELIHOOD VALUE WAS NOT REPLICATED.  THE
     SOLUTION MAY NOT BE TRUSTWORTHY DUE TO LOCAL MAXIMA.  INCREASE THE
     NUMBER OF RANDOM STARTS.


THE MODEL ESTIMATION TERMINATED NORMALLY



MODEL FIT INFORMATION

Number of Free Parameters                       80

Loglikelihood

          H0 Value                      -39378.111
          H0 Scaling Correction Factor      1.1062
            for MLR

Information Criteria

          Akaike (AIC)                   78916.222
          Bayesian (BIC)                 79335.301
          Sample-Size Adjusted BIC       79081.172
            (n* = (n + 2) / 24)



FINAL CLASS COUNTS AND PROPORTIONS FOR THE LATENT CLASSES
BASED ON THE ESTIMATED MODEL

    Latent
   Classes

       1        574.27958          0.41256
       2        184.71843          0.13270
       3        436.61169          0.31366
       4        196.39030          0.14108


FINAL CLASS COUNTS AND PROPORTIONS FOR THE LATENT CLASSES
BASED ON ESTIMATED POSTERIOR PROBABILITIES

    Latent
   Classes

       1        574.27958          0.41256
       2        184.71843          0.13270
       3        436.61169          0.31366
       4        196.39030          0.14108


FINAL CLASS COUNTS AND PROPORTIONS FOR THE LATENT CLASSES
BASED ON THEIR MOST LIKELY LATENT CLASS MEMBERSHIP

Class Counts and Proportions

    Latent
   Classes

       1              567          0.40733
       2              147          0.10560
       3              489          0.35129
       4              189          0.13578


CLASSIFICATION QUALITY

     Entropy                         0.507


Average Latent Class Probabilities for Most Likely Latent Class Membership (Row)
by Latent Class (Column)

           1        2        3        4

    1   0.785    0.052    0.125    0.037
    2   0.159    0.709    0.085    0.047
    3   0.171    0.076    0.670    0.083
    4   0.116    0.074    0.134    0.677


Classification Probabilities for the Most Likely Latent Class Membership (Column)
by Latent Class (Row)

           1        2        3        4

    1   0.776    0.041    0.146    0.038
    2   0.159    0.564    0.201    0.076
    3   0.163    0.029    0.751    0.058
    4   0.107    0.035    0.207    0.651


Logits for the Classification Probabilities for the Most Likely Latent Class Membership (Column)
by Latent Class (Row)

              1        2        3        4

    1      3.015    0.070    1.342    0.000
    2      0.742    2.006    0.973    0.000
    3      1.036   -0.702    2.564    0.000
    4     -1.805   -2.923   -1.148    0.000


MODEL RESULTS

                                                    Two-Tailed
                    Estimate       S.E.  Est./S.E.    P-Value

Latent Class 1

 KINSHIPJ WITH
    MUTUALISMJ        17.109     16.145      1.060      0.289
    EXCHANGEJ         25.843      7.633      3.386      0.001
    HAWKJ             48.184     11.113      4.336      0.000
    DOVEJ             38.373     14.927      2.571      0.010
    DIVISIONJ         13.989     10.154      1.378      0.168
    POSSESSION        15.818      8.923      1.773      0.076

 MUTUALIS WITH
    EXCHANGEJ         27.457     13.563      2.024      0.043
    HAWKJ             18.943     10.785      1.756      0.079
    DOVEJ             24.654      7.573      3.255      0.001
    DIVISIONJ         25.085      8.426      2.977      0.003
    POSSESSION         3.993      8.133      0.491      0.623

 EXCHANGE WITH
    HAWKJ             30.306      8.441      3.590      0.000
    DOVEJ             14.802      6.746      2.194      0.028
    DIVISIONJ         21.653      6.837      3.167      0.002
    POSSESSION        16.066      6.735      2.385      0.017

 HAWKJ    WITH
    DOVEJ             36.310     10.970      3.310      0.001
    DIVISIONJ         11.560     10.430      1.108      0.268
    POSSESSION         4.470      6.953      0.643      0.520

 DOVEJ    WITH
    DIVISIONJ          2.922      7.623      0.383      0.701
    POSSESSION         3.007      8.540      0.352      0.725

 DIVISION WITH
    POSSESSION        21.299      9.418      2.261      0.024

 Means
    KINSHIPJ          60.537      1.102     54.939      0.000
    MUTUALISMJ        59.066      2.232     26.464      0.000
    EXCHANGEJ         67.026      1.133     59.170      0.000
    HAWKJ             60.936      1.704     35.771      0.000
    DOVEJ             46.239      1.675     27.607      0.000
    DIVISIONJ         66.826      1.451     46.068      0.000
    POSSESSION        41.846      1.114     37.552      0.000

 Variances
    KINSHIPJ         256.435     23.495     10.914      0.000
    MUTUALISMJ       193.365     19.125     10.111      0.000
    EXCHANGEJ        144.649     11.943     12.112      0.000
    HAWKJ            259.401     21.390     12.127      0.000
    DOVEJ            258.404     27.163      9.513      0.000
    DIVISIONJ        250.178     21.085     11.865      0.000
    POSSESSION       177.643     16.820     10.561      0.000

Latent Class 2

 KINSHIPJ WITH
    MUTUALISMJ        17.109     16.145      1.060      0.289
    EXCHANGEJ         25.843      7.633      3.386      0.001
    HAWKJ             48.184     11.113      4.336      0.000
    DOVEJ             38.373     14.927      2.571      0.010
    DIVISIONJ         13.989     10.154      1.378      0.168
    POSSESSION        15.818      8.923      1.773      0.076

 MUTUALIS WITH
    EXCHANGEJ         27.457     13.563      2.024      0.043
    HAWKJ             18.943     10.785      1.756      0.079
    DOVEJ             24.654      7.573      3.255      0.001
    DIVISIONJ         25.085      8.426      2.977      0.003
    POSSESSION         3.993      8.133      0.491      0.623

 EXCHANGE WITH
    HAWKJ             30.306      8.441      3.590      0.000
    DOVEJ             14.802      6.746      2.194      0.028
    DIVISIONJ         21.653      6.837      3.167      0.002
    POSSESSION        16.066      6.735      2.385      0.017

 HAWKJ    WITH
    DOVEJ             36.310     10.970      3.310      0.001
    DIVISIONJ         11.560     10.430      1.108      0.268
    POSSESSION         4.470      6.953      0.643      0.520

 DOVEJ    WITH
    DIVISIONJ          2.922      7.623      0.383      0.701
    POSSESSION         3.007      8.540      0.352      0.725

 DIVISION WITH
    POSSESSION        21.299      9.418      2.261      0.024

 Means
    KINSHIPJ          77.677      3.648     21.296      0.000
    MUTUALISMJ        63.605      2.235     28.456      0.000
    EXCHANGEJ         78.439      1.437     54.603      0.000
    HAWKJ             63.967      2.404     26.611      0.000
    DOVEJ             63.410      1.970     32.189      0.000
    DIVISIONJ         59.160      3.921     15.087      0.000
    POSSESSION        31.881      2.685     11.875      0.000

 Variances
    KINSHIPJ         139.432     40.874      3.411      0.001
    MUTUALISMJ       225.643     31.700      7.118      0.000
    EXCHANGEJ         77.539     14.121      5.491      0.000
    HAWKJ            319.310     49.338      6.472      0.000
    DOVEJ            139.867     24.769      5.647      0.000
    DIVISIONJ        374.811     45.613      8.217      0.000
    POSSESSION       246.898     43.371      5.693      0.000

Latent Class 3

 KINSHIPJ WITH
    MUTUALISMJ        17.109     16.145      1.060      0.289
    EXCHANGEJ         25.843      7.633      3.386      0.001
    HAWKJ             48.184     11.113      4.336      0.000
    DOVEJ             38.373     14.927      2.571      0.010
    DIVISIONJ         13.989     10.154      1.378      0.168
    POSSESSION        15.818      8.923      1.773      0.076

 MUTUALIS WITH
    EXCHANGEJ         27.457     13.563      2.024      0.043
    HAWKJ             18.943     10.785      1.756      0.079
    DOVEJ             24.654      7.573      3.255      0.001
    DIVISIONJ         25.085      8.426      2.977      0.003
    POSSESSION         3.993      8.133      0.491      0.623

 EXCHANGE WITH
    HAWKJ             30.306      8.441      3.590      0.000
    DOVEJ             14.802      6.746      2.194      0.028
    DIVISIONJ         21.653      6.837      3.167      0.002
    POSSESSION        16.066      6.735      2.385      0.017

 HAWKJ    WITH
    DOVEJ             36.310     10.970      3.310      0.001
    DIVISIONJ         11.560     10.430      1.108      0.268
    POSSESSION         4.470      6.953      0.643      0.520

 DOVEJ    WITH
    DIVISIONJ          2.922      7.623      0.383      0.701
    POSSESSION         3.007      8.540      0.352      0.725

 DIVISION WITH
    POSSESSION        21.299      9.418      2.261      0.024

 Means
    KINSHIPJ          70.093      3.348     20.934      0.000
    MUTUALISMJ        66.320      2.121     31.270      0.000
    EXCHANGEJ         71.739      1.793     40.013      0.000
    HAWKJ             70.944      2.709     26.191      0.000
    DOVEJ             61.998      3.434     18.054      0.000
    DIVISIONJ         74.892      2.048     36.572      0.000
    POSSESSION        40.450      1.593     25.395      0.000

 Variances
    KINSHIPJ         173.354     27.532      6.296      0.000
    MUTUALISMJ        99.913     21.934      4.555      0.000
    EXCHANGEJ         78.319     11.098      7.057      0.000
    HAWKJ            155.968     22.442      6.950      0.000
    DOVEJ            108.884     31.548      3.451      0.001
    DIVISIONJ        120.432     23.444      5.137      0.000
    POSSESSION       297.532     32.173      9.248      0.000

Latent Class 4

 KINSHIPJ WITH
    MUTUALISMJ        17.109     16.145      1.060      0.289
    EXCHANGEJ         25.843      7.633      3.386      0.001
    HAWKJ             48.184     11.113      4.336      0.000
    DOVEJ             38.373     14.927      2.571      0.010
    DIVISIONJ         13.989     10.154      1.378      0.168
    POSSESSION        15.818      8.923      1.773      0.076

 MUTUALIS WITH
    EXCHANGEJ         27.457     13.563      2.024      0.043
    HAWKJ             18.943     10.785      1.756      0.079
    DOVEJ             24.654      7.573      3.255      0.001
    DIVISIONJ         25.085      8.426      2.977      0.003
    POSSESSION         3.993      8.133      0.491      0.623

 EXCHANGE WITH
    HAWKJ             30.306      8.441      3.590      0.000
    DOVEJ             14.802      6.746      2.194      0.028
    DIVISIONJ         21.653      6.837      3.167      0.002
    POSSESSION        16.066      6.735      2.385      0.017

 HAWKJ    WITH
    DOVEJ             36.310     10.970      3.310      0.001
    DIVISIONJ         11.560     10.430      1.108      0.268
    POSSESSION         4.470      6.953      0.643      0.520

 DOVEJ    WITH
    DIVISIONJ          2.922      7.623      0.383      0.701
    POSSESSION         3.007      8.540      0.352      0.725

 DIVISION WITH
    POSSESSION        21.299      9.418      2.261      0.024

 Means
    KINSHIPJ          77.078      3.620     21.291      0.000
    MUTUALISMJ        76.497      2.527     30.269      0.000
    EXCHANGEJ         79.905      1.923     41.558      0.000
    HAWKJ             68.731      3.324     20.675      0.000
    DOVEJ             50.670      5.031     10.071      0.000
    DIVISIONJ         77.607      2.678     28.978      0.000
    POSSESSION        35.312      3.262     10.824      0.000

 Variances
    KINSHIPJ         116.569     29.269      3.983      0.000
    MUTUALISMJ        63.580     16.923      3.757      0.000
    EXCHANGEJ         63.168     10.838      5.828      0.000
    HAWKJ            239.811     40.249      5.958      0.000
    DOVEJ            199.009     70.908      2.807      0.005
    DIVISIONJ        123.754     44.817      2.761      0.006
    POSSESSION       162.041     65.501      2.474      0.013

Categorical Latent Variables

 Means
    C1#1               1.073      0.589      1.823      0.068
    C1#2              -0.061      0.525     -0.117      0.907
    C1#3               0.799      0.456      1.751      0.080


QUALITY OF NUMERICAL RESULTS

     Condition Number for the Information Matrix              0.496E-05
       (ratio of smallest to largest eigenvalue)


TECHNICAL 14 OUTPUT

     Random Starts Specifications for the k-1 Class Analysis Model
        Number of initial stage random starts                  20
        Number of final stage optimizations                     4

     Random Starts Specification for the k-1 Class Model for Generated Data
        Number of initial stage random starts                   0
        Number of final stage optimizations for the
           initial stage random starts                          0
     Random Starts Specification for the k Class Model for Generated Data
        Number of initial stage random starts                  40
        Number of final stage optimizations                     8
     Number of bootstrap draws requested                   Varies


     PARAMETRIC BOOTSTRAPPED LIKELIHOOD RATIO TEST FOR 3 (H0) VERSUS 4 CLASSES

          H0 Loglikelihood Value                       -39406.087
          2 Times the Loglikelihood Difference             55.952
          Difference in the Number of Parameters               15
          Approximate P-Value                              0.2857
          Successful Bootstrap Draws                           14


SAVEDATA INFORMATION


  Save file
    model_4_class_4.dat

  Order and format of variables

    KINSHIPJ       F10.3
    MUTUALIS       F10.3
    EXCHANGE       F10.3
    HAWKJ          F10.3
    DOVEJ          F10.3
    DIVISION       F10.3
    POSSESSI       F10.3
    CPROB1         F10.3
    CPROB2         F10.3
    CPROB3         F10.3
    CPROB4         F10.3
    C1             F10.3

  Save file format
    12F10.3

  Save file record length    10000


     Beginning Time:  10:15:39
        Ending Time:  10:16:08
       Elapsed Time:  00:00:29



MUTHEN & MUTHEN
3463 Stoner Ave.
Los Angeles, CA  90066

Tel: (310) 391-9971
Fax: (310) 391-8971
Web: www.StatModel.com
Support: Support@StatModel.com

Copyright (c) 1998-2018 Muthen & Muthen
