Mplus VERSION 8.2 (Mac)
MUTHEN & MUTHEN
08/26/2020  10:16 AM

INPUT INSTRUCTIONS

  TITLE:
  model 4 with 5 classes
  DATA:
  FILE = "data_624dd70f9f561f2c8c991d291c51b950.dat";

  VARIABLE:
  NAMES = KinshipJ MutualismJ ExchangeJ HawkJ DoveJ DivisionJ PossessionJ;
   MISSING=.;
   CLASSES = c1(5);

  ANALYSIS:
  TYPE = mixture;

  MODEL:
  %c1#1%
  KinshipJ (vKinshipJ1);
  MutualismJ (vMutualismJ1);
  ExchangeJ (vExchangeJ1);
  HawkJ (vHawkJ1);
  DoveJ (vDoveJ1);
  DivisionJ (vDivisionJ1);
  PossessionJ (vPossessionJ1);

  KinshipJ WITH MutualismJ (KinshipJWMutualismJ);
  KinshipJ WITH ExchangeJ (KinshipJWExchangeJ);
  KinshipJ WITH HawkJ (KinshipJWHawkJ);
  KinshipJ WITH DoveJ (KinshipJWDoveJ);
  KinshipJ WITH DivisionJ (KinshipJWDivisionJ);
  KinshipJ WITH PossessionJ (KinshipJWPossessionJ);
  MutualismJ WITH ExchangeJ (MutualismJWExchangeJ);
  MutualismJ WITH HawkJ (MutualismJWHawkJ);
  MutualismJ WITH DoveJ (MutualismJWDoveJ);
  MutualismJ WITH DivisionJ (MutualismJWDivisionJ);
  MutualismJ WITH PossessionJ (MutualismJWPossessionJ);
  ExchangeJ WITH HawkJ (ExchangeJWHawkJ);
  ExchangeJ WITH DoveJ (ExchangeJWDoveJ);
  ExchangeJ WITH DivisionJ (ExchangeJWDivisionJ);
  ExchangeJ WITH PossessionJ (ExchangeJWPossessionJ);
  HawkJ WITH DoveJ (HawkJWDoveJ);
  HawkJ WITH DivisionJ (HawkJWDivisionJ);
  HawkJ WITH PossessionJ (HawkJWPossessionJ);
  DoveJ WITH DivisionJ (DoveJWDivisionJ);
  DoveJ WITH PossessionJ (DoveJWPossessionJ);
  DivisionJ WITH PossessionJ (DivisionJWPossessionJ);

  %c1#2%
  KinshipJ (vKinshipJ2);
  MutualismJ (vMutualismJ2);
  ExchangeJ (vExchangeJ2);
  HawkJ (vHawkJ2);
  DoveJ (vDoveJ2);
  DivisionJ (vDivisionJ2);
  PossessionJ (vPossessionJ2);

  KinshipJ WITH MutualismJ (KinshipJWMutualismJ);
  KinshipJ WITH ExchangeJ (KinshipJWExchangeJ);
  KinshipJ WITH HawkJ (KinshipJWHawkJ);
  KinshipJ WITH DoveJ (KinshipJWDoveJ);
  KinshipJ WITH DivisionJ (KinshipJWDivisionJ);
  KinshipJ WITH PossessionJ (KinshipJWPossessionJ);
  MutualismJ WITH ExchangeJ (MutualismJWExchangeJ);
  MutualismJ WITH HawkJ (MutualismJWHawkJ);
  MutualismJ WITH DoveJ (MutualismJWDoveJ);
  MutualismJ WITH DivisionJ (MutualismJWDivisionJ);
  MutualismJ WITH PossessionJ (MutualismJWPossessionJ);
  ExchangeJ WITH HawkJ (ExchangeJWHawkJ);
  ExchangeJ WITH DoveJ (ExchangeJWDoveJ);
  ExchangeJ WITH DivisionJ (ExchangeJWDivisionJ);
  ExchangeJ WITH PossessionJ (ExchangeJWPossessionJ);
  HawkJ WITH DoveJ (HawkJWDoveJ);
  HawkJ WITH DivisionJ (HawkJWDivisionJ);
  HawkJ WITH PossessionJ (HawkJWPossessionJ);
  DoveJ WITH DivisionJ (DoveJWDivisionJ);
  DoveJ WITH PossessionJ (DoveJWPossessionJ);
  DivisionJ WITH PossessionJ (DivisionJWPossessionJ);

  %c1#3%
  KinshipJ (vKinshipJ3);
  MutualismJ (vMutualismJ3);
  ExchangeJ (vExchangeJ3);
  HawkJ (vHawkJ3);
  DoveJ (vDoveJ3);
  DivisionJ (vDivisionJ3);
  PossessionJ (vPossessionJ3);

  KinshipJ WITH MutualismJ (KinshipJWMutualismJ);
  KinshipJ WITH ExchangeJ (KinshipJWExchangeJ);
  KinshipJ WITH HawkJ (KinshipJWHawkJ);
  KinshipJ WITH DoveJ (KinshipJWDoveJ);
  KinshipJ WITH DivisionJ (KinshipJWDivisionJ);
  KinshipJ WITH PossessionJ (KinshipJWPossessionJ);
  MutualismJ WITH ExchangeJ (MutualismJWExchangeJ);
  MutualismJ WITH HawkJ (MutualismJWHawkJ);
  MutualismJ WITH DoveJ (MutualismJWDoveJ);
  MutualismJ WITH DivisionJ (MutualismJWDivisionJ);
  MutualismJ WITH PossessionJ (MutualismJWPossessionJ);
  ExchangeJ WITH HawkJ (ExchangeJWHawkJ);
  ExchangeJ WITH DoveJ (ExchangeJWDoveJ);
  ExchangeJ WITH DivisionJ (ExchangeJWDivisionJ);
  ExchangeJ WITH PossessionJ (ExchangeJWPossessionJ);
  HawkJ WITH DoveJ (HawkJWDoveJ);
  HawkJ WITH DivisionJ (HawkJWDivisionJ);
  HawkJ WITH PossessionJ (HawkJWPossessionJ);
  DoveJ WITH DivisionJ (DoveJWDivisionJ);
  DoveJ WITH PossessionJ (DoveJWPossessionJ);
  DivisionJ WITH PossessionJ (DivisionJWPossessionJ);

  %c1#4%
  KinshipJ (vKinshipJ4);
  MutualismJ (vMutualismJ4);
  ExchangeJ (vExchangeJ4);
  HawkJ (vHawkJ4);
  DoveJ (vDoveJ4);
  DivisionJ (vDivisionJ4);
  PossessionJ (vPossessionJ4);

  KinshipJ WITH MutualismJ (KinshipJWMutualismJ);
  KinshipJ WITH ExchangeJ (KinshipJWExchangeJ);
  KinshipJ WITH HawkJ (KinshipJWHawkJ);
  KinshipJ WITH DoveJ (KinshipJWDoveJ);
  KinshipJ WITH DivisionJ (KinshipJWDivisionJ);
  KinshipJ WITH PossessionJ (KinshipJWPossessionJ);
  MutualismJ WITH ExchangeJ (MutualismJWExchangeJ);
  MutualismJ WITH HawkJ (MutualismJWHawkJ);
  MutualismJ WITH DoveJ (MutualismJWDoveJ);
  MutualismJ WITH DivisionJ (MutualismJWDivisionJ);
  MutualismJ WITH PossessionJ (MutualismJWPossessionJ);
  ExchangeJ WITH HawkJ (ExchangeJWHawkJ);
  ExchangeJ WITH DoveJ (ExchangeJWDoveJ);
  ExchangeJ WITH DivisionJ (ExchangeJWDivisionJ);
  ExchangeJ WITH PossessionJ (ExchangeJWPossessionJ);
  HawkJ WITH DoveJ (HawkJWDoveJ);
  HawkJ WITH DivisionJ (HawkJWDivisionJ);
  HawkJ WITH PossessionJ (HawkJWPossessionJ);
  DoveJ WITH DivisionJ (DoveJWDivisionJ);
  DoveJ WITH PossessionJ (DoveJWPossessionJ);
  DivisionJ WITH PossessionJ (DivisionJWPossessionJ);

  %c1#5%
  KinshipJ (vKinshipJ5);
  MutualismJ (vMutualismJ5);
  ExchangeJ (vExchangeJ5);
  HawkJ (vHawkJ5);
  DoveJ (vDoveJ5);
  DivisionJ (vDivisionJ5);
  PossessionJ (vPossessionJ5);

  KinshipJ WITH MutualismJ (KinshipJWMutualismJ);
  KinshipJ WITH ExchangeJ (KinshipJWExchangeJ);
  KinshipJ WITH HawkJ (KinshipJWHawkJ);
  KinshipJ WITH DoveJ (KinshipJWDoveJ);
  KinshipJ WITH DivisionJ (KinshipJWDivisionJ);
  KinshipJ WITH PossessionJ (KinshipJWPossessionJ);
  MutualismJ WITH ExchangeJ (MutualismJWExchangeJ);
  MutualismJ WITH HawkJ (MutualismJWHawkJ);
  MutualismJ WITH DoveJ (MutualismJWDoveJ);
  MutualismJ WITH DivisionJ (MutualismJWDivisionJ);
  MutualismJ WITH PossessionJ (MutualismJWPossessionJ);
  ExchangeJ WITH HawkJ (ExchangeJWHawkJ);
  ExchangeJ WITH DoveJ (ExchangeJWDoveJ);
  ExchangeJ WITH DivisionJ (ExchangeJWDivisionJ);
  ExchangeJ WITH PossessionJ (ExchangeJWPossessionJ);
  HawkJ WITH DoveJ (HawkJWDoveJ);
  HawkJ WITH DivisionJ (HawkJWDivisionJ);
  HawkJ WITH PossessionJ (HawkJWPossessionJ);
  DoveJ WITH DivisionJ (DoveJWDivisionJ);
  DoveJ WITH PossessionJ (DoveJWPossessionJ);
  DivisionJ WITH PossessionJ (DivisionJWPossessionJ);


  OUTPUT:
  TECH14;

  SAVEDATA:
  FILE IS model_4_class_5.dat;
  SAVE = cprobabilities;



*** WARNING in VARIABLE command
  Note that only the first 8 characters of variable names are used in the output.
  Shorten variable names to avoid any confusion.
*** WARNING in MODEL command
  All variables are uncorrelated with all other variables within class.
  Check that this is what is intended.
   2 WARNING(S) FOUND IN THE INPUT INSTRUCTIONS




model 4 with 5 classes

SUMMARY OF ANALYSIS

Number of groups                                                 1
Number of observations                                        1392

Number of dependent variables                                    7
Number of independent variables                                  0
Number of continuous latent variables                            0
Number of categorical latent variables                           1

Observed dependent variables

  Continuous
   KINSHIPJ    MUTUALISMJ  EXCHANGEJ   HAWKJ       DOVEJ       DIVISIONJ
   POSSESSION

Categorical latent variables
   C1


Estimator                                                      MLR
Information matrix                                        OBSERVED
Optimization Specifications for the Quasi-Newton Algorithm for
Continuous Outcomes
  Maximum number of iterations                                 100
  Convergence criterion                                  0.100D-05
Optimization Specifications for the EM Algorithm
  Maximum number of iterations                                 500
  Convergence criteria
    Loglikelihood change                                 0.100D-06
    Relative loglikelihood change                        0.100D-06
    Derivative                                           0.100D-05
Optimization Specifications for the M step of the EM Algorithm for
Categorical Latent variables
  Number of M step iterations                                    1
  M step convergence criterion                           0.100D-05
  Basis for M step termination                           ITERATION
Optimization Specifications for the M step of the EM Algorithm for
Censored, Binary or Ordered Categorical (Ordinal), Unordered
Categorical (Nominal) and Count Outcomes
  Number of M step iterations                                    1
  M step convergence criterion                           0.100D-05
  Basis for M step termination                           ITERATION
  Maximum value for logit thresholds                            15
  Minimum value for logit thresholds                           -15
  Minimum expected cell size for chi-square              0.100D-01
Maximum number of iterations for H1                           2000
Convergence criterion for H1                             0.100D-03
Optimization algorithm                                         EMA
Random Starts Specifications
  Number of initial stage random starts                         20
  Number of final stage optimizations                            4
  Number of initial stage iterations                            10
  Initial stage convergence criterion                    0.100D+01
  Random starts scale                                    0.500D+01
  Random seed for generating random starts                       0

Input data file(s)
  data_624dd70f9f561f2c8c991d291c51b950.dat
Input data format  FREE


SUMMARY OF DATA

     Number of missing data patterns             1
     Number of y missing data patterns           1
     Number of u missing data patterns           0


COVARIANCE COVERAGE OF DATA

Minimum covariance coverage value   0.100


     PROPORTION OF DATA PRESENT FOR Y


           Covariance Coverage
              KINSHIPJ      MUTUALIS      EXCHANGE      HAWKJ         DOVEJ
              ________      ________      ________      ________      ________
 KINSHIPJ       1.000
 MUTUALIS       1.000         1.000
 EXCHANGE       1.000         1.000         1.000
 HAWKJ          1.000         1.000         1.000         1.000
 DOVEJ          1.000         1.000         1.000         1.000         1.000
 DIVISION       1.000         1.000         1.000         1.000         1.000
 POSSESSI       1.000         1.000         1.000         1.000         1.000


           Covariance Coverage
              DIVISION      POSSESSI
              ________      ________
 DIVISION       1.000
 POSSESSI       1.000         1.000



UNIVARIATE SAMPLE STATISTICS


     UNIVARIATE HIGHER-ORDER MOMENT DESCRIPTIVE STATISTICS

         Variable/         Mean/     Skewness/   Minimum/ % with                Percentiles
        Sample Size      Variance    Kurtosis    Maximum  Min/Max      20%/60%    40%/80%    Median

     KINSHIPJ             68.142      -0.400      12.667    0.07%      55.333     64.667     69.000
            1392.000     243.252      -0.028      99.333    0.07%      73.000     82.000
     MUTUALISMJ           64.403      -0.398      11.000    0.07%      53.000     61.667     65.000
            1392.000     184.479       0.162      96.000    0.07%      68.333     76.333
     EXCHANGEJ            71.836      -0.357      32.667    0.07%      62.667     69.667     72.667
            1392.000     127.269       0.056      98.000    0.14%      75.333     81.333
     HAWKJ                65.577      -0.286      11.000    0.07%      52.333     61.667     66.000
            1392.000     250.911      -0.258      99.667    0.14%      70.333     80.000
     DOVEJ                54.086      -0.377       2.000    0.07%      41.000     51.333     55.167
            1392.000     244.615      -0.092      92.333    0.07%      59.000     68.000
     DIVISIONJ            69.860      -0.574       6.333    0.07%      57.333     67.000     71.333
            1392.000     243.008       0.243     100.000    0.29%      75.333     83.000
     POSSESSIONJ          39.164       0.105       1.667    0.07%      26.000     35.000     39.333
            1392.000     234.437      -0.117      95.333    0.07%      43.000     52.000

RANDOM STARTS RESULTS RANKED FROM THE BEST TO THE WORST LOGLIKELIHOOD VALUES

Unperturbed starting value run did not converge in the initial stage
optimizations.

10 perturbed starting value run(s) did not converge in the initial stage
optimizations.

Final stage loglikelihood values at local maxima, seeds, and initial stage start numbers:

          -39348.650  68985            17
          -39350.289  637345           19
          -39363.231  608496           4
          -39365.361  93468            3



     WARNING:  THE BEST LOGLIKELIHOOD VALUE WAS NOT REPLICATED.  THE
     SOLUTION MAY NOT BE TRUSTWORTHY DUE TO LOCAL MAXIMA.  INCREASE THE
     NUMBER OF RANDOM STARTS.


THE MODEL ESTIMATION TERMINATED NORMALLY



MODEL FIT INFORMATION

Number of Free Parameters                       95

Loglikelihood

          H0 Value                      -39348.650
          H0 Scaling Correction Factor      1.1597
            for MLR

Information Criteria

          Akaike (AIC)                   78887.300
          Bayesian (BIC)                 79384.957
          Sample-Size Adjusted BIC       79083.179
            (n* = (n + 2) / 24)



FINAL CLASS COUNTS AND PROPORTIONS FOR THE LATENT CLASSES
BASED ON THE ESTIMATED MODEL

    Latent
   Classes

       1         16.40558          0.01179
       2        569.54607          0.40916
       3        432.19270          0.31048
       4         38.70531          0.02781
       5        335.15035          0.24077


FINAL CLASS COUNTS AND PROPORTIONS FOR THE LATENT CLASSES
BASED ON ESTIMATED POSTERIOR PROBABILITIES

    Latent
   Classes

       1         16.40558          0.01179
       2        569.54607          0.40916
       3        432.19270          0.31048
       4         38.70531          0.02781
       5        335.15035          0.24077


FINAL CLASS COUNTS AND PROPORTIONS FOR THE LATENT CLASSES
BASED ON THEIR MOST LIKELY LATENT CLASS MEMBERSHIP

Class Counts and Proportions

    Latent
   Classes

       1               18          0.01293
       2              546          0.39224
       3              468          0.33621
       4               30          0.02155
       5              330          0.23707


CLASSIFICATION QUALITY

     Entropy                         0.636


Average Latent Class Probabilities for Most Likely Latent Class Membership (Row)
by Latent Class (Column)

           1        2        3        4        5

    1   0.906    0.052    0.010    0.000    0.033
    2   0.000    0.818    0.057    0.004    0.121
    3   0.000    0.109    0.742    0.024    0.125
    4   0.000    0.077    0.133    0.778    0.012
    5   0.000    0.208    0.150    0.006    0.636


Classification Probabilities for the Most Likely Latent Class Membership (Column)
by Latent Class (Row)

           1        2        3        4        5

    1   0.994    0.001    0.003    0.000    0.003
    2   0.002    0.784    0.090    0.004    0.120
    3   0.000    0.072    0.804    0.009    0.115
    4   0.000    0.062    0.287    0.603    0.048
    5   0.002    0.197    0.174    0.001    0.626


Logits for the Classification Probabilities for the Most Likely Latent Class Membership (Column)
by Latent Class (Row)

              1        2        3        4        5

    1      5.920   -1.221    0.054   -7.889    0.000
    2     -4.292    1.874   -0.295   -3.390    0.000
    3     -5.657   -0.468    1.948   -2.522    0.000
    4     -9.270    0.266    1.792    2.535    0.000
    5     -5.881   -1.159   -1.281   -6.358    0.000


MODEL RESULTS

                                                    Two-Tailed
                    Estimate       S.E.  Est./S.E.    P-Value

Latent Class 1

 KINSHIPJ WITH
    MUTUALISMJ        19.622      6.745      2.909      0.004
    EXCHANGEJ         45.142      6.033      7.483      0.000
    HAWKJ             38.946      8.683      4.485      0.000
    DOVEJ             61.544      7.388      8.331      0.000
    DIVISIONJ         -5.576      7.839     -0.711      0.477
    POSSESSION       -11.438      7.079     -1.616      0.106

 MUTUALIS WITH
    EXCHANGEJ         35.437      6.179      5.735      0.000
    HAWKJ             -7.939      6.955     -1.141      0.254
    DOVEJ             27.934      7.274      3.841      0.000
    DIVISIONJ          1.885      7.204      0.262      0.794
    POSSESSION        -7.906      5.797     -1.364      0.173

 EXCHANGE WITH
    HAWKJ             22.471      8.002      2.808      0.005
    DOVEJ             31.990      5.715      5.598      0.000
    DIVISIONJ         14.936      7.488      1.995      0.046
    POSSESSION        -5.307      4.993     -1.063      0.288

 HAWKJ    WITH
    DOVEJ             50.224      7.545      6.656      0.000
    DIVISIONJ        -13.108     10.190     -1.286      0.198
    POSSESSION        -9.472     11.511     -0.823      0.411

 DOVEJ    WITH
    DIVISIONJ         -6.861      7.624     -0.900      0.368
    POSSESSION        -7.093      6.295     -1.127      0.260

 DIVISION WITH
    POSSESSION        23.252      7.627      3.049      0.002

 Means
    KINSHIPJ          51.370      3.761     13.660      0.000
    MUTUALISMJ        63.272      2.695     23.474      0.000
    EXCHANGEJ         64.802      4.077     15.896      0.000
    HAWKJ             59.548      4.790     12.431      0.000
    DOVEJ             65.164      3.350     19.452      0.000
    DIVISIONJ         72.915      2.176     33.506      0.000
    POSSESSION        16.424      2.006      8.187      0.000

 Variances
    KINSHIPJ         163.297     33.361      4.895      0.000
    MUTUALISMJ        29.923      7.744      3.864      0.000
    EXCHANGEJ        172.271     53.796      3.202      0.001
    HAWKJ            306.637     61.200      5.010      0.000
    DOVEJ             47.856      7.849      6.097      0.000
    DIVISIONJ         38.336     12.124      3.162      0.002
    POSSESSION        62.778     21.810      2.878      0.004

Latent Class 2

 KINSHIPJ WITH
    MUTUALISMJ        19.622      6.745      2.909      0.004
    EXCHANGEJ         45.142      6.033      7.483      0.000
    HAWKJ             38.946      8.683      4.485      0.000
    DOVEJ             61.544      7.388      8.331      0.000
    DIVISIONJ         -5.576      7.839     -0.711      0.477
    POSSESSION       -11.438      7.079     -1.616      0.106

 MUTUALIS WITH
    EXCHANGEJ         35.437      6.179      5.735      0.000
    HAWKJ             -7.939      6.955     -1.141      0.254
    DOVEJ             27.934      7.274      3.841      0.000
    DIVISIONJ          1.885      7.204      0.262      0.794
    POSSESSION        -7.906      5.797     -1.364      0.173

 EXCHANGE WITH
    HAWKJ             22.471      8.002      2.808      0.005
    DOVEJ             31.990      5.715      5.598      0.000
    DIVISIONJ         14.936      7.488      1.995      0.046
    POSSESSION        -5.307      4.993     -1.063      0.288

 HAWKJ    WITH
    DOVEJ             50.224      7.545      6.656      0.000
    DIVISIONJ        -13.108     10.190     -1.286      0.198
    POSSESSION        -9.472     11.511     -0.823      0.411

 DOVEJ    WITH
    DIVISIONJ         -6.861      7.624     -0.900      0.368
    POSSESSION        -7.093      6.295     -1.127      0.260

 DIVISION WITH
    POSSESSION        23.252      7.627      3.049      0.002

 Means
    KINSHIPJ          63.242      1.149     55.040      0.000
    MUTUALISMJ        56.770      1.560     36.392      0.000
    EXCHANGEJ         69.482      1.277     54.401      0.000
    HAWKJ             58.128      0.971     59.847      0.000
    DOVEJ             49.397      1.569     31.480      0.000
    DIVISIONJ         63.065      1.181     53.393      0.000
    POSSESSION        38.815      1.186     32.719      0.000

 Variances
    KINSHIPJ         259.405     18.846     13.765      0.000
    MUTUALISMJ       188.478     14.762     12.767      0.000
    EXCHANGEJ        155.719     14.179     10.982      0.000
    HAWKJ            262.745     22.498     11.679      0.000
    DOVEJ            275.352     27.978      9.842      0.000
    DIVISIONJ        275.140     24.500     11.230      0.000
    POSSESSION       181.885     16.860     10.788      0.000

Latent Class 3

 KINSHIPJ WITH
    MUTUALISMJ        19.622      6.745      2.909      0.004
    EXCHANGEJ         45.142      6.033      7.483      0.000
    HAWKJ             38.946      8.683      4.485      0.000
    DOVEJ             61.544      7.388      8.331      0.000
    DIVISIONJ         -5.576      7.839     -0.711      0.477
    POSSESSION       -11.438      7.079     -1.616      0.106

 MUTUALIS WITH
    EXCHANGEJ         35.437      6.179      5.735      0.000
    HAWKJ             -7.939      6.955     -1.141      0.254
    DOVEJ             27.934      7.274      3.841      0.000
    DIVISIONJ          1.885      7.204      0.262      0.794
    POSSESSION        -7.906      5.797     -1.364      0.173

 EXCHANGE WITH
    HAWKJ             22.471      8.002      2.808      0.005
    DOVEJ             31.990      5.715      5.598      0.000
    DIVISIONJ         14.936      7.488      1.995      0.046
    POSSESSION        -5.307      4.993     -1.063      0.288

 HAWKJ    WITH
    DOVEJ             50.224      7.545      6.656      0.000
    DIVISIONJ        -13.108     10.190     -1.286      0.198
    POSSESSION        -9.472     11.511     -0.823      0.411

 DOVEJ    WITH
    DIVISIONJ         -6.861      7.624     -0.900      0.368
    POSSESSION        -7.093      6.295     -1.127      0.260

 DIVISION WITH
    POSSESSION        23.252      7.627      3.049      0.002

 Means
    KINSHIPJ          74.392      2.324     32.006      0.000
    MUTUALISMJ        73.085      1.779     41.072      0.000
    EXCHANGEJ         74.210      1.291     57.462      0.000
    HAWKJ             73.209      1.672     43.794      0.000
    DOVEJ             54.574      1.256     43.438      0.000
    DIVISIONJ         79.775      1.237     64.466      0.000
    POSSESSION        39.136      1.525     25.659      0.000

 Variances
    KINSHIPJ         159.199     28.570      5.572      0.000
    MUTUALISMJ        92.160     12.620      7.303      0.000
    EXCHANGEJ        121.657     18.996      6.404      0.000
    HAWKJ            168.060     19.182      8.762      0.000
    DOVEJ            227.013     22.394     10.137      0.000
    DIVISIONJ         99.531     10.336      9.630      0.000
    POSSESSION       234.921     24.363      9.643      0.000

Latent Class 4

 KINSHIPJ WITH
    MUTUALISMJ        19.622      6.745      2.909      0.004
    EXCHANGEJ         45.142      6.033      7.483      0.000
    HAWKJ             38.946      8.683      4.485      0.000
    DOVEJ             61.544      7.388      8.331      0.000
    DIVISIONJ         -5.576      7.839     -0.711      0.477
    POSSESSION       -11.438      7.079     -1.616      0.106

 MUTUALIS WITH
    EXCHANGEJ         35.437      6.179      5.735      0.000
    HAWKJ             -7.939      6.955     -1.141      0.254
    DOVEJ             27.934      7.274      3.841      0.000
    DIVISIONJ          1.885      7.204      0.262      0.794
    POSSESSION        -7.906      5.797     -1.364      0.173

 EXCHANGE WITH
    HAWKJ             22.471      8.002      2.808      0.005
    DOVEJ             31.990      5.715      5.598      0.000
    DIVISIONJ         14.936      7.488      1.995      0.046
    POSSESSION        -5.307      4.993     -1.063      0.288

 HAWKJ    WITH
    DOVEJ             50.224      7.545      6.656      0.000
    DIVISIONJ        -13.108     10.190     -1.286      0.198
    POSSESSION        -9.472     11.511     -0.823      0.411

 DOVEJ    WITH
    DIVISIONJ         -6.861      7.624     -0.900      0.368
    POSSESSION        -7.093      6.295     -1.127      0.260

 DIVISION WITH
    POSSESSION        23.252      7.627      3.049      0.002

 Means
    KINSHIPJ          64.672      6.321     10.231      0.000
    MUTUALISMJ        74.921      2.178     34.401      0.000
    EXCHANGEJ         80.628      3.469     23.243      0.000
    HAWKJ             79.434      2.400     33.098      0.000
    DOVEJ             41.823     13.477      3.103      0.002
    DIVISIONJ         68.408      4.665     14.665      0.000
    POSSESSION        47.928      8.652      5.539      0.000

 Variances
    KINSHIPJ         524.290    308.782      1.698      0.090
    MUTUALISMJ        56.410     17.655      3.195      0.001
    EXCHANGEJ         69.008     25.632      2.692      0.007
    HAWKJ             44.894     17.777      2.525      0.012
    DOVEJ            214.126    189.799      1.128      0.259
    DIVISIONJ        241.270    121.825      1.980      0.048
    POSSESSION       171.372     64.506      2.657      0.008

Latent Class 5

 KINSHIPJ WITH
    MUTUALISMJ        19.622      6.745      2.909      0.004
    EXCHANGEJ         45.142      6.033      7.483      0.000
    HAWKJ             38.946      8.683      4.485      0.000
    DOVEJ             61.544      7.388      8.331      0.000
    DIVISIONJ         -5.576      7.839     -0.711      0.477
    POSSESSION       -11.438      7.079     -1.616      0.106

 MUTUALIS WITH
    EXCHANGEJ         35.437      6.179      5.735      0.000
    HAWKJ             -7.939      6.955     -1.141      0.254
    DOVEJ             27.934      7.274      3.841      0.000
    DIVISIONJ          1.885      7.204      0.262      0.794
    POSSESSION        -7.906      5.797     -1.364      0.173

 EXCHANGE WITH
    HAWKJ             22.471      8.002      2.808      0.005
    DOVEJ             31.990      5.715      5.598      0.000
    DIVISIONJ         14.936      7.488      1.995      0.046
    POSSESSION        -5.307      4.993     -1.063      0.288

 HAWKJ    WITH
    DOVEJ             50.224      7.545      6.656      0.000
    DIVISIONJ        -13.108     10.190     -1.286      0.198
    POSSESSION        -9.472     11.511     -0.823      0.411

 DOVEJ    WITH
    DIVISIONJ         -6.861      7.624     -0.900      0.368
    POSSESSION        -7.093      6.295     -1.127      0.260

 DIVISION WITH
    POSSESSION        23.252      7.627      3.049      0.002

 Means
    KINSHIPJ          69.633      2.543     27.377      0.000
    MUTUALISMJ        65.017      1.799     36.138      0.000
    EXCHANGEJ         72.104      1.084     66.530      0.000
    HAWKJ             67.089      3.165     21.200      0.000
    DOVEJ             62.296      3.524     17.679      0.000
    DIVISIONJ         68.638      2.595     26.454      0.000
    POSSESSION        39.895      2.196     18.168      0.000

 Variances
    KINSHIPJ         184.058     17.325     10.624      0.000
    MUTUALISMJ       107.379     17.671      6.077      0.000
    EXCHANGEJ         63.341     17.317      3.658      0.000
    HAWKJ            169.401     22.239      7.617      0.000
    DOVEJ            107.465     31.508      3.411      0.001
    DIVISIONJ        175.328     38.848      4.513      0.000
    POSSESSION       302.649     44.735      6.765      0.000

Categorical Latent Variables

 Means
    C1#1              -3.017      0.482     -6.263      0.000
    C1#2               0.530      0.565      0.939      0.348
    C1#3               0.254      0.552      0.461      0.645
    C1#4              -2.159      0.922     -2.342      0.019


QUALITY OF NUMERICAL RESULTS

     Condition Number for the Information Matrix              0.404E-07
       (ratio of smallest to largest eigenvalue)


TECHNICAL 14 OUTPUT

     Random Starts Specifications for the k-1 Class Analysis Model
        Number of initial stage random starts                  20
        Number of final stage optimizations                     4

     Random Starts Specification for the k-1 Class Model for Generated Data
        Number of initial stage random starts                   0
        Number of final stage optimizations for the
           initial stage random starts                          0
     Random Starts Specification for the k Class Model for Generated Data
        Number of initial stage random starts                  40
        Number of final stage optimizations                     8
     Number of bootstrap draws requested                   Varies


     PARAMETRIC BOOTSTRAPPED LIKELIHOOD RATIO TEST FOR 4 (H0) VERSUS 5 CLASSES

          H0 Loglikelihood Value                       -39382.747
          2 Times the Loglikelihood Difference             68.195
          Difference in the Number of Parameters               15
          Approximate P-Value                              0.2667
          Successful Bootstrap Draws                           15


SAVEDATA INFORMATION


  Save file
    model_4_class_5.dat

  Order and format of variables

    KINSHIPJ       F10.3
    MUTUALIS       F10.3
    EXCHANGE       F10.3
    HAWKJ          F10.3
    DOVEJ          F10.3
    DIVISION       F10.3
    POSSESSI       F10.3
    CPROB1         F10.3
    CPROB2         F10.3
    CPROB3         F10.3
    CPROB4         F10.3
    CPROB5         F10.3
    C1             F10.3

  Save file format
    13F10.3

  Save file record length    10000


     Beginning Time:  10:16:09
        Ending Time:  10:16:54
       Elapsed Time:  00:00:45



MUTHEN & MUTHEN
3463 Stoner Ave.
Los Angeles, CA  90066

Tel: (310) 391-9971
Fax: (310) 391-8971
Web: www.StatModel.com
Support: Support@StatModel.com

Copyright (c) 1998-2018 Muthen & Muthen
