Mplus VERSION 8.2 (Mac)
MUTHEN & MUTHEN
08/26/2020  10:16 AM

INPUT INSTRUCTIONS

  TITLE:
  model 4 with 6 classes
  DATA:
  FILE = "data_624dd70f9f561f2c8c991d291c51b950.dat";

  VARIABLE:
  NAMES = KinshipJ MutualismJ ExchangeJ HawkJ DoveJ DivisionJ PossessionJ;
   MISSING=.;
   CLASSES = c1(6);

  ANALYSIS:
  TYPE = mixture;

  MODEL:
  %c1#1%
  KinshipJ (vKinshipJ1);
  MutualismJ (vMutualismJ1);
  ExchangeJ (vExchangeJ1);
  HawkJ (vHawkJ1);
  DoveJ (vDoveJ1);
  DivisionJ (vDivisionJ1);
  PossessionJ (vPossessionJ1);

  KinshipJ WITH MutualismJ (KinshipJWMutualismJ);
  KinshipJ WITH ExchangeJ (KinshipJWExchangeJ);
  KinshipJ WITH HawkJ (KinshipJWHawkJ);
  KinshipJ WITH DoveJ (KinshipJWDoveJ);
  KinshipJ WITH DivisionJ (KinshipJWDivisionJ);
  KinshipJ WITH PossessionJ (KinshipJWPossessionJ);
  MutualismJ WITH ExchangeJ (MutualismJWExchangeJ);
  MutualismJ WITH HawkJ (MutualismJWHawkJ);
  MutualismJ WITH DoveJ (MutualismJWDoveJ);
  MutualismJ WITH DivisionJ (MutualismJWDivisionJ);
  MutualismJ WITH PossessionJ (MutualismJWPossessionJ);
  ExchangeJ WITH HawkJ (ExchangeJWHawkJ);
  ExchangeJ WITH DoveJ (ExchangeJWDoveJ);
  ExchangeJ WITH DivisionJ (ExchangeJWDivisionJ);
  ExchangeJ WITH PossessionJ (ExchangeJWPossessionJ);
  HawkJ WITH DoveJ (HawkJWDoveJ);
  HawkJ WITH DivisionJ (HawkJWDivisionJ);
  HawkJ WITH PossessionJ (HawkJWPossessionJ);
  DoveJ WITH DivisionJ (DoveJWDivisionJ);
  DoveJ WITH PossessionJ (DoveJWPossessionJ);
  DivisionJ WITH PossessionJ (DivisionJWPossessionJ);

  %c1#2%
  KinshipJ (vKinshipJ2);
  MutualismJ (vMutualismJ2);
  ExchangeJ (vExchangeJ2);
  HawkJ (vHawkJ2);
  DoveJ (vDoveJ2);
  DivisionJ (vDivisionJ2);
  PossessionJ (vPossessionJ2);

  KinshipJ WITH MutualismJ (KinshipJWMutualismJ);
  KinshipJ WITH ExchangeJ (KinshipJWExchangeJ);
  KinshipJ WITH HawkJ (KinshipJWHawkJ);
  KinshipJ WITH DoveJ (KinshipJWDoveJ);
  KinshipJ WITH DivisionJ (KinshipJWDivisionJ);
  KinshipJ WITH PossessionJ (KinshipJWPossessionJ);
  MutualismJ WITH ExchangeJ (MutualismJWExchangeJ);
  MutualismJ WITH HawkJ (MutualismJWHawkJ);
  MutualismJ WITH DoveJ (MutualismJWDoveJ);
  MutualismJ WITH DivisionJ (MutualismJWDivisionJ);
  MutualismJ WITH PossessionJ (MutualismJWPossessionJ);
  ExchangeJ WITH HawkJ (ExchangeJWHawkJ);
  ExchangeJ WITH DoveJ (ExchangeJWDoveJ);
  ExchangeJ WITH DivisionJ (ExchangeJWDivisionJ);
  ExchangeJ WITH PossessionJ (ExchangeJWPossessionJ);
  HawkJ WITH DoveJ (HawkJWDoveJ);
  HawkJ WITH DivisionJ (HawkJWDivisionJ);
  HawkJ WITH PossessionJ (HawkJWPossessionJ);
  DoveJ WITH DivisionJ (DoveJWDivisionJ);
  DoveJ WITH PossessionJ (DoveJWPossessionJ);
  DivisionJ WITH PossessionJ (DivisionJWPossessionJ);

  %c1#3%
  KinshipJ (vKinshipJ3);
  MutualismJ (vMutualismJ3);
  ExchangeJ (vExchangeJ3);
  HawkJ (vHawkJ3);
  DoveJ (vDoveJ3);
  DivisionJ (vDivisionJ3);
  PossessionJ (vPossessionJ3);

  KinshipJ WITH MutualismJ (KinshipJWMutualismJ);
  KinshipJ WITH ExchangeJ (KinshipJWExchangeJ);
  KinshipJ WITH HawkJ (KinshipJWHawkJ);
  KinshipJ WITH DoveJ (KinshipJWDoveJ);
  KinshipJ WITH DivisionJ (KinshipJWDivisionJ);
  KinshipJ WITH PossessionJ (KinshipJWPossessionJ);
  MutualismJ WITH ExchangeJ (MutualismJWExchangeJ);
  MutualismJ WITH HawkJ (MutualismJWHawkJ);
  MutualismJ WITH DoveJ (MutualismJWDoveJ);
  MutualismJ WITH DivisionJ (MutualismJWDivisionJ);
  MutualismJ WITH PossessionJ (MutualismJWPossessionJ);
  ExchangeJ WITH HawkJ (ExchangeJWHawkJ);
  ExchangeJ WITH DoveJ (ExchangeJWDoveJ);
  ExchangeJ WITH DivisionJ (ExchangeJWDivisionJ);
  ExchangeJ WITH PossessionJ (ExchangeJWPossessionJ);
  HawkJ WITH DoveJ (HawkJWDoveJ);
  HawkJ WITH DivisionJ (HawkJWDivisionJ);
  HawkJ WITH PossessionJ (HawkJWPossessionJ);
  DoveJ WITH DivisionJ (DoveJWDivisionJ);
  DoveJ WITH PossessionJ (DoveJWPossessionJ);
  DivisionJ WITH PossessionJ (DivisionJWPossessionJ);

  %c1#4%
  KinshipJ (vKinshipJ4);
  MutualismJ (vMutualismJ4);
  ExchangeJ (vExchangeJ4);
  HawkJ (vHawkJ4);
  DoveJ (vDoveJ4);
  DivisionJ (vDivisionJ4);
  PossessionJ (vPossessionJ4);

  KinshipJ WITH MutualismJ (KinshipJWMutualismJ);
  KinshipJ WITH ExchangeJ (KinshipJWExchangeJ);
  KinshipJ WITH HawkJ (KinshipJWHawkJ);
  KinshipJ WITH DoveJ (KinshipJWDoveJ);
  KinshipJ WITH DivisionJ (KinshipJWDivisionJ);
  KinshipJ WITH PossessionJ (KinshipJWPossessionJ);
  MutualismJ WITH ExchangeJ (MutualismJWExchangeJ);
  MutualismJ WITH HawkJ (MutualismJWHawkJ);
  MutualismJ WITH DoveJ (MutualismJWDoveJ);
  MutualismJ WITH DivisionJ (MutualismJWDivisionJ);
  MutualismJ WITH PossessionJ (MutualismJWPossessionJ);
  ExchangeJ WITH HawkJ (ExchangeJWHawkJ);
  ExchangeJ WITH DoveJ (ExchangeJWDoveJ);
  ExchangeJ WITH DivisionJ (ExchangeJWDivisionJ);
  ExchangeJ WITH PossessionJ (ExchangeJWPossessionJ);
  HawkJ WITH DoveJ (HawkJWDoveJ);
  HawkJ WITH DivisionJ (HawkJWDivisionJ);
  HawkJ WITH PossessionJ (HawkJWPossessionJ);
  DoveJ WITH DivisionJ (DoveJWDivisionJ);
  DoveJ WITH PossessionJ (DoveJWPossessionJ);
  DivisionJ WITH PossessionJ (DivisionJWPossessionJ);

  %c1#5%
  KinshipJ (vKinshipJ5);
  MutualismJ (vMutualismJ5);
  ExchangeJ (vExchangeJ5);
  HawkJ (vHawkJ5);
  DoveJ (vDoveJ5);
  DivisionJ (vDivisionJ5);
  PossessionJ (vPossessionJ5);

  KinshipJ WITH MutualismJ (KinshipJWMutualismJ);
  KinshipJ WITH ExchangeJ (KinshipJWExchangeJ);
  KinshipJ WITH HawkJ (KinshipJWHawkJ);
  KinshipJ WITH DoveJ (KinshipJWDoveJ);
  KinshipJ WITH DivisionJ (KinshipJWDivisionJ);
  KinshipJ WITH PossessionJ (KinshipJWPossessionJ);
  MutualismJ WITH ExchangeJ (MutualismJWExchangeJ);
  MutualismJ WITH HawkJ (MutualismJWHawkJ);
  MutualismJ WITH DoveJ (MutualismJWDoveJ);
  MutualismJ WITH DivisionJ (MutualismJWDivisionJ);
  MutualismJ WITH PossessionJ (MutualismJWPossessionJ);
  ExchangeJ WITH HawkJ (ExchangeJWHawkJ);
  ExchangeJ WITH DoveJ (ExchangeJWDoveJ);
  ExchangeJ WITH DivisionJ (ExchangeJWDivisionJ);
  ExchangeJ WITH PossessionJ (ExchangeJWPossessionJ);
  HawkJ WITH DoveJ (HawkJWDoveJ);
  HawkJ WITH DivisionJ (HawkJWDivisionJ);
  HawkJ WITH PossessionJ (HawkJWPossessionJ);
  DoveJ WITH DivisionJ (DoveJWDivisionJ);
  DoveJ WITH PossessionJ (DoveJWPossessionJ);
  DivisionJ WITH PossessionJ (DivisionJWPossessionJ);

  %c1#6%
  KinshipJ (vKinshipJ6);
  MutualismJ (vMutualismJ6);
  ExchangeJ (vExchangeJ6);
  HawkJ (vHawkJ6);
  DoveJ (vDoveJ6);
  DivisionJ (vDivisionJ6);
  PossessionJ (vPossessionJ6);

  KinshipJ WITH MutualismJ (KinshipJWMutualismJ);
  KinshipJ WITH ExchangeJ (KinshipJWExchangeJ);
  KinshipJ WITH HawkJ (KinshipJWHawkJ);
  KinshipJ WITH DoveJ (KinshipJWDoveJ);
  KinshipJ WITH DivisionJ (KinshipJWDivisionJ);
  KinshipJ WITH PossessionJ (KinshipJWPossessionJ);
  MutualismJ WITH ExchangeJ (MutualismJWExchangeJ);
  MutualismJ WITH HawkJ (MutualismJWHawkJ);
  MutualismJ WITH DoveJ (MutualismJWDoveJ);
  MutualismJ WITH DivisionJ (MutualismJWDivisionJ);
  MutualismJ WITH PossessionJ (MutualismJWPossessionJ);
  ExchangeJ WITH HawkJ (ExchangeJWHawkJ);
  ExchangeJ WITH DoveJ (ExchangeJWDoveJ);
  ExchangeJ WITH DivisionJ (ExchangeJWDivisionJ);
  ExchangeJ WITH PossessionJ (ExchangeJWPossessionJ);
  HawkJ WITH DoveJ (HawkJWDoveJ);
  HawkJ WITH DivisionJ (HawkJWDivisionJ);
  HawkJ WITH PossessionJ (HawkJWPossessionJ);
  DoveJ WITH DivisionJ (DoveJWDivisionJ);
  DoveJ WITH PossessionJ (DoveJWPossessionJ);
  DivisionJ WITH PossessionJ (DivisionJWPossessionJ);


  OUTPUT:
  TECH14;

  SAVEDATA:
  FILE IS model_4_class_6.dat;
  SAVE = cprobabilities;



*** WARNING in VARIABLE command
  Note that only the first 8 characters of variable names are used in the output.
  Shorten variable names to avoid any confusion.
*** WARNING in MODEL command
  All variables are uncorrelated with all other variables within class.
  Check that this is what is intended.
   2 WARNING(S) FOUND IN THE INPUT INSTRUCTIONS




model 4 with 6 classes

SUMMARY OF ANALYSIS

Number of groups                                                 1
Number of observations                                        1392

Number of dependent variables                                    7
Number of independent variables                                  0
Number of continuous latent variables                            0
Number of categorical latent variables                           1

Observed dependent variables

  Continuous
   KINSHIPJ    MUTUALISMJ  EXCHANGEJ   HAWKJ       DOVEJ       DIVISIONJ
   POSSESSION

Categorical latent variables
   C1


Estimator                                                      MLR
Information matrix                                        OBSERVED
Optimization Specifications for the Quasi-Newton Algorithm for
Continuous Outcomes
  Maximum number of iterations                                 100
  Convergence criterion                                  0.100D-05
Optimization Specifications for the EM Algorithm
  Maximum number of iterations                                 500
  Convergence criteria
    Loglikelihood change                                 0.100D-06
    Relative loglikelihood change                        0.100D-06
    Derivative                                           0.100D-05
Optimization Specifications for the M step of the EM Algorithm for
Categorical Latent variables
  Number of M step iterations                                    1
  M step convergence criterion                           0.100D-05
  Basis for M step termination                           ITERATION
Optimization Specifications for the M step of the EM Algorithm for
Censored, Binary or Ordered Categorical (Ordinal), Unordered
Categorical (Nominal) and Count Outcomes
  Number of M step iterations                                    1
  M step convergence criterion                           0.100D-05
  Basis for M step termination                           ITERATION
  Maximum value for logit thresholds                            15
  Minimum value for logit thresholds                           -15
  Minimum expected cell size for chi-square              0.100D-01
Maximum number of iterations for H1                           2000
Convergence criterion for H1                             0.100D-03
Optimization algorithm                                         EMA
Random Starts Specifications
  Number of initial stage random starts                         20
  Number of final stage optimizations                            4
  Number of initial stage iterations                            10
  Initial stage convergence criterion                    0.100D+01
  Random starts scale                                    0.500D+01
  Random seed for generating random starts                       0

Input data file(s)
  data_624dd70f9f561f2c8c991d291c51b950.dat
Input data format  FREE


SUMMARY OF DATA

     Number of missing data patterns             1
     Number of y missing data patterns           1
     Number of u missing data patterns           0


COVARIANCE COVERAGE OF DATA

Minimum covariance coverage value   0.100


     PROPORTION OF DATA PRESENT FOR Y


           Covariance Coverage
              KINSHIPJ      MUTUALIS      EXCHANGE      HAWKJ         DOVEJ
              ________      ________      ________      ________      ________
 KINSHIPJ       1.000
 MUTUALIS       1.000         1.000
 EXCHANGE       1.000         1.000         1.000
 HAWKJ          1.000         1.000         1.000         1.000
 DOVEJ          1.000         1.000         1.000         1.000         1.000
 DIVISION       1.000         1.000         1.000         1.000         1.000
 POSSESSI       1.000         1.000         1.000         1.000         1.000


           Covariance Coverage
              DIVISION      POSSESSI
              ________      ________
 DIVISION       1.000
 POSSESSI       1.000         1.000



UNIVARIATE SAMPLE STATISTICS


     UNIVARIATE HIGHER-ORDER MOMENT DESCRIPTIVE STATISTICS

         Variable/         Mean/     Skewness/   Minimum/ % with                Percentiles
        Sample Size      Variance    Kurtosis    Maximum  Min/Max      20%/60%    40%/80%    Median

     KINSHIPJ             68.142      -0.400      12.667    0.07%      55.333     64.667     69.000
            1392.000     243.252      -0.028      99.333    0.07%      73.000     82.000
     MUTUALISMJ           64.403      -0.398      11.000    0.07%      53.000     61.667     65.000
            1392.000     184.479       0.162      96.000    0.07%      68.333     76.333
     EXCHANGEJ            71.836      -0.357      32.667    0.07%      62.667     69.667     72.667
            1392.000     127.269       0.056      98.000    0.14%      75.333     81.333
     HAWKJ                65.577      -0.286      11.000    0.07%      52.333     61.667     66.000
            1392.000     250.911      -0.258      99.667    0.14%      70.333     80.000
     DOVEJ                54.086      -0.377       2.000    0.07%      41.000     51.333     55.167
            1392.000     244.615      -0.092      92.333    0.07%      59.000     68.000
     DIVISIONJ            69.860      -0.574       6.333    0.07%      57.333     67.000     71.333
            1392.000     243.008       0.243     100.000    0.29%      75.333     83.000
     POSSESSIONJ          39.164       0.105       1.667    0.07%      26.000     35.000     39.333
            1392.000     234.437      -0.117      95.333    0.07%      43.000     52.000

RANDOM STARTS RESULTS RANKED FROM THE BEST TO THE WORST LOGLIKELIHOOD VALUES

Unperturbed starting value run did not converge in the initial stage
optimizations.

8 perturbed starting value run(s) did not converge in the initial stage
optimizations.

Final stage loglikelihood values at local maxima, seeds, and initial stage start numbers:

          -39328.057  127215           9
          -39328.138  68985            17
          -39344.151  637345           19

1 perturbed starting value run(s) did not converge.



THE BEST LOGLIKELIHOOD VALUE HAS BEEN REPLICATED.  RERUN WITH AT LEAST TWICE THE
RANDOM STARTS TO CHECK THAT THE BEST LOGLIKELIHOOD IS STILL OBTAINED AND REPLICATED.


THE MODEL ESTIMATION TERMINATED NORMALLY



MODEL FIT INFORMATION

Number of Free Parameters                      110

Loglikelihood

          H0 Value                      -39328.057
          H0 Scaling Correction Factor      1.1775
            for MLR

Information Criteria

          Akaike (AIC)                   78876.114
          Bayesian (BIC)                 79452.348
          Sample-Size Adjusted BIC       79102.920
            (n* = (n + 2) / 24)



FINAL CLASS COUNTS AND PROPORTIONS FOR THE LATENT CLASSES
BASED ON THE ESTIMATED MODEL

    Latent
   Classes

       1        341.28001          0.24517
       2        388.81162          0.27932
       3        401.75074          0.28861
       4        145.24093          0.10434
       5         43.24562          0.03107
       6         71.67109          0.05149


FINAL CLASS COUNTS AND PROPORTIONS FOR THE LATENT CLASSES
BASED ON ESTIMATED POSTERIOR PROBABILITIES

    Latent
   Classes

       1        341.28001          0.24517
       2        388.81162          0.27932
       3        401.75074          0.28861
       4        145.24093          0.10434
       5         43.24562          0.03107
       6         71.67109          0.05149


FINAL CLASS COUNTS AND PROPORTIONS FOR THE LATENT CLASSES
BASED ON THEIR MOST LIKELY LATENT CLASS MEMBERSHIP

Class Counts and Proportions

    Latent
   Classes

       1              302          0.21695
       2              392          0.28161
       3              444          0.31897
       4              128          0.09195
       5               46          0.03305
       6               80          0.05747


CLASSIFICATION QUALITY

     Entropy                         0.578


Average Latent Class Probabilities for Most Likely Latent Class Membership (Row)
by Latent Class (Column)

           1        2        3        4        5        6

    1   0.763    0.131    0.076    0.028    0.000    0.001
    2   0.156    0.664    0.132    0.030    0.010    0.008
    3   0.084    0.148    0.667    0.061    0.010    0.031
    4   0.088    0.112    0.096    0.686    0.004    0.013
    5   0.008    0.079    0.124    0.043    0.732    0.014
    6   0.012    0.061    0.160    0.101    0.012    0.653


Classification Probabilities for the Most Likely Latent Class Membership (Column)
by Latent Class (Row)

           1        2        3        4        5        6

    1   0.675    0.179    0.109    0.033    0.001    0.003
    2   0.102    0.670    0.169    0.037    0.009    0.013
    3   0.057    0.129    0.737    0.031    0.014    0.032
    4   0.059    0.081    0.186    0.605    0.014    0.056
    5   0.000    0.088    0.098    0.013    0.779    0.023
    6   0.004    0.043    0.192    0.024    0.009    0.729


Logits for the Classification Probabilities for the Most Likely Latent Class Membership (Column)
by Latent Class (Row)

              1        2        3        4        5        6

    1      5.481    4.155    3.654    2.466   -0.956    0.000
    2      2.098    3.979    2.605    1.076   -0.291    0.000
    3      0.589    1.398    3.140   -0.041   -0.813    0.000
    4      0.052    0.369    1.203    2.382   -1.417    0.000
    5     -7.209    1.356    1.466   -0.540    3.540    0.000
    6     -5.321   -2.840   -1.336   -3.435   -4.367    0.000


MODEL RESULTS

                                                    Two-Tailed
                    Estimate       S.E.  Est./S.E.    P-Value

Latent Class 1

 KINSHIPJ WITH
    MUTUALISMJ        22.650     10.580      2.141      0.032
    EXCHANGEJ         17.052      6.801      2.507      0.012
    HAWKJ             27.282     10.932      2.496      0.013
    DOVEJ             16.869      6.920      2.438      0.015
    DIVISIONJ         -2.833     10.008     -0.283      0.777
    POSSESSION         4.032     15.046      0.268      0.789

 MUTUALIS WITH
    EXCHANGEJ         38.756      8.112      4.778      0.000
    HAWKJ              7.594      9.895      0.767      0.443
    DOVEJ              9.120      7.367      1.238      0.216
    DIVISIONJ         20.028      7.629      2.625      0.009
    POSSESSION         0.414      7.140      0.058      0.954

 EXCHANGE WITH
    HAWKJ             14.695      5.621      2.614      0.009
    DOVEJ             15.562      6.865      2.267      0.023
    DIVISIONJ          8.257      7.591      1.088      0.277
    POSSESSION         4.104     11.056      0.371      0.710

 HAWKJ    WITH
    DOVEJ             32.748      7.141      4.586      0.000
    DIVISIONJ          2.567     12.821      0.200      0.841
    POSSESSION        14.318     10.424      1.374      0.170

 DOVEJ    WITH
    DIVISIONJ        -10.636      9.159     -1.161      0.246
    POSSESSION         0.777      9.631      0.081      0.936

 DIVISION WITH
    POSSESSION        27.368     10.925      2.505      0.012

 Means
    KINSHIPJ          57.949      1.676     34.583      0.000
    MUTUALISMJ        57.428      1.593     36.060      0.000
    EXCHANGEJ         68.997      1.196     57.697      0.000
    HAWKJ             60.158      1.556     38.673      0.000
    DOVEJ             40.235      3.028     13.287      0.000
    DIVISIONJ         64.668      1.626     39.766      0.000
    POSSESSION        41.671      1.679     24.821      0.000

 Variances
    KINSHIPJ         254.798     32.464      7.849      0.000
    MUTUALISMJ       225.519     20.586     10.955      0.000
    EXCHANGEJ        131.625     13.902      9.468      0.000
    HAWKJ            267.080     22.545     11.847      0.000
    DOVEJ            215.056     31.560      6.814      0.000
    DIVISIONJ        288.681     31.425      9.186      0.000
    POSSESSION       169.677     18.416      9.214      0.000

Latent Class 2

 KINSHIPJ WITH
    MUTUALISMJ        22.650     10.580      2.141      0.032
    EXCHANGEJ         17.052      6.801      2.507      0.012
    HAWKJ             27.282     10.932      2.496      0.013
    DOVEJ             16.869      6.920      2.438      0.015
    DIVISIONJ         -2.833     10.008     -0.283      0.777
    POSSESSION         4.032     15.046      0.268      0.789

 MUTUALIS WITH
    EXCHANGEJ         38.756      8.112      4.778      0.000
    HAWKJ              7.594      9.895      0.767      0.443
    DOVEJ              9.120      7.367      1.238      0.216
    DIVISIONJ         20.028      7.629      2.625      0.009
    POSSESSION         0.414      7.140      0.058      0.954

 EXCHANGE WITH
    HAWKJ             14.695      5.621      2.614      0.009
    DOVEJ             15.562      6.865      2.267      0.023
    DIVISIONJ          8.257      7.591      1.088      0.277
    POSSESSION         4.104     11.056      0.371      0.710

 HAWKJ    WITH
    DOVEJ             32.748      7.141      4.586      0.000
    DIVISIONJ          2.567     12.821      0.200      0.841
    POSSESSION        14.318     10.424      1.374      0.170

 DOVEJ    WITH
    DIVISIONJ        -10.636      9.159     -1.161      0.246
    POSSESSION         0.777      9.631      0.081      0.936

 DIVISION WITH
    POSSESSION        27.368     10.925      2.505      0.012

 Means
    KINSHIPJ          64.290      2.181     29.482      0.000
    MUTUALISMJ        62.874      2.649     23.738      0.000
    EXCHANGEJ         66.455      2.115     31.426      0.000
    HAWKJ             59.973      2.383     25.172      0.000
    DOVEJ             58.896      2.086     28.230      0.000
    DIVISIONJ         65.716      2.247     29.250      0.000
    POSSESSION        39.063      2.804     13.934      0.000

 Variances
    KINSHIPJ         169.077     23.260      7.269      0.000
    MUTUALISMJ       140.244     24.855      5.642      0.000
    EXCHANGEJ        128.564     21.769      5.906      0.000
    HAWKJ            188.503     30.297      6.222      0.000
    DOVEJ            112.475     21.280      5.285      0.000
    DIVISIONJ        187.083     23.929      7.818      0.000
    POSSESSION       241.083     25.432      9.480      0.000

Latent Class 3

 KINSHIPJ WITH
    MUTUALISMJ        22.650     10.580      2.141      0.032
    EXCHANGEJ         17.052      6.801      2.507      0.012
    HAWKJ             27.282     10.932      2.496      0.013
    DOVEJ             16.869      6.920      2.438      0.015
    DIVISIONJ         -2.833     10.008     -0.283      0.777
    POSSESSION         4.032     15.046      0.268      0.789

 MUTUALIS WITH
    EXCHANGEJ         38.756      8.112      4.778      0.000
    HAWKJ              7.594      9.895      0.767      0.443
    DOVEJ              9.120      7.367      1.238      0.216
    DIVISIONJ         20.028      7.629      2.625      0.009
    POSSESSION         0.414      7.140      0.058      0.954

 EXCHANGE WITH
    HAWKJ             14.695      5.621      2.614      0.009
    DOVEJ             15.562      6.865      2.267      0.023
    DIVISIONJ          8.257      7.591      1.088      0.277
    POSSESSION         4.104     11.056      0.371      0.710

 HAWKJ    WITH
    DOVEJ             32.748      7.141      4.586      0.000
    DIVISIONJ          2.567     12.821      0.200      0.841
    POSSESSION        14.318     10.424      1.374      0.170

 DOVEJ    WITH
    DIVISIONJ        -10.636      9.159     -1.161      0.246
    POSSESSION         0.777      9.631      0.081      0.936

 DIVISION WITH
    POSSESSION        27.368     10.925      2.505      0.012

 Means
    KINSHIPJ          70.913      1.851     38.316      0.000
    MUTUALISMJ        70.343      1.536     45.793      0.000
    EXCHANGEJ         74.424      1.475     50.453      0.000
    HAWKJ             72.644      2.370     30.654      0.000
    DOVEJ             54.539      1.477     36.926      0.000
    DIVISIONJ         77.870      1.428     54.524      0.000
    POSSESSION        37.741      2.515     15.005      0.000

 Variances
    KINSHIPJ         156.510     23.595      6.633      0.000
    MUTUALISMJ        90.237     13.606      6.632      0.000
    EXCHANGEJ         82.256     15.124      5.439      0.000
    HAWKJ            156.350     32.823      4.763      0.000
    DOVEJ            197.405     22.291      8.856      0.000
    DIVISIONJ         96.414     11.770      8.191      0.000
    POSSESSION       221.295     28.869      7.666      0.000

Latent Class 4

 KINSHIPJ WITH
    MUTUALISMJ        22.650     10.580      2.141      0.032
    EXCHANGEJ         17.052      6.801      2.507      0.012
    HAWKJ             27.282     10.932      2.496      0.013
    DOVEJ             16.869      6.920      2.438      0.015
    DIVISIONJ         -2.833     10.008     -0.283      0.777
    POSSESSION         4.032     15.046      0.268      0.789

 MUTUALIS WITH
    EXCHANGEJ         38.756      8.112      4.778      0.000
    HAWKJ              7.594      9.895      0.767      0.443
    DOVEJ              9.120      7.367      1.238      0.216
    DIVISIONJ         20.028      7.629      2.625      0.009
    POSSESSION         0.414      7.140      0.058      0.954

 EXCHANGE WITH
    HAWKJ             14.695      5.621      2.614      0.009
    DOVEJ             15.562      6.865      2.267      0.023
    DIVISIONJ          8.257      7.591      1.088      0.277
    POSSESSION         4.104     11.056      0.371      0.710

 HAWKJ    WITH
    DOVEJ             32.748      7.141      4.586      0.000
    DIVISIONJ          2.567     12.821      0.200      0.841
    POSSESSION        14.318     10.424      1.374      0.170

 DOVEJ    WITH
    DIVISIONJ        -10.636      9.159     -1.161      0.246
    POSSESSION         0.777      9.631      0.081      0.936

 DIVISION WITH
    POSSESSION        27.368     10.925      2.505      0.012

 Means
    KINSHIPJ          84.845      4.187     20.262      0.000
    MUTUALISMJ        63.020      4.113     15.321      0.000
    EXCHANGEJ         81.440      2.005     40.623      0.000
    HAWKJ             64.245      3.208     20.029      0.000
    DOVEJ             59.137      3.117     18.975      0.000
    DIVISIONJ         69.209      4.990     13.870      0.000
    POSSESSION        38.307      4.921      7.784      0.000

 Variances
    KINSHIPJ          57.857     34.526      1.676      0.094
    MUTUALISMJ       223.060     28.972      7.699      0.000
    EXCHANGEJ         68.599     11.555      5.937      0.000
    HAWKJ            342.588     48.227      7.104      0.000
    DOVEJ            198.563     62.884      3.158      0.002
    DIVISIONJ        339.833     79.381      4.281      0.000
    POSSESSION       247.944     36.109      6.867      0.000

Latent Class 5

 KINSHIPJ WITH
    MUTUALISMJ        22.650     10.580      2.141      0.032
    EXCHANGEJ         17.052      6.801      2.507      0.012
    HAWKJ             27.282     10.932      2.496      0.013
    DOVEJ             16.869      6.920      2.438      0.015
    DIVISIONJ         -2.833     10.008     -0.283      0.777
    POSSESSION         4.032     15.046      0.268      0.789

 MUTUALIS WITH
    EXCHANGEJ         38.756      8.112      4.778      0.000
    HAWKJ              7.594      9.895      0.767      0.443
    DOVEJ              9.120      7.367      1.238      0.216
    DIVISIONJ         20.028      7.629      2.625      0.009
    POSSESSION         0.414      7.140      0.058      0.954

 EXCHANGE WITH
    HAWKJ             14.695      5.621      2.614      0.009
    DOVEJ             15.562      6.865      2.267      0.023
    DIVISIONJ          8.257      7.591      1.088      0.277
    POSSESSION         4.104     11.056      0.371      0.710

 HAWKJ    WITH
    DOVEJ             32.748      7.141      4.586      0.000
    DIVISIONJ          2.567     12.821      0.200      0.841
    POSSESSION        14.318     10.424      1.374      0.170

 DOVEJ    WITH
    DIVISIONJ        -10.636      9.159     -1.161      0.246
    POSSESSION         0.777      9.631      0.081      0.936

 DIVISION WITH
    POSSESSION        27.368     10.925      2.505      0.012

 Means
    KINSHIPJ          79.007      2.163     36.528      0.000
    MUTUALISMJ        70.941      3.271     21.685      0.000
    EXCHANGEJ         73.306      1.352     54.229      0.000
    HAWKJ             67.344      2.596     25.947      0.000
    DOVEJ             69.990      1.432     48.870      0.000
    DIVISIONJ         79.938      3.605     22.176      0.000
    POSSESSION        48.338      5.905      8.186      0.000

 Variances
    KINSHIPJ          69.797     28.953      2.411      0.016
    MUTUALISMJ       235.171     78.014      3.014      0.003
    EXCHANGEJ         25.524     10.958      2.329      0.020
    HAWKJ             65.765     24.894      2.642      0.008
    DOVEJ             27.439      8.242      3.329      0.001
    DIVISIONJ         63.244     25.601      2.470      0.013
    POSSESSION       526.100    147.979      3.555      0.000

Latent Class 6

 KINSHIPJ WITH
    MUTUALISMJ        22.650     10.580      2.141      0.032
    EXCHANGEJ         17.052      6.801      2.507      0.012
    HAWKJ             27.282     10.932      2.496      0.013
    DOVEJ             16.869      6.920      2.438      0.015
    DIVISIONJ         -2.833     10.008     -0.283      0.777
    POSSESSION         4.032     15.046      0.268      0.789

 MUTUALIS WITH
    EXCHANGEJ         38.756      8.112      4.778      0.000
    HAWKJ              7.594      9.895      0.767      0.443
    DOVEJ              9.120      7.367      1.238      0.216
    DIVISIONJ         20.028      7.629      2.625      0.009
    POSSESSION         0.414      7.140      0.058      0.954

 EXCHANGE WITH
    HAWKJ             14.695      5.621      2.614      0.009
    DOVEJ             15.562      6.865      2.267      0.023
    DIVISIONJ          8.257      7.591      1.088      0.277
    POSSESSION         4.104     11.056      0.371      0.710

 HAWKJ    WITH
    DOVEJ             32.748      7.141      4.586      0.000
    DIVISIONJ          2.567     12.821      0.200      0.841
    POSSESSION        14.318     10.424      1.374      0.170

 DOVEJ    WITH
    DIVISIONJ        -10.636      9.159     -1.161      0.246
    POSSESSION         0.777      9.631      0.081      0.936

 DIVISION WITH
    POSSESSION        27.368     10.925      2.505      0.012

 Means
    KINSHIPJ          81.644      2.283     35.761      0.000
    MUTUALISMJ        71.468      3.554     20.108      0.000
    EXCHANGEJ         79.692      1.668     47.791      0.000
    HAWKJ             83.799      1.771     47.315      0.000
    DOVEJ             71.573      1.851     38.675      0.000
    DIVISIONJ         67.396      4.673     14.422      0.000
    POSSESSION        31.952      6.433      4.967      0.000

 Variances
    KINSHIPJ         100.639     24.292      4.143      0.000
    MUTUALISMJ       136.092     41.081      3.313      0.001
    EXCHANGEJ         42.271     11.342      3.727      0.000
    HAWKJ             41.427     13.266      3.123      0.002
    DOVEJ             64.573     19.201      3.363      0.001
    DIVISIONJ        387.067     73.213      5.287      0.000
    POSSESSION       238.052    101.015      2.357      0.018

Categorical Latent Variables

 Means
    C1#1               1.561      0.367      4.249      0.000
    C1#2               1.691      0.500      3.383      0.001
    C1#3               1.724      0.367      4.694      0.000
    C1#4               0.706      0.457      1.547      0.122
    C1#5              -0.505      0.512     -0.987      0.323


QUALITY OF NUMERICAL RESULTS

     Condition Number for the Information Matrix              0.136E-05
       (ratio of smallest to largest eigenvalue)


TECHNICAL 14 OUTPUT

     Random Starts Specifications for the k-1 Class Analysis Model
        Number of initial stage random starts                  20
        Number of final stage optimizations                     4

     Random Starts Specification for the k-1 Class Model for Generated Data
        Number of initial stage random starts                   0
        Number of final stage optimizations for the
           initial stage random starts                          0
     Random Starts Specification for the k Class Model for Generated Data
        Number of initial stage random starts                  40
        Number of final stage optimizations                     8
     Number of bootstrap draws requested                   Varies


     PARAMETRIC BOOTSTRAPPED LIKELIHOOD RATIO TEST FOR 5 (H0) VERSUS 6 CLASSES

          H0 Loglikelihood Value                       -39354.444
          2 Times the Loglikelihood Difference             52.773
          Difference in the Number of Parameters               15
          Approximate P-Value                              0.3077
          Successful Bootstrap Draws                           13


SAVEDATA INFORMATION


  Save file
    model_4_class_6.dat

  Order and format of variables

    KINSHIPJ       F10.3
    MUTUALIS       F10.3
    EXCHANGE       F10.3
    HAWKJ          F10.3
    DOVEJ          F10.3
    DIVISION       F10.3
    POSSESSI       F10.3
    CPROB1         F10.3
    CPROB2         F10.3
    CPROB3         F10.3
    CPROB4         F10.3
    CPROB5         F10.3
    CPROB6         F10.3
    C1             F10.3

  Save file format
    14F10.3

  Save file record length    10000


     Beginning Time:  10:16:55
        Ending Time:  10:17:53
       Elapsed Time:  00:00:58



MUTHEN & MUTHEN
3463 Stoner Ave.
Los Angeles, CA  90066

Tel: (310) 391-9971
Fax: (310) 391-8971
Web: www.StatModel.com
Support: Support@StatModel.com

Copyright (c) 1998-2018 Muthen & Muthen
