Mplus VERSION 8.2 (Mac)
MUTHEN & MUTHEN
10/09/2020   9:43 AM

INPUT INSTRUCTIONS

  TITLE:
  model 1 with 2 classes
  DATA:
  FILE = "data_624dd70f9f561f2c8c991d291c51b950.dat";

  VARIABLE:
  NAMES = KinshipJ MutualismJ ExchangeJ HawkJ DoveJ DivisionJ PossessionJ;
   MISSING=.;
   CLASSES = c1(2);

  ANALYSIS:
  TYPE = mixture;

  MODEL:
  %c1#1%
  KinshipJ (vKinshipJ);
  MutualismJ (vMutualismJ);
  ExchangeJ (vExchangeJ);
  HawkJ (vHawkJ);
  DoveJ (vDoveJ);
  DivisionJ (vDivisionJ);
  PossessionJ (vPossessionJ);

  KinshipJ WITH MutualismJ@0;
  KinshipJ WITH ExchangeJ@0;
  KinshipJ WITH HawkJ@0;
  KinshipJ WITH DoveJ@0;
  KinshipJ WITH DivisionJ@0;
  KinshipJ WITH PossessionJ@0;
  MutualismJ WITH ExchangeJ@0;
  MutualismJ WITH HawkJ@0;
  MutualismJ WITH DoveJ@0;
  MutualismJ WITH DivisionJ@0;
  MutualismJ WITH PossessionJ@0;
  ExchangeJ WITH HawkJ@0;
  ExchangeJ WITH DoveJ@0;
  ExchangeJ WITH DivisionJ@0;
  ExchangeJ WITH PossessionJ@0;
  HawkJ WITH DoveJ@0;
  HawkJ WITH DivisionJ@0;
  HawkJ WITH PossessionJ@0;
  DoveJ WITH DivisionJ@0;
  DoveJ WITH PossessionJ@0;
  DivisionJ WITH PossessionJ@0;

  %c1#2%
  KinshipJ (vKinshipJ);
  MutualismJ (vMutualismJ);
  ExchangeJ (vExchangeJ);
  HawkJ (vHawkJ);
  DoveJ (vDoveJ);
  DivisionJ (vDivisionJ);
  PossessionJ (vPossessionJ);

  KinshipJ WITH MutualismJ@0;
  KinshipJ WITH ExchangeJ@0;
  KinshipJ WITH HawkJ@0;
  KinshipJ WITH DoveJ@0;
  KinshipJ WITH DivisionJ@0;
  KinshipJ WITH PossessionJ@0;
  MutualismJ WITH ExchangeJ@0;
  MutualismJ WITH HawkJ@0;
  MutualismJ WITH DoveJ@0;
  MutualismJ WITH DivisionJ@0;
  MutualismJ WITH PossessionJ@0;
  ExchangeJ WITH HawkJ@0;
  ExchangeJ WITH DoveJ@0;
  ExchangeJ WITH DivisionJ@0;
  ExchangeJ WITH PossessionJ@0;
  HawkJ WITH DoveJ@0;
  HawkJ WITH DivisionJ@0;
  HawkJ WITH PossessionJ@0;
  DoveJ WITH DivisionJ@0;
  DoveJ WITH PossessionJ@0;
  DivisionJ WITH PossessionJ@0;


  OUTPUT:
  TECH14;

  SAVEDATA:
  FILE IS model_1_class_2.dat;
  SAVE = cprobabilities;



*** WARNING in VARIABLE command
  Note that only the first 8 characters of variable names are used in the output.
  Shorten variable names to avoid any confusion.
*** WARNING in MODEL command
  All variables are uncorrelated with all other variables within class.
  Check that this is what is intended.
   2 WARNING(S) FOUND IN THE INPUT INSTRUCTIONS




model 1 with 2 classes

SUMMARY OF ANALYSIS

Number of groups                                                 1
Number of observations                                        1392

Number of dependent variables                                    7
Number of independent variables                                  0
Number of continuous latent variables                            0
Number of categorical latent variables                           1

Observed dependent variables

  Continuous
   KINSHIPJ    MUTUALISMJ  EXCHANGEJ   HAWKJ       DOVEJ       DIVISIONJ
   POSSESSION

Categorical latent variables
   C1


Estimator                                                      MLR
Information matrix                                        OBSERVED
Optimization Specifications for the Quasi-Newton Algorithm for
Continuous Outcomes
  Maximum number of iterations                                 100
  Convergence criterion                                  0.100D-05
Optimization Specifications for the EM Algorithm
  Maximum number of iterations                                 500
  Convergence criteria
    Loglikelihood change                                 0.100D-06
    Relative loglikelihood change                        0.100D-06
    Derivative                                           0.100D-05
Optimization Specifications for the M step of the EM Algorithm for
Categorical Latent variables
  Number of M step iterations                                    1
  M step convergence criterion                           0.100D-05
  Basis for M step termination                           ITERATION
Optimization Specifications for the M step of the EM Algorithm for
Censored, Binary or Ordered Categorical (Ordinal), Unordered
Categorical (Nominal) and Count Outcomes
  Number of M step iterations                                    1
  M step convergence criterion                           0.100D-05
  Basis for M step termination                           ITERATION
  Maximum value for logit thresholds                            15
  Minimum value for logit thresholds                           -15
  Minimum expected cell size for chi-square              0.100D-01
Maximum number of iterations for H1                           2000
Convergence criterion for H1                             0.100D-03
Optimization algorithm                                         EMA
Random Starts Specifications
  Number of initial stage random starts                         20
  Number of final stage optimizations                            4
  Number of initial stage iterations                            10
  Initial stage convergence criterion                    0.100D+01
  Random starts scale                                    0.500D+01
  Random seed for generating random starts                       0

Input data file(s)
  data_624dd70f9f561f2c8c991d291c51b950.dat
Input data format  FREE


SUMMARY OF DATA

     Number of missing data patterns             1
     Number of y missing data patterns           1
     Number of u missing data patterns           0


COVARIANCE COVERAGE OF DATA

Minimum covariance coverage value   0.100


     PROPORTION OF DATA PRESENT FOR Y


           Covariance Coverage
              KINSHIPJ      MUTUALIS      EXCHANGE      HAWKJ         DOVEJ
              ________      ________      ________      ________      ________
 KINSHIPJ       1.000
 MUTUALIS       1.000         1.000
 EXCHANGE       1.000         1.000         1.000
 HAWKJ          1.000         1.000         1.000         1.000
 DOVEJ          1.000         1.000         1.000         1.000         1.000
 DIVISION       1.000         1.000         1.000         1.000         1.000
 POSSESSI       1.000         1.000         1.000         1.000         1.000


           Covariance Coverage
              DIVISION      POSSESSI
              ________      ________
 DIVISION       1.000
 POSSESSI       1.000         1.000



UNIVARIATE SAMPLE STATISTICS


     UNIVARIATE HIGHER-ORDER MOMENT DESCRIPTIVE STATISTICS

         Variable/         Mean/     Skewness/   Minimum/ % with                Percentiles
        Sample Size      Variance    Kurtosis    Maximum  Min/Max      20%/60%    40%/80%    Median

     KINSHIPJ             68.142      -0.400      12.667    0.07%      55.333     64.667     69.000
            1392.000     243.252      -0.028      99.333    0.07%      73.000     82.000
     MUTUALISMJ           64.403      -0.398      11.000    0.07%      53.000     61.667     65.000
            1392.000     184.479       0.162      96.000    0.07%      68.333     76.333
     EXCHANGEJ            71.836      -0.357      32.667    0.07%      62.667     69.667     72.667
            1392.000     127.269       0.056      98.000    0.14%      75.333     81.333
     HAWKJ                65.577      -0.286      11.000    0.07%      52.333     61.667     66.000
            1392.000     250.911      -0.258      99.667    0.14%      70.333     80.000
     DOVEJ                54.086      -0.377       2.000    0.07%      41.000     51.333     55.167
            1392.000     244.615      -0.092      92.333    0.07%      59.000     68.000
     DIVISIONJ            69.860      -0.574       6.333    0.07%      57.333     67.000     71.333
            1392.000     243.008       0.243     100.000    0.29%      75.333     83.000
     POSSESSIONJ          39.164       0.105       1.667    0.07%      26.000     35.000     39.333
            1392.000     234.437      -0.117      95.333    0.07%      43.000     52.000

RANDOM STARTS RESULTS RANKED FROM THE BEST TO THE WORST LOGLIKELIHOOD VALUES

Final stage loglikelihood values at local maxima, seeds, and initial stage start numbers:

          -39630.573  573096           20
          -39630.573  107446           12
          -39630.573  27071            15
          -39630.573  127215           9



THE BEST LOGLIKELIHOOD VALUE HAS BEEN REPLICATED.  RERUN WITH AT LEAST TWICE THE
RANDOM STARTS TO CHECK THAT THE BEST LOGLIKELIHOOD IS STILL OBTAINED AND REPLICATED.


THE MODEL ESTIMATION TERMINATED NORMALLY



MODEL FIT INFORMATION

Number of Free Parameters                       22

Loglikelihood

          H0 Value                      -39630.573
          H0 Scaling Correction Factor      1.0816
            for MLR

Information Criteria

          Akaike (AIC)                   79305.145
          Bayesian (BIC)                 79420.392
          Sample-Size Adjusted BIC       79350.506
            (n* = (n + 2) / 24)



FINAL CLASS COUNTS AND PROPORTIONS FOR THE LATENT CLASSES
BASED ON THE ESTIMATED MODEL

    Latent
   Classes

       1        583.03132          0.41884
       2        808.96868          0.58116


FINAL CLASS COUNTS AND PROPORTIONS FOR THE LATENT CLASSES
BASED ON ESTIMATED POSTERIOR PROBABILITIES

    Latent
   Classes

       1        583.03132          0.41884
       2        808.96868          0.58116


FINAL CLASS COUNTS AND PROPORTIONS FOR THE LATENT CLASSES
BASED ON THEIR MOST LIKELY LATENT CLASS MEMBERSHIP

Class Counts and Proportions

    Latent
   Classes

       1              575          0.41307
       2              817          0.58693


CLASSIFICATION QUALITY

     Entropy                         0.599


Average Latent Class Probabilities for Most Likely Latent Class Membership (Row)
by Latent Class (Column)

           1        2

    1   0.860    0.140
    2   0.108    0.892


Classification Probabilities for the Most Likely Latent Class Membership (Column)
by Latent Class (Row)

           1        2

    1   0.848    0.152
    2   0.100    0.900


Logits for the Classification Probabilities for the Most Likely Latent Class Membership (Column)
by Latent Class (Row)

              1        2

    1      1.720    0.000
    2     -2.202    0.000


MODEL RESULTS

                                                    Two-Tailed
                    Estimate       S.E.  Est./S.E.    P-Value

Latent Class 1

 KINSHIPJ WITH
    MUTUALISMJ         0.000      0.000    999.000    999.000
    EXCHANGEJ          0.000      0.000    999.000    999.000
    HAWKJ              0.000      0.000    999.000    999.000
    DOVEJ              0.000      0.000    999.000    999.000
    DIVISIONJ          0.000      0.000    999.000    999.000
    POSSESSION         0.000      0.000    999.000    999.000

 MUTUALIS WITH
    EXCHANGEJ          0.000      0.000    999.000    999.000
    HAWKJ              0.000      0.000    999.000    999.000
    DOVEJ              0.000      0.000    999.000    999.000
    DIVISIONJ          0.000      0.000    999.000    999.000
    POSSESSION         0.000      0.000    999.000    999.000

 EXCHANGE WITH
    HAWKJ              0.000      0.000    999.000    999.000
    DOVEJ              0.000      0.000    999.000    999.000
    DIVISIONJ          0.000      0.000    999.000    999.000
    POSSESSION         0.000      0.000    999.000    999.000

 HAWKJ    WITH
    DOVEJ              0.000      0.000    999.000    999.000
    DIVISIONJ          0.000      0.000    999.000    999.000
    POSSESSION         0.000      0.000    999.000    999.000

 DOVEJ    WITH
    DIVISIONJ          0.000      0.000    999.000    999.000
    POSSESSION         0.000      0.000    999.000    999.000

 DIVISION WITH
    POSSESSION         0.000      0.000    999.000    999.000

 Means
    KINSHIPJ          58.112      0.965     60.198      0.000
    MUTUALISMJ        56.891      0.856     66.480      0.000
    EXCHANGEJ         65.301      0.716     91.201      0.000
    HAWKJ             58.075      0.891     65.192      0.000
    DOVEJ             47.079      0.891     52.855      0.000
    DIVISIONJ         65.869      0.803     82.060      0.000
    POSSESSION        39.659      0.686     57.837      0.000

 Variances
    KINSHIPJ         170.745      9.087     18.791      0.000
    MUTUALISMJ       143.808      6.919     20.784      0.000
    EXCHANGEJ         96.489      4.509     21.400      0.000
    HAWKJ            210.356      8.892     23.657      0.000
    DOVEJ            209.234      8.926     23.442      0.000
    DIVISIONJ        231.532      9.998     23.157      0.000
    POSSESSION       234.260      8.643     27.103      0.000

Latent Class 2

 KINSHIPJ WITH
    MUTUALISMJ         0.000      0.000    999.000    999.000
    EXCHANGEJ          0.000      0.000    999.000    999.000
    HAWKJ              0.000      0.000    999.000    999.000
    DOVEJ              0.000      0.000    999.000    999.000
    DIVISIONJ          0.000      0.000    999.000    999.000
    POSSESSION         0.000      0.000    999.000    999.000

 MUTUALIS WITH
    EXCHANGEJ          0.000      0.000    999.000    999.000
    HAWKJ              0.000      0.000    999.000    999.000
    DOVEJ              0.000      0.000    999.000    999.000
    DIVISIONJ          0.000      0.000    999.000    999.000
    POSSESSION         0.000      0.000    999.000    999.000

 EXCHANGE WITH
    HAWKJ              0.000      0.000    999.000    999.000
    DOVEJ              0.000      0.000    999.000    999.000
    DIVISIONJ          0.000      0.000    999.000    999.000
    POSSESSION         0.000      0.000    999.000    999.000

 HAWKJ    WITH
    DOVEJ              0.000      0.000    999.000    999.000
    DIVISIONJ          0.000      0.000    999.000    999.000
    POSSESSION         0.000      0.000    999.000    999.000

 DOVEJ    WITH
    DIVISIONJ          0.000      0.000    999.000    999.000
    POSSESSION         0.000      0.000    999.000    999.000

 DIVISION WITH
    POSSESSION         0.000      0.000    999.000    999.000

 Means
    KINSHIPJ          75.371      0.772     97.570      0.000
    MUTUALISMJ        69.817      0.602    115.928      0.000
    EXCHANGEJ         76.546      0.497    154.166      0.000
    HAWKJ             70.983      0.721     98.493      0.000
    DOVEJ             59.135      0.700     84.470      0.000
    DIVISIONJ         72.736      0.683    106.530      0.000
    POSSESSION        38.807      0.640     60.623      0.000

 Variances
    KINSHIPJ         170.745      9.087     18.791      0.000
    MUTUALISMJ       143.808      6.919     20.784      0.000
    EXCHANGEJ         96.489      4.509     21.400      0.000
    HAWKJ            210.356      8.892     23.657      0.000
    DOVEJ            209.234      8.926     23.442      0.000
    DIVISIONJ        231.532      9.998     23.157      0.000
    POSSESSION       234.260      8.643     27.103      0.000

Categorical Latent Variables

 Means
    C1#1              -0.328      0.140     -2.343      0.019


QUALITY OF NUMERICAL RESULTS

     Condition Number for the Information Matrix              0.750E-02
       (ratio of smallest to largest eigenvalue)


TECHNICAL 14 OUTPUT

     Random Starts Specifications for the k-1 Class Analysis Model
        Number of initial stage random starts                  20
        Number of final stage optimizations                     4

     Random Starts Specification for the k-1 Class Model for Generated Data
        Number of initial stage random starts                   0
        Number of final stage optimizations for the
           initial stage random starts                          0
     Random Starts Specification for the k Class Model for Generated Data
        Number of initial stage random starts                  40
        Number of final stage optimizations                     8
     Number of bootstrap draws requested                   Varies


     PARAMETRIC BOOTSTRAPPED LIKELIHOOD RATIO TEST FOR 1 (H0) VERSUS 2 CLASSES

          H0 Loglikelihood Value                       -39949.103
          2 Times the Loglikelihood Difference            637.061
          Difference in the Number of Parameters                8
          Approximate P-Value                              0.0000
          Successful Bootstrap Draws                            5

     WARNING:  OF THE 5 BOOTSTRAP DRAWS, 3 DRAWS HAD BOTH A SMALLER LRT VALUE THAN THE
     OBSERVED LRT VALUE AND NOT A REPLICATED BEST LOGLIKELIHOOD VALUE FOR THE 2-CLASS MODEL.
     THIS MEANS THAT THE P-VALUE MAY NOT BE TRUSTWORTHY DUE TO LOCAL MAXIMA.
     INCREASE THE NUMBER OF RANDOM STARTS USING THE LRTSTARTS OPTION.



SAVEDATA INFORMATION


  Save file
    model_1_class_2.dat

  Order and format of variables

    KINSHIPJ       F10.3
    MUTUALIS       F10.3
    EXCHANGE       F10.3
    HAWKJ          F10.3
    DOVEJ          F10.3
    DIVISION       F10.3
    POSSESSI       F10.3
    CPROB1         F10.3
    CPROB2         F10.3
    C1             F10.3

  Save file format
    10F10.3

  Save file record length    10000


     Beginning Time:  09:43:33
        Ending Time:  09:43:35
       Elapsed Time:  00:00:02



MUTHEN & MUTHEN
3463 Stoner Ave.
Los Angeles, CA  90066

Tel: (310) 391-9971
Fax: (310) 391-8971
Web: www.StatModel.com
Support: Support@StatModel.com

Copyright (c) 1998-2018 Muthen & Muthen
