Mplus VERSION 8.2 (Mac)
MUTHEN & MUTHEN
08/26/2020   9:48 AM

INPUT INSTRUCTIONS

  TITLE:
  model 1 with 6 classes
  DATA:
  FILE = "data_624dd70f9f561f2c8c991d291c51b950.dat";

  VARIABLE:
  NAMES = KinshipJ MutualismJ ExchangeJ HawkJ DoveJ DivisionJ PossessionJ;
   MISSING=.;
   CLASSES = c1(6);

  ANALYSIS:
  TYPE = mixture;

  MODEL:
  %c1#1%
  KinshipJ (vKinshipJ);
  MutualismJ (vMutualismJ);
  ExchangeJ (vExchangeJ);
  HawkJ (vHawkJ);
  DoveJ (vDoveJ);
  DivisionJ (vDivisionJ);
  PossessionJ (vPossessionJ);

  KinshipJ WITH MutualismJ@0;
  KinshipJ WITH ExchangeJ@0;
  KinshipJ WITH HawkJ@0;
  KinshipJ WITH DoveJ@0;
  KinshipJ WITH DivisionJ@0;
  KinshipJ WITH PossessionJ@0;
  MutualismJ WITH ExchangeJ@0;
  MutualismJ WITH HawkJ@0;
  MutualismJ WITH DoveJ@0;
  MutualismJ WITH DivisionJ@0;
  MutualismJ WITH PossessionJ@0;
  ExchangeJ WITH HawkJ@0;
  ExchangeJ WITH DoveJ@0;
  ExchangeJ WITH DivisionJ@0;
  ExchangeJ WITH PossessionJ@0;
  HawkJ WITH DoveJ@0;
  HawkJ WITH DivisionJ@0;
  HawkJ WITH PossessionJ@0;
  DoveJ WITH DivisionJ@0;
  DoveJ WITH PossessionJ@0;
  DivisionJ WITH PossessionJ@0;

  %c1#2%
  KinshipJ (vKinshipJ);
  MutualismJ (vMutualismJ);
  ExchangeJ (vExchangeJ);
  HawkJ (vHawkJ);
  DoveJ (vDoveJ);
  DivisionJ (vDivisionJ);
  PossessionJ (vPossessionJ);

  KinshipJ WITH MutualismJ@0;
  KinshipJ WITH ExchangeJ@0;
  KinshipJ WITH HawkJ@0;
  KinshipJ WITH DoveJ@0;
  KinshipJ WITH DivisionJ@0;
  KinshipJ WITH PossessionJ@0;
  MutualismJ WITH ExchangeJ@0;
  MutualismJ WITH HawkJ@0;
  MutualismJ WITH DoveJ@0;
  MutualismJ WITH DivisionJ@0;
  MutualismJ WITH PossessionJ@0;
  ExchangeJ WITH HawkJ@0;
  ExchangeJ WITH DoveJ@0;
  ExchangeJ WITH DivisionJ@0;
  ExchangeJ WITH PossessionJ@0;
  HawkJ WITH DoveJ@0;
  HawkJ WITH DivisionJ@0;
  HawkJ WITH PossessionJ@0;
  DoveJ WITH DivisionJ@0;
  DoveJ WITH PossessionJ@0;
  DivisionJ WITH PossessionJ@0;

  %c1#3%
  KinshipJ (vKinshipJ);
  MutualismJ (vMutualismJ);
  ExchangeJ (vExchangeJ);
  HawkJ (vHawkJ);
  DoveJ (vDoveJ);
  DivisionJ (vDivisionJ);
  PossessionJ (vPossessionJ);

  KinshipJ WITH MutualismJ@0;
  KinshipJ WITH ExchangeJ@0;
  KinshipJ WITH HawkJ@0;
  KinshipJ WITH DoveJ@0;
  KinshipJ WITH DivisionJ@0;
  KinshipJ WITH PossessionJ@0;
  MutualismJ WITH ExchangeJ@0;
  MutualismJ WITH HawkJ@0;
  MutualismJ WITH DoveJ@0;
  MutualismJ WITH DivisionJ@0;
  MutualismJ WITH PossessionJ@0;
  ExchangeJ WITH HawkJ@0;
  ExchangeJ WITH DoveJ@0;
  ExchangeJ WITH DivisionJ@0;
  ExchangeJ WITH PossessionJ@0;
  HawkJ WITH DoveJ@0;
  HawkJ WITH DivisionJ@0;
  HawkJ WITH PossessionJ@0;
  DoveJ WITH DivisionJ@0;
  DoveJ WITH PossessionJ@0;
  DivisionJ WITH PossessionJ@0;

  %c1#4%
  KinshipJ (vKinshipJ);
  MutualismJ (vMutualismJ);
  ExchangeJ (vExchangeJ);
  HawkJ (vHawkJ);
  DoveJ (vDoveJ);
  DivisionJ (vDivisionJ);
  PossessionJ (vPossessionJ);

  KinshipJ WITH MutualismJ@0;
  KinshipJ WITH ExchangeJ@0;
  KinshipJ WITH HawkJ@0;
  KinshipJ WITH DoveJ@0;
  KinshipJ WITH DivisionJ@0;
  KinshipJ WITH PossessionJ@0;
  MutualismJ WITH ExchangeJ@0;
  MutualismJ WITH HawkJ@0;
  MutualismJ WITH DoveJ@0;
  MutualismJ WITH DivisionJ@0;
  MutualismJ WITH PossessionJ@0;
  ExchangeJ WITH HawkJ@0;
  ExchangeJ WITH DoveJ@0;
  ExchangeJ WITH DivisionJ@0;
  ExchangeJ WITH PossessionJ@0;
  HawkJ WITH DoveJ@0;
  HawkJ WITH DivisionJ@0;
  HawkJ WITH PossessionJ@0;
  DoveJ WITH DivisionJ@0;
  DoveJ WITH PossessionJ@0;
  DivisionJ WITH PossessionJ@0;

  %c1#5%
  KinshipJ (vKinshipJ);
  MutualismJ (vMutualismJ);
  ExchangeJ (vExchangeJ);
  HawkJ (vHawkJ);
  DoveJ (vDoveJ);
  DivisionJ (vDivisionJ);
  PossessionJ (vPossessionJ);

  KinshipJ WITH MutualismJ@0;
  KinshipJ WITH ExchangeJ@0;
  KinshipJ WITH HawkJ@0;
  KinshipJ WITH DoveJ@0;
  KinshipJ WITH DivisionJ@0;
  KinshipJ WITH PossessionJ@0;
  MutualismJ WITH ExchangeJ@0;
  MutualismJ WITH HawkJ@0;
  MutualismJ WITH DoveJ@0;
  MutualismJ WITH DivisionJ@0;
  MutualismJ WITH PossessionJ@0;
  ExchangeJ WITH HawkJ@0;
  ExchangeJ WITH DoveJ@0;
  ExchangeJ WITH DivisionJ@0;
  ExchangeJ WITH PossessionJ@0;
  HawkJ WITH DoveJ@0;
  HawkJ WITH DivisionJ@0;
  HawkJ WITH PossessionJ@0;
  DoveJ WITH DivisionJ@0;
  DoveJ WITH PossessionJ@0;
  DivisionJ WITH PossessionJ@0;

  %c1#6%
  KinshipJ (vKinshipJ);
  MutualismJ (vMutualismJ);
  ExchangeJ (vExchangeJ);
  HawkJ (vHawkJ);
  DoveJ (vDoveJ);
  DivisionJ (vDivisionJ);
  PossessionJ (vPossessionJ);

  KinshipJ WITH MutualismJ@0;
  KinshipJ WITH ExchangeJ@0;
  KinshipJ WITH HawkJ@0;
  KinshipJ WITH DoveJ@0;
  KinshipJ WITH DivisionJ@0;
  KinshipJ WITH PossessionJ@0;
  MutualismJ WITH ExchangeJ@0;
  MutualismJ WITH HawkJ@0;
  MutualismJ WITH DoveJ@0;
  MutualismJ WITH DivisionJ@0;
  MutualismJ WITH PossessionJ@0;
  ExchangeJ WITH HawkJ@0;
  ExchangeJ WITH DoveJ@0;
  ExchangeJ WITH DivisionJ@0;
  ExchangeJ WITH PossessionJ@0;
  HawkJ WITH DoveJ@0;
  HawkJ WITH DivisionJ@0;
  HawkJ WITH PossessionJ@0;
  DoveJ WITH DivisionJ@0;
  DoveJ WITH PossessionJ@0;
  DivisionJ WITH PossessionJ@0;


  OUTPUT:
  TECH14;

  SAVEDATA:
  FILE IS model_1_class_6.dat;
  SAVE = cprobabilities;



*** WARNING in VARIABLE command
  Note that only the first 8 characters of variable names are used in the output.
  Shorten variable names to avoid any confusion.
*** WARNING in MODEL command
  All variables are uncorrelated with all other variables within class.
  Check that this is what is intended.
   2 WARNING(S) FOUND IN THE INPUT INSTRUCTIONS




model 1 with 6 classes

SUMMARY OF ANALYSIS

Number of groups                                                 1
Number of observations                                        1392

Number of dependent variables                                    7
Number of independent variables                                  0
Number of continuous latent variables                            0
Number of categorical latent variables                           1

Observed dependent variables

  Continuous
   KINSHIPJ    MUTUALISMJ  EXCHANGEJ   HAWKJ       DOVEJ       DIVISIONJ
   POSSESSION

Categorical latent variables
   C1


Estimator                                                      MLR
Information matrix                                        OBSERVED
Optimization Specifications for the Quasi-Newton Algorithm for
Continuous Outcomes
  Maximum number of iterations                                 100
  Convergence criterion                                  0.100D-05
Optimization Specifications for the EM Algorithm
  Maximum number of iterations                                 500
  Convergence criteria
    Loglikelihood change                                 0.100D-06
    Relative loglikelihood change                        0.100D-06
    Derivative                                           0.100D-05
Optimization Specifications for the M step of the EM Algorithm for
Categorical Latent variables
  Number of M step iterations                                    1
  M step convergence criterion                           0.100D-05
  Basis for M step termination                           ITERATION
Optimization Specifications for the M step of the EM Algorithm for
Censored, Binary or Ordered Categorical (Ordinal), Unordered
Categorical (Nominal) and Count Outcomes
  Number of M step iterations                                    1
  M step convergence criterion                           0.100D-05
  Basis for M step termination                           ITERATION
  Maximum value for logit thresholds                            15
  Minimum value for logit thresholds                           -15
  Minimum expected cell size for chi-square              0.100D-01
Maximum number of iterations for H1                           2000
Convergence criterion for H1                             0.100D-03
Optimization algorithm                                         EMA
Random Starts Specifications
  Number of initial stage random starts                         20
  Number of final stage optimizations                            4
  Number of initial stage iterations                            10
  Initial stage convergence criterion                    0.100D+01
  Random starts scale                                    0.500D+01
  Random seed for generating random starts                       0

Input data file(s)
  data_624dd70f9f561f2c8c991d291c51b950.dat
Input data format  FREE


SUMMARY OF DATA

     Number of missing data patterns             1
     Number of y missing data patterns           1
     Number of u missing data patterns           0


COVARIANCE COVERAGE OF DATA

Minimum covariance coverage value   0.100


     PROPORTION OF DATA PRESENT FOR Y


           Covariance Coverage
              KINSHIPJ      MUTUALIS      EXCHANGE      HAWKJ         DOVEJ
              ________      ________      ________      ________      ________
 KINSHIPJ       1.000
 MUTUALIS       1.000         1.000
 EXCHANGE       1.000         1.000         1.000
 HAWKJ          1.000         1.000         1.000         1.000
 DOVEJ          1.000         1.000         1.000         1.000         1.000
 DIVISION       1.000         1.000         1.000         1.000         1.000
 POSSESSI       1.000         1.000         1.000         1.000         1.000


           Covariance Coverage
              DIVISION      POSSESSI
              ________      ________
 DIVISION       1.000
 POSSESSI       1.000         1.000



UNIVARIATE SAMPLE STATISTICS


     UNIVARIATE HIGHER-ORDER MOMENT DESCRIPTIVE STATISTICS

         Variable/         Mean/     Skewness/   Minimum/ % with                Percentiles
        Sample Size      Variance    Kurtosis    Maximum  Min/Max      20%/60%    40%/80%    Median

     KINSHIPJ             68.142      -0.400      12.667    0.07%      55.333     64.667     69.000
            1392.000     243.252      -0.028      99.333    0.07%      73.000     82.000
     MUTUALISMJ           64.403      -0.398      11.000    0.07%      53.000     61.667     65.000
            1392.000     184.479       0.162      96.000    0.07%      68.333     76.333
     EXCHANGEJ            71.836      -0.357      32.667    0.07%      62.667     69.667     72.667
            1392.000     127.269       0.056      98.000    0.14%      75.333     81.333
     HAWKJ                65.577      -0.286      11.000    0.07%      52.333     61.667     66.000
            1392.000     250.911      -0.258      99.667    0.14%      70.333     80.000
     DOVEJ                54.086      -0.377       2.000    0.07%      41.000     51.333     55.167
            1392.000     244.615      -0.092      92.333    0.07%      59.000     68.000
     DIVISIONJ            69.860      -0.574       6.333    0.07%      57.333     67.000     71.333
            1392.000     243.008       0.243     100.000    0.29%      75.333     83.000
     POSSESSIONJ          39.164       0.105       1.667    0.07%      26.000     35.000     39.333
            1392.000     234.437      -0.117      95.333    0.07%      43.000     52.000

RANDOM STARTS RESULTS RANKED FROM THE BEST TO THE WORST LOGLIKELIHOOD VALUES

Final stage loglikelihood values at local maxima, seeds, and initial stage start numbers:

          -39497.277  27071            15
          -39498.269  285380           1
          -39506.689  76974            16
          -39506.689  462953           7



     WARNING:  THE BEST LOGLIKELIHOOD VALUE WAS NOT REPLICATED.  THE
     SOLUTION MAY NOT BE TRUSTWORTHY DUE TO LOCAL MAXIMA.  INCREASE THE
     NUMBER OF RANDOM STARTS.


THE MODEL ESTIMATION TERMINATED NORMALLY



MODEL FIT INFORMATION

Number of Free Parameters                       54

Loglikelihood

          H0 Value                      -39497.277
          H0 Scaling Correction Factor      1.3581
            for MLR

Information Criteria

          Akaike (AIC)                   79102.553
          Bayesian (BIC)                 79385.432
          Sample-Size Adjusted BIC       79213.895
            (n* = (n + 2) / 24)



FINAL CLASS COUNTS AND PROPORTIONS FOR THE LATENT CLASSES
BASED ON THE ESTIMATED MODEL

    Latent
   Classes

       1         83.66214          0.06010
       2        650.43257          0.46726
       3        158.54200          0.11390
       4         53.04979          0.03811
       5         75.60477          0.05431
       6        370.70873          0.26631


FINAL CLASS COUNTS AND PROPORTIONS FOR THE LATENT CLASSES
BASED ON ESTIMATED POSTERIOR PROBABILITIES

    Latent
   Classes

       1         83.66214          0.06010
       2        650.43257          0.46726
       3        158.54200          0.11390
       4         53.04979          0.03811
       5         75.60477          0.05431
       6        370.70873          0.26631


FINAL CLASS COUNTS AND PROPORTIONS FOR THE LATENT CLASSES
BASED ON THEIR MOST LIKELY LATENT CLASS MEMBERSHIP

Class Counts and Proportions

    Latent
   Classes

       1               69          0.04957
       2              715          0.51365
       3              149          0.10704
       4               48          0.03448
       5               62          0.04454
       6              349          0.25072


CLASSIFICATION QUALITY

     Entropy                         0.664


Average Latent Class Probabilities for Most Likely Latent Class Membership (Row)
by Latent Class (Column)

           1        2        3        4        5        6

    1   0.729    0.165    0.089    0.014    0.001    0.003
    2   0.034    0.751    0.052    0.015    0.026    0.122
    3   0.054    0.160    0.741    0.044    0.001    0.000
    4   0.019    0.124    0.106    0.687    0.064    0.001
    5   0.002    0.126    0.000    0.026    0.768    0.077
    6   0.000    0.185    0.000    0.000    0.018    0.797


Classification Probabilities for the Most Likely Latent Class Membership (Column)
by Latent Class (Row)

           1        2        3        4        5        6

    1   0.601    0.289    0.095    0.011    0.002    0.002
    2   0.017    0.825    0.037    0.009    0.012    0.099
    3   0.039    0.233    0.696    0.032    0.000    0.000
    4   0.018    0.204    0.125    0.621    0.031    0.001
    5   0.001    0.247    0.001    0.041    0.630    0.081
    6   0.001    0.236    0.000    0.000    0.013    0.750


Logits for the Classification Probabilities for the Most Likely Latent Class Membership (Column)
by Latent Class (Row)

              1        2        3        4        5        6

    1      5.861    5.130    4.021    1.848    0.028    0.000
    2     -1.737    2.119   -0.993   -2.387   -2.114    0.000
    3      5.509    7.302    8.398    5.324    0.198    0.000
    4      3.584    5.990    5.498    7.104    4.103    0.000
    5     -4.931    1.111   -4.327   -0.695    2.048    0.000
    6     -7.178   -1.156   -8.897   -9.136   -4.063    0.000


MODEL RESULTS

                                                    Two-Tailed
                    Estimate       S.E.  Est./S.E.    P-Value

Latent Class 1

 KINSHIPJ WITH
    MUTUALISMJ         0.000      0.000    999.000    999.000
    EXCHANGEJ          0.000      0.000    999.000    999.000
    HAWKJ              0.000      0.000    999.000    999.000
    DOVEJ              0.000      0.000    999.000    999.000
    DIVISIONJ          0.000      0.000    999.000    999.000
    POSSESSION         0.000      0.000    999.000    999.000

 MUTUALIS WITH
    EXCHANGEJ          0.000      0.000    999.000    999.000
    HAWKJ              0.000      0.000    999.000    999.000
    DOVEJ              0.000      0.000    999.000    999.000
    DIVISIONJ          0.000      0.000    999.000    999.000
    POSSESSION         0.000      0.000    999.000    999.000

 EXCHANGE WITH
    HAWKJ              0.000      0.000    999.000    999.000
    DOVEJ              0.000      0.000    999.000    999.000
    DIVISIONJ          0.000      0.000    999.000    999.000
    POSSESSION         0.000      0.000    999.000    999.000

 HAWKJ    WITH
    DOVEJ              0.000      0.000    999.000    999.000
    DIVISIONJ          0.000      0.000    999.000    999.000
    POSSESSION         0.000      0.000    999.000    999.000

 DOVEJ    WITH
    DIVISIONJ          0.000      0.000    999.000    999.000
    POSSESSION         0.000      0.000    999.000    999.000

 DIVISION WITH
    POSSESSION         0.000      0.000    999.000    999.000

 Means
    KINSHIPJ          42.380      9.662      4.386      0.000
    MUTUALISMJ        60.211      3.051     19.734      0.000
    EXCHANGEJ         71.563      4.105     17.435      0.000
    HAWKJ             50.283      8.017      6.272      0.000
    DOVEJ             38.100      3.898      9.775      0.000
    DIVISIONJ         71.523      4.487     15.939      0.000
    POSSESSION        41.819      2.074     20.167      0.000

 Variances
    KINSHIPJ         149.957     10.817     13.863      0.000
    MUTUALISMJ       134.075      8.082     16.589      0.000
    EXCHANGEJ         71.754      8.595      8.349      0.000
    HAWKJ            200.478     10.858     18.463      0.000
    DOVEJ            203.235      9.389     21.646      0.000
    DIVISIONJ        155.654     13.012     11.962      0.000
    POSSESSION       227.988      8.604     26.499      0.000

Latent Class 2

 KINSHIPJ WITH
    MUTUALISMJ         0.000      0.000    999.000    999.000
    EXCHANGEJ          0.000      0.000    999.000    999.000
    HAWKJ              0.000      0.000    999.000    999.000
    DOVEJ              0.000      0.000    999.000    999.000
    DIVISIONJ          0.000      0.000    999.000    999.000
    POSSESSION         0.000      0.000    999.000    999.000

 MUTUALIS WITH
    EXCHANGEJ          0.000      0.000    999.000    999.000
    HAWKJ              0.000      0.000    999.000    999.000
    DOVEJ              0.000      0.000    999.000    999.000
    DIVISIONJ          0.000      0.000    999.000    999.000
    POSSESSION         0.000      0.000    999.000    999.000

 EXCHANGE WITH
    HAWKJ              0.000      0.000    999.000    999.000
    DOVEJ              0.000      0.000    999.000    999.000
    DIVISIONJ          0.000      0.000    999.000    999.000
    POSSESSION         0.000      0.000    999.000    999.000

 HAWKJ    WITH
    DOVEJ              0.000      0.000    999.000    999.000
    DIVISIONJ          0.000      0.000    999.000    999.000
    POSSESSION         0.000      0.000    999.000    999.000

 DOVEJ    WITH
    DIVISIONJ          0.000      0.000    999.000    999.000
    POSSESSION         0.000      0.000    999.000    999.000

 DIVISION WITH
    POSSESSION         0.000      0.000    999.000    999.000

 Means
    KINSHIPJ          67.435      3.076     21.921      0.000
    MUTUALISMJ        63.850      1.390     45.951      0.000
    EXCHANGEJ         70.735      0.902     78.399      0.000
    HAWKJ             65.055      2.034     31.985      0.000
    DOVEJ             52.840      2.562     20.622      0.000
    DIVISIONJ         70.817      1.245     56.872      0.000
    POSSESSION        39.323      0.967     40.649      0.000

 Variances
    KINSHIPJ         149.957     10.817     13.863      0.000
    MUTUALISMJ       134.075      8.082     16.589      0.000
    EXCHANGEJ         71.754      8.595      8.349      0.000
    HAWKJ            200.478     10.858     18.463      0.000
    DOVEJ            203.235      9.389     21.646      0.000
    DIVISIONJ        155.654     13.012     11.962      0.000
    POSSESSION       227.988      8.604     26.499      0.000

Latent Class 3

 KINSHIPJ WITH
    MUTUALISMJ         0.000      0.000    999.000    999.000
    EXCHANGEJ          0.000      0.000    999.000    999.000
    HAWKJ              0.000      0.000    999.000    999.000
    DOVEJ              0.000      0.000    999.000    999.000
    DIVISIONJ          0.000      0.000    999.000    999.000
    POSSESSION         0.000      0.000    999.000    999.000

 MUTUALIS WITH
    EXCHANGEJ          0.000      0.000    999.000    999.000
    HAWKJ              0.000      0.000    999.000    999.000
    DOVEJ              0.000      0.000    999.000    999.000
    DIVISIONJ          0.000      0.000    999.000    999.000
    POSSESSION         0.000      0.000    999.000    999.000

 EXCHANGE WITH
    HAWKJ              0.000      0.000    999.000    999.000
    DOVEJ              0.000      0.000    999.000    999.000
    DIVISIONJ          0.000      0.000    999.000    999.000
    POSSESSION         0.000      0.000    999.000    999.000

 HAWKJ    WITH
    DOVEJ              0.000      0.000    999.000    999.000
    DIVISIONJ          0.000      0.000    999.000    999.000
    POSSESSION         0.000      0.000    999.000    999.000

 DOVEJ    WITH
    DIVISIONJ          0.000      0.000    999.000    999.000
    POSSESSION         0.000      0.000    999.000    999.000

 DIVISION WITH
    POSSESSION         0.000      0.000    999.000    999.000

 Means
    KINSHIPJ          56.992      2.107     27.045      0.000
    MUTUALISMJ        53.197      1.810     29.395      0.000
    EXCHANGEJ         55.208      1.917     28.799      0.000
    HAWKJ             54.132      1.850     29.262      0.000
    DOVEJ             47.676      2.589     18.415      0.000
    DIVISIONJ         66.219      2.737     24.193      0.000
    POSSESSION        39.135      1.385     28.261      0.000

 Variances
    KINSHIPJ         149.957     10.817     13.863      0.000
    MUTUALISMJ       134.075      8.082     16.589      0.000
    EXCHANGEJ         71.754      8.595      8.349      0.000
    HAWKJ            200.478     10.858     18.463      0.000
    DOVEJ            203.235      9.389     21.646      0.000
    DIVISIONJ        155.654     13.012     11.962      0.000
    POSSESSION       227.988      8.604     26.499      0.000

Latent Class 4

 KINSHIPJ WITH
    MUTUALISMJ         0.000      0.000    999.000    999.000
    EXCHANGEJ          0.000      0.000    999.000    999.000
    HAWKJ              0.000      0.000    999.000    999.000
    DOVEJ              0.000      0.000    999.000    999.000
    DIVISIONJ          0.000      0.000    999.000    999.000
    POSSESSION         0.000      0.000    999.000    999.000

 MUTUALIS WITH
    EXCHANGEJ          0.000      0.000    999.000    999.000
    HAWKJ              0.000      0.000    999.000    999.000
    DOVEJ              0.000      0.000    999.000    999.000
    DIVISIONJ          0.000      0.000    999.000    999.000
    POSSESSION         0.000      0.000    999.000    999.000

 EXCHANGE WITH
    HAWKJ              0.000      0.000    999.000    999.000
    DOVEJ              0.000      0.000    999.000    999.000
    DIVISIONJ          0.000      0.000    999.000    999.000
    POSSESSION         0.000      0.000    999.000    999.000

 HAWKJ    WITH
    DOVEJ              0.000      0.000    999.000    999.000
    DIVISIONJ          0.000      0.000    999.000    999.000
    POSSESSION         0.000      0.000    999.000    999.000

 DOVEJ    WITH
    DIVISIONJ          0.000      0.000    999.000    999.000
    POSSESSION         0.000      0.000    999.000    999.000

 DIVISION WITH
    POSSESSION         0.000      0.000    999.000    999.000

 Means
    KINSHIPJ          60.651      5.844     10.378      0.000
    MUTUALISMJ        45.675      7.854      5.816      0.000
    EXCHANGEJ         65.856      4.265     15.443      0.000
    HAWKJ             64.718      6.412     10.093      0.000
    DOVEJ             48.700      7.129      6.832      0.000
    DIVISIONJ         42.202      5.428      7.775      0.000
    POSSESSION        39.500      3.731     10.587      0.000

 Variances
    KINSHIPJ         149.957     10.817     13.863      0.000
    MUTUALISMJ       134.075      8.082     16.589      0.000
    EXCHANGEJ         71.754      8.595      8.349      0.000
    HAWKJ            200.478     10.858     18.463      0.000
    DOVEJ            203.235      9.389     21.646      0.000
    DIVISIONJ        155.654     13.012     11.962      0.000
    POSSESSION       227.988      8.604     26.499      0.000

Latent Class 5

 KINSHIPJ WITH
    MUTUALISMJ         0.000      0.000    999.000    999.000
    EXCHANGEJ          0.000      0.000    999.000    999.000
    HAWKJ              0.000      0.000    999.000    999.000
    DOVEJ              0.000      0.000    999.000    999.000
    DIVISIONJ          0.000      0.000    999.000    999.000
    POSSESSION         0.000      0.000    999.000    999.000

 MUTUALIS WITH
    EXCHANGEJ          0.000      0.000    999.000    999.000
    HAWKJ              0.000      0.000    999.000    999.000
    DOVEJ              0.000      0.000    999.000    999.000
    DIVISIONJ          0.000      0.000    999.000    999.000
    POSSESSION         0.000      0.000    999.000    999.000

 EXCHANGE WITH
    HAWKJ              0.000      0.000    999.000    999.000
    DOVEJ              0.000      0.000    999.000    999.000
    DIVISIONJ          0.000      0.000    999.000    999.000
    POSSESSION         0.000      0.000    999.000    999.000

 HAWKJ    WITH
    DOVEJ              0.000      0.000    999.000    999.000
    DIVISIONJ          0.000      0.000    999.000    999.000
    POSSESSION         0.000      0.000    999.000    999.000

 DOVEJ    WITH
    DIVISIONJ          0.000      0.000    999.000    999.000
    POSSESSION         0.000      0.000    999.000    999.000

 DIVISION WITH
    POSSESSION         0.000      0.000    999.000    999.000

 Means
    KINSHIPJ          77.649      2.747     28.263      0.000
    MUTUALISMJ        66.610      3.717     17.921      0.000
    EXCHANGEJ         78.633      2.165     36.322      0.000
    HAWKJ             68.095      3.716     18.323      0.000
    DOVEJ             64.162      2.742     23.396      0.000
    DIVISIONJ         44.141      3.304     13.358      0.000
    POSSESSION        28.967      2.711     10.683      0.000

 Variances
    KINSHIPJ         149.957     10.817     13.863      0.000
    MUTUALISMJ       134.075      8.082     16.589      0.000
    EXCHANGEJ         71.754      8.595      8.349      0.000
    HAWKJ            200.478     10.858     18.463      0.000
    DOVEJ            203.235      9.389     21.646      0.000
    DIVISIONJ        155.654     13.012     11.962      0.000
    POSSESSION       227.988      8.604     26.499      0.000

Latent Class 6

 KINSHIPJ WITH
    MUTUALISMJ         0.000      0.000    999.000    999.000
    EXCHANGEJ          0.000      0.000    999.000    999.000
    HAWKJ              0.000      0.000    999.000    999.000
    DOVEJ              0.000      0.000    999.000    999.000
    DIVISIONJ          0.000      0.000    999.000    999.000
    POSSESSION         0.000      0.000    999.000    999.000

 MUTUALIS WITH
    EXCHANGEJ          0.000      0.000    999.000    999.000
    HAWKJ              0.000      0.000    999.000    999.000
    DOVEJ              0.000      0.000    999.000    999.000
    DIVISIONJ          0.000      0.000    999.000    999.000
    POSSESSION         0.000      0.000    999.000    999.000

 EXCHANGE WITH
    HAWKJ              0.000      0.000    999.000    999.000
    DOVEJ              0.000      0.000    999.000    999.000
    DIVISIONJ          0.000      0.000    999.000    999.000
    POSSESSION         0.000      0.000    999.000    999.000

 HAWKJ    WITH
    DOVEJ              0.000      0.000    999.000    999.000
    DIVISIONJ          0.000      0.000    999.000    999.000
    POSSESSION         0.000      0.000    999.000    999.000

 DOVEJ    WITH
    DIVISIONJ          0.000      0.000    999.000    999.000
    POSSESSION         0.000      0.000    999.000    999.000

 DIVISION WITH
    POSSESSION         0.000      0.000    999.000    999.000

 Means
    KINSHIPJ          79.099      1.100     71.899      0.000
    MUTUALISMJ        73.340      1.387     52.861      0.000
    EXCHANGEJ         80.410      1.697     47.372      0.000
    HAWKJ             74.448      1.188     62.685      0.000
    DOVEJ             61.336      1.141     53.766      0.000
    DIVISIONJ         78.563      1.382     56.857      0.000
    POSSESSION        40.330      1.240     32.536      0.000

 Variances
    KINSHIPJ         149.957     10.817     13.863      0.000
    MUTUALISMJ       134.075      8.082     16.589      0.000
    EXCHANGEJ         71.754      8.595      8.349      0.000
    HAWKJ            200.478     10.858     18.463      0.000
    DOVEJ            203.235      9.389     21.646      0.000
    DIVISIONJ        155.654     13.012     11.962      0.000
    POSSESSION       227.988      8.604     26.499      0.000

Categorical Latent Variables

 Means
    C1#1              -1.489      0.961     -1.550      0.121
    C1#2               0.562      0.278      2.022      0.043
    C1#3              -0.849      0.427     -1.988      0.047
    C1#4              -1.944      0.839     -2.317      0.021
    C1#5              -1.590      0.318     -5.002      0.000


QUALITY OF NUMERICAL RESULTS

     Condition Number for the Information Matrix              0.375E-03
       (ratio of smallest to largest eigenvalue)


TECHNICAL 14 OUTPUT

     Random Starts Specifications for the k-1 Class Analysis Model
        Number of initial stage random starts                  20
        Number of final stage optimizations                     4

     Random Starts Specification for the k-1 Class Model for Generated Data
        Number of initial stage random starts                   0
        Number of final stage optimizations for the
           initial stage random starts                          0
     Random Starts Specification for the k Class Model for Generated Data
        Number of initial stage random starts                  40
        Number of final stage optimizations                     8
     Number of bootstrap draws requested                   Varies


     PARAMETRIC BOOTSTRAPPED LIKELIHOOD RATIO TEST FOR 5 (H0) VERSUS 6 CLASSES

          H0 Loglikelihood Value                       -39515.497
          2 Times the Loglikelihood Difference             36.441
          Difference in the Number of Parameters                8
          Approximate P-Value                              0.0000
          Successful Bootstrap Draws                           20


SAVEDATA INFORMATION


  Save file
    model_1_class_6.dat

  Order and format of variables

    KINSHIPJ       F10.3
    MUTUALIS       F10.3
    EXCHANGE       F10.3
    HAWKJ          F10.3
    DOVEJ          F10.3
    DIVISION       F10.3
    POSSESSI       F10.3
    CPROB1         F10.3
    CPROB2         F10.3
    CPROB3         F10.3
    CPROB4         F10.3
    CPROB5         F10.3
    CPROB6         F10.3
    C1             F10.3

  Save file format
    14F10.3

  Save file record length    10000


     Beginning Time:  09:48:25
        Ending Time:  09:49:06
       Elapsed Time:  00:00:41



MUTHEN & MUTHEN
3463 Stoner Ave.
Los Angeles, CA  90066

Tel: (310) 391-9971
Fax: (310) 391-8971
Web: www.StatModel.com
Support: Support@StatModel.com

Copyright (c) 1998-2018 Muthen & Muthen
