Mplus VERSION 8.2 (Mac)
MUTHEN & MUTHEN
08/26/2020  12:16 PM

INPUT INSTRUCTIONS

  TITLE:
  model 6 with 7 classes
  DATA:
  FILE = "data_624dd70f9f561f2c8c991d291c51b950.dat";

  VARIABLE:
  NAMES = KinshipJ MutualismJ ExchangeJ HawkJ DoveJ DivisionJ PossessionJ;
   MISSING=.;
   CLASSES = c1(7);

  ANALYSIS:
  TYPE = mixture;

  MODEL:
  %c1#1%
  KinshipJ (vKinshipJ1);
  MutualismJ (vMutualismJ1);
  ExchangeJ (vExchangeJ1);
  HawkJ (vHawkJ1);
  DoveJ (vDoveJ1);
  DivisionJ (vDivisionJ1);
  PossessionJ (vPossessionJ1);

  KinshipJ WITH MutualismJ (KinshipJWMutualismJ1);
  KinshipJ WITH ExchangeJ (KinshipJWExchangeJ1);
  KinshipJ WITH HawkJ (KinshipJWHawkJ1);
  KinshipJ WITH DoveJ (KinshipJWDoveJ1);
  KinshipJ WITH DivisionJ (KinshipJWDivisionJ1);
  KinshipJ WITH PossessionJ (KinshipJWPossessionJ1);
  MutualismJ WITH ExchangeJ (MutualismJWExchangeJ1);
  MutualismJ WITH HawkJ (MutualismJWHawkJ1);
  MutualismJ WITH DoveJ (MutualismJWDoveJ1);
  MutualismJ WITH DivisionJ (MutualismJWDivisionJ1);
  MutualismJ WITH PossessionJ (MutualismJWPossessionJ1);
  ExchangeJ WITH HawkJ (ExchangeJWHawkJ1);
  ExchangeJ WITH DoveJ (ExchangeJWDoveJ1);
  ExchangeJ WITH DivisionJ (ExchangeJWDivisionJ1);
  ExchangeJ WITH PossessionJ (ExchangeJWPossessionJ1);
  HawkJ WITH DoveJ (HawkJWDoveJ1);
  HawkJ WITH DivisionJ (HawkJWDivisionJ1);
  HawkJ WITH PossessionJ (HawkJWPossessionJ1);
  DoveJ WITH DivisionJ (DoveJWDivisionJ1);
  DoveJ WITH PossessionJ (DoveJWPossessionJ1);
  DivisionJ WITH PossessionJ (DivisionJWPossessionJ1);

  %c1#2%
  KinshipJ (vKinshipJ2);
  MutualismJ (vMutualismJ2);
  ExchangeJ (vExchangeJ2);
  HawkJ (vHawkJ2);
  DoveJ (vDoveJ2);
  DivisionJ (vDivisionJ2);
  PossessionJ (vPossessionJ2);

  KinshipJ WITH MutualismJ (KinshipJWMutualismJ2);
  KinshipJ WITH ExchangeJ (KinshipJWExchangeJ2);
  KinshipJ WITH HawkJ (KinshipJWHawkJ2);
  KinshipJ WITH DoveJ (KinshipJWDoveJ2);
  KinshipJ WITH DivisionJ (KinshipJWDivisionJ2);
  KinshipJ WITH PossessionJ (KinshipJWPossessionJ2);
  MutualismJ WITH ExchangeJ (MutualismJWExchangeJ2);
  MutualismJ WITH HawkJ (MutualismJWHawkJ2);
  MutualismJ WITH DoveJ (MutualismJWDoveJ2);
  MutualismJ WITH DivisionJ (MutualismJWDivisionJ2);
  MutualismJ WITH PossessionJ (MutualismJWPossessionJ2);
  ExchangeJ WITH HawkJ (ExchangeJWHawkJ2);
  ExchangeJ WITH DoveJ (ExchangeJWDoveJ2);
  ExchangeJ WITH DivisionJ (ExchangeJWDivisionJ2);
  ExchangeJ WITH PossessionJ (ExchangeJWPossessionJ2);
  HawkJ WITH DoveJ (HawkJWDoveJ2);
  HawkJ WITH DivisionJ (HawkJWDivisionJ2);
  HawkJ WITH PossessionJ (HawkJWPossessionJ2);
  DoveJ WITH DivisionJ (DoveJWDivisionJ2);
  DoveJ WITH PossessionJ (DoveJWPossessionJ2);
  DivisionJ WITH PossessionJ (DivisionJWPossessionJ2);

  %c1#3%
  KinshipJ (vKinshipJ3);
  MutualismJ (vMutualismJ3);
  ExchangeJ (vExchangeJ3);
  HawkJ (vHawkJ3);
  DoveJ (vDoveJ3);
  DivisionJ (vDivisionJ3);
  PossessionJ (vPossessionJ3);

  KinshipJ WITH MutualismJ (KinshipJWMutualismJ3);
  KinshipJ WITH ExchangeJ (KinshipJWExchangeJ3);
  KinshipJ WITH HawkJ (KinshipJWHawkJ3);
  KinshipJ WITH DoveJ (KinshipJWDoveJ3);
  KinshipJ WITH DivisionJ (KinshipJWDivisionJ3);
  KinshipJ WITH PossessionJ (KinshipJWPossessionJ3);
  MutualismJ WITH ExchangeJ (MutualismJWExchangeJ3);
  MutualismJ WITH HawkJ (MutualismJWHawkJ3);
  MutualismJ WITH DoveJ (MutualismJWDoveJ3);
  MutualismJ WITH DivisionJ (MutualismJWDivisionJ3);
  MutualismJ WITH PossessionJ (MutualismJWPossessionJ3);
  ExchangeJ WITH HawkJ (ExchangeJWHawkJ3);
  ExchangeJ WITH DoveJ (ExchangeJWDoveJ3);
  ExchangeJ WITH DivisionJ (ExchangeJWDivisionJ3);
  ExchangeJ WITH PossessionJ (ExchangeJWPossessionJ3);
  HawkJ WITH DoveJ (HawkJWDoveJ3);
  HawkJ WITH DivisionJ (HawkJWDivisionJ3);
  HawkJ WITH PossessionJ (HawkJWPossessionJ3);
  DoveJ WITH DivisionJ (DoveJWDivisionJ3);
  DoveJ WITH PossessionJ (DoveJWPossessionJ3);
  DivisionJ WITH PossessionJ (DivisionJWPossessionJ3);

  %c1#4%
  KinshipJ (vKinshipJ4);
  MutualismJ (vMutualismJ4);
  ExchangeJ (vExchangeJ4);
  HawkJ (vHawkJ4);
  DoveJ (vDoveJ4);
  DivisionJ (vDivisionJ4);
  PossessionJ (vPossessionJ4);

  KinshipJ WITH MutualismJ (KinshipJWMutualismJ4);
  KinshipJ WITH ExchangeJ (KinshipJWExchangeJ4);
  KinshipJ WITH HawkJ (KinshipJWHawkJ4);
  KinshipJ WITH DoveJ (KinshipJWDoveJ4);
  KinshipJ WITH DivisionJ (KinshipJWDivisionJ4);
  KinshipJ WITH PossessionJ (KinshipJWPossessionJ4);
  MutualismJ WITH ExchangeJ (MutualismJWExchangeJ4);
  MutualismJ WITH HawkJ (MutualismJWHawkJ4);
  MutualismJ WITH DoveJ (MutualismJWDoveJ4);
  MutualismJ WITH DivisionJ (MutualismJWDivisionJ4);
  MutualismJ WITH PossessionJ (MutualismJWPossessionJ4);
  ExchangeJ WITH HawkJ (ExchangeJWHawkJ4);
  ExchangeJ WITH DoveJ (ExchangeJWDoveJ4);
  ExchangeJ WITH DivisionJ (ExchangeJWDivisionJ4);
  ExchangeJ WITH PossessionJ (ExchangeJWPossessionJ4);
  HawkJ WITH DoveJ (HawkJWDoveJ4);
  HawkJ WITH DivisionJ (HawkJWDivisionJ4);
  HawkJ WITH PossessionJ (HawkJWPossessionJ4);
  DoveJ WITH DivisionJ (DoveJWDivisionJ4);
  DoveJ WITH PossessionJ (DoveJWPossessionJ4);
  DivisionJ WITH PossessionJ (DivisionJWPossessionJ4);

  %c1#5%
  KinshipJ (vKinshipJ5);
  MutualismJ (vMutualismJ5);
  ExchangeJ (vExchangeJ5);
  HawkJ (vHawkJ5);
  DoveJ (vDoveJ5);
  DivisionJ (vDivisionJ5);
  PossessionJ (vPossessionJ5);

  KinshipJ WITH MutualismJ (KinshipJWMutualismJ5);
  KinshipJ WITH ExchangeJ (KinshipJWExchangeJ5);
  KinshipJ WITH HawkJ (KinshipJWHawkJ5);
  KinshipJ WITH DoveJ (KinshipJWDoveJ5);
  KinshipJ WITH DivisionJ (KinshipJWDivisionJ5);
  KinshipJ WITH PossessionJ (KinshipJWPossessionJ5);
  MutualismJ WITH ExchangeJ (MutualismJWExchangeJ5);
  MutualismJ WITH HawkJ (MutualismJWHawkJ5);
  MutualismJ WITH DoveJ (MutualismJWDoveJ5);
  MutualismJ WITH DivisionJ (MutualismJWDivisionJ5);
  MutualismJ WITH PossessionJ (MutualismJWPossessionJ5);
  ExchangeJ WITH HawkJ (ExchangeJWHawkJ5);
  ExchangeJ WITH DoveJ (ExchangeJWDoveJ5);
  ExchangeJ WITH DivisionJ (ExchangeJWDivisionJ5);
  ExchangeJ WITH PossessionJ (ExchangeJWPossessionJ5);
  HawkJ WITH DoveJ (HawkJWDoveJ5);
  HawkJ WITH DivisionJ (HawkJWDivisionJ5);
  HawkJ WITH PossessionJ (HawkJWPossessionJ5);
  DoveJ WITH DivisionJ (DoveJWDivisionJ5);
  DoveJ WITH PossessionJ (DoveJWPossessionJ5);
  DivisionJ WITH PossessionJ (DivisionJWPossessionJ5);

  %c1#6%
  KinshipJ (vKinshipJ6);
  MutualismJ (vMutualismJ6);
  ExchangeJ (vExchangeJ6);
  HawkJ (vHawkJ6);
  DoveJ (vDoveJ6);
  DivisionJ (vDivisionJ6);
  PossessionJ (vPossessionJ6);

  KinshipJ WITH MutualismJ (KinshipJWMutualismJ6);
  KinshipJ WITH ExchangeJ (KinshipJWExchangeJ6);
  KinshipJ WITH HawkJ (KinshipJWHawkJ6);
  KinshipJ WITH DoveJ (KinshipJWDoveJ6);
  KinshipJ WITH DivisionJ (KinshipJWDivisionJ6);
  KinshipJ WITH PossessionJ (KinshipJWPossessionJ6);
  MutualismJ WITH ExchangeJ (MutualismJWExchangeJ6);
  MutualismJ WITH HawkJ (MutualismJWHawkJ6);
  MutualismJ WITH DoveJ (MutualismJWDoveJ6);
  MutualismJ WITH DivisionJ (MutualismJWDivisionJ6);
  MutualismJ WITH PossessionJ (MutualismJWPossessionJ6);
  ExchangeJ WITH HawkJ (ExchangeJWHawkJ6);
  ExchangeJ WITH DoveJ (ExchangeJWDoveJ6);
  ExchangeJ WITH DivisionJ (ExchangeJWDivisionJ6);
  ExchangeJ WITH PossessionJ (ExchangeJWPossessionJ6);
  HawkJ WITH DoveJ (HawkJWDoveJ6);
  HawkJ WITH DivisionJ (HawkJWDivisionJ6);
  HawkJ WITH PossessionJ (HawkJWPossessionJ6);
  DoveJ WITH DivisionJ (DoveJWDivisionJ6);
  DoveJ WITH PossessionJ (DoveJWPossessionJ6);
  DivisionJ WITH PossessionJ (DivisionJWPossessionJ6);

  %c1#7%
  KinshipJ (vKinshipJ7);
  MutualismJ (vMutualismJ7);
  ExchangeJ (vExchangeJ7);
  HawkJ (vHawkJ7);
  DoveJ (vDoveJ7);
  DivisionJ (vDivisionJ7);
  PossessionJ (vPossessionJ7);

  KinshipJ WITH MutualismJ (KinshipJWMutualismJ7);
  KinshipJ WITH ExchangeJ (KinshipJWExchangeJ7);
  KinshipJ WITH HawkJ (KinshipJWHawkJ7);
  KinshipJ WITH DoveJ (KinshipJWDoveJ7);
  KinshipJ WITH DivisionJ (KinshipJWDivisionJ7);
  KinshipJ WITH PossessionJ (KinshipJWPossessionJ7);
  MutualismJ WITH ExchangeJ (MutualismJWExchangeJ7);
  MutualismJ WITH HawkJ (MutualismJWHawkJ7);
  MutualismJ WITH DoveJ (MutualismJWDoveJ7);
  MutualismJ WITH DivisionJ (MutualismJWDivisionJ7);
  MutualismJ WITH PossessionJ (MutualismJWPossessionJ7);
  ExchangeJ WITH HawkJ (ExchangeJWHawkJ7);
  ExchangeJ WITH DoveJ (ExchangeJWDoveJ7);
  ExchangeJ WITH DivisionJ (ExchangeJWDivisionJ7);
  ExchangeJ WITH PossessionJ (ExchangeJWPossessionJ7);
  HawkJ WITH DoveJ (HawkJWDoveJ7);
  HawkJ WITH DivisionJ (HawkJWDivisionJ7);
  HawkJ WITH PossessionJ (HawkJWPossessionJ7);
  DoveJ WITH DivisionJ (DoveJWDivisionJ7);
  DoveJ WITH PossessionJ (DoveJWPossessionJ7);
  DivisionJ WITH PossessionJ (DivisionJWPossessionJ7);


  OUTPUT:
  TECH14;

  SAVEDATA:
  FILE IS model_6_class_7.dat;
  SAVE = cprobabilities;



*** WARNING in VARIABLE command
  Note that only the first 8 characters of variable names are used in the output.
  Shorten variable names to avoid any confusion.
*** WARNING in MODEL command
  All variables are uncorrelated with all other variables within class.
  Check that this is what is intended.
   2 WARNING(S) FOUND IN THE INPUT INSTRUCTIONS




model 6 with 7 classes

SUMMARY OF ANALYSIS

Number of groups                                                 1
Number of observations                                        1392

Number of dependent variables                                    7
Number of independent variables                                  0
Number of continuous latent variables                            0
Number of categorical latent variables                           1

Observed dependent variables

  Continuous
   KINSHIPJ    MUTUALISMJ  EXCHANGEJ   HAWKJ       DOVEJ       DIVISIONJ
   POSSESSION

Categorical latent variables
   C1


Estimator                                                      MLR
Information matrix                                        OBSERVED
Optimization Specifications for the Quasi-Newton Algorithm for
Continuous Outcomes
  Maximum number of iterations                                 100
  Convergence criterion                                  0.100D-05
Optimization Specifications for the EM Algorithm
  Maximum number of iterations                                 500
  Convergence criteria
    Loglikelihood change                                 0.100D-06
    Relative loglikelihood change                        0.100D-06
    Derivative                                           0.100D-05
Optimization Specifications for the M step of the EM Algorithm for
Categorical Latent variables
  Number of M step iterations                                    1
  M step convergence criterion                           0.100D-05
  Basis for M step termination                           ITERATION
Optimization Specifications for the M step of the EM Algorithm for
Censored, Binary or Ordered Categorical (Ordinal), Unordered
Categorical (Nominal) and Count Outcomes
  Number of M step iterations                                    1
  M step convergence criterion                           0.100D-05
  Basis for M step termination                           ITERATION
  Maximum value for logit thresholds                            15
  Minimum value for logit thresholds                           -15
  Minimum expected cell size for chi-square              0.100D-01
Maximum number of iterations for H1                           2000
Convergence criterion for H1                             0.100D-03
Optimization algorithm                                         EMA
Random Starts Specifications
  Number of initial stage random starts                         20
  Number of final stage optimizations                            4
  Number of initial stage iterations                            10
  Initial stage convergence criterion                    0.100D+01
  Random starts scale                                    0.500D+01
  Random seed for generating random starts                       0

Input data file(s)
  data_624dd70f9f561f2c8c991d291c51b950.dat
Input data format  FREE


SUMMARY OF DATA

     Number of missing data patterns             1
     Number of y missing data patterns           1
     Number of u missing data patterns           0


COVARIANCE COVERAGE OF DATA

Minimum covariance coverage value   0.100


     PROPORTION OF DATA PRESENT FOR Y


           Covariance Coverage
              KINSHIPJ      MUTUALIS      EXCHANGE      HAWKJ         DOVEJ
              ________      ________      ________      ________      ________
 KINSHIPJ       1.000
 MUTUALIS       1.000         1.000
 EXCHANGE       1.000         1.000         1.000
 HAWKJ          1.000         1.000         1.000         1.000
 DOVEJ          1.000         1.000         1.000         1.000         1.000
 DIVISION       1.000         1.000         1.000         1.000         1.000
 POSSESSI       1.000         1.000         1.000         1.000         1.000


           Covariance Coverage
              DIVISION      POSSESSI
              ________      ________
 DIVISION       1.000
 POSSESSI       1.000         1.000



UNIVARIATE SAMPLE STATISTICS


     UNIVARIATE HIGHER-ORDER MOMENT DESCRIPTIVE STATISTICS

         Variable/         Mean/     Skewness/   Minimum/ % with                Percentiles
        Sample Size      Variance    Kurtosis    Maximum  Min/Max      20%/60%    40%/80%    Median

     KINSHIPJ             68.142      -0.400      12.667    0.07%      55.333     64.667     69.000
            1392.000     243.252      -0.028      99.333    0.07%      73.000     82.000
     MUTUALISMJ           64.403      -0.398      11.000    0.07%      53.000     61.667     65.000
            1392.000     184.479       0.162      96.000    0.07%      68.333     76.333
     EXCHANGEJ            71.836      -0.357      32.667    0.07%      62.667     69.667     72.667
            1392.000     127.269       0.056      98.000    0.14%      75.333     81.333
     HAWKJ                65.577      -0.286      11.000    0.07%      52.333     61.667     66.000
            1392.000     250.911      -0.258      99.667    0.14%      70.333     80.000
     DOVEJ                54.086      -0.377       2.000    0.07%      41.000     51.333     55.167
            1392.000     244.615      -0.092      92.333    0.07%      59.000     68.000
     DIVISIONJ            69.860      -0.574       6.333    0.07%      57.333     67.000     71.333
            1392.000     243.008       0.243     100.000    0.29%      75.333     83.000
     POSSESSIONJ          39.164       0.105       1.667    0.07%      26.000     35.000     39.333
            1392.000     234.437      -0.117      95.333    0.07%      43.000     52.000

RANDOM STARTS RESULTS RANKED FROM THE BEST TO THE WORST LOGLIKELIHOOD VALUES

Unperturbed starting value run did not converge in the initial stage
optimizations.

10 perturbed starting value run(s) did not converge in the initial stage
optimizations.

Final stage loglikelihood values at local maxima, seeds, and initial stage start numbers:

          -39189.028  195873           6
          -39200.454  608496           4

2 perturbed starting value run(s) did not converge.



     WARNING:  THE BEST LOGLIKELIHOOD VALUE WAS NOT REPLICATED.  THE
     SOLUTION MAY NOT BE TRUSTWORTHY DUE TO LOCAL MAXIMA.  INCREASE THE
     NUMBER OF RANDOM STARTS.

     THE STANDARD ERRORS OF THE MODEL PARAMETER ESTIMATES MAY NOT BE
     TRUSTWORTHY FOR SOME PARAMETERS DUE TO A NON-POSITIVE DEFINITE
     FIRST-ORDER DERIVATIVE PRODUCT MATRIX.  THIS MAY BE DUE TO THE STARTING
     VALUES BUT MAY ALSO BE AN INDICATION OF MODEL NONIDENTIFICATION.  THE
     CONDITION NUMBER IS      -0.195D-16.  PROBLEM INVOLVING THE FOLLOWING PARAMETER:
     Parameter 9, %C1#1%: MUTUALISMJ WITH KINSHIPJ (equality/label)


THE MODEL ESTIMATION TERMINATED NORMALLY



MODEL FIT INFORMATION

Number of Free Parameters                      251

Loglikelihood

          H0 Value                      -39189.028
          H0 Scaling Correction Factor      1.1137
            for MLR

Information Criteria

          Akaike (AIC)                   78880.057
          Bayesian (BIC)                 80194.919
          Sample-Size Adjusted BIC       79397.588
            (n* = (n + 2) / 24)



FINAL CLASS COUNTS AND PROPORTIONS FOR THE LATENT CLASSES
BASED ON THE ESTIMATED MODEL

    Latent
   Classes

       1          8.98946          0.00646
       2        130.72592          0.09391
       3        253.93226          0.18242
       4        314.81541          0.22616
       5        376.46033          0.27045
       6         46.62802          0.03350
       7        260.44859          0.18710


FINAL CLASS COUNTS AND PROPORTIONS FOR THE LATENT CLASSES
BASED ON ESTIMATED POSTERIOR PROBABILITIES

    Latent
   Classes

       1          8.98946          0.00646
       2        130.72592          0.09391
       3        253.93226          0.18242
       4        314.81541          0.22616
       5        376.46033          0.27045
       6         46.62802          0.03350
       7        260.44859          0.18710


FINAL CLASS COUNTS AND PROPORTIONS FOR THE LATENT CLASSES
BASED ON THEIR MOST LIKELY LATENT CLASS MEMBERSHIP

Class Counts and Proportions

    Latent
   Classes

       1                9          0.00647
       2              128          0.09195
       3              218          0.15661
       4              322          0.23132
       5              398          0.28592
       6               52          0.03736
       7              265          0.19037


CLASSIFICATION QUALITY

     Entropy                         0.673


Average Latent Class Probabilities for Most Likely Latent Class Membership (Row)
by Latent Class (Column)

           1        2        3        4        5        6        7

    1   0.999    0.001    0.001    0.000    0.000    0.000    0.000
    2   0.000    0.775    0.041    0.140    0.044    0.000    0.000
    3   0.000    0.019    0.778    0.083    0.079    0.000    0.041
    4   0.000    0.064    0.101    0.691    0.120    0.003    0.022
    5   0.000    0.017    0.081    0.112    0.715    0.003    0.072
    6   0.000    0.000    0.013    0.046    0.123    0.750    0.067
    7   0.000    0.000    0.053    0.035    0.091    0.020    0.801


Classification Probabilities for the Most Likely Latent Class Membership (Column)
by Latent Class (Row)

           1        2        3        4        5        6        7

    1   1.000    0.000    0.000    0.000    0.000    0.000    0.000
    2   0.000    0.759    0.032    0.157    0.053    0.000    0.000
    3   0.000    0.021    0.668    0.128    0.126    0.003    0.055
    4   0.000    0.057    0.057    0.707    0.142    0.008    0.030
    5   0.000    0.015    0.046    0.102    0.756    0.017    0.064
    6   0.000    0.000    0.000    0.021    0.029    0.837    0.113
    7   0.000    0.000    0.035    0.027    0.110    0.013    0.815


Logits for the Classification Probabilities for the Most Likely Latent Class Membership (Column)
by Latent Class (Row)

              1        2        3        4        5        6        7

    1     13.816    0.000    0.000    0.000    0.000    0.000    0.000
    2      0.120    9.953    6.777    8.376    7.286   -3.191    0.000
    3     -7.943   -0.980    2.493    0.837    0.827   -3.027    0.000
    4    -10.301    0.647    0.654    3.167    1.560   -1.370    0.000
    5    -11.068   -1.458   -0.332    0.469    2.467   -1.326    0.000
    6    -11.638  -11.638   -7.418   -1.700   -1.368    1.999    0.000
    7    -13.611   -9.230   -3.160   -3.399   -2.003   -4.103    0.000


MODEL RESULTS

                                                    Two-Tailed
                    Estimate       S.E.  Est./S.E.    P-Value

Latent Class 1

 KINSHIPJ WITH
    MUTUALISMJ         4.193     44.878      0.093      0.926
    EXCHANGEJ         54.020     45.876      1.178      0.239
    HAWKJ            149.295     93.779      1.592      0.111
    DOVEJ            335.295    128.116      2.617      0.009
    DIVISIONJ        -85.084     71.147     -1.196      0.232
    POSSESSION        51.313     38.758      1.324      0.186

 MUTUALIS WITH
    EXCHANGEJ         30.011     34.583      0.868      0.386
    HAWKJ             58.202     58.879      0.988      0.323
    DOVEJ            -25.941     62.870     -0.413      0.680
    DIVISIONJ        -77.883     37.877     -2.056      0.040
    POSSESSION       -87.836     27.097     -3.242      0.001

 EXCHANGE WITH
    HAWKJ             70.068     77.149      0.908      0.364
    DOVEJ            153.035     65.061      2.352      0.019
    DIVISIONJ        -47.805     36.826     -1.298      0.194
    POSSESSION        13.354     57.896      0.231      0.818

 HAWKJ    WITH
    DOVEJ            215.989     98.373      2.196      0.028
    DIVISIONJ         -6.200     67.098     -0.092      0.926
    POSSESSION       -55.882     70.446     -0.793      0.428

 DOVEJ    WITH
    DIVISIONJ         -3.381     82.694     -0.041      0.967
    POSSESSION       103.942     71.664      1.450      0.147

 DIVISION WITH
    POSSESSION        74.157     40.754      1.820      0.069

 Means
    KINSHIPJ          58.778      6.981      8.420      0.000
    MUTUALISMJ        26.920      2.996      8.986      0.000
    EXCHANGEJ         57.734      4.001     14.430      0.000
    HAWKJ             70.219      5.740     12.232      0.000
    DOVEJ             54.667      6.976      7.836      0.000
    DIVISIONJ         40.044      3.913     10.234      0.000
    POSSESSION        26.561      3.839      6.919      0.000

 Variances
    KINSHIPJ         434.918    203.597      2.136      0.033
    MUTUALISMJ        80.251     26.814      2.993      0.003
    EXCHANGEJ        143.503     47.479      3.022      0.003
    HAWKJ            294.168     95.049      3.095      0.002
    DOVEJ            434.309     76.307      5.692      0.000
    DIVISIONJ        136.969     43.373      3.158      0.002
    POSSESSION       131.755     43.110      3.056      0.002

Latent Class 2

 KINSHIPJ WITH
    MUTUALISMJ       -34.642     24.912     -1.391      0.164
    EXCHANGEJ        -94.410     51.076     -1.848      0.065
    HAWKJ             46.689     28.432      1.642      0.101
    DOVEJ             79.700     33.435      2.384      0.017
    DIVISIONJ        -34.065     36.523     -0.933      0.351
    POSSESSION       -16.365     26.707     -0.613      0.540

 MUTUALIS WITH
    EXCHANGEJ         16.393     20.995      0.781      0.435
    HAWKJ             -1.208     27.977     -0.043      0.966
    DOVEJ              7.222     32.064      0.225      0.822
    DIVISIONJ         27.576     20.840      1.323      0.186
    POSSESSION       -10.999     17.944     -0.613      0.540

 EXCHANGE WITH
    HAWKJ            -29.475     26.383     -1.117      0.264
    DOVEJ             -5.430     18.523     -0.293      0.769
    DIVISIONJ        -22.073     25.475     -0.866      0.386
    POSSESSION        17.525     18.190      0.963      0.335

 HAWKJ    WITH
    DOVEJ             20.771     36.736      0.565      0.572
    DIVISIONJ        -32.438     33.845     -0.958      0.338
    POSSESSION        -1.025     26.412     -0.039      0.969

 DOVEJ    WITH
    DIVISIONJ        -29.720     40.057     -0.742      0.458
    POSSESSION        -4.277     26.602     -0.161      0.872

 DIVISION WITH
    POSSESSION        43.049     43.467      0.990      0.322

 Means
    KINSHIPJ          51.034      2.364     21.586      0.000
    MUTUALISMJ        56.404      2.339     24.114      0.000
    EXCHANGEJ         56.200      1.815     30.963      0.000
    HAWKJ             51.561      2.088     24.690      0.000
    DOVEJ             47.006      3.480     13.509      0.000
    DIVISIONJ         62.347      2.532     24.624      0.000
    POSSESSION        40.447      3.156     12.814      0.000

 Variances
    KINSHIPJ         250.297     64.621      3.873      0.000
    MUTUALISMJ       128.170     26.141      4.903      0.000
    EXCHANGEJ         97.444     23.362      4.171      0.000
    HAWKJ            211.960     46.223      4.586      0.000
    DOVEJ            336.567     65.590      5.131      0.000
    DIVISIONJ        292.194     60.330      4.843      0.000
    POSSESSION       140.864     27.721      5.082      0.000

Latent Class 3

 KINSHIPJ WITH
    MUTUALISMJ        11.630     27.531      0.422      0.673
    EXCHANGEJ        -20.218     11.645     -1.736      0.083
    HAWKJ             40.722     24.036      1.694      0.090
    DOVEJ             24.373     42.841      0.569      0.569
    DIVISIONJ        -39.189     30.581     -1.281      0.200
    POSSESSION       -59.649     25.921     -2.301      0.021

 MUTUALIS WITH
    EXCHANGEJ         37.192     17.773      2.093      0.036
    HAWKJ              2.909     22.645      0.128      0.898
    DOVEJ             33.445     46.490      0.719      0.472
    DIVISIONJ         18.788     47.883      0.392      0.695
    POSSESSION       -27.981     36.456     -0.768      0.443

 EXCHANGE WITH
    HAWKJ            -16.403     15.919     -1.030      0.303
    DOVEJ             23.313     16.986      1.372      0.170
    DIVISIONJ        -26.523     20.920     -1.268      0.205
    POSSESSION       -31.504     15.457     -2.038      0.042

 HAWKJ    WITH
    DOVEJ             39.220     27.826      1.409      0.159
    DIVISIONJ        -34.620     38.416     -0.901      0.367
    POSSESSION        48.481     24.443      1.983      0.047

 DOVEJ    WITH
    DIVISIONJ        -72.834     27.412     -2.657      0.008
    POSSESSION       -81.639     47.518     -1.718      0.086

 DIVISION WITH
    POSSESSION        72.028     25.450      2.830      0.005

 Means
    KINSHIPJ          64.498      2.544     25.356      0.000
    MUTUALISMJ        60.649      3.218     18.846      0.000
    EXCHANGEJ         74.766      1.556     48.049      0.000
    HAWKJ             64.619      2.781     23.234      0.000
    DOVEJ             42.231      4.229      9.987      0.000
    DIVISIONJ         62.556      2.242     27.902      0.000
    POSSESSION        38.256      3.592     10.649      0.000

 Variances
    KINSHIPJ         198.147     37.364      5.303      0.000
    MUTUALISMJ       240.806     37.398      6.439      0.000
    EXCHANGEJ         79.782      9.874      8.080      0.000
    HAWKJ            219.737     23.570      9.323      0.000
    DOVEJ            243.501     47.741      5.100      0.000
    DIVISIONJ        302.618     48.294      6.266      0.000
    POSSESSION       203.623     33.069      6.158      0.000

Latent Class 4

 KINSHIPJ WITH
    MUTUALISMJ        28.015     17.206      1.628      0.103
    EXCHANGEJ         86.479     22.217      3.892      0.000
    HAWKJ             35.878     30.443      1.179      0.239
    DOVEJ             58.438     17.094      3.419      0.001
    DIVISIONJ        -23.767     17.870     -1.330      0.184
    POSSESSION         3.011     22.176      0.136      0.892

 MUTUALIS WITH
    EXCHANGEJ         37.849     16.235      2.331      0.020
    HAWKJ             38.595     32.365      1.193      0.233
    DOVEJ             46.756     27.009      1.731      0.083
    DIVISIONJ        -60.151     68.880     -0.873      0.383
    POSSESSION       -29.004     23.606     -1.229      0.219

 EXCHANGE WITH
    HAWKJ             14.390     20.794      0.692      0.489
    DOVEJ             48.956     12.472      3.925      0.000
    DIVISIONJ        -19.749     35.587     -0.555      0.579
    POSSESSION        -1.013     20.944     -0.048      0.961

 HAWKJ    WITH
    DOVEJ             76.313     20.826      3.664      0.000
    DIVISIONJ        -33.163     24.597     -1.348      0.178
    POSSESSION       -11.301     22.048     -0.513      0.608

 DOVEJ    WITH
    DIVISIONJ        -39.966     30.557     -1.308      0.191
    POSSESSION       -11.091     20.970     -0.529      0.597

 DIVISION WITH
    POSSESSION       -42.479     29.047     -1.462      0.144

 Means
    KINSHIPJ          69.265      3.351     20.672      0.000
    MUTUALISMJ        59.361      2.619     22.668      0.000
    EXCHANGEJ         69.575      1.853     37.551      0.000
    HAWKJ             60.450      2.306     26.213      0.000
    DOVEJ             59.574      2.001     29.774      0.000
    DIVISIONJ         62.440      1.790     34.875      0.000
    POSSESSION        36.602      2.439     15.007      0.000

 Variances
    KINSHIPJ         201.118     25.372      7.927      0.000
    MUTUALISMJ       157.837     47.128      3.349      0.001
    EXCHANGEJ        103.824     27.288      3.805      0.000
    HAWKJ            264.415     44.262      5.974      0.000
    DOVEJ            145.100     25.233      5.751      0.000
    DIVISIONJ        194.309     41.694      4.660      0.000
    POSSESSION       236.781     31.080      7.618      0.000

Latent Class 5

 KINSHIPJ WITH
    MUTUALISMJ         1.794     12.458      0.144      0.885
    EXCHANGEJ        -12.938     22.338     -0.579      0.562
    HAWKJ              6.201     20.880      0.297      0.766
    DOVEJ             48.276     18.628      2.592      0.010
    DIVISIONJ         -5.200     15.837     -0.328      0.743
    POSSESSION        25.481     23.579      1.081      0.280

 MUTUALIS WITH
    EXCHANGEJ         -1.622     13.669     -0.119      0.906
    HAWKJ             -3.727     13.367     -0.279      0.780
    DOVEJ             13.188     14.367      0.918      0.359
    DIVISIONJ          0.370     13.622      0.027      0.978
    POSSESSION        18.112     14.103      1.284      0.199

 EXCHANGE WITH
    HAWKJ             -5.961     18.234     -0.327      0.744
    DOVEJ             14.874     10.118      1.470      0.142
    DIVISIONJ         10.115     12.731      0.795      0.427
    POSSESSION         9.799     12.578      0.779      0.436

 HAWKJ    WITH
    DOVEJ             13.697     18.284      0.749      0.454
    DIVISIONJ         20.887     17.368      1.203      0.229
    POSSESSION       -43.225     26.940     -1.605      0.109

 DOVEJ    WITH
    DIVISIONJ          3.624     15.415      0.235      0.814
    POSSESSION        23.562     21.525      1.095      0.274

 DIVISION WITH
    POSSESSION        20.607     13.296      1.550      0.121

 Means
    KINSHIPJ          66.601      1.658     40.169      0.000
    MUTUALISMJ        66.142      1.944     34.024      0.000
    EXCHANGEJ         70.353      1.026     68.564      0.000
    HAWKJ             67.466      1.783     37.837      0.000
    DOVEJ             56.731      1.816     31.232      0.000
    DIVISIONJ         76.319      1.982     38.508      0.000
    POSSESSION        42.413      2.497     16.985      0.000

 Variances
    KINSHIPJ         198.888     28.856      6.892      0.000
    MUTUALISMJ        73.482     10.218      7.191      0.000
    EXCHANGEJ         81.810     21.604      3.787      0.000
    HAWKJ            151.213     25.889      5.841      0.000
    DOVEJ            148.853     25.774      5.775      0.000
    DIVISIONJ         93.777     21.643      4.333      0.000
    POSSESSION       256.636     25.092     10.228      0.000

Latent Class 6

 KINSHIPJ WITH
    MUTUALISMJ       -26.552     22.513     -1.179      0.238
    EXCHANGEJ          1.965     23.145      0.085      0.932
    HAWKJ             -0.309     11.519     -0.027      0.979
    DOVEJ            -30.515     23.417     -1.303      0.193
    DIVISIONJ        -38.097     21.577     -1.766      0.077
    POSSESSION        17.574     40.034      0.439      0.661

 MUTUALIS WITH
    EXCHANGEJ        -10.880     23.890     -0.455      0.649
    HAWKJ            -35.340     21.849     -1.617      0.106
    DOVEJ             36.955     46.769      0.790      0.429
    DIVISIONJ         47.524     23.187      2.050      0.040
    POSSESSION        66.481     54.698      1.215      0.224

 EXCHANGE WITH
    HAWKJ              3.528      7.543      0.468      0.640
    DOVEJ             -0.281     17.729     -0.016      0.987
    DIVISIONJ        -20.859     16.291     -1.280      0.200
    POSSESSION        -0.054     33.397     -0.002      0.999

 HAWKJ    WITH
    DOVEJ            -31.880      8.331     -3.826      0.000
    DIVISIONJ         -6.378     13.412     -0.476      0.634
    POSSESSION        -3.808     24.691     -0.154      0.877

 DOVEJ    WITH
    DIVISIONJ         20.583     26.513      0.776      0.438
    POSSESSION        89.951     52.087      1.727      0.084

 DIVISION WITH
    POSSESSION        14.169     40.774      0.348      0.728

 Means
    KINSHIPJ          77.702      2.949     26.350      0.000
    MUTUALISMJ        65.013      3.192     20.365      0.000
    EXCHANGEJ         78.943      1.795     43.972      0.000
    HAWKJ             84.773      1.147     73.884      0.000
    DOVEJ             67.801      3.350     20.238      0.000
    DIVISIONJ         74.924      2.245     33.372      0.000
    POSSESSION        46.942      5.126      9.158      0.000

 Variances
    KINSHIPJ         124.210     28.210      4.403      0.000
    MUTUALISMJ       199.234     61.109      3.260      0.001
    EXCHANGEJ         29.843     12.094      2.467      0.014
    HAWKJ             19.747      4.863      4.061      0.000
    DOVEJ            112.272     33.805      3.321      0.001
    DIVISIONJ         92.402     24.760      3.732      0.000
    POSSESSION       365.248    102.071      3.578      0.000

Latent Class 7

 KINSHIPJ WITH
    MUTUALISMJ         5.992      9.846      0.609      0.543
    EXCHANGEJ         28.708     10.227      2.807      0.005
    HAWKJ             15.562     12.869      1.209      0.227
    DOVEJ             37.641     15.610      2.411      0.016
    DIVISIONJ          7.129     13.112      0.544      0.587
    POSSESSION        11.065     13.462      0.822      0.411

 MUTUALIS WITH
    EXCHANGEJ          5.069     10.088      0.503      0.615
    HAWKJ            -15.565     11.112     -1.401      0.161
    DOVEJ             17.889     10.746      1.665      0.096
    DIVISIONJ          2.633     13.098      0.201      0.841
    POSSESSION       -11.831     20.170     -0.587      0.557

 EXCHANGE WITH
    HAWKJ             19.164     11.555      1.658      0.097
    DOVEJ             11.179     13.332      0.839      0.402
    DIVISIONJ         13.838     11.856      1.167      0.243
    POSSESSION        20.754     15.740      1.319      0.187

 HAWKJ    WITH
    DOVEJ             52.647     18.348      2.869      0.004
    DIVISIONJ        -18.646     15.984     -1.167      0.243
    POSSESSION         9.328     23.485      0.397      0.691

 DOVEJ    WITH
    DIVISIONJ         23.075     17.370      1.328      0.184
    POSSESSION       -32.919     23.597     -1.395      0.163

 DIVISION WITH
    POSSESSION         9.981     15.988      0.624      0.532

 Means
    KINSHIPJ          79.765      2.011     39.657      0.000
    MUTUALISMJ        76.842      1.929     39.834      0.000
    EXCHANGEJ         80.917      1.533     52.777      0.000
    HAWKJ             73.416      1.663     44.150      0.000
    DOVEJ             56.263      1.968     28.595      0.000
    DIVISIONJ         80.506      2.216     36.325      0.000
    POSSESSION        36.849      2.190     16.826      0.000

 Variances
    KINSHIPJ          94.132     18.151      5.186      0.000
    MUTUALISMJ        67.180     19.007      3.535      0.000
    EXCHANGEJ         60.651     10.373      5.847      0.000
    HAWKJ            203.945     24.551      8.307      0.000
    DOVEJ            228.280     37.044      6.162      0.000
    DIVISIONJ        109.569     20.604      5.318      0.000
    POSSESSION       210.154     30.349      6.925      0.000

Categorical Latent Variables

 Means
    C1#1              -3.366      0.414     -8.124      0.000
    C1#2              -0.689      0.432     -1.597      0.110
    C1#3              -0.025      0.374     -0.068      0.946
    C1#4               0.190      0.613      0.309      0.757
    C1#5               0.368      0.453      0.813      0.416
    C1#6              -1.720      0.446     -3.853      0.000


QUALITY OF NUMERICAL RESULTS

     Condition Number for the Information Matrix             -0.195E-16
       (ratio of smallest to largest eigenvalue)


TECHNICAL 1 OUTPUT


     PARAMETER SPECIFICATION FOR LATENT CLASS 1


           NU
              KINSHIPJ      MUTUALIS      EXCHANGE      HAWKJ         DOVEJ
              ________      ________      ________      ________      ________
                    1             2             3             4             5


           NU
              DIVISION      POSSESSI
              ________      ________
                    6             7


           THETA
              KINSHIPJ      MUTUALIS      EXCHANGE      HAWKJ         DOVEJ
              ________      ________      ________      ________      ________
 KINSHIPJ           8
 MUTUALIS           9            10
 EXCHANGE          11            12            13
 HAWKJ             14            15            16            17
 DOVEJ             18            19            20            21            22
 DIVISION          23            24            25            26            27
 POSSESSI          29            30            31            32            33


           THETA
              DIVISION      POSSESSI
              ________      ________
 DIVISION          28
 POSSESSI          34            35


     PARAMETER SPECIFICATION FOR LATENT CLASS 2


           NU
              KINSHIPJ      MUTUALIS      EXCHANGE      HAWKJ         DOVEJ
              ________      ________      ________      ________      ________
                   36            37            38            39            40


           NU
              DIVISION      POSSESSI
              ________      ________
                   41            42


           THETA
              KINSHIPJ      MUTUALIS      EXCHANGE      HAWKJ         DOVEJ
              ________      ________      ________      ________      ________
 KINSHIPJ          43
 MUTUALIS          44            45
 EXCHANGE          46            47            48
 HAWKJ             49            50            51            52
 DOVEJ             53            54            55            56            57
 DIVISION          58            59            60            61            62
 POSSESSI          64            65            66            67            68


           THETA
              DIVISION      POSSESSI
              ________      ________
 DIVISION          63
 POSSESSI          69            70


     PARAMETER SPECIFICATION FOR LATENT CLASS 3


           NU
              KINSHIPJ      MUTUALIS      EXCHANGE      HAWKJ         DOVEJ
              ________      ________      ________      ________      ________
                   71            72            73            74            75


           NU
              DIVISION      POSSESSI
              ________      ________
                   76            77


           THETA
              KINSHIPJ      MUTUALIS      EXCHANGE      HAWKJ         DOVEJ
              ________      ________      ________      ________      ________
 KINSHIPJ          78
 MUTUALIS          79            80
 EXCHANGE          81            82            83
 HAWKJ             84            85            86            87
 DOVEJ             88            89            90            91            92
 DIVISION          93            94            95            96            97
 POSSESSI          99           100           101           102           103


           THETA
              DIVISION      POSSESSI
              ________      ________
 DIVISION          98
 POSSESSI         104           105


     PARAMETER SPECIFICATION FOR LATENT CLASS 4


           NU
              KINSHIPJ      MUTUALIS      EXCHANGE      HAWKJ         DOVEJ
              ________      ________      ________      ________      ________
                  106           107           108           109           110


           NU
              DIVISION      POSSESSI
              ________      ________
                  111           112


           THETA
              KINSHIPJ      MUTUALIS      EXCHANGE      HAWKJ         DOVEJ
              ________      ________      ________      ________      ________
 KINSHIPJ         113
 MUTUALIS         114           115
 EXCHANGE         116           117           118
 HAWKJ            119           120           121           122
 DOVEJ            123           124           125           126           127
 DIVISION         128           129           130           131           132
 POSSESSI         134           135           136           137           138


           THETA
              DIVISION      POSSESSI
              ________      ________
 DIVISION         133
 POSSESSI         139           140


     PARAMETER SPECIFICATION FOR LATENT CLASS 5


           NU
              KINSHIPJ      MUTUALIS      EXCHANGE      HAWKJ         DOVEJ
              ________      ________      ________      ________      ________
                  141           142           143           144           145


           NU
              DIVISION      POSSESSI
              ________      ________
                  146           147


           THETA
              KINSHIPJ      MUTUALIS      EXCHANGE      HAWKJ         DOVEJ
              ________      ________      ________      ________      ________
 KINSHIPJ         148
 MUTUALIS         149           150
 EXCHANGE         151           152           153
 HAWKJ            154           155           156           157
 DOVEJ            158           159           160           161           162
 DIVISION         163           164           165           166           167
 POSSESSI         169           170           171           172           173


           THETA
              DIVISION      POSSESSI
              ________      ________
 DIVISION         168
 POSSESSI         174           175


     PARAMETER SPECIFICATION FOR LATENT CLASS 6


           NU
              KINSHIPJ      MUTUALIS      EXCHANGE      HAWKJ         DOVEJ
              ________      ________      ________      ________      ________
                  176           177           178           179           180


           NU
              DIVISION      POSSESSI
              ________      ________
                  181           182


           THETA
              KINSHIPJ      MUTUALIS      EXCHANGE      HAWKJ         DOVEJ
              ________      ________      ________      ________      ________
 KINSHIPJ         183
 MUTUALIS         184           185
 EXCHANGE         186           187           188
 HAWKJ            189           190           191           192
 DOVEJ            193           194           195           196           197
 DIVISION         198           199           200           201           202
 POSSESSI         204           205           206           207           208


           THETA
              DIVISION      POSSESSI
              ________      ________
 DIVISION         203
 POSSESSI         209           210


     PARAMETER SPECIFICATION FOR LATENT CLASS 7


           NU
              KINSHIPJ      MUTUALIS      EXCHANGE      HAWKJ         DOVEJ
              ________      ________      ________      ________      ________
                  211           212           213           214           215


           NU
              DIVISION      POSSESSI
              ________      ________
                  216           217


           THETA
              KINSHIPJ      MUTUALIS      EXCHANGE      HAWKJ         DOVEJ
              ________      ________      ________      ________      ________
 KINSHIPJ         218
 MUTUALIS         219           220
 EXCHANGE         221           222           223
 HAWKJ            224           225           226           227
 DOVEJ            228           229           230           231           232
 DIVISION         233           234           235           236           237
 POSSESSI         239           240           241           242           243


           THETA
              DIVISION      POSSESSI
              ________      ________
 DIVISION         238
 POSSESSI         244           245


     PARAMETER SPECIFICATION FOR LATENT CLASS REGRESSION MODEL PART


           ALPHA(C)
              C1#1          C1#2          C1#3          C1#4          C1#5
              ________      ________      ________      ________      ________
                  246           247           248           249           250


           ALPHA(C)
              C1#6          C1#7
              ________      ________
                  251             0


     STARTING VALUES FOR LATENT CLASS 1


           NU
              KINSHIPJ      MUTUALIS      EXCHANGE      HAWKJ         DOVEJ
              ________      ________      ________      ________      ________
               36.949        37.238        49.273        33.897        22.805


           NU
              DIVISION      POSSESSI
              ________      ________
               38.682         8.541


           THETA
              KINSHIPJ      MUTUALIS      EXCHANGE      HAWKJ         DOVEJ
              ________      ________      ________      ________      ________
 KINSHIPJ     121.626
 MUTUALIS       0.000        92.239
 EXCHANGE       0.000         0.000        63.634
 HAWKJ          0.000         0.000         0.000       125.455
 DOVEJ          0.000         0.000         0.000         0.000       122.308
 DIVISION       0.000         0.000         0.000         0.000         0.000
 POSSESSI       0.000         0.000         0.000         0.000         0.000


           THETA
              DIVISION      POSSESSI
              ________      ________
 DIVISION     121.504
 POSSESSI       0.000       117.219


     STARTING VALUES FOR LATENT CLASS 2


           NU
              KINSHIPJ      MUTUALIS      EXCHANGE      HAWKJ         DOVEJ
              ________      ________      ________      ________      ________
               52.546        50.820        60.555        49.737        38.446


           NU
              DIVISION      POSSESSI
              ________      ________
               54.271        23.853


           THETA
              KINSHIPJ      MUTUALIS      EXCHANGE      HAWKJ         DOVEJ
              ________      ________      ________      ________      ________
 KINSHIPJ     121.626
 MUTUALIS       0.000        92.239
 EXCHANGE       0.000         0.000        63.634
 HAWKJ          0.000         0.000         0.000       125.455
 DOVEJ          0.000         0.000         0.000         0.000       122.308
 DIVISION       0.000         0.000         0.000         0.000         0.000
 POSSESSI       0.000         0.000         0.000         0.000         0.000


           THETA
              DIVISION      POSSESSI
              ________      ________
 DIVISION     121.504
 POSSESSI       0.000       117.219


     STARTING VALUES FOR LATENT CLASS 3


           NU
              KINSHIPJ      MUTUALIS      EXCHANGE      HAWKJ         DOVEJ
              ________      ________      ________      ________      ________
               68.142        64.403        71.836        65.577        54.086


           NU
              DIVISION      POSSESSI
              ________      ________
               69.860        39.164


           THETA
              KINSHIPJ      MUTUALIS      EXCHANGE      HAWKJ         DOVEJ
              ________      ________      ________      ________      ________
 KINSHIPJ     121.626
 MUTUALIS       0.000        92.239
 EXCHANGE       0.000         0.000        63.634
 HAWKJ          0.000         0.000         0.000       125.455
 DOVEJ          0.000         0.000         0.000         0.000       122.308
 DIVISION       0.000         0.000         0.000         0.000         0.000
 POSSESSI       0.000         0.000         0.000         0.000         0.000


           THETA
              DIVISION      POSSESSI
              ________      ________
 DIVISION     121.504
 POSSESSI       0.000       117.219


     STARTING VALUES FOR LATENT CLASS 4


           NU
              KINSHIPJ      MUTUALIS      EXCHANGE      HAWKJ         DOVEJ
              ________      ________      ________      ________      ________
               68.142        64.403        71.836        65.577        54.086


           NU
              DIVISION      POSSESSI
              ________      ________
               69.860        39.164


           THETA
              KINSHIPJ      MUTUALIS      EXCHANGE      HAWKJ         DOVEJ
              ________      ________      ________      ________      ________
 KINSHIPJ     121.626
 MUTUALIS       0.000        92.239
 EXCHANGE       0.000         0.000        63.634
 HAWKJ          0.000         0.000         0.000       125.455
 DOVEJ          0.000         0.000         0.000         0.000       122.308
 DIVISION       0.000         0.000         0.000         0.000         0.000
 POSSESSI       0.000         0.000         0.000         0.000         0.000


           THETA
              DIVISION      POSSESSI
              ________      ________
 DIVISION     121.504
 POSSESSI       0.000       117.219


     STARTING VALUES FOR LATENT CLASS 5


           NU
              KINSHIPJ      MUTUALIS      EXCHANGE      HAWKJ         DOVEJ
              ________      ________      ________      ________      ________
               68.142        64.403        71.836        65.577        54.086


           NU
              DIVISION      POSSESSI
              ________      ________
               69.860        39.164


           THETA
              KINSHIPJ      MUTUALIS      EXCHANGE      HAWKJ         DOVEJ
              ________      ________      ________      ________      ________
 KINSHIPJ     121.626
 MUTUALIS       0.000        92.239
 EXCHANGE       0.000         0.000        63.634
 HAWKJ          0.000         0.000         0.000       125.455
 DOVEJ          0.000         0.000         0.000         0.000       122.308
 DIVISION       0.000         0.000         0.000         0.000         0.000
 POSSESSI       0.000         0.000         0.000         0.000         0.000


           THETA
              DIVISION      POSSESSI
              ________      ________
 DIVISION     121.504
 POSSESSI       0.000       117.219


     STARTING VALUES FOR LATENT CLASS 6


           NU
              KINSHIPJ      MUTUALIS      EXCHANGE      HAWKJ         DOVEJ
              ________      ________      ________      ________      ________
               83.739        77.985        83.117        81.417        69.726


           NU
              DIVISION      POSSESSI
              ________      ________
               85.448        54.475


           THETA
              KINSHIPJ      MUTUALIS      EXCHANGE      HAWKJ         DOVEJ
              ________      ________      ________      ________      ________
 KINSHIPJ     121.626
 MUTUALIS       0.000        92.239
 EXCHANGE       0.000         0.000        63.634
 HAWKJ          0.000         0.000         0.000       125.455
 DOVEJ          0.000         0.000         0.000         0.000       122.308
 DIVISION       0.000         0.000         0.000         0.000         0.000
 POSSESSI       0.000         0.000         0.000         0.000         0.000


           THETA
              DIVISION      POSSESSI
              ________      ________
 DIVISION     121.504
 POSSESSI       0.000       117.219


     STARTING VALUES FOR LATENT CLASS 7


           NU
              KINSHIPJ      MUTUALIS      EXCHANGE      HAWKJ         DOVEJ
              ________      ________      ________      ________      ________
               99.336        91.567        94.399        97.257        85.366


           NU
              DIVISION      POSSESSI
              ________      ________
              101.037        69.787


           THETA
              KINSHIPJ      MUTUALIS      EXCHANGE      HAWKJ         DOVEJ
              ________      ________      ________      ________      ________
 KINSHIPJ     121.626
 MUTUALIS       0.000        92.239
 EXCHANGE       0.000         0.000        63.634
 HAWKJ          0.000         0.000         0.000       125.455
 DOVEJ          0.000         0.000         0.000         0.000       122.308
 DIVISION       0.000         0.000         0.000         0.000         0.000
 POSSESSI       0.000         0.000         0.000         0.000         0.000


           THETA
              DIVISION      POSSESSI
              ________      ________
 DIVISION     121.504
 POSSESSI       0.000       117.219


     STARTING VALUES FOR LATENT CLASS REGRESSION MODEL PART


           ALPHA(C)
              C1#1          C1#2          C1#3          C1#4          C1#5
              ________      ________      ________      ________      ________
                0.000         0.000         0.000         0.000         0.000


           ALPHA(C)
              C1#6          C1#7
              ________      ________
                0.000         0.000


TECHNICAL 14 OUTPUT

     Random Starts Specifications for the k-1 Class Analysis Model
        Number of initial stage random starts                  20
        Number of final stage optimizations                     4

     Random Starts Specification for the k-1 Class Model for Generated Data
        Number of initial stage random starts                   0
        Number of final stage optimizations for the
           initial stage random starts                          0
     Random Starts Specification for the k Class Model for Generated Data
        Number of initial stage random starts                  40
        Number of final stage optimizations                     8
     Number of bootstrap draws requested                   Varies


     PARAMETRIC BOOTSTRAPPED LIKELIHOOD RATIO TEST FOR 6 (H0) VERSUS 7 CLASSES

          H0 Loglikelihood Value                       -39236.416
          2 Times the Loglikelihood Difference             94.775
          Difference in the Number of Parameters               36
          Approximate P-Value                              0.0000
          Successful Bootstrap Draws                           20

     WARNING:  OF THE 20 BOOTSTRAP DRAWS, 42 DRAWS HAD BOTH A SMALLER LRT VALUE THAN THE
     OBSERVED LRT VALUE AND NOT A REPLICATED BEST LOGLIKELIHOOD VALUE FOR THE 7-CLASS MODEL.
     THIS MEANS THAT THE P-VALUE MAY NOT BE TRUSTWORTHY DUE TO LOCAL MAXIMA.
     INCREASE THE NUMBER OF RANDOM STARTS USING THE LRTSTARTS OPTION.


     WARNING:  25 OUT OF 45 BOOTSTRAP DRAWS DID NOT CONVERGE.
     THE P-VALUE MAY NOT BE TRUSTWORTHY.
     INCREASE THE NUMBER OF RANDOM STARTS USING THE LRTSTARTS OPTION.



SAVEDATA INFORMATION


  Save file
    model_6_class_7.dat

  Order and format of variables

    KINSHIPJ       F10.3
    MUTUALIS       F10.3
    EXCHANGE       F10.3
    HAWKJ          F10.3
    DOVEJ          F10.3
    DIVISION       F10.3
    POSSESSI       F10.3
    CPROB1         F10.3
    CPROB2         F10.3
    CPROB3         F10.3
    CPROB4         F10.3
    CPROB5         F10.3
    CPROB6         F10.3
    CPROB7         F10.3
    C1             F10.3

  Save file format
    15F10.3

  Save file record length    10000


     Beginning Time:  12:16:33
        Ending Time:  12:35:32
       Elapsed Time:  00:18:59



MUTHEN & MUTHEN
3463 Stoner Ave.
Los Angeles, CA  90066

Tel: (310) 391-9971
Fax: (310) 391-8971
Web: www.StatModel.com
Support: Support@StatModel.com

Copyright (c) 1998-2018 Muthen & Muthen
