Mplus VERSION 8.2 (Mac)
MUTHEN & MUTHEN
08/26/2020  10:44 AM

INPUT INSTRUCTIONS

  TITLE:
  model 5 with 7 classes
  DATA:
  FILE = "data_624dd70f9f561f2c8c991d291c51b950.dat";

  VARIABLE:
  NAMES = KinshipJ MutualismJ ExchangeJ HawkJ DoveJ DivisionJ PossessionJ;
   MISSING=.;
   CLASSES = c1(7);

  ANALYSIS:
  TYPE = mixture;

  MODEL:
  %c1#1%
  KinshipJ (vKinshipJ);
  MutualismJ (vMutualismJ);
  ExchangeJ (vExchangeJ);
  HawkJ (vHawkJ);
  DoveJ (vDoveJ);
  DivisionJ (vDivisionJ);
  PossessionJ (vPossessionJ);

  KinshipJ WITH MutualismJ (KinshipJWMutualismJ1);
  KinshipJ WITH ExchangeJ (KinshipJWExchangeJ1);
  KinshipJ WITH HawkJ (KinshipJWHawkJ1);
  KinshipJ WITH DoveJ (KinshipJWDoveJ1);
  KinshipJ WITH DivisionJ (KinshipJWDivisionJ1);
  KinshipJ WITH PossessionJ (KinshipJWPossessionJ1);
  MutualismJ WITH ExchangeJ (MutualismJWExchangeJ1);
  MutualismJ WITH HawkJ (MutualismJWHawkJ1);
  MutualismJ WITH DoveJ (MutualismJWDoveJ1);
  MutualismJ WITH DivisionJ (MutualismJWDivisionJ1);
  MutualismJ WITH PossessionJ (MutualismJWPossessionJ1);
  ExchangeJ WITH HawkJ (ExchangeJWHawkJ1);
  ExchangeJ WITH DoveJ (ExchangeJWDoveJ1);
  ExchangeJ WITH DivisionJ (ExchangeJWDivisionJ1);
  ExchangeJ WITH PossessionJ (ExchangeJWPossessionJ1);
  HawkJ WITH DoveJ (HawkJWDoveJ1);
  HawkJ WITH DivisionJ (HawkJWDivisionJ1);
  HawkJ WITH PossessionJ (HawkJWPossessionJ1);
  DoveJ WITH DivisionJ (DoveJWDivisionJ1);
  DoveJ WITH PossessionJ (DoveJWPossessionJ1);
  DivisionJ WITH PossessionJ (DivisionJWPossessionJ1);

  %c1#2%
  KinshipJ (vKinshipJ);
  MutualismJ (vMutualismJ);
  ExchangeJ (vExchangeJ);
  HawkJ (vHawkJ);
  DoveJ (vDoveJ);
  DivisionJ (vDivisionJ);
  PossessionJ (vPossessionJ);

  KinshipJ WITH MutualismJ (KinshipJWMutualismJ2);
  KinshipJ WITH ExchangeJ (KinshipJWExchangeJ2);
  KinshipJ WITH HawkJ (KinshipJWHawkJ2);
  KinshipJ WITH DoveJ (KinshipJWDoveJ2);
  KinshipJ WITH DivisionJ (KinshipJWDivisionJ2);
  KinshipJ WITH PossessionJ (KinshipJWPossessionJ2);
  MutualismJ WITH ExchangeJ (MutualismJWExchangeJ2);
  MutualismJ WITH HawkJ (MutualismJWHawkJ2);
  MutualismJ WITH DoveJ (MutualismJWDoveJ2);
  MutualismJ WITH DivisionJ (MutualismJWDivisionJ2);
  MutualismJ WITH PossessionJ (MutualismJWPossessionJ2);
  ExchangeJ WITH HawkJ (ExchangeJWHawkJ2);
  ExchangeJ WITH DoveJ (ExchangeJWDoveJ2);
  ExchangeJ WITH DivisionJ (ExchangeJWDivisionJ2);
  ExchangeJ WITH PossessionJ (ExchangeJWPossessionJ2);
  HawkJ WITH DoveJ (HawkJWDoveJ2);
  HawkJ WITH DivisionJ (HawkJWDivisionJ2);
  HawkJ WITH PossessionJ (HawkJWPossessionJ2);
  DoveJ WITH DivisionJ (DoveJWDivisionJ2);
  DoveJ WITH PossessionJ (DoveJWPossessionJ2);
  DivisionJ WITH PossessionJ (DivisionJWPossessionJ2);

  %c1#3%
  KinshipJ (vKinshipJ);
  MutualismJ (vMutualismJ);
  ExchangeJ (vExchangeJ);
  HawkJ (vHawkJ);
  DoveJ (vDoveJ);
  DivisionJ (vDivisionJ);
  PossessionJ (vPossessionJ);

  KinshipJ WITH MutualismJ (KinshipJWMutualismJ3);
  KinshipJ WITH ExchangeJ (KinshipJWExchangeJ3);
  KinshipJ WITH HawkJ (KinshipJWHawkJ3);
  KinshipJ WITH DoveJ (KinshipJWDoveJ3);
  KinshipJ WITH DivisionJ (KinshipJWDivisionJ3);
  KinshipJ WITH PossessionJ (KinshipJWPossessionJ3);
  MutualismJ WITH ExchangeJ (MutualismJWExchangeJ3);
  MutualismJ WITH HawkJ (MutualismJWHawkJ3);
  MutualismJ WITH DoveJ (MutualismJWDoveJ3);
  MutualismJ WITH DivisionJ (MutualismJWDivisionJ3);
  MutualismJ WITH PossessionJ (MutualismJWPossessionJ3);
  ExchangeJ WITH HawkJ (ExchangeJWHawkJ3);
  ExchangeJ WITH DoveJ (ExchangeJWDoveJ3);
  ExchangeJ WITH DivisionJ (ExchangeJWDivisionJ3);
  ExchangeJ WITH PossessionJ (ExchangeJWPossessionJ3);
  HawkJ WITH DoveJ (HawkJWDoveJ3);
  HawkJ WITH DivisionJ (HawkJWDivisionJ3);
  HawkJ WITH PossessionJ (HawkJWPossessionJ3);
  DoveJ WITH DivisionJ (DoveJWDivisionJ3);
  DoveJ WITH PossessionJ (DoveJWPossessionJ3);
  DivisionJ WITH PossessionJ (DivisionJWPossessionJ3);

  %c1#4%
  KinshipJ (vKinshipJ);
  MutualismJ (vMutualismJ);
  ExchangeJ (vExchangeJ);
  HawkJ (vHawkJ);
  DoveJ (vDoveJ);
  DivisionJ (vDivisionJ);
  PossessionJ (vPossessionJ);

  KinshipJ WITH MutualismJ (KinshipJWMutualismJ4);
  KinshipJ WITH ExchangeJ (KinshipJWExchangeJ4);
  KinshipJ WITH HawkJ (KinshipJWHawkJ4);
  KinshipJ WITH DoveJ (KinshipJWDoveJ4);
  KinshipJ WITH DivisionJ (KinshipJWDivisionJ4);
  KinshipJ WITH PossessionJ (KinshipJWPossessionJ4);
  MutualismJ WITH ExchangeJ (MutualismJWExchangeJ4);
  MutualismJ WITH HawkJ (MutualismJWHawkJ4);
  MutualismJ WITH DoveJ (MutualismJWDoveJ4);
  MutualismJ WITH DivisionJ (MutualismJWDivisionJ4);
  MutualismJ WITH PossessionJ (MutualismJWPossessionJ4);
  ExchangeJ WITH HawkJ (ExchangeJWHawkJ4);
  ExchangeJ WITH DoveJ (ExchangeJWDoveJ4);
  ExchangeJ WITH DivisionJ (ExchangeJWDivisionJ4);
  ExchangeJ WITH PossessionJ (ExchangeJWPossessionJ4);
  HawkJ WITH DoveJ (HawkJWDoveJ4);
  HawkJ WITH DivisionJ (HawkJWDivisionJ4);
  HawkJ WITH PossessionJ (HawkJWPossessionJ4);
  DoveJ WITH DivisionJ (DoveJWDivisionJ4);
  DoveJ WITH PossessionJ (DoveJWPossessionJ4);
  DivisionJ WITH PossessionJ (DivisionJWPossessionJ4);

  %c1#5%
  KinshipJ (vKinshipJ);
  MutualismJ (vMutualismJ);
  ExchangeJ (vExchangeJ);
  HawkJ (vHawkJ);
  DoveJ (vDoveJ);
  DivisionJ (vDivisionJ);
  PossessionJ (vPossessionJ);

  KinshipJ WITH MutualismJ (KinshipJWMutualismJ5);
  KinshipJ WITH ExchangeJ (KinshipJWExchangeJ5);
  KinshipJ WITH HawkJ (KinshipJWHawkJ5);
  KinshipJ WITH DoveJ (KinshipJWDoveJ5);
  KinshipJ WITH DivisionJ (KinshipJWDivisionJ5);
  KinshipJ WITH PossessionJ (KinshipJWPossessionJ5);
  MutualismJ WITH ExchangeJ (MutualismJWExchangeJ5);
  MutualismJ WITH HawkJ (MutualismJWHawkJ5);
  MutualismJ WITH DoveJ (MutualismJWDoveJ5);
  MutualismJ WITH DivisionJ (MutualismJWDivisionJ5);
  MutualismJ WITH PossessionJ (MutualismJWPossessionJ5);
  ExchangeJ WITH HawkJ (ExchangeJWHawkJ5);
  ExchangeJ WITH DoveJ (ExchangeJWDoveJ5);
  ExchangeJ WITH DivisionJ (ExchangeJWDivisionJ5);
  ExchangeJ WITH PossessionJ (ExchangeJWPossessionJ5);
  HawkJ WITH DoveJ (HawkJWDoveJ5);
  HawkJ WITH DivisionJ (HawkJWDivisionJ5);
  HawkJ WITH PossessionJ (HawkJWPossessionJ5);
  DoveJ WITH DivisionJ (DoveJWDivisionJ5);
  DoveJ WITH PossessionJ (DoveJWPossessionJ5);
  DivisionJ WITH PossessionJ (DivisionJWPossessionJ5);

  %c1#6%
  KinshipJ (vKinshipJ);
  MutualismJ (vMutualismJ);
  ExchangeJ (vExchangeJ);
  HawkJ (vHawkJ);
  DoveJ (vDoveJ);
  DivisionJ (vDivisionJ);
  PossessionJ (vPossessionJ);

  KinshipJ WITH MutualismJ (KinshipJWMutualismJ6);
  KinshipJ WITH ExchangeJ (KinshipJWExchangeJ6);
  KinshipJ WITH HawkJ (KinshipJWHawkJ6);
  KinshipJ WITH DoveJ (KinshipJWDoveJ6);
  KinshipJ WITH DivisionJ (KinshipJWDivisionJ6);
  KinshipJ WITH PossessionJ (KinshipJWPossessionJ6);
  MutualismJ WITH ExchangeJ (MutualismJWExchangeJ6);
  MutualismJ WITH HawkJ (MutualismJWHawkJ6);
  MutualismJ WITH DoveJ (MutualismJWDoveJ6);
  MutualismJ WITH DivisionJ (MutualismJWDivisionJ6);
  MutualismJ WITH PossessionJ (MutualismJWPossessionJ6);
  ExchangeJ WITH HawkJ (ExchangeJWHawkJ6);
  ExchangeJ WITH DoveJ (ExchangeJWDoveJ6);
  ExchangeJ WITH DivisionJ (ExchangeJWDivisionJ6);
  ExchangeJ WITH PossessionJ (ExchangeJWPossessionJ6);
  HawkJ WITH DoveJ (HawkJWDoveJ6);
  HawkJ WITH DivisionJ (HawkJWDivisionJ6);
  HawkJ WITH PossessionJ (HawkJWPossessionJ6);
  DoveJ WITH DivisionJ (DoveJWDivisionJ6);
  DoveJ WITH PossessionJ (DoveJWPossessionJ6);
  DivisionJ WITH PossessionJ (DivisionJWPossessionJ6);

  %c1#7%
  KinshipJ (vKinshipJ);
  MutualismJ (vMutualismJ);
  ExchangeJ (vExchangeJ);
  HawkJ (vHawkJ);
  DoveJ (vDoveJ);
  DivisionJ (vDivisionJ);
  PossessionJ (vPossessionJ);

  KinshipJ WITH MutualismJ (KinshipJWMutualismJ7);
  KinshipJ WITH ExchangeJ (KinshipJWExchangeJ7);
  KinshipJ WITH HawkJ (KinshipJWHawkJ7);
  KinshipJ WITH DoveJ (KinshipJWDoveJ7);
  KinshipJ WITH DivisionJ (KinshipJWDivisionJ7);
  KinshipJ WITH PossessionJ (KinshipJWPossessionJ7);
  MutualismJ WITH ExchangeJ (MutualismJWExchangeJ7);
  MutualismJ WITH HawkJ (MutualismJWHawkJ7);
  MutualismJ WITH DoveJ (MutualismJWDoveJ7);
  MutualismJ WITH DivisionJ (MutualismJWDivisionJ7);
  MutualismJ WITH PossessionJ (MutualismJWPossessionJ7);
  ExchangeJ WITH HawkJ (ExchangeJWHawkJ7);
  ExchangeJ WITH DoveJ (ExchangeJWDoveJ7);
  ExchangeJ WITH DivisionJ (ExchangeJWDivisionJ7);
  ExchangeJ WITH PossessionJ (ExchangeJWPossessionJ7);
  HawkJ WITH DoveJ (HawkJWDoveJ7);
  HawkJ WITH DivisionJ (HawkJWDivisionJ7);
  HawkJ WITH PossessionJ (HawkJWPossessionJ7);
  DoveJ WITH DivisionJ (DoveJWDivisionJ7);
  DoveJ WITH PossessionJ (DoveJWPossessionJ7);
  DivisionJ WITH PossessionJ (DivisionJWPossessionJ7);


  OUTPUT:
  TECH14;

  SAVEDATA:
  FILE IS model_5_class_7.dat;
  SAVE = cprobabilities;



*** WARNING in VARIABLE command
  Note that only the first 8 characters of variable names are used in the output.
  Shorten variable names to avoid any confusion.
*** WARNING in MODEL command
  All variables are uncorrelated with all other variables within class.
  Check that this is what is intended.
   2 WARNING(S) FOUND IN THE INPUT INSTRUCTIONS




model 5 with 7 classes

SUMMARY OF ANALYSIS

Number of groups                                                 1
Number of observations                                        1392

Number of dependent variables                                    7
Number of independent variables                                  0
Number of continuous latent variables                            0
Number of categorical latent variables                           1

Observed dependent variables

  Continuous
   KINSHIPJ    MUTUALISMJ  EXCHANGEJ   HAWKJ       DOVEJ       DIVISIONJ
   POSSESSION

Categorical latent variables
   C1


Estimator                                                      MLR
Information matrix                                        OBSERVED
Optimization Specifications for the Quasi-Newton Algorithm for
Continuous Outcomes
  Maximum number of iterations                                 100
  Convergence criterion                                  0.100D-05
Optimization Specifications for the EM Algorithm
  Maximum number of iterations                                 500
  Convergence criteria
    Loglikelihood change                                 0.100D-06
    Relative loglikelihood change                        0.100D-06
    Derivative                                           0.100D-05
Optimization Specifications for the M step of the EM Algorithm for
Categorical Latent variables
  Number of M step iterations                                    1
  M step convergence criterion                           0.100D-05
  Basis for M step termination                           ITERATION
Optimization Specifications for the M step of the EM Algorithm for
Censored, Binary or Ordered Categorical (Ordinal), Unordered
Categorical (Nominal) and Count Outcomes
  Number of M step iterations                                    1
  M step convergence criterion                           0.100D-05
  Basis for M step termination                           ITERATION
  Maximum value for logit thresholds                            15
  Minimum value for logit thresholds                           -15
  Minimum expected cell size for chi-square              0.100D-01
Maximum number of iterations for H1                           2000
Convergence criterion for H1                             0.100D-03
Optimization algorithm                                         EMA
Random Starts Specifications
  Number of initial stage random starts                         20
  Number of final stage optimizations                            4
  Number of initial stage iterations                            10
  Initial stage convergence criterion                    0.100D+01
  Random starts scale                                    0.500D+01
  Random seed for generating random starts                       0

Input data file(s)
  data_624dd70f9f561f2c8c991d291c51b950.dat
Input data format  FREE


SUMMARY OF DATA

     Number of missing data patterns             1
     Number of y missing data patterns           1
     Number of u missing data patterns           0


COVARIANCE COVERAGE OF DATA

Minimum covariance coverage value   0.100


     PROPORTION OF DATA PRESENT FOR Y


           Covariance Coverage
              KINSHIPJ      MUTUALIS      EXCHANGE      HAWKJ         DOVEJ
              ________      ________      ________      ________      ________
 KINSHIPJ       1.000
 MUTUALIS       1.000         1.000
 EXCHANGE       1.000         1.000         1.000
 HAWKJ          1.000         1.000         1.000         1.000
 DOVEJ          1.000         1.000         1.000         1.000         1.000
 DIVISION       1.000         1.000         1.000         1.000         1.000
 POSSESSI       1.000         1.000         1.000         1.000         1.000


           Covariance Coverage
              DIVISION      POSSESSI
              ________      ________
 DIVISION       1.000
 POSSESSI       1.000         1.000



UNIVARIATE SAMPLE STATISTICS


     UNIVARIATE HIGHER-ORDER MOMENT DESCRIPTIVE STATISTICS

         Variable/         Mean/     Skewness/   Minimum/ % with                Percentiles
        Sample Size      Variance    Kurtosis    Maximum  Min/Max      20%/60%    40%/80%    Median

     KINSHIPJ             68.142      -0.400      12.667    0.07%      55.333     64.667     69.000
            1392.000     243.252      -0.028      99.333    0.07%      73.000     82.000
     MUTUALISMJ           64.403      -0.398      11.000    0.07%      53.000     61.667     65.000
            1392.000     184.479       0.162      96.000    0.07%      68.333     76.333
     EXCHANGEJ            71.836      -0.357      32.667    0.07%      62.667     69.667     72.667
            1392.000     127.269       0.056      98.000    0.14%      75.333     81.333
     HAWKJ                65.577      -0.286      11.000    0.07%      52.333     61.667     66.000
            1392.000     250.911      -0.258      99.667    0.14%      70.333     80.000
     DOVEJ                54.086      -0.377       2.000    0.07%      41.000     51.333     55.167
            1392.000     244.615      -0.092      92.333    0.07%      59.000     68.000
     DIVISIONJ            69.860      -0.574       6.333    0.07%      57.333     67.000     71.333
            1392.000     243.008       0.243     100.000    0.29%      75.333     83.000
     POSSESSIONJ          39.164       0.105       1.667    0.07%      26.000     35.000     39.333
            1392.000     234.437      -0.117      95.333    0.07%      43.000     52.000

RANDOM STARTS RESULTS RANKED FROM THE BEST TO THE WORST LOGLIKELIHOOD VALUES

Unperturbed starting value run did not converge in the initial stage
optimizations.

12 perturbed starting value run(s) did not converge in the initial stage
optimizations.

Final stage loglikelihood values at local maxima, seeds, and initial stage start numbers:

          -39293.803  415931           10
          -39299.342  637345           19

2 perturbed starting value run(s) did not converge.



     WARNING:  THE BEST LOGLIKELIHOOD VALUE WAS NOT REPLICATED.  THE
     SOLUTION MAY NOT BE TRUSTWORTHY DUE TO LOCAL MAXIMA.  INCREASE THE
     NUMBER OF RANDOM STARTS.

     THE STANDARD ERRORS OF THE MODEL PARAMETER ESTIMATES MAY NOT BE
     TRUSTWORTHY FOR SOME PARAMETERS DUE TO A NON-POSITIVE DEFINITE
     FIRST-ORDER DERIVATIVE PRODUCT MATRIX.  THIS MAY BE DUE TO THE STARTING
     VALUES BUT MAY ALSO BE AN INDICATION OF MODEL NONIDENTIFICATION.  THE
     CONDITION NUMBER IS      -0.112D-16.  PROBLEM INVOLVING THE FOLLOWING PARAMETER:
     Parameter 18, %C1#1%: DOVEJ WITH KINSHIPJ (equality/label)


THE MODEL ESTIMATION TERMINATED NORMALLY



MODEL FIT INFORMATION

Number of Free Parameters                      209

Loglikelihood

          H0 Value                      -39293.803
          H0 Scaling Correction Factor      1.3129
            for MLR

Information Criteria

          Akaike (AIC)                   79005.607
          Bayesian (BIC)                 80100.453
          Sample-Size Adjusted BIC       79436.539
            (n* = (n + 2) / 24)



FINAL CLASS COUNTS AND PROPORTIONS FOR THE LATENT CLASSES
BASED ON THE ESTIMATED MODEL

    Latent
   Classes

       1         10.90708          0.00784
       2         21.24596          0.01526
       3        964.89105          0.69317
       4        233.39498          0.16767
       5         87.31621          0.06273
       6         44.67852          0.03210
       7         29.56620          0.02124


FINAL CLASS COUNTS AND PROPORTIONS FOR THE LATENT CLASSES
BASED ON ESTIMATED POSTERIOR PROBABILITIES

    Latent
   Classes

       1         10.90708          0.00784
       2         21.24596          0.01526
       3        964.89105          0.69317
       4        233.39498          0.16767
       5         87.31621          0.06273
       6         44.67852          0.03210
       7         29.56620          0.02124


FINAL CLASS COUNTS AND PROPORTIONS FOR THE LATENT CLASSES
BASED ON THEIR MOST LIKELY LATENT CLASS MEMBERSHIP

Class Counts and Proportions

    Latent
   Classes

       1               11          0.00790
       2               24          0.01724
       3             1041          0.74784
       4              173          0.12428
       5               62          0.04454
       6               47          0.03376
       7               34          0.02443


CLASSIFICATION QUALITY

     Entropy                         0.805


Average Latent Class Probabilities for Most Likely Latent Class Membership (Row)
by Latent Class (Column)

           1        2        3        4        5        6        7

    1   0.991    0.000    0.005    0.004    0.000    0.000    0.000
    2   0.000    0.871    0.057    0.060    0.012    0.000    0.000
    3   0.000    0.000    0.862    0.092    0.035    0.008    0.004
    4   0.000    0.001    0.218    0.758    0.021    0.001    0.001
    5   0.000    0.000    0.213    0.048    0.737    0.002    0.000
    6   0.000    0.000    0.183    0.026    0.020    0.772    0.000
    7   0.000    0.000    0.207    0.035    0.000    0.000    0.758


Classification Probabilities for the Most Likely Latent Class Membership (Column)
by Latent Class (Row)

           1        2        3        4        5        6        7

    1   1.000    0.000    0.000    0.000    0.000    0.000    0.000
    2   0.000    0.983    0.010    0.006    0.000    0.000    0.000
    3   0.000    0.001    0.930    0.039    0.014    0.009    0.007
    4   0.000    0.006    0.409    0.562    0.013    0.005    0.005
    5   0.000    0.003    0.421    0.042    0.523    0.010    0.000
    6   0.000    0.000    0.180    0.005    0.002    0.812    0.000
    7   0.000    0.000    0.124    0.004    0.000    0.000    0.872


Logits for the Classification Probabilities for the Most Likely Latent Class Membership (Column)
by Latent Class (Row)

              1        2        3        4        5        6        7

    1     13.815    0.000    0.377    0.000    0.000    5.159    0.000
    2      5.335   13.799    9.217    8.736    4.075    0.000    0.000
    3     -4.936   -1.636    4.850    1.682    0.633    0.200    0.000
    4     -3.413    0.193    4.380    4.697    0.918    0.017    0.000
    5     -1.726    4.446    9.296    6.995    9.513    5.604    0.000
    6      0.000    0.000   12.102    8.592    7.730   13.607    0.000
    7    -13.678  -13.678   -1.949   -5.420  -13.678  -13.678    0.000


MODEL RESULTS

                                                    Two-Tailed
                    Estimate       S.E.  Est./S.E.    P-Value

Latent Class 1

 KINSHIPJ WITH
    MUTUALISMJ       -45.943     34.346     -1.338      0.181
    EXCHANGEJ        -93.113     26.466     -3.518      0.000
    HAWKJ             95.260     57.154      1.667      0.096
    DOVEJ            -83.689     53.134     -1.575      0.115
    DIVISIONJ          6.746     47.202      0.143      0.886
    POSSESSION      -109.078     29.236     -3.731      0.000

 MUTUALIS WITH
    EXCHANGEJ         30.445     33.900      0.898      0.369
    HAWKJ            -38.879     44.417     -0.875      0.381
    DOVEJ            -66.738     45.873     -1.455      0.146
    DIVISIONJ        -17.385     36.303     -0.479      0.632
    POSSESSION      -103.177     27.455     -3.758      0.000

 EXCHANGE WITH
    HAWKJ              2.840     40.706      0.070      0.944
    DOVEJ             35.820     39.749      0.901      0.368
    DIVISIONJ        -33.269     30.942     -1.075      0.282
    POSSESSION        34.327     34.942      0.982      0.326

 HAWKJ    WITH
    DOVEJ            -79.974     49.680     -1.610      0.107
    DIVISIONJ        -84.338     50.372     -1.674      0.094
    POSSESSION        38.160     69.107      0.552      0.581

 DOVEJ    WITH
    DIVISIONJ        -77.665     43.724     -1.776      0.076
    POSSESSION       106.180     57.752      1.839      0.066

 DIVISION WITH
    POSSESSION       -58.458     41.226     -1.418      0.156

 Means
    KINSHIPJ          37.410      4.159      8.994      0.000
    MUTUALISMJ        41.749      4.459      9.363      0.000
    EXCHANGEJ         62.088      4.072     15.246      0.000
    HAWKJ             49.096      5.158      9.518      0.000
    DOVEJ             23.225      2.792      8.318      0.000
    DIVISIONJ         42.788      4.939      8.664      0.000
    POSSESSION        42.502      3.872     10.978      0.000

 Variances
    KINSHIPJ         198.551     13.737     14.454      0.000
    MUTUALISMJ       167.702     16.108     10.411      0.000
    EXCHANGEJ        118.876      5.785     20.549      0.000
    HAWKJ            233.334     13.793     16.917      0.000
    DOVEJ            175.588     77.418      2.268      0.023
    DIVISIONJ        211.682     16.806     12.596      0.000
    POSSESSION       232.220     10.182     22.807      0.000

Latent Class 2

 KINSHIPJ WITH
    MUTUALISMJ       -54.003     29.758     -1.815      0.070
    EXCHANGEJ        114.686     14.774      7.763      0.000
    HAWKJ              2.917     32.537      0.090      0.929
    DOVEJ              7.445     38.462      0.194      0.847
    DIVISIONJ        -28.874     53.109     -0.544      0.587
    POSSESSION      -114.343     32.916     -3.474      0.001

 MUTUALIS WITH
    EXCHANGEJ        -35.407     23.260     -1.522      0.128
    HAWKJ           -146.353     24.834     -5.893      0.000
    DOVEJ             -4.149     25.414     -0.163      0.870
    DIVISIONJ         17.026     30.701      0.555      0.579
    POSSESSION       -38.010     31.224     -1.217      0.223

 EXCHANGE WITH
    HAWKJ             63.293     22.309      2.837      0.005
    DOVEJ             48.256     36.424      1.325      0.185
    DIVISIONJ        -44.984     38.342     -1.173      0.241
    POSSESSION       -81.476     31.861     -2.557      0.011

 HAWKJ    WITH
    DOVEJ             87.544     53.664      1.631      0.103
    DIVISIONJ        -74.167     51.564     -1.438      0.150
    POSSESSION        75.781     48.264      1.570      0.116

 DOVEJ    WITH
    DIVISIONJ       -108.303     41.337     -2.620      0.009
    POSSESSION        66.040     50.153      1.317      0.188

 DIVISION WITH
    POSSESSION         5.905     66.068      0.089      0.929

 Means
    KINSHIPJ          36.949      3.347     11.039      0.000
    MUTUALISMJ        53.901      4.048     13.315      0.000
    EXCHANGEJ         74.804      2.398     31.201      0.000
    HAWKJ             41.526      3.954     10.504      0.000
    DOVEJ             38.011      3.756     10.121      0.000
    DIVISIONJ         71.618      4.239     16.895      0.000
    POSSESSION        36.754      3.518     10.446      0.000

 Variances
    KINSHIPJ         198.551     13.737     14.454      0.000
    MUTUALISMJ       167.702     16.108     10.411      0.000
    EXCHANGEJ        118.876      5.785     20.549      0.000
    HAWKJ            233.334     13.793     16.917      0.000
    DOVEJ            175.588     77.418      2.268      0.023
    DIVISIONJ        211.682     16.806     12.596      0.000
    POSSESSION       232.220     10.182     22.807      0.000

Latent Class 3

 KINSHIPJ WITH
    MUTUALISMJ        48.208     11.443      4.213      0.000
    EXCHANGEJ         57.386     10.575      5.426      0.000
    HAWKJ             53.657     13.658      3.928      0.000
    DOVEJ             54.586     13.835      3.945      0.000
    DIVISIONJ         23.451     15.057      1.557      0.119
    POSSESSION         2.962     11.511      0.257      0.797

 MUTUALIS WITH
    EXCHANGEJ         50.272      7.275      6.910      0.000
    HAWKJ             41.207     14.128      2.917      0.004
    DOVEJ             22.711     31.308      0.725      0.468
    DIVISIONJ         60.795     14.468      4.202      0.000
    POSSESSION        -3.125     17.972     -0.174      0.862

 EXCHANGE WITH
    HAWKJ             34.651      9.886      3.505      0.000
    DOVEJ             29.306     12.037      2.435      0.015
    DIVISIONJ         42.054     10.477      4.014      0.000
    POSSESSION         6.878      8.859      0.776      0.438

 HAWKJ    WITH
    DOVEJ             54.577     21.965      2.485      0.013
    DIVISIONJ         43.003     18.516      2.323      0.020
    POSSESSION        -1.753     16.331     -0.107      0.915

 DOVEJ    WITH
    DIVISIONJ          0.450     50.035      0.009      0.993
    POSSESSION         2.841     24.603      0.115      0.908

 DIVISION WITH
    POSSESSION        18.789     18.074      1.040      0.299

 Means
    KINSHIPJ          70.801      1.411     50.185      0.000
    MUTUALISMJ        66.409      1.537     43.215      0.000
    EXCHANGEJ         72.704      0.583    124.783      0.000
    HAWKJ             66.865      1.343     49.773      0.000
    DOVEJ             58.467      4.069     14.367      0.000
    DIVISIONJ         72.058      1.924     37.451      0.000
    POSSESSION        39.083      1.056     37.012      0.000

 Variances
    KINSHIPJ         198.551     13.737     14.454      0.000
    MUTUALISMJ       167.702     16.108     10.411      0.000
    EXCHANGEJ        118.876      5.785     20.549      0.000
    HAWKJ            233.334     13.793     16.917      0.000
    DOVEJ            175.588     77.418      2.268      0.023
    DIVISIONJ        211.682     16.806     12.596      0.000
    POSSESSION       232.220     10.182     22.807      0.000

Latent Class 4

 KINSHIPJ WITH
    MUTUALISMJ       -20.683     48.895     -0.423      0.672
    EXCHANGEJ         13.297     37.413      0.355      0.722
    HAWKJ             62.016     68.655      0.903      0.366
    DOVEJ             -1.918     35.315     -0.054      0.957
    DIVISIONJ         -0.174     29.942     -0.006      0.995
    POSSESSION       -52.039     72.802     -0.715      0.475

 MUTUALIS WITH
    EXCHANGEJ         40.809     41.992      0.972      0.331
    HAWKJ             27.310     28.676      0.952      0.341
    DOVEJ             18.716     42.628      0.439      0.661
    DIVISIONJ        -30.292    142.391     -0.213      0.832
    POSSESSION        -6.786     72.019     -0.094      0.925

 EXCHANGE WITH
    HAWKJ             -2.429     19.605     -0.124      0.901
    DOVEJ             17.412     24.230      0.719      0.472
    DIVISIONJ        -30.554     82.601     -0.370      0.711
    POSSESSION       -14.875     50.507     -0.295      0.768

 HAWKJ    WITH
    DOVEJ            -13.390     59.806     -0.224      0.823
    DIVISIONJ        -19.626     70.768     -0.277      0.782
    POSSESSION        16.042     99.276      0.162      0.872

 DOVEJ    WITH
    DIVISIONJ        -15.446     41.303     -0.374      0.708
    POSSESSION       -95.179     57.820     -1.646      0.100

 DIVISION WITH
    POSSESSION        45.148     44.798      1.008      0.314

 Means
    KINSHIPJ          64.317      2.632     24.440      0.000
    MUTUALISMJ        60.943      8.192      7.439      0.000
    EXCHANGEJ         69.936      2.236     31.279      0.000
    HAWKJ             62.081      7.132      8.705      0.000
    DOVEJ             37.949      6.255      6.067      0.000
    DIVISIONJ         67.545     12.198      5.537      0.000
    POSSESSION        37.542      6.403      5.863      0.000

 Variances
    KINSHIPJ         198.551     13.737     14.454      0.000
    MUTUALISMJ       167.702     16.108     10.411      0.000
    EXCHANGEJ        118.876      5.785     20.549      0.000
    HAWKJ            233.334     13.793     16.917      0.000
    DOVEJ            175.588     77.418      2.268      0.023
    DIVISIONJ        211.682     16.806     12.596      0.000
    POSSESSION       232.220     10.182     22.807      0.000

Latent Class 5

 KINSHIPJ WITH
    MUTUALISMJ       -36.138     73.784     -0.490      0.624
    EXCHANGEJ        -57.424     60.937     -0.942      0.346
    HAWKJ            -19.505     61.119     -0.319      0.750
    DOVEJ            101.965     29.465      3.461      0.001
    DIVISIONJ        -88.177     38.322     -2.301      0.021
    POSSESSION       -20.835     61.555     -0.338      0.735

 MUTUALIS WITH
    EXCHANGEJ         31.091     31.498      0.987      0.324
    HAWKJ            -33.676     41.360     -0.814      0.416
    DOVEJ            -26.634     71.579     -0.372      0.710
    DIVISIONJ         15.908     88.796      0.179      0.858
    POSSESSION       -16.810    140.514     -0.120      0.905

 EXCHANGE WITH
    HAWKJ            120.383     15.080      7.983      0.000
    DOVEJ            -52.898     88.120     -0.600      0.548
    DIVISIONJ        -27.109     55.237     -0.491      0.624
    POSSESSION        18.282    144.725      0.126      0.899

 HAWKJ    WITH
    DOVEJ            -17.854     59.059     -0.302      0.762
    DIVISIONJ        -20.046     64.197     -0.312      0.755
    POSSESSION       -24.054     76.224     -0.316      0.752

 DOVEJ    WITH
    DIVISIONJ        -43.184     54.276     -0.796      0.426
    POSSESSION       -58.000     75.948     -0.764      0.445

 DIVISION WITH
    POSSESSION        44.289     58.101      0.762      0.446

 Means
    KINSHIPJ          53.983      8.302      6.502      0.000
    MUTUALISMJ        55.781      5.982      9.324      0.000
    EXCHANGEJ         63.739      4.331     14.716      0.000
    HAWKJ             65.691      2.799     23.467      0.000
    DOVEJ             58.378      5.692     10.257      0.000
    DIVISIONJ         62.220     12.529      4.966      0.000
    POSSESSION        41.342     10.970      3.769      0.000

 Variances
    KINSHIPJ         198.551     13.737     14.454      0.000
    MUTUALISMJ       167.702     16.108     10.411      0.000
    EXCHANGEJ        118.876      5.785     20.549      0.000
    HAWKJ            233.334     13.793     16.917      0.000
    DOVEJ            175.588     77.418      2.268      0.023
    DIVISIONJ        211.682     16.806     12.596      0.000
    POSSESSION       232.220     10.182     22.807      0.000

Latent Class 6

 KINSHIPJ WITH
    MUTUALISMJ        38.828     36.225      1.072      0.284
    EXCHANGEJ        116.282     11.501     10.111      0.000
    HAWKJ             53.739     45.132      1.191      0.234
    DOVEJ             75.310     37.775      1.994      0.046
    DIVISIONJ        -26.326     33.801     -0.779      0.436
    POSSESSION         3.692     32.950      0.112      0.911

 MUTUALIS WITH
    EXCHANGEJ         13.748     40.737      0.337      0.736
    HAWKJ             28.046     41.325      0.679      0.497
    DOVEJ            121.073     42.597      2.842      0.004
    DIVISIONJ          8.757     36.811      0.238      0.812
    POSSESSION        13.373     23.224      0.576      0.565

 EXCHANGE WITH
    HAWKJ             70.595     19.306      3.657      0.000
    DOVEJ             74.233     36.197      2.051      0.040
    DIVISIONJ        -89.286     16.150     -5.529      0.000
    POSSESSION       -62.574     18.040     -3.469      0.001

 HAWKJ    WITH
    DOVEJ             83.493     51.551      1.620      0.105
    DIVISIONJ        -18.299     38.820     -0.471      0.637
    POSSESSION       -14.314     35.944     -0.398      0.690

 DOVEJ    WITH
    DIVISIONJ        -44.589     27.900     -1.598      0.110
    POSSESSION         2.128     23.224      0.092      0.927

 DIVISION WITH
    POSSESSION       203.115     12.115     16.765      0.000

 Means
    KINSHIPJ          73.158      4.071     17.971      0.000
    MUTUALISMJ        60.235      3.487     17.276      0.000
    EXCHANGEJ         72.118      2.763     26.101      0.000
    HAWKJ             63.884      4.483     14.250      0.000
    DOVEJ             56.151      3.908     14.370      0.000
    DIVISIONJ         48.367      3.238     14.938      0.000
    POSSESSION        44.351      3.399     13.049      0.000

 Variances
    KINSHIPJ         198.551     13.737     14.454      0.000
    MUTUALISMJ       167.702     16.108     10.411      0.000
    EXCHANGEJ        118.876      5.785     20.549      0.000
    HAWKJ            233.334     13.793     16.917      0.000
    DOVEJ            175.588     77.418      2.268      0.023
    DIVISIONJ        211.682     16.806     12.596      0.000
    POSSESSION       232.220     10.182     22.807      0.000

Latent Class 7

 KINSHIPJ WITH
    MUTUALISMJ        28.657    196.139      0.146      0.884
    EXCHANGEJ        118.655     20.778      5.710      0.000
    HAWKJ           -120.003     44.154     -2.718      0.007
    DOVEJ            110.786     72.016      1.538      0.124
    DIVISIONJ         93.309    122.269      0.763      0.445
    POSSESSION        29.140     31.386      0.928      0.353

 MUTUALIS WITH
    EXCHANGEJ        -21.372    223.919     -0.095      0.924
    HAWKJ            -70.970     67.541     -1.051      0.293
    DOVEJ            -98.964    115.265     -0.859      0.391
    DIVISIONJ        -93.950     40.042     -2.346      0.019
    POSSESSION        38.714     64.646      0.599      0.549

 EXCHANGE WITH
    HAWKJ            -27.009     76.206     -0.354      0.723
    DOVEJ            100.083     78.777      1.270      0.204
    DIVISIONJ         58.648    111.427      0.526      0.599
    POSSESSION       -24.847     42.026     -0.591      0.554

 HAWKJ    WITH
    DOVEJ            -16.150     52.628     -0.307      0.759
    DIVISIONJ       -105.045     64.495     -1.629      0.103
    POSSESSION       -97.822     62.298     -1.570      0.116

 DOVEJ    WITH
    DIVISIONJ        148.789     47.347      3.143      0.002
    POSSESSION       -31.212     53.809     -0.580      0.562

 DIVISION WITH
    POSSESSION       -34.783     41.581     -0.837      0.403

 Means
    KINSHIPJ          79.582      2.264     35.150      0.000
    MUTUALISMJ        73.894      2.119     34.879      0.000
    EXCHANGEJ         83.454      2.387     34.960      0.000
    HAWKJ             76.711      3.647     21.031      0.000
    DOVEJ             45.626      3.308     13.793      0.000
    DIVISIONJ         80.146      4.016     19.959      0.000
    POSSESSION        40.845      5.795      7.049      0.000

 Variances
    KINSHIPJ         198.551     13.737     14.454      0.000
    MUTUALISMJ       167.702     16.108     10.411      0.000
    EXCHANGEJ        118.876      5.785     20.549      0.000
    HAWKJ            233.334     13.793     16.917      0.000
    DOVEJ            175.588     77.418      2.268      0.023
    DIVISIONJ        211.682     16.806     12.596      0.000
    POSSESSION       232.220     10.182     22.807      0.000

Categorical Latent Variables

 Means
    C1#1              -0.997      0.435     -2.291      0.022
    C1#2              -0.330      0.388     -0.851      0.395
    C1#3               3.485      0.431      8.078      0.000
    C1#4               2.066      0.569      3.629      0.000
    C1#5               1.083      0.609      1.779      0.075
    C1#6               0.413      0.440      0.938      0.348


QUALITY OF NUMERICAL RESULTS

     Condition Number for the Information Matrix             -0.112E-16
       (ratio of smallest to largest eigenvalue)


TECHNICAL 1 OUTPUT


     PARAMETER SPECIFICATION FOR LATENT CLASS 1


           NU
              KINSHIPJ      MUTUALIS      EXCHANGE      HAWKJ         DOVEJ
              ________      ________      ________      ________      ________
                    1             2             3             4             5


           NU
              DIVISION      POSSESSI
              ________      ________
                    6             7


           THETA
              KINSHIPJ      MUTUALIS      EXCHANGE      HAWKJ         DOVEJ
              ________      ________      ________      ________      ________
 KINSHIPJ           8
 MUTUALIS           9            10
 EXCHANGE          11            12            13
 HAWKJ             14            15            16            17
 DOVEJ             18            19            20            21            22
 DIVISION          23            24            25            26            27
 POSSESSI          29            30            31            32            33


           THETA
              DIVISION      POSSESSI
              ________      ________
 DIVISION          28
 POSSESSI          34            35


     PARAMETER SPECIFICATION FOR LATENT CLASS 2


           NU
              KINSHIPJ      MUTUALIS      EXCHANGE      HAWKJ         DOVEJ
              ________      ________      ________      ________      ________
                   36            37            38            39            40


           NU
              DIVISION      POSSESSI
              ________      ________
                   41            42


           THETA
              KINSHIPJ      MUTUALIS      EXCHANGE      HAWKJ         DOVEJ
              ________      ________      ________      ________      ________
 KINSHIPJ           8
 MUTUALIS          43            10
 EXCHANGE          44            45            13
 HAWKJ             46            47            48            17
 DOVEJ             49            50            51            52            22
 DIVISION          53            54            55            56            57
 POSSESSI          58            59            60            61            62


           THETA
              DIVISION      POSSESSI
              ________      ________
 DIVISION          28
 POSSESSI          63            35


     PARAMETER SPECIFICATION FOR LATENT CLASS 3


           NU
              KINSHIPJ      MUTUALIS      EXCHANGE      HAWKJ         DOVEJ
              ________      ________      ________      ________      ________
                   64            65            66            67            68


           NU
              DIVISION      POSSESSI
              ________      ________
                   69            70


           THETA
              KINSHIPJ      MUTUALIS      EXCHANGE      HAWKJ         DOVEJ
              ________      ________      ________      ________      ________
 KINSHIPJ           8
 MUTUALIS          71            10
 EXCHANGE          72            73            13
 HAWKJ             74            75            76            17
 DOVEJ             77            78            79            80            22
 DIVISION          81            82            83            84            85
 POSSESSI          86            87            88            89            90


           THETA
              DIVISION      POSSESSI
              ________      ________
 DIVISION          28
 POSSESSI          91            35


     PARAMETER SPECIFICATION FOR LATENT CLASS 4


           NU
              KINSHIPJ      MUTUALIS      EXCHANGE      HAWKJ         DOVEJ
              ________      ________      ________      ________      ________
                   92            93            94            95            96


           NU
              DIVISION      POSSESSI
              ________      ________
                   97            98


           THETA
              KINSHIPJ      MUTUALIS      EXCHANGE      HAWKJ         DOVEJ
              ________      ________      ________      ________      ________
 KINSHIPJ           8
 MUTUALIS          99            10
 EXCHANGE         100           101            13
 HAWKJ            102           103           104            17
 DOVEJ            105           106           107           108            22
 DIVISION         109           110           111           112           113
 POSSESSI         114           115           116           117           118


           THETA
              DIVISION      POSSESSI
              ________      ________
 DIVISION          28
 POSSESSI         119            35


     PARAMETER SPECIFICATION FOR LATENT CLASS 5


           NU
              KINSHIPJ      MUTUALIS      EXCHANGE      HAWKJ         DOVEJ
              ________      ________      ________      ________      ________
                  120           121           122           123           124


           NU
              DIVISION      POSSESSI
              ________      ________
                  125           126


           THETA
              KINSHIPJ      MUTUALIS      EXCHANGE      HAWKJ         DOVEJ
              ________      ________      ________      ________      ________
 KINSHIPJ           8
 MUTUALIS         127            10
 EXCHANGE         128           129            13
 HAWKJ            130           131           132            17
 DOVEJ            133           134           135           136            22
 DIVISION         137           138           139           140           141
 POSSESSI         142           143           144           145           146


           THETA
              DIVISION      POSSESSI
              ________      ________
 DIVISION          28
 POSSESSI         147            35


     PARAMETER SPECIFICATION FOR LATENT CLASS 6


           NU
              KINSHIPJ      MUTUALIS      EXCHANGE      HAWKJ         DOVEJ
              ________      ________      ________      ________      ________
                  148           149           150           151           152


           NU
              DIVISION      POSSESSI
              ________      ________
                  153           154


           THETA
              KINSHIPJ      MUTUALIS      EXCHANGE      HAWKJ         DOVEJ
              ________      ________      ________      ________      ________
 KINSHIPJ           8
 MUTUALIS         155            10
 EXCHANGE         156           157            13
 HAWKJ            158           159           160            17
 DOVEJ            161           162           163           164            22
 DIVISION         165           166           167           168           169
 POSSESSI         170           171           172           173           174


           THETA
              DIVISION      POSSESSI
              ________      ________
 DIVISION          28
 POSSESSI         175            35


     PARAMETER SPECIFICATION FOR LATENT CLASS 7


           NU
              KINSHIPJ      MUTUALIS      EXCHANGE      HAWKJ         DOVEJ
              ________      ________      ________      ________      ________
                  176           177           178           179           180


           NU
              DIVISION      POSSESSI
              ________      ________
                  181           182


           THETA
              KINSHIPJ      MUTUALIS      EXCHANGE      HAWKJ         DOVEJ
              ________      ________      ________      ________      ________
 KINSHIPJ           8
 MUTUALIS         183            10
 EXCHANGE         184           185            13
 HAWKJ            186           187           188            17
 DOVEJ            189           190           191           192            22
 DIVISION         193           194           195           196           197
 POSSESSI         198           199           200           201           202


           THETA
              DIVISION      POSSESSI
              ________      ________
 DIVISION          28
 POSSESSI         203            35


     PARAMETER SPECIFICATION FOR LATENT CLASS REGRESSION MODEL PART


           ALPHA(C)
              C1#1          C1#2          C1#3          C1#4          C1#5
              ________      ________      ________      ________      ________
                  204           205           206           207           208


           ALPHA(C)
              C1#6          C1#7
              ________      ________
                  209             0


     STARTING VALUES FOR LATENT CLASS 1


           NU
              KINSHIPJ      MUTUALIS      EXCHANGE      HAWKJ         DOVEJ
              ________      ________      ________      ________      ________
               36.949        37.238        49.273        33.897        22.805


           NU
              DIVISION      POSSESSI
              ________      ________
               38.682         8.541


           THETA
              KINSHIPJ      MUTUALIS      EXCHANGE      HAWKJ         DOVEJ
              ________      ________      ________      ________      ________
 KINSHIPJ     121.626
 MUTUALIS       0.000        92.239
 EXCHANGE       0.000         0.000        63.634
 HAWKJ          0.000         0.000         0.000       125.455
 DOVEJ          0.000         0.000         0.000         0.000       122.308
 DIVISION       0.000         0.000         0.000         0.000         0.000
 POSSESSI       0.000         0.000         0.000         0.000         0.000


           THETA
              DIVISION      POSSESSI
              ________      ________
 DIVISION     121.504
 POSSESSI       0.000       117.219


     STARTING VALUES FOR LATENT CLASS 2


           NU
              KINSHIPJ      MUTUALIS      EXCHANGE      HAWKJ         DOVEJ
              ________      ________      ________      ________      ________
               52.546        50.820        60.555        49.737        38.446


           NU
              DIVISION      POSSESSI
              ________      ________
               54.271        23.853


           THETA
              KINSHIPJ      MUTUALIS      EXCHANGE      HAWKJ         DOVEJ
              ________      ________      ________      ________      ________
 KINSHIPJ     121.626
 MUTUALIS       0.000        92.239
 EXCHANGE       0.000         0.000        63.634
 HAWKJ          0.000         0.000         0.000       125.455
 DOVEJ          0.000         0.000         0.000         0.000       122.308
 DIVISION       0.000         0.000         0.000         0.000         0.000
 POSSESSI       0.000         0.000         0.000         0.000         0.000


           THETA
              DIVISION      POSSESSI
              ________      ________
 DIVISION     121.504
 POSSESSI       0.000       117.219


     STARTING VALUES FOR LATENT CLASS 3


           NU
              KINSHIPJ      MUTUALIS      EXCHANGE      HAWKJ         DOVEJ
              ________      ________      ________      ________      ________
               68.142        64.403        71.836        65.577        54.086


           NU
              DIVISION      POSSESSI
              ________      ________
               69.860        39.164


           THETA
              KINSHIPJ      MUTUALIS      EXCHANGE      HAWKJ         DOVEJ
              ________      ________      ________      ________      ________
 KINSHIPJ     121.626
 MUTUALIS       0.000        92.239
 EXCHANGE       0.000         0.000        63.634
 HAWKJ          0.000         0.000         0.000       125.455
 DOVEJ          0.000         0.000         0.000         0.000       122.308
 DIVISION       0.000         0.000         0.000         0.000         0.000
 POSSESSI       0.000         0.000         0.000         0.000         0.000


           THETA
              DIVISION      POSSESSI
              ________      ________
 DIVISION     121.504
 POSSESSI       0.000       117.219


     STARTING VALUES FOR LATENT CLASS 4


           NU
              KINSHIPJ      MUTUALIS      EXCHANGE      HAWKJ         DOVEJ
              ________      ________      ________      ________      ________
               68.142        64.403        71.836        65.577        54.086


           NU
              DIVISION      POSSESSI
              ________      ________
               69.860        39.164


           THETA
              KINSHIPJ      MUTUALIS      EXCHANGE      HAWKJ         DOVEJ
              ________      ________      ________      ________      ________
 KINSHIPJ     121.626
 MUTUALIS       0.000        92.239
 EXCHANGE       0.000         0.000        63.634
 HAWKJ          0.000         0.000         0.000       125.455
 DOVEJ          0.000         0.000         0.000         0.000       122.308
 DIVISION       0.000         0.000         0.000         0.000         0.000
 POSSESSI       0.000         0.000         0.000         0.000         0.000


           THETA
              DIVISION      POSSESSI
              ________      ________
 DIVISION     121.504
 POSSESSI       0.000       117.219


     STARTING VALUES FOR LATENT CLASS 5


           NU
              KINSHIPJ      MUTUALIS      EXCHANGE      HAWKJ         DOVEJ
              ________      ________      ________      ________      ________
               68.142        64.403        71.836        65.577        54.086


           NU
              DIVISION      POSSESSI
              ________      ________
               69.860        39.164


           THETA
              KINSHIPJ      MUTUALIS      EXCHANGE      HAWKJ         DOVEJ
              ________      ________      ________      ________      ________
 KINSHIPJ     121.626
 MUTUALIS       0.000        92.239
 EXCHANGE       0.000         0.000        63.634
 HAWKJ          0.000         0.000         0.000       125.455
 DOVEJ          0.000         0.000         0.000         0.000       122.308
 DIVISION       0.000         0.000         0.000         0.000         0.000
 POSSESSI       0.000         0.000         0.000         0.000         0.000


           THETA
              DIVISION      POSSESSI
              ________      ________
 DIVISION     121.504
 POSSESSI       0.000       117.219


     STARTING VALUES FOR LATENT CLASS 6


           NU
              KINSHIPJ      MUTUALIS      EXCHANGE      HAWKJ         DOVEJ
              ________      ________      ________      ________      ________
               83.739        77.985        83.117        81.417        69.726


           NU
              DIVISION      POSSESSI
              ________      ________
               85.448        54.475


           THETA
              KINSHIPJ      MUTUALIS      EXCHANGE      HAWKJ         DOVEJ
              ________      ________      ________      ________      ________
 KINSHIPJ     121.626
 MUTUALIS       0.000        92.239
 EXCHANGE       0.000         0.000        63.634
 HAWKJ          0.000         0.000         0.000       125.455
 DOVEJ          0.000         0.000         0.000         0.000       122.308
 DIVISION       0.000         0.000         0.000         0.000         0.000
 POSSESSI       0.000         0.000         0.000         0.000         0.000


           THETA
              DIVISION      POSSESSI
              ________      ________
 DIVISION     121.504
 POSSESSI       0.000       117.219


     STARTING VALUES FOR LATENT CLASS 7


           NU
              KINSHIPJ      MUTUALIS      EXCHANGE      HAWKJ         DOVEJ
              ________      ________      ________      ________      ________
               99.336        91.567        94.399        97.257        85.366


           NU
              DIVISION      POSSESSI
              ________      ________
              101.037        69.787


           THETA
              KINSHIPJ      MUTUALIS      EXCHANGE      HAWKJ         DOVEJ
              ________      ________      ________      ________      ________
 KINSHIPJ     121.626
 MUTUALIS       0.000        92.239
 EXCHANGE       0.000         0.000        63.634
 HAWKJ          0.000         0.000         0.000       125.455
 DOVEJ          0.000         0.000         0.000         0.000       122.308
 DIVISION       0.000         0.000         0.000         0.000         0.000
 POSSESSI       0.000         0.000         0.000         0.000         0.000


           THETA
              DIVISION      POSSESSI
              ________      ________
 DIVISION     121.504
 POSSESSI       0.000       117.219


     STARTING VALUES FOR LATENT CLASS REGRESSION MODEL PART


           ALPHA(C)
              C1#1          C1#2          C1#3          C1#4          C1#5
              ________      ________      ________      ________      ________
                0.000         0.000         0.000         0.000         0.000


           ALPHA(C)
              C1#6          C1#7
              ________      ________
                0.000         0.000


TECHNICAL 14 OUTPUT

     Random Starts Specifications for the k-1 Class Analysis Model
        Number of initial stage random starts                  20
        Number of final stage optimizations                     4

     Random Starts Specification for the k-1 Class Model for Generated Data
        Number of initial stage random starts                   0
        Number of final stage optimizations for the
           initial stage random starts                          0
     Random Starts Specification for the k Class Model for Generated Data
        Number of initial stage random starts                  40
        Number of final stage optimizations                     8
     Number of bootstrap draws requested                   Varies


     PARAMETRIC BOOTSTRAPPED LIKELIHOOD RATIO TEST FOR 6 (H0) VERSUS 7 CLASSES

          H0 Loglikelihood Value                       -39326.245
          2 Times the Loglikelihood Difference             64.884
          Difference in the Number of Parameters               29
          Approximate P-Value                              0.0000
          Successful Bootstrap Draws                            1

     WARNING:  OF THE 1 BOOTSTRAP DRAWS, 100 DRAWS HAD BOTH A SMALLER LRT VALUE THAN THE
     OBSERVED LRT VALUE AND NOT A REPLICATED BEST LOGLIKELIHOOD VALUE FOR THE 7-CLASS MODEL.
     THIS MEANS THAT THE P-VALUE MAY NOT BE TRUSTWORTHY DUE TO LOCAL MAXIMA.
     INCREASE THE NUMBER OF RANDOM STARTS USING THE LRTSTARTS OPTION.


     WARNING:  99 OUT OF 100 BOOTSTRAP DRAWS DID NOT CONVERGE.
     THE P-VALUE MAY NOT BE TRUSTWORTHY.
     INCREASE THE NUMBER OF RANDOM STARTS USING THE LRTSTARTS OPTION.



SAVEDATA INFORMATION


  Save file
    model_5_class_7.dat

  Order and format of variables

    KINSHIPJ       F10.3
    MUTUALIS       F10.3
    EXCHANGE       F10.3
    HAWKJ          F10.3
    DOVEJ          F10.3
    DIVISION       F10.3
    POSSESSI       F10.3
    CPROB1         F10.3
    CPROB2         F10.3
    CPROB3         F10.3
    CPROB4         F10.3
    CPROB5         F10.3
    CPROB6         F10.3
    CPROB7         F10.3
    C1             F10.3

  Save file format
    15F10.3

  Save file record length    10000


     Beginning Time:  10:44:32
        Ending Time:  11:09:40
       Elapsed Time:  00:25:08



MUTHEN & MUTHEN
3463 Stoner Ave.
Los Angeles, CA  90066

Tel: (310) 391-9971
Fax: (310) 391-8971
Web: www.StatModel.com
Support: Support@StatModel.com

Copyright (c) 1998-2018 Muthen & Muthen
