Mplus VERSION 8.2 (Mac)
MUTHEN & MUTHEN
08/26/2020  12:12 PM

INPUT INSTRUCTIONS

  TITLE:
  model 6 with 3 classes
  DATA:
  FILE = "data_624dd70f9f561f2c8c991d291c51b950.dat";

  VARIABLE:
  NAMES = KinshipJ MutualismJ ExchangeJ HawkJ DoveJ DivisionJ PossessionJ;
   MISSING=.;
   CLASSES = c1(3);

  ANALYSIS:
  TYPE = mixture;

  MODEL:
  %c1#1%
  KinshipJ (vKinshipJ1);
  MutualismJ (vMutualismJ1);
  ExchangeJ (vExchangeJ1);
  HawkJ (vHawkJ1);
  DoveJ (vDoveJ1);
  DivisionJ (vDivisionJ1);
  PossessionJ (vPossessionJ1);

  KinshipJ WITH MutualismJ (KinshipJWMutualismJ1);
  KinshipJ WITH ExchangeJ (KinshipJWExchangeJ1);
  KinshipJ WITH HawkJ (KinshipJWHawkJ1);
  KinshipJ WITH DoveJ (KinshipJWDoveJ1);
  KinshipJ WITH DivisionJ (KinshipJWDivisionJ1);
  KinshipJ WITH PossessionJ (KinshipJWPossessionJ1);
  MutualismJ WITH ExchangeJ (MutualismJWExchangeJ1);
  MutualismJ WITH HawkJ (MutualismJWHawkJ1);
  MutualismJ WITH DoveJ (MutualismJWDoveJ1);
  MutualismJ WITH DivisionJ (MutualismJWDivisionJ1);
  MutualismJ WITH PossessionJ (MutualismJWPossessionJ1);
  ExchangeJ WITH HawkJ (ExchangeJWHawkJ1);
  ExchangeJ WITH DoveJ (ExchangeJWDoveJ1);
  ExchangeJ WITH DivisionJ (ExchangeJWDivisionJ1);
  ExchangeJ WITH PossessionJ (ExchangeJWPossessionJ1);
  HawkJ WITH DoveJ (HawkJWDoveJ1);
  HawkJ WITH DivisionJ (HawkJWDivisionJ1);
  HawkJ WITH PossessionJ (HawkJWPossessionJ1);
  DoveJ WITH DivisionJ (DoveJWDivisionJ1);
  DoveJ WITH PossessionJ (DoveJWPossessionJ1);
  DivisionJ WITH PossessionJ (DivisionJWPossessionJ1);

  %c1#2%
  KinshipJ (vKinshipJ2);
  MutualismJ (vMutualismJ2);
  ExchangeJ (vExchangeJ2);
  HawkJ (vHawkJ2);
  DoveJ (vDoveJ2);
  DivisionJ (vDivisionJ2);
  PossessionJ (vPossessionJ2);

  KinshipJ WITH MutualismJ (KinshipJWMutualismJ2);
  KinshipJ WITH ExchangeJ (KinshipJWExchangeJ2);
  KinshipJ WITH HawkJ (KinshipJWHawkJ2);
  KinshipJ WITH DoveJ (KinshipJWDoveJ2);
  KinshipJ WITH DivisionJ (KinshipJWDivisionJ2);
  KinshipJ WITH PossessionJ (KinshipJWPossessionJ2);
  MutualismJ WITH ExchangeJ (MutualismJWExchangeJ2);
  MutualismJ WITH HawkJ (MutualismJWHawkJ2);
  MutualismJ WITH DoveJ (MutualismJWDoveJ2);
  MutualismJ WITH DivisionJ (MutualismJWDivisionJ2);
  MutualismJ WITH PossessionJ (MutualismJWPossessionJ2);
  ExchangeJ WITH HawkJ (ExchangeJWHawkJ2);
  ExchangeJ WITH DoveJ (ExchangeJWDoveJ2);
  ExchangeJ WITH DivisionJ (ExchangeJWDivisionJ2);
  ExchangeJ WITH PossessionJ (ExchangeJWPossessionJ2);
  HawkJ WITH DoveJ (HawkJWDoveJ2);
  HawkJ WITH DivisionJ (HawkJWDivisionJ2);
  HawkJ WITH PossessionJ (HawkJWPossessionJ2);
  DoveJ WITH DivisionJ (DoveJWDivisionJ2);
  DoveJ WITH PossessionJ (DoveJWPossessionJ2);
  DivisionJ WITH PossessionJ (DivisionJWPossessionJ2);

  %c1#3%
  KinshipJ (vKinshipJ3);
  MutualismJ (vMutualismJ3);
  ExchangeJ (vExchangeJ3);
  HawkJ (vHawkJ3);
  DoveJ (vDoveJ3);
  DivisionJ (vDivisionJ3);
  PossessionJ (vPossessionJ3);

  KinshipJ WITH MutualismJ (KinshipJWMutualismJ3);
  KinshipJ WITH ExchangeJ (KinshipJWExchangeJ3);
  KinshipJ WITH HawkJ (KinshipJWHawkJ3);
  KinshipJ WITH DoveJ (KinshipJWDoveJ3);
  KinshipJ WITH DivisionJ (KinshipJWDivisionJ3);
  KinshipJ WITH PossessionJ (KinshipJWPossessionJ3);
  MutualismJ WITH ExchangeJ (MutualismJWExchangeJ3);
  MutualismJ WITH HawkJ (MutualismJWHawkJ3);
  MutualismJ WITH DoveJ (MutualismJWDoveJ3);
  MutualismJ WITH DivisionJ (MutualismJWDivisionJ3);
  MutualismJ WITH PossessionJ (MutualismJWPossessionJ3);
  ExchangeJ WITH HawkJ (ExchangeJWHawkJ3);
  ExchangeJ WITH DoveJ (ExchangeJWDoveJ3);
  ExchangeJ WITH DivisionJ (ExchangeJWDivisionJ3);
  ExchangeJ WITH PossessionJ (ExchangeJWPossessionJ3);
  HawkJ WITH DoveJ (HawkJWDoveJ3);
  HawkJ WITH DivisionJ (HawkJWDivisionJ3);
  HawkJ WITH PossessionJ (HawkJWPossessionJ3);
  DoveJ WITH DivisionJ (DoveJWDivisionJ3);
  DoveJ WITH PossessionJ (DoveJWPossessionJ3);
  DivisionJ WITH PossessionJ (DivisionJWPossessionJ3);


  OUTPUT:
  TECH14;

  SAVEDATA:
  FILE IS model_6_class_3.dat;
  SAVE = cprobabilities;



*** WARNING in VARIABLE command
  Note that only the first 8 characters of variable names are used in the output.
  Shorten variable names to avoid any confusion.
*** WARNING in MODEL command
  All variables are uncorrelated with all other variables within class.
  Check that this is what is intended.
   2 WARNING(S) FOUND IN THE INPUT INSTRUCTIONS




model 6 with 3 classes

SUMMARY OF ANALYSIS

Number of groups                                                 1
Number of observations                                        1392

Number of dependent variables                                    7
Number of independent variables                                  0
Number of continuous latent variables                            0
Number of categorical latent variables                           1

Observed dependent variables

  Continuous
   KINSHIPJ    MUTUALISMJ  EXCHANGEJ   HAWKJ       DOVEJ       DIVISIONJ
   POSSESSION

Categorical latent variables
   C1


Estimator                                                      MLR
Information matrix                                        OBSERVED
Optimization Specifications for the Quasi-Newton Algorithm for
Continuous Outcomes
  Maximum number of iterations                                 100
  Convergence criterion                                  0.100D-05
Optimization Specifications for the EM Algorithm
  Maximum number of iterations                                 500
  Convergence criteria
    Loglikelihood change                                 0.100D-06
    Relative loglikelihood change                        0.100D-06
    Derivative                                           0.100D-05
Optimization Specifications for the M step of the EM Algorithm for
Categorical Latent variables
  Number of M step iterations                                    1
  M step convergence criterion                           0.100D-05
  Basis for M step termination                           ITERATION
Optimization Specifications for the M step of the EM Algorithm for
Censored, Binary or Ordered Categorical (Ordinal), Unordered
Categorical (Nominal) and Count Outcomes
  Number of M step iterations                                    1
  M step convergence criterion                           0.100D-05
  Basis for M step termination                           ITERATION
  Maximum value for logit thresholds                            15
  Minimum value for logit thresholds                           -15
  Minimum expected cell size for chi-square              0.100D-01
Maximum number of iterations for H1                           2000
Convergence criterion for H1                             0.100D-03
Optimization algorithm                                         EMA
Random Starts Specifications
  Number of initial stage random starts                         20
  Number of final stage optimizations                            4
  Number of initial stage iterations                            10
  Initial stage convergence criterion                    0.100D+01
  Random starts scale                                    0.500D+01
  Random seed for generating random starts                       0

Input data file(s)
  data_624dd70f9f561f2c8c991d291c51b950.dat
Input data format  FREE


SUMMARY OF DATA

     Number of missing data patterns             1
     Number of y missing data patterns           1
     Number of u missing data patterns           0


COVARIANCE COVERAGE OF DATA

Minimum covariance coverage value   0.100


     PROPORTION OF DATA PRESENT FOR Y


           Covariance Coverage
              KINSHIPJ      MUTUALIS      EXCHANGE      HAWKJ         DOVEJ
              ________      ________      ________      ________      ________
 KINSHIPJ       1.000
 MUTUALIS       1.000         1.000
 EXCHANGE       1.000         1.000         1.000
 HAWKJ          1.000         1.000         1.000         1.000
 DOVEJ          1.000         1.000         1.000         1.000         1.000
 DIVISION       1.000         1.000         1.000         1.000         1.000
 POSSESSI       1.000         1.000         1.000         1.000         1.000


           Covariance Coverage
              DIVISION      POSSESSI
              ________      ________
 DIVISION       1.000
 POSSESSI       1.000         1.000



UNIVARIATE SAMPLE STATISTICS


     UNIVARIATE HIGHER-ORDER MOMENT DESCRIPTIVE STATISTICS

         Variable/         Mean/     Skewness/   Minimum/ % with                Percentiles
        Sample Size      Variance    Kurtosis    Maximum  Min/Max      20%/60%    40%/80%    Median

     KINSHIPJ             68.142      -0.400      12.667    0.07%      55.333     64.667     69.000
            1392.000     243.252      -0.028      99.333    0.07%      73.000     82.000
     MUTUALISMJ           64.403      -0.398      11.000    0.07%      53.000     61.667     65.000
            1392.000     184.479       0.162      96.000    0.07%      68.333     76.333
     EXCHANGEJ            71.836      -0.357      32.667    0.07%      62.667     69.667     72.667
            1392.000     127.269       0.056      98.000    0.14%      75.333     81.333
     HAWKJ                65.577      -0.286      11.000    0.07%      52.333     61.667     66.000
            1392.000     250.911      -0.258      99.667    0.14%      70.333     80.000
     DOVEJ                54.086      -0.377       2.000    0.07%      41.000     51.333     55.167
            1392.000     244.615      -0.092      92.333    0.07%      59.000     68.000
     DIVISIONJ            69.860      -0.574       6.333    0.07%      57.333     67.000     71.333
            1392.000     243.008       0.243     100.000    0.29%      75.333     83.000
     POSSESSIONJ          39.164       0.105       1.667    0.07%      26.000     35.000     39.333
            1392.000     234.437      -0.117      95.333    0.07%      43.000     52.000

RANDOM STARTS RESULTS RANKED FROM THE BEST TO THE WORST LOGLIKELIHOOD VALUES

2 perturbed starting value run(s) did not converge in the initial stage
optimizations.

Final stage loglikelihood values at local maxima, seeds, and initial stage start numbers:

          -39366.128  573096           20
          -39366.991  415931           10
          -39370.550  127215           9
          -39393.951  462953           7



     WARNING:  THE BEST LOGLIKELIHOOD VALUE WAS NOT REPLICATED.  THE
     SOLUTION MAY NOT BE TRUSTWORTHY DUE TO LOCAL MAXIMA.  INCREASE THE
     NUMBER OF RANDOM STARTS.


THE MODEL ESTIMATION TERMINATED NORMALLY



MODEL FIT INFORMATION

Number of Free Parameters                      107

Loglikelihood

          H0 Value                      -39366.128
          H0 Scaling Correction Factor      1.1618
            for MLR

Information Criteria

          Akaike (AIC)                   78946.256
          Bayesian (BIC)                 79506.775
          Sample-Size Adjusted BIC       79166.877
            (n* = (n + 2) / 24)



FINAL CLASS COUNTS AND PROPORTIONS FOR THE LATENT CLASSES
BASED ON THE ESTIMATED MODEL

    Latent
   Classes

       1        494.12623          0.35498
       2        649.13203          0.46633
       3        248.74174          0.17869


FINAL CLASS COUNTS AND PROPORTIONS FOR THE LATENT CLASSES
BASED ON ESTIMATED POSTERIOR PROBABILITIES

    Latent
   Classes

       1        494.12623          0.35498
       2        649.13203          0.46633
       3        248.74174          0.17869


FINAL CLASS COUNTS AND PROPORTIONS FOR THE LATENT CLASSES
BASED ON THEIR MOST LIKELY LATENT CLASS MEMBERSHIP

Class Counts and Proportions

    Latent
   Classes

       1              449          0.32256
       2              700          0.50287
       3              243          0.17457


CLASSIFICATION QUALITY

     Entropy                         0.545


Average Latent Class Probabilities for Most Likely Latent Class Membership (Row)
by Latent Class (Column)

           1        2        3

    1   0.812    0.141    0.047
    2   0.147    0.786    0.067
    3   0.110    0.148    0.742


Classification Probabilities for the Most Likely Latent Class Membership (Column)
by Latent Class (Row)

           1        2        3

    1   0.738    0.208    0.054
    2   0.097    0.847    0.055
    3   0.086    0.190    0.725


Logits for the Classification Probabilities for the Most Likely Latent Class Membership (Column)
by Latent Class (Row)

              1        2        3

    1      2.611    1.347    0.000
    2      0.564    2.727    0.000
    3     -2.136   -1.341    0.000


MODEL RESULTS

                                                    Two-Tailed
                    Estimate       S.E.  Est./S.E.    P-Value

Latent Class 1

 KINSHIPJ WITH
    MUTUALISMJ         7.770     18.773      0.414      0.679
    EXCHANGEJ         34.606     13.034      2.655      0.008
    HAWKJ             53.592     21.567      2.485      0.013
    DOVEJ             77.664     22.258      3.489      0.000
    DIVISIONJ        -34.231     19.771     -1.731      0.083
    POSSESSION       -15.065     16.361     -0.921      0.357

 MUTUALIS WITH
    EXCHANGEJ         38.235     13.024      2.936      0.003
    HAWKJ              4.018     19.938      0.202      0.840
    DOVEJ             12.336     17.113      0.721      0.471
    DIVISIONJ          2.780     17.060      0.163      0.871
    POSSESSION        15.951     15.764      1.012      0.312

 EXCHANGE WITH
    HAWKJ             14.475     12.457      1.162      0.245
    DOVEJ             20.420     20.434      0.999      0.318
    DIVISIONJ        -23.959     12.223     -1.960      0.050
    POSSESSION        -1.709     12.188     -0.140      0.888

 HAWKJ    WITH
    DOVEJ             16.770     19.223      0.872      0.383
    DIVISIONJ        -35.298     27.677     -1.275      0.202
    POSSESSION        12.424     16.276      0.763      0.445

 DOVEJ    WITH
    DIVISIONJ        -60.986     22.924     -2.660      0.008
    POSSESSION       -15.921     14.476     -1.100      0.271

 DIVISION WITH
    POSSESSION        48.773     19.309      2.526      0.012

 Means
    KINSHIPJ          63.142      1.371     46.049      0.000
    MUTUALISMJ        57.107      1.745     32.721      0.000
    EXCHANGEJ         68.824      1.288     53.424      0.000
    HAWKJ             58.611      1.681     34.868      0.000
    DOVEJ             46.771      1.462     31.992      0.000
    DIVISIONJ         62.532      1.688     37.048      0.000
    POSSESSION        41.372      1.414     29.267      0.000

 Variances
    KINSHIPJ         293.483     23.639     12.415      0.000
    MUTUALISMJ       206.302     21.133      9.762      0.000
    EXCHANGEJ        149.373     14.229     10.498      0.000
    HAWKJ            278.805     21.906     12.727      0.000
    DOVEJ            292.049     24.372     11.983      0.000
    DIVISIONJ        309.664     26.024     11.899      0.000
    POSSESSION       184.108     15.175     12.133      0.000

Latent Class 2

 KINSHIPJ WITH
    MUTUALISMJ        27.906     31.059      0.899      0.369
    EXCHANGEJ         45.512     12.237      3.719      0.000
    HAWKJ             49.378     17.067      2.893      0.004
    DOVEJ             56.879     11.280      5.043      0.000
    DIVISIONJ         22.473     19.372      1.160      0.246
    POSSESSION        14.256     27.141      0.525      0.599

 MUTUALIS WITH
    EXCHANGEJ         24.159     15.868      1.523      0.128
    HAWKJ             22.689     11.390      1.992      0.046
    DOVEJ             26.203     16.734      1.566      0.117
    DIVISIONJ         40.787     17.038      2.394      0.017
    POSSESSION        14.482     33.590      0.431      0.666

 EXCHANGE WITH
    HAWKJ             43.819     10.888      4.025      0.000
    DOVEJ             31.452      7.197      4.370      0.000
    DIVISIONJ         36.105     12.095      2.985      0.003
    POSSESSION        12.842     13.072      0.982      0.326

 HAWKJ    WITH
    DOVEJ             41.796     10.618      3.936      0.000
    DIVISIONJ         34.108     11.407      2.990      0.003
    POSSESSION        -2.799     12.043     -0.232      0.816

 DOVEJ    WITH
    DIVISIONJ         10.444     11.526      0.906      0.365
    POSSESSION        18.980     13.988      1.357      0.175

 DIVISION WITH
    POSSESSION         9.504     13.013      0.730      0.465

 Means
    KINSHIPJ          68.856      2.258     30.491      0.000
    MUTUALISMJ        65.139      2.351     27.703      0.000
    EXCHANGEJ         71.268      1.546     46.099      0.000
    HAWKJ             69.323      1.271     54.537      0.000
    DOVEJ             60.269      1.586     37.995      0.000
    DIVISIONJ         74.728      1.504     49.672      0.000
    POSSESSION        39.381      1.708     23.059      0.000

 Variances
    KINSHIPJ         201.042     20.576      9.771      0.000
    MUTUALISMJ       114.039     34.997      3.259      0.001
    EXCHANGEJ        104.717     18.140      5.773      0.000
    HAWKJ            182.419     16.988     10.738      0.000
    DOVEJ            134.080     14.341      9.350      0.000
    DIVISIONJ        133.505     13.732      9.722      0.000
    POSSESSION       274.965     18.436     14.915      0.000

Latent Class 3

 KINSHIPJ WITH
    MUTUALISMJ         9.527     13.602      0.700      0.484
    EXCHANGEJ         33.326     17.780      1.874      0.061
    HAWKJ             44.389     32.516      1.365      0.172
    DOVEJ             45.930     23.420      1.961      0.050
    DIVISIONJ         31.779     32.953      0.964      0.335
    POSSESSION        14.473     20.357      0.711      0.477

 MUTUALIS WITH
    EXCHANGEJ         24.165     13.370      1.807      0.071
    HAWKJ             -3.378     14.273     -0.237      0.813
    DOVEJ             27.466     28.819      0.953      0.341
    DIVISIONJ         19.702     15.800      1.247      0.212
    POSSESSION       -11.590     11.230     -1.032      0.302

 EXCHANGE WITH
    HAWKJ             11.152     19.783      0.564      0.573
    DOVEJ             17.093     15.516      1.102      0.271
    DIVISIONJ         33.197     14.020      2.368      0.018
    POSSESSION        14.732     20.400      0.722      0.470

 HAWKJ    WITH
    DOVEJ             30.672     20.849      1.471      0.141
    DIVISIONJ        -29.399     29.134     -1.009      0.313
    POSSESSION        31.659     28.225      1.122      0.262

 DOVEJ    WITH
    DIVISIONJ        -67.996    109.496     -0.621      0.535
    POSSESSION       -59.216     25.064     -2.363      0.018

 DIVISION WITH
    POSSESSION        58.910     36.534      1.612      0.107

 Means
    KINSHIPJ          76.213      2.963     25.723      0.000
    MUTUALISMJ        76.976      2.123     36.266      0.000
    EXCHANGEJ         79.301      1.399     56.701      0.000
    HAWKJ             69.637      1.921     36.242      0.000
    DOVEJ             52.480      3.978     13.193      0.000
    DIVISIONJ         71.713      4.711     15.223      0.000
    POSSESSION        34.213      3.181     10.754      0.000

 Variances
    KINSHIPJ         137.492     34.600      3.974      0.000
    MUTUALISMJ        59.701     11.317      5.275      0.000
    EXCHANGEJ         67.614     11.170      6.053      0.000
    HAWKJ            224.737     37.154      6.049      0.000
    DOVEJ            230.174     37.881      6.076      0.000
    DIVISIONJ        224.433     49.246      4.557      0.000
    POSSESSION       194.337     34.460      5.639      0.000

Categorical Latent Variables

 Means
    C1#1               0.686      0.478      1.435      0.151
    C1#2               0.959      0.448      2.143      0.032


QUALITY OF NUMERICAL RESULTS

     Condition Number for the Information Matrix              0.937E-06
       (ratio of smallest to largest eigenvalue)


TECHNICAL 14 OUTPUT

     Random Starts Specifications for the k-1 Class Analysis Model
        Number of initial stage random starts                  20
        Number of final stage optimizations                     4

     Random Starts Specification for the k-1 Class Model for Generated Data
        Number of initial stage random starts                   0
        Number of final stage optimizations for the
           initial stage random starts                          0
     Random Starts Specification for the k Class Model for Generated Data
        Number of initial stage random starts                  40
        Number of final stage optimizations                     8
     Number of bootstrap draws requested                   Varies


     PARAMETRIC BOOTSTRAPPED LIKELIHOOD RATIO TEST FOR 2 (H0) VERSUS 3 CLASSES

          H0 Loglikelihood Value                       -39419.275
          2 Times the Loglikelihood Difference            106.295
          Difference in the Number of Parameters               36
          Approximate P-Value                              0.2500
          Successful Bootstrap Draws                           16


SAVEDATA INFORMATION


  Save file
    model_6_class_3.dat

  Order and format of variables

    KINSHIPJ       F10.3
    MUTUALIS       F10.3
    EXCHANGE       F10.3
    HAWKJ          F10.3
    DOVEJ          F10.3
    DIVISION       F10.3
    POSSESSI       F10.3
    CPROB1         F10.3
    CPROB2         F10.3
    CPROB3         F10.3
    C1             F10.3

  Save file format
    11F10.3

  Save file record length    10000


     Beginning Time:  12:12:05
        Ending Time:  12:12:35
       Elapsed Time:  00:00:30



MUTHEN & MUTHEN
3463 Stoner Ave.
Los Angeles, CA  90066

Tel: (310) 391-9971
Fax: (310) 391-8971
Web: www.StatModel.com
Support: Support@StatModel.com

Copyright (c) 1998-2018 Muthen & Muthen
