Mplus VERSION 8.2 (Mac)
MUTHEN & MUTHEN
08/26/2020   9:58 AM

INPUT INSTRUCTIONS

  TITLE:
  model 2 with 6 classes
  DATA:
  FILE = "data_624dd70f9f561f2c8c991d291c51b950.dat";

  VARIABLE:
  NAMES = KinshipJ MutualismJ ExchangeJ HawkJ DoveJ DivisionJ PossessionJ;
   MISSING=.;
   CLASSES = c1(6);

  ANALYSIS:
  TYPE = mixture;

  MODEL:
  %c1#1%
  KinshipJ (vKinshipJ1);
  MutualismJ (vMutualismJ1);
  ExchangeJ (vExchangeJ1);
  HawkJ (vHawkJ1);
  DoveJ (vDoveJ1);
  DivisionJ (vDivisionJ1);
  PossessionJ (vPossessionJ1);

  KinshipJ WITH MutualismJ@0;
  KinshipJ WITH ExchangeJ@0;
  KinshipJ WITH HawkJ@0;
  KinshipJ WITH DoveJ@0;
  KinshipJ WITH DivisionJ@0;
  KinshipJ WITH PossessionJ@0;
  MutualismJ WITH ExchangeJ@0;
  MutualismJ WITH HawkJ@0;
  MutualismJ WITH DoveJ@0;
  MutualismJ WITH DivisionJ@0;
  MutualismJ WITH PossessionJ@0;
  ExchangeJ WITH HawkJ@0;
  ExchangeJ WITH DoveJ@0;
  ExchangeJ WITH DivisionJ@0;
  ExchangeJ WITH PossessionJ@0;
  HawkJ WITH DoveJ@0;
  HawkJ WITH DivisionJ@0;
  HawkJ WITH PossessionJ@0;
  DoveJ WITH DivisionJ@0;
  DoveJ WITH PossessionJ@0;
  DivisionJ WITH PossessionJ@0;

  %c1#2%
  KinshipJ (vKinshipJ2);
  MutualismJ (vMutualismJ2);
  ExchangeJ (vExchangeJ2);
  HawkJ (vHawkJ2);
  DoveJ (vDoveJ2);
  DivisionJ (vDivisionJ2);
  PossessionJ (vPossessionJ2);

  KinshipJ WITH MutualismJ@0;
  KinshipJ WITH ExchangeJ@0;
  KinshipJ WITH HawkJ@0;
  KinshipJ WITH DoveJ@0;
  KinshipJ WITH DivisionJ@0;
  KinshipJ WITH PossessionJ@0;
  MutualismJ WITH ExchangeJ@0;
  MutualismJ WITH HawkJ@0;
  MutualismJ WITH DoveJ@0;
  MutualismJ WITH DivisionJ@0;
  MutualismJ WITH PossessionJ@0;
  ExchangeJ WITH HawkJ@0;
  ExchangeJ WITH DoveJ@0;
  ExchangeJ WITH DivisionJ@0;
  ExchangeJ WITH PossessionJ@0;
  HawkJ WITH DoveJ@0;
  HawkJ WITH DivisionJ@0;
  HawkJ WITH PossessionJ@0;
  DoveJ WITH DivisionJ@0;
  DoveJ WITH PossessionJ@0;
  DivisionJ WITH PossessionJ@0;

  %c1#3%
  KinshipJ (vKinshipJ3);
  MutualismJ (vMutualismJ3);
  ExchangeJ (vExchangeJ3);
  HawkJ (vHawkJ3);
  DoveJ (vDoveJ3);
  DivisionJ (vDivisionJ3);
  PossessionJ (vPossessionJ3);

  KinshipJ WITH MutualismJ@0;
  KinshipJ WITH ExchangeJ@0;
  KinshipJ WITH HawkJ@0;
  KinshipJ WITH DoveJ@0;
  KinshipJ WITH DivisionJ@0;
  KinshipJ WITH PossessionJ@0;
  MutualismJ WITH ExchangeJ@0;
  MutualismJ WITH HawkJ@0;
  MutualismJ WITH DoveJ@0;
  MutualismJ WITH DivisionJ@0;
  MutualismJ WITH PossessionJ@0;
  ExchangeJ WITH HawkJ@0;
  ExchangeJ WITH DoveJ@0;
  ExchangeJ WITH DivisionJ@0;
  ExchangeJ WITH PossessionJ@0;
  HawkJ WITH DoveJ@0;
  HawkJ WITH DivisionJ@0;
  HawkJ WITH PossessionJ@0;
  DoveJ WITH DivisionJ@0;
  DoveJ WITH PossessionJ@0;
  DivisionJ WITH PossessionJ@0;

  %c1#4%
  KinshipJ (vKinshipJ4);
  MutualismJ (vMutualismJ4);
  ExchangeJ (vExchangeJ4);
  HawkJ (vHawkJ4);
  DoveJ (vDoveJ4);
  DivisionJ (vDivisionJ4);
  PossessionJ (vPossessionJ4);

  KinshipJ WITH MutualismJ@0;
  KinshipJ WITH ExchangeJ@0;
  KinshipJ WITH HawkJ@0;
  KinshipJ WITH DoveJ@0;
  KinshipJ WITH DivisionJ@0;
  KinshipJ WITH PossessionJ@0;
  MutualismJ WITH ExchangeJ@0;
  MutualismJ WITH HawkJ@0;
  MutualismJ WITH DoveJ@0;
  MutualismJ WITH DivisionJ@0;
  MutualismJ WITH PossessionJ@0;
  ExchangeJ WITH HawkJ@0;
  ExchangeJ WITH DoveJ@0;
  ExchangeJ WITH DivisionJ@0;
  ExchangeJ WITH PossessionJ@0;
  HawkJ WITH DoveJ@0;
  HawkJ WITH DivisionJ@0;
  HawkJ WITH PossessionJ@0;
  DoveJ WITH DivisionJ@0;
  DoveJ WITH PossessionJ@0;
  DivisionJ WITH PossessionJ@0;

  %c1#5%
  KinshipJ (vKinshipJ5);
  MutualismJ (vMutualismJ5);
  ExchangeJ (vExchangeJ5);
  HawkJ (vHawkJ5);
  DoveJ (vDoveJ5);
  DivisionJ (vDivisionJ5);
  PossessionJ (vPossessionJ5);

  KinshipJ WITH MutualismJ@0;
  KinshipJ WITH ExchangeJ@0;
  KinshipJ WITH HawkJ@0;
  KinshipJ WITH DoveJ@0;
  KinshipJ WITH DivisionJ@0;
  KinshipJ WITH PossessionJ@0;
  MutualismJ WITH ExchangeJ@0;
  MutualismJ WITH HawkJ@0;
  MutualismJ WITH DoveJ@0;
  MutualismJ WITH DivisionJ@0;
  MutualismJ WITH PossessionJ@0;
  ExchangeJ WITH HawkJ@0;
  ExchangeJ WITH DoveJ@0;
  ExchangeJ WITH DivisionJ@0;
  ExchangeJ WITH PossessionJ@0;
  HawkJ WITH DoveJ@0;
  HawkJ WITH DivisionJ@0;
  HawkJ WITH PossessionJ@0;
  DoveJ WITH DivisionJ@0;
  DoveJ WITH PossessionJ@0;
  DivisionJ WITH PossessionJ@0;

  %c1#6%
  KinshipJ (vKinshipJ6);
  MutualismJ (vMutualismJ6);
  ExchangeJ (vExchangeJ6);
  HawkJ (vHawkJ6);
  DoveJ (vDoveJ6);
  DivisionJ (vDivisionJ6);
  PossessionJ (vPossessionJ6);

  KinshipJ WITH MutualismJ@0;
  KinshipJ WITH ExchangeJ@0;
  KinshipJ WITH HawkJ@0;
  KinshipJ WITH DoveJ@0;
  KinshipJ WITH DivisionJ@0;
  KinshipJ WITH PossessionJ@0;
  MutualismJ WITH ExchangeJ@0;
  MutualismJ WITH HawkJ@0;
  MutualismJ WITH DoveJ@0;
  MutualismJ WITH DivisionJ@0;
  MutualismJ WITH PossessionJ@0;
  ExchangeJ WITH HawkJ@0;
  ExchangeJ WITH DoveJ@0;
  ExchangeJ WITH DivisionJ@0;
  ExchangeJ WITH PossessionJ@0;
  HawkJ WITH DoveJ@0;
  HawkJ WITH DivisionJ@0;
  HawkJ WITH PossessionJ@0;
  DoveJ WITH DivisionJ@0;
  DoveJ WITH PossessionJ@0;
  DivisionJ WITH PossessionJ@0;


  OUTPUT:
  TECH14;

  SAVEDATA:
  FILE IS model_2_class_6.dat;
  SAVE = cprobabilities;



*** WARNING in VARIABLE command
  Note that only the first 8 characters of variable names are used in the output.
  Shorten variable names to avoid any confusion.
*** WARNING in MODEL command
  All variables are uncorrelated with all other variables within class.
  Check that this is what is intended.
   2 WARNING(S) FOUND IN THE INPUT INSTRUCTIONS




model 2 with 6 classes

SUMMARY OF ANALYSIS

Number of groups                                                 1
Number of observations                                        1392

Number of dependent variables                                    7
Number of independent variables                                  0
Number of continuous latent variables                            0
Number of categorical latent variables                           1

Observed dependent variables

  Continuous
   KINSHIPJ    MUTUALISMJ  EXCHANGEJ   HAWKJ       DOVEJ       DIVISIONJ
   POSSESSION

Categorical latent variables
   C1


Estimator                                                      MLR
Information matrix                                        OBSERVED
Optimization Specifications for the Quasi-Newton Algorithm for
Continuous Outcomes
  Maximum number of iterations                                 100
  Convergence criterion                                  0.100D-05
Optimization Specifications for the EM Algorithm
  Maximum number of iterations                                 500
  Convergence criteria
    Loglikelihood change                                 0.100D-06
    Relative loglikelihood change                        0.100D-06
    Derivative                                           0.100D-05
Optimization Specifications for the M step of the EM Algorithm for
Categorical Latent variables
  Number of M step iterations                                    1
  M step convergence criterion                           0.100D-05
  Basis for M step termination                           ITERATION
Optimization Specifications for the M step of the EM Algorithm for
Censored, Binary or Ordered Categorical (Ordinal), Unordered
Categorical (Nominal) and Count Outcomes
  Number of M step iterations                                    1
  M step convergence criterion                           0.100D-05
  Basis for M step termination                           ITERATION
  Maximum value for logit thresholds                            15
  Minimum value for logit thresholds                           -15
  Minimum expected cell size for chi-square              0.100D-01
Maximum number of iterations for H1                           2000
Convergence criterion for H1                             0.100D-03
Optimization algorithm                                         EMA
Random Starts Specifications
  Number of initial stage random starts                         20
  Number of final stage optimizations                            4
  Number of initial stage iterations                            10
  Initial stage convergence criterion                    0.100D+01
  Random starts scale                                    0.500D+01
  Random seed for generating random starts                       0

Input data file(s)
  data_624dd70f9f561f2c8c991d291c51b950.dat
Input data format  FREE


SUMMARY OF DATA

     Number of missing data patterns             1
     Number of y missing data patterns           1
     Number of u missing data patterns           0


COVARIANCE COVERAGE OF DATA

Minimum covariance coverage value   0.100


     PROPORTION OF DATA PRESENT FOR Y


           Covariance Coverage
              KINSHIPJ      MUTUALIS      EXCHANGE      HAWKJ         DOVEJ
              ________      ________      ________      ________      ________
 KINSHIPJ       1.000
 MUTUALIS       1.000         1.000
 EXCHANGE       1.000         1.000         1.000
 HAWKJ          1.000         1.000         1.000         1.000
 DOVEJ          1.000         1.000         1.000         1.000         1.000
 DIVISION       1.000         1.000         1.000         1.000         1.000
 POSSESSI       1.000         1.000         1.000         1.000         1.000


           Covariance Coverage
              DIVISION      POSSESSI
              ________      ________
 DIVISION       1.000
 POSSESSI       1.000         1.000



UNIVARIATE SAMPLE STATISTICS


     UNIVARIATE HIGHER-ORDER MOMENT DESCRIPTIVE STATISTICS

         Variable/         Mean/     Skewness/   Minimum/ % with                Percentiles
        Sample Size      Variance    Kurtosis    Maximum  Min/Max      20%/60%    40%/80%    Median

     KINSHIPJ             68.142      -0.400      12.667    0.07%      55.333     64.667     69.000
            1392.000     243.252      -0.028      99.333    0.07%      73.000     82.000
     MUTUALISMJ           64.403      -0.398      11.000    0.07%      53.000     61.667     65.000
            1392.000     184.479       0.162      96.000    0.07%      68.333     76.333
     EXCHANGEJ            71.836      -0.357      32.667    0.07%      62.667     69.667     72.667
            1392.000     127.269       0.056      98.000    0.14%      75.333     81.333
     HAWKJ                65.577      -0.286      11.000    0.07%      52.333     61.667     66.000
            1392.000     250.911      -0.258      99.667    0.14%      70.333     80.000
     DOVEJ                54.086      -0.377       2.000    0.07%      41.000     51.333     55.167
            1392.000     244.615      -0.092      92.333    0.07%      59.000     68.000
     DIVISIONJ            69.860      -0.574       6.333    0.07%      57.333     67.000     71.333
            1392.000     243.008       0.243     100.000    0.29%      75.333     83.000
     POSSESSIONJ          39.164       0.105       1.667    0.07%      26.000     35.000     39.333
            1392.000     234.437      -0.117      95.333    0.07%      43.000     52.000

RANDOM STARTS RESULTS RANKED FROM THE BEST TO THE WORST LOGLIKELIHOOD VALUES

5 perturbed starting value run(s) did not converge in the initial stage
optimizations.

Final stage loglikelihood values at local maxima, seeds, and initial stage start numbers:

          -39374.055  462953           7
          -39374.583  903420           5
          -39378.909  399671           13
          -39389.214  285380           1



     WARNING:  THE BEST LOGLIKELIHOOD VALUE WAS NOT REPLICATED.  THE
     SOLUTION MAY NOT BE TRUSTWORTHY DUE TO LOCAL MAXIMA.  INCREASE THE
     NUMBER OF RANDOM STARTS.


THE MODEL ESTIMATION TERMINATED NORMALLY



MODEL FIT INFORMATION

Number of Free Parameters                       89

Loglikelihood

          H0 Value                      -39374.055
          H0 Scaling Correction Factor      1.1792
            for MLR

Information Criteria

          Akaike (AIC)                   78926.110
          Bayesian (BIC)                 79392.337
          Sample-Size Adjusted BIC       79109.618
            (n* = (n + 2) / 24)



FINAL CLASS COUNTS AND PROPORTIONS FOR THE LATENT CLASSES
BASED ON THE ESTIMATED MODEL

    Latent
   Classes

       1        366.41899          0.26323
       2        151.53347          0.10886
       3        286.32312          0.20569
       4        331.68360          0.23828
       5        102.52289          0.07365
       6        153.51792          0.11029


FINAL CLASS COUNTS AND PROPORTIONS FOR THE LATENT CLASSES
BASED ON ESTIMATED POSTERIOR PROBABILITIES

    Latent
   Classes

       1        366.41899          0.26323
       2        151.53347          0.10886
       3        286.32312          0.20569
       4        331.68360          0.23828
       5        102.52289          0.07365
       6        153.51792          0.11029


FINAL CLASS COUNTS AND PROPORTIONS FOR THE LATENT CLASSES
BASED ON THEIR MOST LIKELY LATENT CLASS MEMBERSHIP

Class Counts and Proportions

    Latent
   Classes

       1              336          0.24138
       2              126          0.09052
       3              325          0.23348
       4              335          0.24066
       5              114          0.08190
       6              156          0.11207


CLASSIFICATION QUALITY

     Entropy                         0.592


Average Latent Class Probabilities for Most Likely Latent Class Membership (Row)
by Latent Class (Column)

           1        2        3        4        5        6

    1   0.823    0.028    0.029    0.119    0.000    0.000
    2   0.085    0.717    0.089    0.066    0.035    0.007
    3   0.062    0.074    0.654    0.146    0.023    0.042
    4   0.173    0.048    0.085    0.651    0.003    0.040
    5   0.002    0.052    0.092    0.023    0.723    0.108
    6   0.006    0.036    0.087    0.098    0.047    0.725


Classification Probabilities for the Most Likely Latent Class Membership (Column)
by Latent Class (Row)

           1        2        3        4        5        6

    1   0.755    0.029    0.055    0.158    0.001    0.003
    2   0.062    0.597    0.158    0.107    0.039    0.037
    3   0.035    0.039    0.743    0.100    0.037    0.047
    4   0.121    0.025    0.143    0.657    0.008    0.046
    5   0.000    0.042    0.071    0.011    0.804    0.072
    6   0.000    0.006    0.089    0.087    0.080    0.737


Logits for the Classification Probabilities for the Most Likely Latent Class Membership (Column)
by Latent Class (Row)

              1        2        3        4        5        6

    1      5.637    2.389    3.015    4.072   -1.608    0.000
    2      0.517    2.775    1.445    1.054    0.052    0.000
    3     -0.316   -0.184    2.753    0.743   -0.255    0.000
    4      0.962   -0.613    1.130    2.657   -1.758    0.000
    5     -5.413   -0.525   -0.005   -1.918    2.416    0.000
    6    -10.027   -4.792   -2.113   -2.135   -2.216    0.000


MODEL RESULTS

                                                    Two-Tailed
                    Estimate       S.E.  Est./S.E.    P-Value

Latent Class 1

 KINSHIPJ WITH
    MUTUALISMJ         0.000      0.000    999.000    999.000
    EXCHANGEJ          0.000      0.000    999.000    999.000
    HAWKJ              0.000      0.000    999.000    999.000
    DOVEJ              0.000      0.000    999.000    999.000
    DIVISIONJ          0.000      0.000    999.000    999.000
    POSSESSION         0.000      0.000    999.000    999.000

 MUTUALIS WITH
    EXCHANGEJ          0.000      0.000    999.000    999.000
    HAWKJ              0.000      0.000    999.000    999.000
    DOVEJ              0.000      0.000    999.000    999.000
    DIVISIONJ          0.000      0.000    999.000    999.000
    POSSESSION         0.000      0.000    999.000    999.000

 EXCHANGE WITH
    HAWKJ              0.000      0.000    999.000    999.000
    DOVEJ              0.000      0.000    999.000    999.000
    DIVISIONJ          0.000      0.000    999.000    999.000
    POSSESSION         0.000      0.000    999.000    999.000

 HAWKJ    WITH
    DOVEJ              0.000      0.000    999.000    999.000
    DIVISIONJ          0.000      0.000    999.000    999.000
    POSSESSION         0.000      0.000    999.000    999.000

 DOVEJ    WITH
    DIVISIONJ          0.000      0.000    999.000    999.000
    POSSESSION         0.000      0.000    999.000    999.000

 DIVISION WITH
    POSSESSION         0.000      0.000    999.000    999.000

 Means
    KINSHIPJ          57.602      1.337     43.085      0.000
    MUTUALISMJ        53.269      1.263     42.176      0.000
    EXCHANGEJ         63.181      1.736     36.403      0.000
    HAWKJ             56.249      1.432     39.276      0.000
    DOVEJ             45.094      1.711     26.359      0.000
    DIVISIONJ         64.200      1.291     49.715      0.000
    POSSESSION        40.204      1.328     30.281      0.000

 Variances
    KINSHIPJ         222.843     44.446      5.014      0.000
    MUTUALISMJ       162.025     33.947      4.773      0.000
    EXCHANGEJ        135.297     30.376      4.454      0.000
    HAWKJ            241.996     31.038      7.797      0.000
    DOVEJ            262.039     41.095      6.376      0.000
    DIVISIONJ        256.345     29.575      8.668      0.000
    POSSESSION       168.312     16.254     10.355      0.000

Latent Class 2

 KINSHIPJ WITH
    MUTUALISMJ         0.000      0.000    999.000    999.000
    EXCHANGEJ          0.000      0.000    999.000    999.000
    HAWKJ              0.000      0.000    999.000    999.000
    DOVEJ              0.000      0.000    999.000    999.000
    DIVISIONJ          0.000      0.000    999.000    999.000
    POSSESSION         0.000      0.000    999.000    999.000

 MUTUALIS WITH
    EXCHANGEJ          0.000      0.000    999.000    999.000
    HAWKJ              0.000      0.000    999.000    999.000
    DOVEJ              0.000      0.000    999.000    999.000
    DIVISIONJ          0.000      0.000    999.000    999.000
    POSSESSION         0.000      0.000    999.000    999.000

 EXCHANGE WITH
    HAWKJ              0.000      0.000    999.000    999.000
    DOVEJ              0.000      0.000    999.000    999.000
    DIVISIONJ          0.000      0.000    999.000    999.000
    POSSESSION         0.000      0.000    999.000    999.000

 HAWKJ    WITH
    DOVEJ              0.000      0.000    999.000    999.000
    DIVISIONJ          0.000      0.000    999.000    999.000
    POSSESSION         0.000      0.000    999.000    999.000

 DOVEJ    WITH
    DIVISIONJ          0.000      0.000    999.000    999.000
    POSSESSION         0.000      0.000    999.000    999.000

 DIVISION WITH
    POSSESSION         0.000      0.000    999.000    999.000

 Means
    KINSHIPJ          76.666      2.438     31.449      0.000
    MUTUALISMJ        64.205      2.412     26.614      0.000
    EXCHANGEJ         77.656      1.521     51.049      0.000
    HAWKJ             65.480      2.795     23.425      0.000
    DOVEJ             62.584      6.164     10.153      0.000
    DIVISIONJ         53.486      4.530     11.806      0.000
    POSSESSION        31.618      2.161     14.632      0.000

 Variances
    KINSHIPJ         143.479     27.724      5.175      0.000
    MUTUALISMJ       218.462     32.319      6.760      0.000
    EXCHANGEJ         66.949     16.902      3.961      0.000
    HAWKJ            278.254     48.068      5.789      0.000
    DOVEJ            174.309    134.813      1.293      0.196
    DIVISIONJ        289.330     81.998      3.528      0.000
    POSSESSION       227.206     40.061      5.671      0.000

Latent Class 3

 KINSHIPJ WITH
    MUTUALISMJ         0.000      0.000    999.000    999.000
    EXCHANGEJ          0.000      0.000    999.000    999.000
    HAWKJ              0.000      0.000    999.000    999.000
    DOVEJ              0.000      0.000    999.000    999.000
    DIVISIONJ          0.000      0.000    999.000    999.000
    POSSESSION         0.000      0.000    999.000    999.000

 MUTUALIS WITH
    EXCHANGEJ          0.000      0.000    999.000    999.000
    HAWKJ              0.000      0.000    999.000    999.000
    DOVEJ              0.000      0.000    999.000    999.000
    DIVISIONJ          0.000      0.000    999.000    999.000
    POSSESSION         0.000      0.000    999.000    999.000

 EXCHANGE WITH
    HAWKJ              0.000      0.000    999.000    999.000
    DOVEJ              0.000      0.000    999.000    999.000
    DIVISIONJ          0.000      0.000    999.000    999.000
    POSSESSION         0.000      0.000    999.000    999.000

 HAWKJ    WITH
    DOVEJ              0.000      0.000    999.000    999.000
    DIVISIONJ          0.000      0.000    999.000    999.000
    POSSESSION         0.000      0.000    999.000    999.000

 DOVEJ    WITH
    DIVISIONJ          0.000      0.000    999.000    999.000
    POSSESSION         0.000      0.000    999.000    999.000

 DIVISION WITH
    POSSESSION         0.000      0.000    999.000    999.000

 Means
    KINSHIPJ          72.062      4.581     15.730      0.000
    MUTUALISMJ        65.210      1.378     47.317      0.000
    EXCHANGEJ         70.790      2.640     26.810      0.000
    HAWKJ             70.050      2.223     31.509      0.000
    DOVEJ             64.034      6.087     10.520      0.000
    DIVISIONJ         73.412      2.194     33.455      0.000
    POSSESSION        40.960      2.545     16.096      0.000

 Variances
    KINSHIPJ         132.108     21.827      6.053      0.000
    MUTUALISMJ        88.378     41.036      2.154      0.031
    EXCHANGEJ         78.619     15.573      5.048      0.000
    HAWKJ            111.087     31.023      3.581      0.000
    DOVEJ             63.327     53.131      1.192      0.233
    DIVISIONJ        121.348     32.249      3.763      0.000
    POSSESSION       291.333     34.419      8.464      0.000

Latent Class 4

 KINSHIPJ WITH
    MUTUALISMJ         0.000      0.000    999.000    999.000
    EXCHANGEJ          0.000      0.000    999.000    999.000
    HAWKJ              0.000      0.000    999.000    999.000
    DOVEJ              0.000      0.000    999.000    999.000
    DIVISIONJ          0.000      0.000    999.000    999.000
    POSSESSION         0.000      0.000    999.000    999.000

 MUTUALIS WITH
    EXCHANGEJ          0.000      0.000    999.000    999.000
    HAWKJ              0.000      0.000    999.000    999.000
    DOVEJ              0.000      0.000    999.000    999.000
    DIVISIONJ          0.000      0.000    999.000    999.000
    POSSESSION         0.000      0.000    999.000    999.000

 EXCHANGE WITH
    HAWKJ              0.000      0.000    999.000    999.000
    DOVEJ              0.000      0.000    999.000    999.000
    DIVISIONJ          0.000      0.000    999.000    999.000
    POSSESSION         0.000      0.000    999.000    999.000

 HAWKJ    WITH
    DOVEJ              0.000      0.000    999.000    999.000
    DIVISIONJ          0.000      0.000    999.000    999.000
    POSSESSION         0.000      0.000    999.000    999.000

 DOVEJ    WITH
    DIVISIONJ          0.000      0.000    999.000    999.000
    POSSESSION         0.000      0.000    999.000    999.000

 DIVISION WITH
    POSSESSION         0.000      0.000    999.000    999.000

 Means
    KINSHIPJ          62.983      2.481     25.382      0.000
    MUTUALISMJ        66.789      4.818     13.862      0.000
    EXCHANGEJ         71.599      5.568     12.858      0.000
    HAWKJ             64.167      2.466     26.023      0.000
    DOVEJ             46.947      8.621      5.445      0.000
    DIVISIONJ         72.147      2.194     32.879      0.000
    POSSESSION        39.437      2.981     13.229      0.000

 Variances
    KINSHIPJ         201.334     83.943      2.398      0.016
    MUTUALISMJ        90.483     24.832      3.644      0.000
    EXCHANGEJ         64.345     14.349      4.484      0.000
    HAWKJ            219.535     74.209      2.958      0.003
    DOVEJ            141.696     46.146      3.071      0.002
    DIVISIONJ        143.706     60.997      2.356      0.018
    POSSESSION       227.817     37.498      6.075      0.000

Latent Class 5

 KINSHIPJ WITH
    MUTUALISMJ         0.000      0.000    999.000    999.000
    EXCHANGEJ          0.000      0.000    999.000    999.000
    HAWKJ              0.000      0.000    999.000    999.000
    DOVEJ              0.000      0.000    999.000    999.000
    DIVISIONJ          0.000      0.000    999.000    999.000
    POSSESSION         0.000      0.000    999.000    999.000

 MUTUALIS WITH
    EXCHANGEJ          0.000      0.000    999.000    999.000
    HAWKJ              0.000      0.000    999.000    999.000
    DOVEJ              0.000      0.000    999.000    999.000
    DIVISIONJ          0.000      0.000    999.000    999.000
    POSSESSION         0.000      0.000    999.000    999.000

 EXCHANGE WITH
    HAWKJ              0.000      0.000    999.000    999.000
    DOVEJ              0.000      0.000    999.000    999.000
    DIVISIONJ          0.000      0.000    999.000    999.000
    POSSESSION         0.000      0.000    999.000    999.000

 HAWKJ    WITH
    DOVEJ              0.000      0.000    999.000    999.000
    DIVISIONJ          0.000      0.000    999.000    999.000
    POSSESSION         0.000      0.000    999.000    999.000

 DOVEJ    WITH
    DIVISIONJ          0.000      0.000    999.000    999.000
    POSSESSION         0.000      0.000    999.000    999.000

 DIVISION WITH
    POSSESSION         0.000      0.000    999.000    999.000

 Means
    KINSHIPJ          84.691      3.344     25.327      0.000
    MUTUALISMJ        72.549      2.216     32.739      0.000
    EXCHANGEJ         82.158      1.470     55.882      0.000
    HAWKJ             86.729      1.007     86.146      0.000
    DOVEJ             67.279      2.723     24.706      0.000
    DIVISIONJ         76.578      3.434     22.303      0.000
    POSSESSION        40.587      2.502     16.223      0.000

 Variances
    KINSHIPJ          53.079     34.977      1.518      0.129
    MUTUALISMJ       136.345     33.309      4.093      0.000
    EXCHANGEJ         46.757     10.828      4.318      0.000
    HAWKJ             35.681      6.837      5.219      0.000
    DOVEJ            136.233     39.158      3.479      0.001
    DIVISIONJ        149.214     56.583      2.637      0.008
    POSSESSION       333.926     50.388      6.627      0.000

Latent Class 6

 KINSHIPJ WITH
    MUTUALISMJ         0.000      0.000    999.000    999.000
    EXCHANGEJ          0.000      0.000    999.000    999.000
    HAWKJ              0.000      0.000    999.000    999.000
    DOVEJ              0.000      0.000    999.000    999.000
    DIVISIONJ          0.000      0.000    999.000    999.000
    POSSESSION         0.000      0.000    999.000    999.000

 MUTUALIS WITH
    EXCHANGEJ          0.000      0.000    999.000    999.000
    HAWKJ              0.000      0.000    999.000    999.000
    DOVEJ              0.000      0.000    999.000    999.000
    DIVISIONJ          0.000      0.000    999.000    999.000
    POSSESSION         0.000      0.000    999.000    999.000

 EXCHANGE WITH
    HAWKJ              0.000      0.000    999.000    999.000
    DOVEJ              0.000      0.000    999.000    999.000
    DIVISIONJ          0.000      0.000    999.000    999.000
    POSSESSION         0.000      0.000    999.000    999.000

 HAWKJ    WITH
    DOVEJ              0.000      0.000    999.000    999.000
    DIVISIONJ          0.000      0.000    999.000    999.000
    POSSESSION         0.000      0.000    999.000    999.000

 DOVEJ    WITH
    DIVISIONJ          0.000      0.000    999.000    999.000
    POSSESSION         0.000      0.000    999.000    999.000

 DIVISION WITH
    POSSESSION         0.000      0.000    999.000    999.000

 Means
    KINSHIPJ          77.675      2.681     28.976      0.000
    MUTUALISMJ        79.070      1.606     49.249      0.000
    EXCHANGEJ         82.320      1.600     51.459      0.000
    HAWKJ             68.513      2.593     26.421      0.000
    DOVEJ             55.218      4.880     11.316      0.000
    DIVISIONJ         83.477      2.039     40.935      0.000
    POSSESSION        39.241      1.986     19.756      0.000

 Variances
    KINSHIPJ         118.480     19.353      6.122      0.000
    MUTUALISMJ        50.106      9.333      5.369      0.000
    EXCHANGEJ         52.646      7.310      7.202      0.000
    HAWKJ            160.775     32.279      4.981      0.000
    DOVEJ            228.810     54.723      4.181      0.000
    DIVISIONJ         78.041     22.519      3.465      0.001
    POSSESSION       174.832     33.121      5.279      0.000

Categorical Latent Variables

 Means
    C1#1               0.870      0.416      2.092      0.036
    C1#2              -0.013      0.427     -0.030      0.976
    C1#3               0.623      0.862      0.723      0.470
    C1#4               0.770      0.437      1.764      0.078
    C1#5              -0.404      0.455     -0.888      0.375


QUALITY OF NUMERICAL RESULTS

     Condition Number for the Information Matrix              0.291E-03
       (ratio of smallest to largest eigenvalue)


TECHNICAL 14 OUTPUT

     Random Starts Specifications for the k-1 Class Analysis Model
        Number of initial stage random starts                  20
        Number of final stage optimizations                     4

     Random Starts Specification for the k-1 Class Model for Generated Data
        Number of initial stage random starts                   0
        Number of final stage optimizations for the
           initial stage random starts                          0
     Random Starts Specification for the k Class Model for Generated Data
        Number of initial stage random starts                  40
        Number of final stage optimizations                     8
     Number of bootstrap draws requested                   Varies


     PARAMETRIC BOOTSTRAPPED LIKELIHOOD RATIO TEST FOR 5 (H0) VERSUS 6 CLASSES

          H0 Loglikelihood Value                       -39399.434
          2 Times the Loglikelihood Difference             50.758
          Difference in the Number of Parameters               15
          Approximate P-Value                              0.0769
          Successful Bootstrap Draws                           78

     WARNING:  OF THE 78 BOOTSTRAP DRAWS, 62 DRAWS HAD BOTH A SMALLER LRT VALUE THAN THE
     OBSERVED LRT VALUE AND NOT A REPLICATED BEST LOGLIKELIHOOD VALUE FOR THE 6-CLASS MODEL.
     THIS MEANS THAT THE P-VALUE MAY NOT BE TRUSTWORTHY DUE TO LOCAL MAXIMA.
     INCREASE THE NUMBER OF RANDOM STARTS USING THE LRTSTARTS OPTION.



SAVEDATA INFORMATION


  Save file
    model_2_class_6.dat

  Order and format of variables

    KINSHIPJ       F10.3
    MUTUALIS       F10.3
    EXCHANGE       F10.3
    HAWKJ          F10.3
    DOVEJ          F10.3
    DIVISION       F10.3
    POSSESSI       F10.3
    CPROB1         F10.3
    CPROB2         F10.3
    CPROB3         F10.3
    CPROB4         F10.3
    CPROB5         F10.3
    CPROB6         F10.3
    C1             F10.3

  Save file format
    14F10.3

  Save file record length    10000


     Beginning Time:  09:58:30
        Ending Time:  10:01:42
       Elapsed Time:  00:03:12



MUTHEN & MUTHEN
3463 Stoner Ave.
Los Angeles, CA  90066

Tel: (310) 391-9971
Fax: (310) 391-8971
Web: www.StatModel.com
Support: Support@StatModel.com

Copyright (c) 1998-2018 Muthen & Muthen
