Mplus VERSION 8.2 (Mac)
MUTHEN & MUTHEN
08/26/2020  10:23 AM

INPUT INSTRUCTIONS

  TITLE:
  model 5 with 5 classes
  DATA:
  FILE = "data_624dd70f9f561f2c8c991d291c51b950.dat";

  VARIABLE:
  NAMES = KinshipJ MutualismJ ExchangeJ HawkJ DoveJ DivisionJ PossessionJ;
   MISSING=.;
   CLASSES = c1(5);

  ANALYSIS:
  TYPE = mixture;

  MODEL:
  %c1#1%
  KinshipJ (vKinshipJ);
  MutualismJ (vMutualismJ);
  ExchangeJ (vExchangeJ);
  HawkJ (vHawkJ);
  DoveJ (vDoveJ);
  DivisionJ (vDivisionJ);
  PossessionJ (vPossessionJ);

  KinshipJ WITH MutualismJ (KinshipJWMutualismJ1);
  KinshipJ WITH ExchangeJ (KinshipJWExchangeJ1);
  KinshipJ WITH HawkJ (KinshipJWHawkJ1);
  KinshipJ WITH DoveJ (KinshipJWDoveJ1);
  KinshipJ WITH DivisionJ (KinshipJWDivisionJ1);
  KinshipJ WITH PossessionJ (KinshipJWPossessionJ1);
  MutualismJ WITH ExchangeJ (MutualismJWExchangeJ1);
  MutualismJ WITH HawkJ (MutualismJWHawkJ1);
  MutualismJ WITH DoveJ (MutualismJWDoveJ1);
  MutualismJ WITH DivisionJ (MutualismJWDivisionJ1);
  MutualismJ WITH PossessionJ (MutualismJWPossessionJ1);
  ExchangeJ WITH HawkJ (ExchangeJWHawkJ1);
  ExchangeJ WITH DoveJ (ExchangeJWDoveJ1);
  ExchangeJ WITH DivisionJ (ExchangeJWDivisionJ1);
  ExchangeJ WITH PossessionJ (ExchangeJWPossessionJ1);
  HawkJ WITH DoveJ (HawkJWDoveJ1);
  HawkJ WITH DivisionJ (HawkJWDivisionJ1);
  HawkJ WITH PossessionJ (HawkJWPossessionJ1);
  DoveJ WITH DivisionJ (DoveJWDivisionJ1);
  DoveJ WITH PossessionJ (DoveJWPossessionJ1);
  DivisionJ WITH PossessionJ (DivisionJWPossessionJ1);

  %c1#2%
  KinshipJ (vKinshipJ);
  MutualismJ (vMutualismJ);
  ExchangeJ (vExchangeJ);
  HawkJ (vHawkJ);
  DoveJ (vDoveJ);
  DivisionJ (vDivisionJ);
  PossessionJ (vPossessionJ);

  KinshipJ WITH MutualismJ (KinshipJWMutualismJ2);
  KinshipJ WITH ExchangeJ (KinshipJWExchangeJ2);
  KinshipJ WITH HawkJ (KinshipJWHawkJ2);
  KinshipJ WITH DoveJ (KinshipJWDoveJ2);
  KinshipJ WITH DivisionJ (KinshipJWDivisionJ2);
  KinshipJ WITH PossessionJ (KinshipJWPossessionJ2);
  MutualismJ WITH ExchangeJ (MutualismJWExchangeJ2);
  MutualismJ WITH HawkJ (MutualismJWHawkJ2);
  MutualismJ WITH DoveJ (MutualismJWDoveJ2);
  MutualismJ WITH DivisionJ (MutualismJWDivisionJ2);
  MutualismJ WITH PossessionJ (MutualismJWPossessionJ2);
  ExchangeJ WITH HawkJ (ExchangeJWHawkJ2);
  ExchangeJ WITH DoveJ (ExchangeJWDoveJ2);
  ExchangeJ WITH DivisionJ (ExchangeJWDivisionJ2);
  ExchangeJ WITH PossessionJ (ExchangeJWPossessionJ2);
  HawkJ WITH DoveJ (HawkJWDoveJ2);
  HawkJ WITH DivisionJ (HawkJWDivisionJ2);
  HawkJ WITH PossessionJ (HawkJWPossessionJ2);
  DoveJ WITH DivisionJ (DoveJWDivisionJ2);
  DoveJ WITH PossessionJ (DoveJWPossessionJ2);
  DivisionJ WITH PossessionJ (DivisionJWPossessionJ2);

  %c1#3%
  KinshipJ (vKinshipJ);
  MutualismJ (vMutualismJ);
  ExchangeJ (vExchangeJ);
  HawkJ (vHawkJ);
  DoveJ (vDoveJ);
  DivisionJ (vDivisionJ);
  PossessionJ (vPossessionJ);

  KinshipJ WITH MutualismJ (KinshipJWMutualismJ3);
  KinshipJ WITH ExchangeJ (KinshipJWExchangeJ3);
  KinshipJ WITH HawkJ (KinshipJWHawkJ3);
  KinshipJ WITH DoveJ (KinshipJWDoveJ3);
  KinshipJ WITH DivisionJ (KinshipJWDivisionJ3);
  KinshipJ WITH PossessionJ (KinshipJWPossessionJ3);
  MutualismJ WITH ExchangeJ (MutualismJWExchangeJ3);
  MutualismJ WITH HawkJ (MutualismJWHawkJ3);
  MutualismJ WITH DoveJ (MutualismJWDoveJ3);
  MutualismJ WITH DivisionJ (MutualismJWDivisionJ3);
  MutualismJ WITH PossessionJ (MutualismJWPossessionJ3);
  ExchangeJ WITH HawkJ (ExchangeJWHawkJ3);
  ExchangeJ WITH DoveJ (ExchangeJWDoveJ3);
  ExchangeJ WITH DivisionJ (ExchangeJWDivisionJ3);
  ExchangeJ WITH PossessionJ (ExchangeJWPossessionJ3);
  HawkJ WITH DoveJ (HawkJWDoveJ3);
  HawkJ WITH DivisionJ (HawkJWDivisionJ3);
  HawkJ WITH PossessionJ (HawkJWPossessionJ3);
  DoveJ WITH DivisionJ (DoveJWDivisionJ3);
  DoveJ WITH PossessionJ (DoveJWPossessionJ3);
  DivisionJ WITH PossessionJ (DivisionJWPossessionJ3);

  %c1#4%
  KinshipJ (vKinshipJ);
  MutualismJ (vMutualismJ);
  ExchangeJ (vExchangeJ);
  HawkJ (vHawkJ);
  DoveJ (vDoveJ);
  DivisionJ (vDivisionJ);
  PossessionJ (vPossessionJ);

  KinshipJ WITH MutualismJ (KinshipJWMutualismJ4);
  KinshipJ WITH ExchangeJ (KinshipJWExchangeJ4);
  KinshipJ WITH HawkJ (KinshipJWHawkJ4);
  KinshipJ WITH DoveJ (KinshipJWDoveJ4);
  KinshipJ WITH DivisionJ (KinshipJWDivisionJ4);
  KinshipJ WITH PossessionJ (KinshipJWPossessionJ4);
  MutualismJ WITH ExchangeJ (MutualismJWExchangeJ4);
  MutualismJ WITH HawkJ (MutualismJWHawkJ4);
  MutualismJ WITH DoveJ (MutualismJWDoveJ4);
  MutualismJ WITH DivisionJ (MutualismJWDivisionJ4);
  MutualismJ WITH PossessionJ (MutualismJWPossessionJ4);
  ExchangeJ WITH HawkJ (ExchangeJWHawkJ4);
  ExchangeJ WITH DoveJ (ExchangeJWDoveJ4);
  ExchangeJ WITH DivisionJ (ExchangeJWDivisionJ4);
  ExchangeJ WITH PossessionJ (ExchangeJWPossessionJ4);
  HawkJ WITH DoveJ (HawkJWDoveJ4);
  HawkJ WITH DivisionJ (HawkJWDivisionJ4);
  HawkJ WITH PossessionJ (HawkJWPossessionJ4);
  DoveJ WITH DivisionJ (DoveJWDivisionJ4);
  DoveJ WITH PossessionJ (DoveJWPossessionJ4);
  DivisionJ WITH PossessionJ (DivisionJWPossessionJ4);

  %c1#5%
  KinshipJ (vKinshipJ);
  MutualismJ (vMutualismJ);
  ExchangeJ (vExchangeJ);
  HawkJ (vHawkJ);
  DoveJ (vDoveJ);
  DivisionJ (vDivisionJ);
  PossessionJ (vPossessionJ);

  KinshipJ WITH MutualismJ (KinshipJWMutualismJ5);
  KinshipJ WITH ExchangeJ (KinshipJWExchangeJ5);
  KinshipJ WITH HawkJ (KinshipJWHawkJ5);
  KinshipJ WITH DoveJ (KinshipJWDoveJ5);
  KinshipJ WITH DivisionJ (KinshipJWDivisionJ5);
  KinshipJ WITH PossessionJ (KinshipJWPossessionJ5);
  MutualismJ WITH ExchangeJ (MutualismJWExchangeJ5);
  MutualismJ WITH HawkJ (MutualismJWHawkJ5);
  MutualismJ WITH DoveJ (MutualismJWDoveJ5);
  MutualismJ WITH DivisionJ (MutualismJWDivisionJ5);
  MutualismJ WITH PossessionJ (MutualismJWPossessionJ5);
  ExchangeJ WITH HawkJ (ExchangeJWHawkJ5);
  ExchangeJ WITH DoveJ (ExchangeJWDoveJ5);
  ExchangeJ WITH DivisionJ (ExchangeJWDivisionJ5);
  ExchangeJ WITH PossessionJ (ExchangeJWPossessionJ5);
  HawkJ WITH DoveJ (HawkJWDoveJ5);
  HawkJ WITH DivisionJ (HawkJWDivisionJ5);
  HawkJ WITH PossessionJ (HawkJWPossessionJ5);
  DoveJ WITH DivisionJ (DoveJWDivisionJ5);
  DoveJ WITH PossessionJ (DoveJWPossessionJ5);
  DivisionJ WITH PossessionJ (DivisionJWPossessionJ5);


  OUTPUT:
  TECH14;

  SAVEDATA:
  FILE IS model_5_class_5.dat;
  SAVE = cprobabilities;



*** WARNING in VARIABLE command
  Note that only the first 8 characters of variable names are used in the output.
  Shorten variable names to avoid any confusion.
*** WARNING in MODEL command
  All variables are uncorrelated with all other variables within class.
  Check that this is what is intended.
   2 WARNING(S) FOUND IN THE INPUT INSTRUCTIONS




model 5 with 5 classes

SUMMARY OF ANALYSIS

Number of groups                                                 1
Number of observations                                        1392

Number of dependent variables                                    7
Number of independent variables                                  0
Number of continuous latent variables                            0
Number of categorical latent variables                           1

Observed dependent variables

  Continuous
   KINSHIPJ    MUTUALISMJ  EXCHANGEJ   HAWKJ       DOVEJ       DIVISIONJ
   POSSESSION

Categorical latent variables
   C1


Estimator                                                      MLR
Information matrix                                        OBSERVED
Optimization Specifications for the Quasi-Newton Algorithm for
Continuous Outcomes
  Maximum number of iterations                                 100
  Convergence criterion                                  0.100D-05
Optimization Specifications for the EM Algorithm
  Maximum number of iterations                                 500
  Convergence criteria
    Loglikelihood change                                 0.100D-06
    Relative loglikelihood change                        0.100D-06
    Derivative                                           0.100D-05
Optimization Specifications for the M step of the EM Algorithm for
Categorical Latent variables
  Number of M step iterations                                    1
  M step convergence criterion                           0.100D-05
  Basis for M step termination                           ITERATION
Optimization Specifications for the M step of the EM Algorithm for
Censored, Binary or Ordered Categorical (Ordinal), Unordered
Categorical (Nominal) and Count Outcomes
  Number of M step iterations                                    1
  M step convergence criterion                           0.100D-05
  Basis for M step termination                           ITERATION
  Maximum value for logit thresholds                            15
  Minimum value for logit thresholds                           -15
  Minimum expected cell size for chi-square              0.100D-01
Maximum number of iterations for H1                           2000
Convergence criterion for H1                             0.100D-03
Optimization algorithm                                         EMA
Random Starts Specifications
  Number of initial stage random starts                         20
  Number of final stage optimizations                            4
  Number of initial stage iterations                            10
  Initial stage convergence criterion                    0.100D+01
  Random starts scale                                    0.500D+01
  Random seed for generating random starts                       0

Input data file(s)
  data_624dd70f9f561f2c8c991d291c51b950.dat
Input data format  FREE


SUMMARY OF DATA

     Number of missing data patterns             1
     Number of y missing data patterns           1
     Number of u missing data patterns           0


COVARIANCE COVERAGE OF DATA

Minimum covariance coverage value   0.100


     PROPORTION OF DATA PRESENT FOR Y


           Covariance Coverage
              KINSHIPJ      MUTUALIS      EXCHANGE      HAWKJ         DOVEJ
              ________      ________      ________      ________      ________
 KINSHIPJ       1.000
 MUTUALIS       1.000         1.000
 EXCHANGE       1.000         1.000         1.000
 HAWKJ          1.000         1.000         1.000         1.000
 DOVEJ          1.000         1.000         1.000         1.000         1.000
 DIVISION       1.000         1.000         1.000         1.000         1.000
 POSSESSI       1.000         1.000         1.000         1.000         1.000


           Covariance Coverage
              DIVISION      POSSESSI
              ________      ________
 DIVISION       1.000
 POSSESSI       1.000         1.000



UNIVARIATE SAMPLE STATISTICS


     UNIVARIATE HIGHER-ORDER MOMENT DESCRIPTIVE STATISTICS

         Variable/         Mean/     Skewness/   Minimum/ % with                Percentiles
        Sample Size      Variance    Kurtosis    Maximum  Min/Max      20%/60%    40%/80%    Median

     KINSHIPJ             68.142      -0.400      12.667    0.07%      55.333     64.667     69.000
            1392.000     243.252      -0.028      99.333    0.07%      73.000     82.000
     MUTUALISMJ           64.403      -0.398      11.000    0.07%      53.000     61.667     65.000
            1392.000     184.479       0.162      96.000    0.07%      68.333     76.333
     EXCHANGEJ            71.836      -0.357      32.667    0.07%      62.667     69.667     72.667
            1392.000     127.269       0.056      98.000    0.14%      75.333     81.333
     HAWKJ                65.577      -0.286      11.000    0.07%      52.333     61.667     66.000
            1392.000     250.911      -0.258      99.667    0.14%      70.333     80.000
     DOVEJ                54.086      -0.377       2.000    0.07%      41.000     51.333     55.167
            1392.000     244.615      -0.092      92.333    0.07%      59.000     68.000
     DIVISIONJ            69.860      -0.574       6.333    0.07%      57.333     67.000     71.333
            1392.000     243.008       0.243     100.000    0.29%      75.333     83.000
     POSSESSIONJ          39.164       0.105       1.667    0.07%      26.000     35.000     39.333
            1392.000     234.437      -0.117      95.333    0.07%      43.000     52.000

RANDOM STARTS RESULTS RANKED FROM THE BEST TO THE WORST LOGLIKELIHOOD VALUES

Unperturbed starting value run did not converge in the initial stage
optimizations.

7 perturbed starting value run(s) did not converge in the initial stage
optimizations.

Final stage loglikelihood values at local maxima, seeds, and initial stage start numbers:

          -39349.776  415931           10
          -39353.663  68985            17
          -39354.143  462953           7
          -39354.813  637345           19



     WARNING:  THE BEST LOGLIKELIHOOD VALUE WAS NOT REPLICATED.  THE
     SOLUTION MAY NOT BE TRUSTWORTHY DUE TO LOCAL MAXIMA.  INCREASE THE
     NUMBER OF RANDOM STARTS.

     THE STANDARD ERRORS OF THE MODEL PARAMETER ESTIMATES MAY NOT BE
     TRUSTWORTHY FOR SOME PARAMETERS DUE TO A NON-POSITIVE DEFINITE
     FIRST-ORDER DERIVATIVE PRODUCT MATRIX.  THIS MAY BE DUE TO THE STARTING
     VALUES BUT MAY ALSO BE AN INDICATION OF MODEL NONIDENTIFICATION.  THE
     CONDITION NUMBER IS       0.283D-16.  PROBLEM INVOLVING THE FOLLOWING PARAMETER:
     Parameter 138, %C1#5%: DIVISIONJ WITH MUTUALISMJ (equality/label)


THE MODEL ESTIMATION TERMINATED NORMALLY



MODEL FIT INFORMATION

Number of Free Parameters                      151

Loglikelihood

          H0 Value                      -39349.776
          H0 Scaling Correction Factor      1.1195
            for MLR

Information Criteria

          Akaike (AIC)                   79001.551
          Bayesian (BIC)                 79792.564
          Sample-Size Adjusted BIC       79312.895
            (n* = (n + 2) / 24)



FINAL CLASS COUNTS AND PROPORTIONS FOR THE LATENT CLASSES
BASED ON THE ESTIMATED MODEL

    Latent
   Classes

       1        103.13972          0.07409
       2         85.64554          0.06153
       3        991.96494          0.71262
       4        199.84379          0.14357
       5         11.40601          0.00819


FINAL CLASS COUNTS AND PROPORTIONS FOR THE LATENT CLASSES
BASED ON ESTIMATED POSTERIOR PROBABILITIES

    Latent
   Classes

       1        103.13972          0.07409
       2         85.64554          0.06153
       3        991.96494          0.71262
       4        199.84379          0.14357
       5         11.40601          0.00819


FINAL CLASS COUNTS AND PROPORTIONS FOR THE LATENT CLASSES
BASED ON THEIR MOST LIKELY LATENT CLASS MEMBERSHIP

Class Counts and Proportions

    Latent
   Classes

       1               92          0.06609
       2               77          0.05532
       3             1046          0.75144
       4              165          0.11853
       5               12          0.00862


CLASSIFICATION QUALITY

     Entropy                         0.786


Average Latent Class Probabilities for Most Likely Latent Class Membership (Row)
by Latent Class (Column)

           1        2        3        4        5

    1   0.772    0.001    0.184    0.043    0.000
    2   0.004    0.747    0.194    0.055    0.000
    3   0.028    0.024    0.888    0.059    0.000
    4   0.013    0.015    0.185    0.786    0.000
    5   0.000    0.000    0.050    0.000    0.950


Classification Probabilities for the Most Likely Latent Class Membership (Column)
by Latent Class (Row)

           1        2        3        4        5

    1   0.689    0.003    0.287    0.021    0.000
    2   0.001    0.672    0.298    0.029    0.000
    3   0.017    0.015    0.936    0.031    0.001
    4   0.020    0.021    0.310    0.649    0.000
    5   0.000    0.000    0.001    0.000    0.999


Logits for the Classification Probabilities for the Most Likely Latent Class Membership (Column)
by Latent Class (Row)

              1        2        3        4        5

    1     12.860    7.423   11.984    9.377    0.000
    2      5.490   12.438   11.627    9.300    0.000
    3      3.338    3.211    7.342    3.928    0.000
    4      9.889    9.963   12.644   13.384    0.000
    5    -13.815  -13.815   -7.250  -13.815    0.000


MODEL RESULTS

                                                    Two-Tailed
                    Estimate       S.E.  Est./S.E.    P-Value

Latent Class 1

 KINSHIPJ WITH
    MUTUALISMJ        18.944     29.550      0.641      0.521
    EXCHANGEJ         44.032     40.164      1.096      0.273
    HAWKJ             28.282     40.623      0.696      0.486
    DOVEJ             80.593     17.915      4.499      0.000
    DIVISIONJ         29.785     42.828      0.695      0.487
    POSSESSION         4.286     41.201      0.104      0.917

 MUTUALIS WITH
    EXCHANGEJ         13.853     55.085      0.251      0.801
    HAWKJ             -8.332     27.192     -0.306      0.759
    DOVEJ             79.341     15.793      5.024      0.000
    DIVISIONJ         70.931     38.690      1.833      0.067
    POSSESSION       -10.364     44.693     -0.232      0.817

 EXCHANGE WITH
    HAWKJ            -17.578     22.352     -0.786      0.432
    DOVEJ             66.259     14.028      4.723      0.000
    DIVISIONJ        -11.777     41.160     -0.286      0.775
    POSSESSION       -40.072     58.670     -0.683      0.495

 HAWKJ    WITH
    DOVEJ             47.132     22.955      2.053      0.040
    DIVISIONJ        -76.099     46.248     -1.645      0.100
    POSSESSION        -4.363     44.186     -0.099      0.921

 DOVEJ    WITH
    DIVISIONJ          5.403     20.951      0.258      0.796
    POSSESSION       -19.371     32.716     -0.592      0.554

 DIVISION WITH
    POSSESSION        -5.384     41.914     -0.128      0.898

 Means
    KINSHIPJ          72.534      3.561     20.368      0.000
    MUTUALISMJ        66.722      5.027     13.273      0.000
    EXCHANGEJ         74.287      2.105     35.294      0.000
    HAWKJ             62.385      3.609     17.284      0.000
    DOVEJ             56.231      2.882     19.513      0.000
    DIVISIONJ         44.316      3.161     14.019      0.000
    POSSESSION        30.754      2.607     11.798      0.000

 Variances
    KINSHIPJ         205.823     10.032     20.517      0.000
    MUTUALISMJ       162.932      7.187     22.671      0.000
    EXCHANGEJ        125.254      5.006     25.023      0.000
    HAWKJ            229.474     10.556     21.739      0.000
    DOVEJ            174.369     13.833     12.605      0.000
    DIVISIONJ        191.754     13.418     14.291      0.000
    POSSESSION       226.542      9.191     24.649      0.000

Latent Class 2

 KINSHIPJ WITH
    MUTUALISMJ       -62.277     18.445     -3.376      0.001
    EXCHANGEJ         20.344     15.032      1.353      0.176
    HAWKJ           -121.384     19.642     -6.180      0.000
    DOVEJ             65.213     20.897      3.121      0.002
    DIVISIONJ          0.808     23.954      0.034      0.973
    POSSESSION         1.187     24.797      0.048      0.962

 MUTUALIS WITH
    EXCHANGEJ         32.976     22.958      1.436      0.151
    HAWKJ            -18.804     23.920     -0.786      0.432
    DOVEJ             43.617     25.664      1.700      0.089
    DIVISIONJ         24.591     22.421      1.097      0.273
    POSSESSION       -13.361     25.479     -0.524      0.600

 EXCHANGE WITH
    HAWKJ             24.543     23.378      1.050      0.294
    DOVEJ             13.842     22.964      0.603      0.547
    DIVISIONJ         27.516     14.847      1.853      0.064
    POSSESSION        51.405     22.727      2.262      0.024

 HAWKJ    WITH
    DOVEJ            -31.435     26.719     -1.177      0.239
    DIVISIONJ         -7.692     27.532     -0.279      0.780
    POSSESSION       -12.588     29.325     -0.429      0.668

 DOVEJ    WITH
    DIVISIONJ        -32.082     26.770     -1.198      0.231
    POSSESSION       -75.451     22.066     -3.419      0.001

 DIVISION WITH
    POSSESSION       -70.697     26.236     -2.695      0.007

 Means
    KINSHIPJ          56.719      2.563     22.126      0.000
    MUTUALISMJ        48.480      2.303     21.051      0.000
    EXCHANGEJ         73.118      2.062     35.464      0.000
    HAWKJ             54.694      3.158     17.322      0.000
    DOVEJ             52.187      2.176     23.983      0.000
    DIVISIONJ         68.513      3.116     21.989      0.000
    POSSESSION        39.354      2.251     17.479      0.000

 Variances
    KINSHIPJ         205.823     10.032     20.517      0.000
    MUTUALISMJ       162.932      7.187     22.671      0.000
    EXCHANGEJ        125.254      5.006     25.023      0.000
    HAWKJ            229.474     10.556     21.739      0.000
    DOVEJ            174.369     13.833     12.605      0.000
    DIVISIONJ        191.754     13.418     14.291      0.000
    POSSESSION       226.542      9.191     24.649      0.000

Latent Class 3

 KINSHIPJ WITH
    MUTUALISMJ        45.469      8.182      5.557      0.000
    EXCHANGEJ         63.767      7.436      8.575      0.000
    HAWKJ             55.959     11.117      5.034      0.000
    DOVEJ             39.948      8.637      4.625      0.000
    DIVISIONJ         30.825     12.860      2.397      0.017
    POSSESSION         2.433      9.362      0.260      0.795

 MUTUALIS WITH
    EXCHANGEJ         58.677      7.110      8.253      0.000
    HAWKJ             27.624     10.202      2.708      0.007
    DOVEJ             10.133     11.038      0.918      0.359
    DIVISIONJ         63.972     13.561      4.717      0.000
    POSSESSION        -1.114      9.674     -0.115      0.908

 EXCHANGE WITH
    HAWKJ             51.247      7.490      6.842      0.000
    DOVEJ             14.517      6.971      2.082      0.037
    DIVISIONJ         47.147      7.073      6.666      0.000
    POSSESSION         5.329      6.872      0.776      0.438

 HAWKJ    WITH
    DOVEJ             44.586     11.565      3.855      0.000
    DIVISIONJ         31.716     12.031      2.636      0.008
    POSSESSION        -7.376      8.255     -0.893      0.372

 DOVEJ    WITH
    DIVISIONJ         -3.746     12.917     -0.290      0.772
    POSSESSION         6.107      8.596      0.710      0.477

 DIVISION WITH
    POSSESSION        15.554      9.572      1.625      0.104

 Means
    KINSHIPJ          70.813      0.721     98.213      0.000
    MUTUALISMJ        65.869      0.812     81.136      0.000
    EXCHANGEJ         71.903      0.475    151.532      0.000
    HAWKJ             67.866      0.783     86.727      0.000
    DOVEJ             57.720      1.010     57.157      0.000
    DIVISIONJ         72.429      0.835     86.762      0.000
    POSSESSION        39.135      0.675     58.016      0.000

 Variances
    KINSHIPJ         205.823     10.032     20.517      0.000
    MUTUALISMJ       162.932      7.187     22.671      0.000
    EXCHANGEJ        125.254      5.006     25.023      0.000
    HAWKJ            229.474     10.556     21.739      0.000
    DOVEJ            174.369     13.833     12.605      0.000
    DIVISIONJ        191.754     13.418     14.291      0.000
    POSSESSION       226.542      9.191     24.649      0.000

Latent Class 4

 KINSHIPJ WITH
    MUTUALISMJ         7.552     17.686      0.427      0.669
    EXCHANGEJ         10.920     12.153      0.899      0.369
    HAWKJ            105.268     15.872      6.632      0.000
    DOVEJ            -39.061     21.407     -1.825      0.068
    DIVISIONJ          0.237     20.919      0.011      0.991
    POSSESSION        -1.737     20.470     -0.085      0.932

 MUTUALIS WITH
    EXCHANGEJ         48.881     12.594      3.881      0.000
    HAWKJ             39.112     20.260      1.931      0.054
    DOVEJ             31.633     13.790      2.294      0.022
    DIVISIONJ        -16.315     20.867     -0.782      0.434
    POSSESSION        -1.894     21.782     -0.087      0.931

 EXCHANGE WITH
    HAWKJ              7.219     16.358      0.441      0.659
    DOVEJ              7.357     17.169      0.429      0.668
    DIVISIONJ        -38.270     14.545     -2.631      0.009
    POSSESSION       -14.470     16.790     -0.862      0.389

 HAWKJ    WITH
    DOVEJ              4.911     21.439      0.229      0.819
    DIVISIONJ         -1.175     23.950     -0.049      0.961
    POSSESSION        61.008     40.690      1.499      0.134

 DOVEJ    WITH
    DIVISIONJ          8.784     19.483      0.451      0.652
    POSSESSION        19.978     45.828      0.436      0.663

 DIVISION WITH
    POSSESSION        30.143     21.252      1.418      0.156

 Means
    KINSHIPJ          56.869      2.934     19.380      0.000
    MUTUALISMJ        61.807      2.104     29.375      0.000
    EXCHANGEJ         68.817      1.267     54.311      0.000
    HAWKJ             59.317      3.424     17.322      0.000
    DOVEJ             34.500      1.860     18.552      0.000
    DIVISIONJ         69.718      2.141     32.559      0.000
    POSSESSION        43.310      2.413     17.951      0.000

 Variances
    KINSHIPJ         205.823     10.032     20.517      0.000
    MUTUALISMJ       162.932      7.187     22.671      0.000
    EXCHANGEJ        125.254      5.006     25.023      0.000
    HAWKJ            229.474     10.556     21.739      0.000
    DOVEJ            174.369     13.833     12.605      0.000
    DIVISIONJ        191.754     13.418     14.291      0.000
    POSSESSION       226.542      9.191     24.649      0.000

Latent Class 5

 KINSHIPJ WITH
    MUTUALISMJ       161.731      9.506     17.013      0.000
    EXCHANGEJ        -38.531     49.108     -0.785      0.433
    HAWKJ            -71.458     44.519     -1.605      0.108
    DOVEJ            128.781     32.638      3.946      0.000
    DIVISIONJ        195.149     10.119     19.286      0.000
    POSSESSION       -69.671     43.268     -1.610      0.107

 MUTUALIS WITH
    EXCHANGEJ        -21.993     53.106     -0.414      0.679
    HAWKJ           -118.605     31.407     -3.776      0.000
    DOVEJ             70.637     34.539      2.045      0.041
    DIVISIONJ        146.014     11.674     12.507      0.000
    POSSESSION       -95.919     30.164     -3.180      0.001

 EXCHANGE WITH
    HAWKJ            -95.011     34.449     -2.758      0.006
    DOVEJ           -109.859     14.702     -7.472      0.000
    DIVISIONJ        -59.363     37.727     -1.573      0.116
    POSSESSION        57.156     29.254      1.954      0.051

 HAWKJ    WITH
    DOVEJ             77.359     26.224      2.950      0.003
    DIVISIONJ        -37.715     35.402     -1.065      0.287
    POSSESSION        29.615     41.535      0.713      0.476

 DOVEJ    WITH
    DIVISIONJ        145.358     24.310      5.979      0.000
    POSSESSION       -76.271     41.420     -1.841      0.066

 DIVISION WITH
    POSSESSION       -67.516     42.184     -1.601      0.109

 Means
    KINSHIPJ          79.492      3.420     23.243      0.000
    MUTUALISMJ        80.975      2.749     29.461      0.000
    EXCHANGEJ         87.075      2.095     41.567      0.000
    HAWKJ             86.795      3.445     25.193      0.000
    DOVEJ             76.015      2.701     28.142      0.000
    DIVISIONJ         90.021      3.335     26.990      0.000
    POSSESSION        43.680      6.338      6.891      0.000

 Variances
    KINSHIPJ         205.823     10.032     20.517      0.000
    MUTUALISMJ       162.932      7.187     22.671      0.000
    EXCHANGEJ        125.254      5.006     25.023      0.000
    HAWKJ            229.474     10.556     21.739      0.000
    DOVEJ            174.369     13.833     12.605      0.000
    DIVISIONJ        191.754     13.418     14.291      0.000
    POSSESSION       226.542      9.191     24.649      0.000

Categorical Latent Variables

 Means
    C1#1               2.202      0.384      5.730      0.000
    C1#2               2.016      0.363      5.560      0.000
    C1#3               4.466      0.321     13.896      0.000
    C1#4               2.863      0.389      7.369      0.000


QUALITY OF NUMERICAL RESULTS

     Condition Number for the Information Matrix              0.283E-16
       (ratio of smallest to largest eigenvalue)


TECHNICAL 1 OUTPUT


     PARAMETER SPECIFICATION FOR LATENT CLASS 1


           NU
              KINSHIPJ      MUTUALIS      EXCHANGE      HAWKJ         DOVEJ
              ________      ________      ________      ________      ________
                    1             2             3             4             5


           NU
              DIVISION      POSSESSI
              ________      ________
                    6             7


           THETA
              KINSHIPJ      MUTUALIS      EXCHANGE      HAWKJ         DOVEJ
              ________      ________      ________      ________      ________
 KINSHIPJ           8
 MUTUALIS           9            10
 EXCHANGE          11            12            13
 HAWKJ             14            15            16            17
 DOVEJ             18            19            20            21            22
 DIVISION          23            24            25            26            27
 POSSESSI          29            30            31            32            33


           THETA
              DIVISION      POSSESSI
              ________      ________
 DIVISION          28
 POSSESSI          34            35


     PARAMETER SPECIFICATION FOR LATENT CLASS 2


           NU
              KINSHIPJ      MUTUALIS      EXCHANGE      HAWKJ         DOVEJ
              ________      ________      ________      ________      ________
                   36            37            38            39            40


           NU
              DIVISION      POSSESSI
              ________      ________
                   41            42


           THETA
              KINSHIPJ      MUTUALIS      EXCHANGE      HAWKJ         DOVEJ
              ________      ________      ________      ________      ________
 KINSHIPJ           8
 MUTUALIS          43            10
 EXCHANGE          44            45            13
 HAWKJ             46            47            48            17
 DOVEJ             49            50            51            52            22
 DIVISION          53            54            55            56            57
 POSSESSI          58            59            60            61            62


           THETA
              DIVISION      POSSESSI
              ________      ________
 DIVISION          28
 POSSESSI          63            35


     PARAMETER SPECIFICATION FOR LATENT CLASS 3


           NU
              KINSHIPJ      MUTUALIS      EXCHANGE      HAWKJ         DOVEJ
              ________      ________      ________      ________      ________
                   64            65            66            67            68


           NU
              DIVISION      POSSESSI
              ________      ________
                   69            70


           THETA
              KINSHIPJ      MUTUALIS      EXCHANGE      HAWKJ         DOVEJ
              ________      ________      ________      ________      ________
 KINSHIPJ           8
 MUTUALIS          71            10
 EXCHANGE          72            73            13
 HAWKJ             74            75            76            17
 DOVEJ             77            78            79            80            22
 DIVISION          81            82            83            84            85
 POSSESSI          86            87            88            89            90


           THETA
              DIVISION      POSSESSI
              ________      ________
 DIVISION          28
 POSSESSI          91            35


     PARAMETER SPECIFICATION FOR LATENT CLASS 4


           NU
              KINSHIPJ      MUTUALIS      EXCHANGE      HAWKJ         DOVEJ
              ________      ________      ________      ________      ________
                   92            93            94            95            96


           NU
              DIVISION      POSSESSI
              ________      ________
                   97            98


           THETA
              KINSHIPJ      MUTUALIS      EXCHANGE      HAWKJ         DOVEJ
              ________      ________      ________      ________      ________
 KINSHIPJ           8
 MUTUALIS          99            10
 EXCHANGE         100           101            13
 HAWKJ            102           103           104            17
 DOVEJ            105           106           107           108            22
 DIVISION         109           110           111           112           113
 POSSESSI         114           115           116           117           118


           THETA
              DIVISION      POSSESSI
              ________      ________
 DIVISION          28
 POSSESSI         119            35


     PARAMETER SPECIFICATION FOR LATENT CLASS 5


           NU
              KINSHIPJ      MUTUALIS      EXCHANGE      HAWKJ         DOVEJ
              ________      ________      ________      ________      ________
                  120           121           122           123           124


           NU
              DIVISION      POSSESSI
              ________      ________
                  125           126


           THETA
              KINSHIPJ      MUTUALIS      EXCHANGE      HAWKJ         DOVEJ
              ________      ________      ________      ________      ________
 KINSHIPJ           8
 MUTUALIS         127            10
 EXCHANGE         128           129            13
 HAWKJ            130           131           132            17
 DOVEJ            133           134           135           136            22
 DIVISION         137           138           139           140           141
 POSSESSI         142           143           144           145           146


           THETA
              DIVISION      POSSESSI
              ________      ________
 DIVISION          28
 POSSESSI         147            35


     PARAMETER SPECIFICATION FOR LATENT CLASS REGRESSION MODEL PART


           ALPHA(C)
              C1#1          C1#2          C1#3          C1#4          C1#5
              ________      ________      ________      ________      ________
                  148           149           150           151             0


     STARTING VALUES FOR LATENT CLASS 1


           NU
              KINSHIPJ      MUTUALIS      EXCHANGE      HAWKJ         DOVEJ
              ________      ________      ________      ________      ________
               36.949        37.238        49.273        33.897        22.805


           NU
              DIVISION      POSSESSI
              ________      ________
               38.682         8.541


           THETA
              KINSHIPJ      MUTUALIS      EXCHANGE      HAWKJ         DOVEJ
              ________      ________      ________      ________      ________
 KINSHIPJ     121.626
 MUTUALIS       0.000        92.239
 EXCHANGE       0.000         0.000        63.634
 HAWKJ          0.000         0.000         0.000       125.455
 DOVEJ          0.000         0.000         0.000         0.000       122.308
 DIVISION       0.000         0.000         0.000         0.000         0.000
 POSSESSI       0.000         0.000         0.000         0.000         0.000


           THETA
              DIVISION      POSSESSI
              ________      ________
 DIVISION     121.504
 POSSESSI       0.000       117.219


     STARTING VALUES FOR LATENT CLASS 2


           NU
              KINSHIPJ      MUTUALIS      EXCHANGE      HAWKJ         DOVEJ
              ________      ________      ________      ________      ________
               52.546        50.820        60.555        49.737        38.446


           NU
              DIVISION      POSSESSI
              ________      ________
               54.271        23.853


           THETA
              KINSHIPJ      MUTUALIS      EXCHANGE      HAWKJ         DOVEJ
              ________      ________      ________      ________      ________
 KINSHIPJ     121.626
 MUTUALIS       0.000        92.239
 EXCHANGE       0.000         0.000        63.634
 HAWKJ          0.000         0.000         0.000       125.455
 DOVEJ          0.000         0.000         0.000         0.000       122.308
 DIVISION       0.000         0.000         0.000         0.000         0.000
 POSSESSI       0.000         0.000         0.000         0.000         0.000


           THETA
              DIVISION      POSSESSI
              ________      ________
 DIVISION     121.504
 POSSESSI       0.000       117.219


     STARTING VALUES FOR LATENT CLASS 3


           NU
              KINSHIPJ      MUTUALIS      EXCHANGE      HAWKJ         DOVEJ
              ________      ________      ________      ________      ________
               68.142        64.403        71.836        65.577        54.086


           NU
              DIVISION      POSSESSI
              ________      ________
               69.860        39.164


           THETA
              KINSHIPJ      MUTUALIS      EXCHANGE      HAWKJ         DOVEJ
              ________      ________      ________      ________      ________
 KINSHIPJ     121.626
 MUTUALIS       0.000        92.239
 EXCHANGE       0.000         0.000        63.634
 HAWKJ          0.000         0.000         0.000       125.455
 DOVEJ          0.000         0.000         0.000         0.000       122.308
 DIVISION       0.000         0.000         0.000         0.000         0.000
 POSSESSI       0.000         0.000         0.000         0.000         0.000


           THETA
              DIVISION      POSSESSI
              ________      ________
 DIVISION     121.504
 POSSESSI       0.000       117.219


     STARTING VALUES FOR LATENT CLASS 4


           NU
              KINSHIPJ      MUTUALIS      EXCHANGE      HAWKJ         DOVEJ
              ________      ________      ________      ________      ________
               83.739        77.985        83.117        81.417        69.726


           NU
              DIVISION      POSSESSI
              ________      ________
               85.448        54.475


           THETA
              KINSHIPJ      MUTUALIS      EXCHANGE      HAWKJ         DOVEJ
              ________      ________      ________      ________      ________
 KINSHIPJ     121.626
 MUTUALIS       0.000        92.239
 EXCHANGE       0.000         0.000        63.634
 HAWKJ          0.000         0.000         0.000       125.455
 DOVEJ          0.000         0.000         0.000         0.000       122.308
 DIVISION       0.000         0.000         0.000         0.000         0.000
 POSSESSI       0.000         0.000         0.000         0.000         0.000


           THETA
              DIVISION      POSSESSI
              ________      ________
 DIVISION     121.504
 POSSESSI       0.000       117.219


     STARTING VALUES FOR LATENT CLASS 5


           NU
              KINSHIPJ      MUTUALIS      EXCHANGE      HAWKJ         DOVEJ
              ________      ________      ________      ________      ________
               99.336        91.567        94.399        97.257        85.366


           NU
              DIVISION      POSSESSI
              ________      ________
              101.037        69.787


           THETA
              KINSHIPJ      MUTUALIS      EXCHANGE      HAWKJ         DOVEJ
              ________      ________      ________      ________      ________
 KINSHIPJ     121.626
 MUTUALIS       0.000        92.239
 EXCHANGE       0.000         0.000        63.634
 HAWKJ          0.000         0.000         0.000       125.455
 DOVEJ          0.000         0.000         0.000         0.000       122.308
 DIVISION       0.000         0.000         0.000         0.000         0.000
 POSSESSI       0.000         0.000         0.000         0.000         0.000


           THETA
              DIVISION      POSSESSI
              ________      ________
 DIVISION     121.504
 POSSESSI       0.000       117.219


     STARTING VALUES FOR LATENT CLASS REGRESSION MODEL PART


           ALPHA(C)
              C1#1          C1#2          C1#3          C1#4          C1#5
              ________      ________      ________      ________      ________
                0.000         0.000         0.000         0.000         0.000


TECHNICAL 14 OUTPUT

     Random Starts Specifications for the k-1 Class Analysis Model
        Number of initial stage random starts                  20
        Number of final stage optimizations                     4

     Random Starts Specification for the k-1 Class Model for Generated Data
        Number of initial stage random starts                   0
        Number of final stage optimizations for the
           initial stage random starts                          0
     Random Starts Specification for the k Class Model for Generated Data
        Number of initial stage random starts                  40
        Number of final stage optimizations                     8
     Number of bootstrap draws requested                   Varies


     PARAMETRIC BOOTSTRAPPED LIKELIHOOD RATIO TEST FOR 4 (H0) VERSUS 5 CLASSES

          H0 Loglikelihood Value                       -39399.154
          2 Times the Loglikelihood Difference             98.756
          Difference in the Number of Parameters               29
          Approximate P-Value                              0.0225
          Successful Bootstrap Draws                           89

     WARNING:  OF THE 89 BOOTSTRAP DRAWS, 88 DRAWS HAD BOTH A SMALLER LRT VALUE THAN THE
     OBSERVED LRT VALUE AND NOT A REPLICATED BEST LOGLIKELIHOOD VALUE FOR THE 5-CLASS MODEL.
     THIS MEANS THAT THE P-VALUE MAY NOT BE TRUSTWORTHY DUE TO LOCAL MAXIMA.
     INCREASE THE NUMBER OF RANDOM STARTS USING THE LRTSTARTS OPTION.


     WARNING:  11 OUT OF 100 BOOTSTRAP DRAWS DID NOT CONVERGE.
     INCREASE THE NUMBER OF RANDOM STARTS USING THE LRTSTARTS OPTION.



SAVEDATA INFORMATION


  Save file
    model_5_class_5.dat

  Order and format of variables

    KINSHIPJ       F10.3
    MUTUALIS       F10.3
    EXCHANGE       F10.3
    HAWKJ          F10.3
    DOVEJ          F10.3
    DIVISION       F10.3
    POSSESSI       F10.3
    CPROB1         F10.3
    CPROB2         F10.3
    CPROB3         F10.3
    CPROB4         F10.3
    CPROB5         F10.3
    C1             F10.3

  Save file format
    13F10.3

  Save file record length    10000


     Beginning Time:  10:23:34
        Ending Time:  10:35:49
       Elapsed Time:  00:12:15



MUTHEN & MUTHEN
3463 Stoner Ave.
Los Angeles, CA  90066

Tel: (310) 391-9971
Fax: (310) 391-8971
Web: www.StatModel.com
Support: Support@StatModel.com

Copyright (c) 1998-2018 Muthen & Muthen
