Mplus VERSION 8.2 (Mac)
MUTHEN & MUTHEN
08/26/2020  10:13 AM

INPUT INSTRUCTIONS

  TITLE:
  model 3 with 8 classes
  DATA:
  FILE = "data_624dd70f9f561f2c8c991d291c51b950.dat";

  VARIABLE:
  NAMES = KinshipJ MutualismJ ExchangeJ HawkJ DoveJ DivisionJ PossessionJ;
   MISSING=.;
   CLASSES = c1(8);

  ANALYSIS:
  TYPE = mixture;

  MODEL:
  %c1#1%
  KinshipJ (vKinshipJ);
  MutualismJ (vMutualismJ);
  ExchangeJ (vExchangeJ);
  HawkJ (vHawkJ);
  DoveJ (vDoveJ);
  DivisionJ (vDivisionJ);
  PossessionJ (vPossessionJ);

  KinshipJ WITH MutualismJ (KinshipJWMutualismJ);
  KinshipJ WITH ExchangeJ (KinshipJWExchangeJ);
  KinshipJ WITH HawkJ (KinshipJWHawkJ);
  KinshipJ WITH DoveJ (KinshipJWDoveJ);
  KinshipJ WITH DivisionJ (KinshipJWDivisionJ);
  KinshipJ WITH PossessionJ (KinshipJWPossessionJ);
  MutualismJ WITH ExchangeJ (MutualismJWExchangeJ);
  MutualismJ WITH HawkJ (MutualismJWHawkJ);
  MutualismJ WITH DoveJ (MutualismJWDoveJ);
  MutualismJ WITH DivisionJ (MutualismJWDivisionJ);
  MutualismJ WITH PossessionJ (MutualismJWPossessionJ);
  ExchangeJ WITH HawkJ (ExchangeJWHawkJ);
  ExchangeJ WITH DoveJ (ExchangeJWDoveJ);
  ExchangeJ WITH DivisionJ (ExchangeJWDivisionJ);
  ExchangeJ WITH PossessionJ (ExchangeJWPossessionJ);
  HawkJ WITH DoveJ (HawkJWDoveJ);
  HawkJ WITH DivisionJ (HawkJWDivisionJ);
  HawkJ WITH PossessionJ (HawkJWPossessionJ);
  DoveJ WITH DivisionJ (DoveJWDivisionJ);
  DoveJ WITH PossessionJ (DoveJWPossessionJ);
  DivisionJ WITH PossessionJ (DivisionJWPossessionJ);

  %c1#2%
  KinshipJ (vKinshipJ);
  MutualismJ (vMutualismJ);
  ExchangeJ (vExchangeJ);
  HawkJ (vHawkJ);
  DoveJ (vDoveJ);
  DivisionJ (vDivisionJ);
  PossessionJ (vPossessionJ);

  KinshipJ WITH MutualismJ (KinshipJWMutualismJ);
  KinshipJ WITH ExchangeJ (KinshipJWExchangeJ);
  KinshipJ WITH HawkJ (KinshipJWHawkJ);
  KinshipJ WITH DoveJ (KinshipJWDoveJ);
  KinshipJ WITH DivisionJ (KinshipJWDivisionJ);
  KinshipJ WITH PossessionJ (KinshipJWPossessionJ);
  MutualismJ WITH ExchangeJ (MutualismJWExchangeJ);
  MutualismJ WITH HawkJ (MutualismJWHawkJ);
  MutualismJ WITH DoveJ (MutualismJWDoveJ);
  MutualismJ WITH DivisionJ (MutualismJWDivisionJ);
  MutualismJ WITH PossessionJ (MutualismJWPossessionJ);
  ExchangeJ WITH HawkJ (ExchangeJWHawkJ);
  ExchangeJ WITH DoveJ (ExchangeJWDoveJ);
  ExchangeJ WITH DivisionJ (ExchangeJWDivisionJ);
  ExchangeJ WITH PossessionJ (ExchangeJWPossessionJ);
  HawkJ WITH DoveJ (HawkJWDoveJ);
  HawkJ WITH DivisionJ (HawkJWDivisionJ);
  HawkJ WITH PossessionJ (HawkJWPossessionJ);
  DoveJ WITH DivisionJ (DoveJWDivisionJ);
  DoveJ WITH PossessionJ (DoveJWPossessionJ);
  DivisionJ WITH PossessionJ (DivisionJWPossessionJ);

  %c1#3%
  KinshipJ (vKinshipJ);
  MutualismJ (vMutualismJ);
  ExchangeJ (vExchangeJ);
  HawkJ (vHawkJ);
  DoveJ (vDoveJ);
  DivisionJ (vDivisionJ);
  PossessionJ (vPossessionJ);

  KinshipJ WITH MutualismJ (KinshipJWMutualismJ);
  KinshipJ WITH ExchangeJ (KinshipJWExchangeJ);
  KinshipJ WITH HawkJ (KinshipJWHawkJ);
  KinshipJ WITH DoveJ (KinshipJWDoveJ);
  KinshipJ WITH DivisionJ (KinshipJWDivisionJ);
  KinshipJ WITH PossessionJ (KinshipJWPossessionJ);
  MutualismJ WITH ExchangeJ (MutualismJWExchangeJ);
  MutualismJ WITH HawkJ (MutualismJWHawkJ);
  MutualismJ WITH DoveJ (MutualismJWDoveJ);
  MutualismJ WITH DivisionJ (MutualismJWDivisionJ);
  MutualismJ WITH PossessionJ (MutualismJWPossessionJ);
  ExchangeJ WITH HawkJ (ExchangeJWHawkJ);
  ExchangeJ WITH DoveJ (ExchangeJWDoveJ);
  ExchangeJ WITH DivisionJ (ExchangeJWDivisionJ);
  ExchangeJ WITH PossessionJ (ExchangeJWPossessionJ);
  HawkJ WITH DoveJ (HawkJWDoveJ);
  HawkJ WITH DivisionJ (HawkJWDivisionJ);
  HawkJ WITH PossessionJ (HawkJWPossessionJ);
  DoveJ WITH DivisionJ (DoveJWDivisionJ);
  DoveJ WITH PossessionJ (DoveJWPossessionJ);
  DivisionJ WITH PossessionJ (DivisionJWPossessionJ);

  %c1#4%
  KinshipJ (vKinshipJ);
  MutualismJ (vMutualismJ);
  ExchangeJ (vExchangeJ);
  HawkJ (vHawkJ);
  DoveJ (vDoveJ);
  DivisionJ (vDivisionJ);
  PossessionJ (vPossessionJ);

  KinshipJ WITH MutualismJ (KinshipJWMutualismJ);
  KinshipJ WITH ExchangeJ (KinshipJWExchangeJ);
  KinshipJ WITH HawkJ (KinshipJWHawkJ);
  KinshipJ WITH DoveJ (KinshipJWDoveJ);
  KinshipJ WITH DivisionJ (KinshipJWDivisionJ);
  KinshipJ WITH PossessionJ (KinshipJWPossessionJ);
  MutualismJ WITH ExchangeJ (MutualismJWExchangeJ);
  MutualismJ WITH HawkJ (MutualismJWHawkJ);
  MutualismJ WITH DoveJ (MutualismJWDoveJ);
  MutualismJ WITH DivisionJ (MutualismJWDivisionJ);
  MutualismJ WITH PossessionJ (MutualismJWPossessionJ);
  ExchangeJ WITH HawkJ (ExchangeJWHawkJ);
  ExchangeJ WITH DoveJ (ExchangeJWDoveJ);
  ExchangeJ WITH DivisionJ (ExchangeJWDivisionJ);
  ExchangeJ WITH PossessionJ (ExchangeJWPossessionJ);
  HawkJ WITH DoveJ (HawkJWDoveJ);
  HawkJ WITH DivisionJ (HawkJWDivisionJ);
  HawkJ WITH PossessionJ (HawkJWPossessionJ);
  DoveJ WITH DivisionJ (DoveJWDivisionJ);
  DoveJ WITH PossessionJ (DoveJWPossessionJ);
  DivisionJ WITH PossessionJ (DivisionJWPossessionJ);

  %c1#5%
  KinshipJ (vKinshipJ);
  MutualismJ (vMutualismJ);
  ExchangeJ (vExchangeJ);
  HawkJ (vHawkJ);
  DoveJ (vDoveJ);
  DivisionJ (vDivisionJ);
  PossessionJ (vPossessionJ);

  KinshipJ WITH MutualismJ (KinshipJWMutualismJ);
  KinshipJ WITH ExchangeJ (KinshipJWExchangeJ);
  KinshipJ WITH HawkJ (KinshipJWHawkJ);
  KinshipJ WITH DoveJ (KinshipJWDoveJ);
  KinshipJ WITH DivisionJ (KinshipJWDivisionJ);
  KinshipJ WITH PossessionJ (KinshipJWPossessionJ);
  MutualismJ WITH ExchangeJ (MutualismJWExchangeJ);
  MutualismJ WITH HawkJ (MutualismJWHawkJ);
  MutualismJ WITH DoveJ (MutualismJWDoveJ);
  MutualismJ WITH DivisionJ (MutualismJWDivisionJ);
  MutualismJ WITH PossessionJ (MutualismJWPossessionJ);
  ExchangeJ WITH HawkJ (ExchangeJWHawkJ);
  ExchangeJ WITH DoveJ (ExchangeJWDoveJ);
  ExchangeJ WITH DivisionJ (ExchangeJWDivisionJ);
  ExchangeJ WITH PossessionJ (ExchangeJWPossessionJ);
  HawkJ WITH DoveJ (HawkJWDoveJ);
  HawkJ WITH DivisionJ (HawkJWDivisionJ);
  HawkJ WITH PossessionJ (HawkJWPossessionJ);
  DoveJ WITH DivisionJ (DoveJWDivisionJ);
  DoveJ WITH PossessionJ (DoveJWPossessionJ);
  DivisionJ WITH PossessionJ (DivisionJWPossessionJ);

  %c1#6%
  KinshipJ (vKinshipJ);
  MutualismJ (vMutualismJ);
  ExchangeJ (vExchangeJ);
  HawkJ (vHawkJ);
  DoveJ (vDoveJ);
  DivisionJ (vDivisionJ);
  PossessionJ (vPossessionJ);

  KinshipJ WITH MutualismJ (KinshipJWMutualismJ);
  KinshipJ WITH ExchangeJ (KinshipJWExchangeJ);
  KinshipJ WITH HawkJ (KinshipJWHawkJ);
  KinshipJ WITH DoveJ (KinshipJWDoveJ);
  KinshipJ WITH DivisionJ (KinshipJWDivisionJ);
  KinshipJ WITH PossessionJ (KinshipJWPossessionJ);
  MutualismJ WITH ExchangeJ (MutualismJWExchangeJ);
  MutualismJ WITH HawkJ (MutualismJWHawkJ);
  MutualismJ WITH DoveJ (MutualismJWDoveJ);
  MutualismJ WITH DivisionJ (MutualismJWDivisionJ);
  MutualismJ WITH PossessionJ (MutualismJWPossessionJ);
  ExchangeJ WITH HawkJ (ExchangeJWHawkJ);
  ExchangeJ WITH DoveJ (ExchangeJWDoveJ);
  ExchangeJ WITH DivisionJ (ExchangeJWDivisionJ);
  ExchangeJ WITH PossessionJ (ExchangeJWPossessionJ);
  HawkJ WITH DoveJ (HawkJWDoveJ);
  HawkJ WITH DivisionJ (HawkJWDivisionJ);
  HawkJ WITH PossessionJ (HawkJWPossessionJ);
  DoveJ WITH DivisionJ (DoveJWDivisionJ);
  DoveJ WITH PossessionJ (DoveJWPossessionJ);
  DivisionJ WITH PossessionJ (DivisionJWPossessionJ);

  %c1#7%
  KinshipJ (vKinshipJ);
  MutualismJ (vMutualismJ);
  ExchangeJ (vExchangeJ);
  HawkJ (vHawkJ);
  DoveJ (vDoveJ);
  DivisionJ (vDivisionJ);
  PossessionJ (vPossessionJ);

  KinshipJ WITH MutualismJ (KinshipJWMutualismJ);
  KinshipJ WITH ExchangeJ (KinshipJWExchangeJ);
  KinshipJ WITH HawkJ (KinshipJWHawkJ);
  KinshipJ WITH DoveJ (KinshipJWDoveJ);
  KinshipJ WITH DivisionJ (KinshipJWDivisionJ);
  KinshipJ WITH PossessionJ (KinshipJWPossessionJ);
  MutualismJ WITH ExchangeJ (MutualismJWExchangeJ);
  MutualismJ WITH HawkJ (MutualismJWHawkJ);
  MutualismJ WITH DoveJ (MutualismJWDoveJ);
  MutualismJ WITH DivisionJ (MutualismJWDivisionJ);
  MutualismJ WITH PossessionJ (MutualismJWPossessionJ);
  ExchangeJ WITH HawkJ (ExchangeJWHawkJ);
  ExchangeJ WITH DoveJ (ExchangeJWDoveJ);
  ExchangeJ WITH DivisionJ (ExchangeJWDivisionJ);
  ExchangeJ WITH PossessionJ (ExchangeJWPossessionJ);
  HawkJ WITH DoveJ (HawkJWDoveJ);
  HawkJ WITH DivisionJ (HawkJWDivisionJ);
  HawkJ WITH PossessionJ (HawkJWPossessionJ);
  DoveJ WITH DivisionJ (DoveJWDivisionJ);
  DoveJ WITH PossessionJ (DoveJWPossessionJ);
  DivisionJ WITH PossessionJ (DivisionJWPossessionJ);

  %c1#8%
  KinshipJ (vKinshipJ);
  MutualismJ (vMutualismJ);
  ExchangeJ (vExchangeJ);
  HawkJ (vHawkJ);
  DoveJ (vDoveJ);
  DivisionJ (vDivisionJ);
  PossessionJ (vPossessionJ);

  KinshipJ WITH MutualismJ (KinshipJWMutualismJ);
  KinshipJ WITH ExchangeJ (KinshipJWExchangeJ);
  KinshipJ WITH HawkJ (KinshipJWHawkJ);
  KinshipJ WITH DoveJ (KinshipJWDoveJ);
  KinshipJ WITH DivisionJ (KinshipJWDivisionJ);
  KinshipJ WITH PossessionJ (KinshipJWPossessionJ);
  MutualismJ WITH ExchangeJ (MutualismJWExchangeJ);
  MutualismJ WITH HawkJ (MutualismJWHawkJ);
  MutualismJ WITH DoveJ (MutualismJWDoveJ);
  MutualismJ WITH DivisionJ (MutualismJWDivisionJ);
  MutualismJ WITH PossessionJ (MutualismJWPossessionJ);
  ExchangeJ WITH HawkJ (ExchangeJWHawkJ);
  ExchangeJ WITH DoveJ (ExchangeJWDoveJ);
  ExchangeJ WITH DivisionJ (ExchangeJWDivisionJ);
  ExchangeJ WITH PossessionJ (ExchangeJWPossessionJ);
  HawkJ WITH DoveJ (HawkJWDoveJ);
  HawkJ WITH DivisionJ (HawkJWDivisionJ);
  HawkJ WITH PossessionJ (HawkJWPossessionJ);
  DoveJ WITH DivisionJ (DoveJWDivisionJ);
  DoveJ WITH PossessionJ (DoveJWPossessionJ);
  DivisionJ WITH PossessionJ (DivisionJWPossessionJ);


  OUTPUT:
  TECH14;

  SAVEDATA:
  FILE IS model_3_class_8.dat;
  SAVE = cprobabilities;



*** WARNING in VARIABLE command
  Note that only the first 8 characters of variable names are used in the output.
  Shorten variable names to avoid any confusion.
*** WARNING in MODEL command
  All variables are uncorrelated with all other variables within class.
  Check that this is what is intended.
   2 WARNING(S) FOUND IN THE INPUT INSTRUCTIONS




model 3 with 8 classes

SUMMARY OF ANALYSIS

Number of groups                                                 1
Number of observations                                        1392

Number of dependent variables                                    7
Number of independent variables                                  0
Number of continuous latent variables                            0
Number of categorical latent variables                           1

Observed dependent variables

  Continuous
   KINSHIPJ    MUTUALISMJ  EXCHANGEJ   HAWKJ       DOVEJ       DIVISIONJ
   POSSESSION

Categorical latent variables
   C1


Estimator                                                      MLR
Information matrix                                        OBSERVED
Optimization Specifications for the Quasi-Newton Algorithm for
Continuous Outcomes
  Maximum number of iterations                                 100
  Convergence criterion                                  0.100D-05
Optimization Specifications for the EM Algorithm
  Maximum number of iterations                                 500
  Convergence criteria
    Loglikelihood change                                 0.100D-06
    Relative loglikelihood change                        0.100D-06
    Derivative                                           0.100D-05
Optimization Specifications for the M step of the EM Algorithm for
Categorical Latent variables
  Number of M step iterations                                    1
  M step convergence criterion                           0.100D-05
  Basis for M step termination                           ITERATION
Optimization Specifications for the M step of the EM Algorithm for
Censored, Binary or Ordered Categorical (Ordinal), Unordered
Categorical (Nominal) and Count Outcomes
  Number of M step iterations                                    1
  M step convergence criterion                           0.100D-05
  Basis for M step termination                           ITERATION
  Maximum value for logit thresholds                            15
  Minimum value for logit thresholds                           -15
  Minimum expected cell size for chi-square              0.100D-01
Maximum number of iterations for H1                           2000
Convergence criterion for H1                             0.100D-03
Optimization algorithm                                         EMA
Random Starts Specifications
  Number of initial stage random starts                         20
  Number of final stage optimizations                            4
  Number of initial stage iterations                            10
  Initial stage convergence criterion                    0.100D+01
  Random starts scale                                    0.500D+01
  Random seed for generating random starts                       0

Input data file(s)
  data_624dd70f9f561f2c8c991d291c51b950.dat
Input data format  FREE


SUMMARY OF DATA

     Number of missing data patterns             1
     Number of y missing data patterns           1
     Number of u missing data patterns           0


COVARIANCE COVERAGE OF DATA

Minimum covariance coverage value   0.100


     PROPORTION OF DATA PRESENT FOR Y


           Covariance Coverage
              KINSHIPJ      MUTUALIS      EXCHANGE      HAWKJ         DOVEJ
              ________      ________      ________      ________      ________
 KINSHIPJ       1.000
 MUTUALIS       1.000         1.000
 EXCHANGE       1.000         1.000         1.000
 HAWKJ          1.000         1.000         1.000         1.000
 DOVEJ          1.000         1.000         1.000         1.000         1.000
 DIVISION       1.000         1.000         1.000         1.000         1.000
 POSSESSI       1.000         1.000         1.000         1.000         1.000


           Covariance Coverage
              DIVISION      POSSESSI
              ________      ________
 DIVISION       1.000
 POSSESSI       1.000         1.000



UNIVARIATE SAMPLE STATISTICS


     UNIVARIATE HIGHER-ORDER MOMENT DESCRIPTIVE STATISTICS

         Variable/         Mean/     Skewness/   Minimum/ % with                Percentiles
        Sample Size      Variance    Kurtosis    Maximum  Min/Max      20%/60%    40%/80%    Median

     KINSHIPJ             68.142      -0.400      12.667    0.07%      55.333     64.667     69.000
            1392.000     243.252      -0.028      99.333    0.07%      73.000     82.000
     MUTUALISMJ           64.403      -0.398      11.000    0.07%      53.000     61.667     65.000
            1392.000     184.479       0.162      96.000    0.07%      68.333     76.333
     EXCHANGEJ            71.836      -0.357      32.667    0.07%      62.667     69.667     72.667
            1392.000     127.269       0.056      98.000    0.14%      75.333     81.333
     HAWKJ                65.577      -0.286      11.000    0.07%      52.333     61.667     66.000
            1392.000     250.911      -0.258      99.667    0.14%      70.333     80.000
     DOVEJ                54.086      -0.377       2.000    0.07%      41.000     51.333     55.167
            1392.000     244.615      -0.092      92.333    0.07%      59.000     68.000
     DIVISIONJ            69.860      -0.574       6.333    0.07%      57.333     67.000     71.333
            1392.000     243.008       0.243     100.000    0.29%      75.333     83.000
     POSSESSIONJ          39.164       0.105       1.667    0.07%      26.000     35.000     39.333
            1392.000     234.437      -0.117      95.333    0.07%      43.000     52.000

RANDOM STARTS RESULTS RANKED FROM THE BEST TO THE WORST LOGLIKELIHOOD VALUES

Final stage loglikelihood values at local maxima, seeds, and initial stage start numbers:

          -39405.181  27071            15
          -39407.521  637345           19
          -39410.307  93468            3
          -39414.637  939021           8



     WARNING:  THE BEST LOGLIKELIHOOD VALUE WAS NOT REPLICATED.  THE
     SOLUTION MAY NOT BE TRUSTWORTHY DUE TO LOCAL MAXIMA.  INCREASE THE
     NUMBER OF RANDOM STARTS.


THE MODEL ESTIMATION TERMINATED NORMALLY



MODEL FIT INFORMATION

Number of Free Parameters                       91

Loglikelihood

          H0 Value                      -39405.181
          H0 Scaling Correction Factor      1.3005
            for MLR

Information Criteria

          Akaike (AIC)                   78992.363
          Bayesian (BIC)                 79469.066
          Sample-Size Adjusted BIC       79179.994
            (n* = (n + 2) / 24)



FINAL CLASS COUNTS AND PROPORTIONS FOR THE LATENT CLASSES
BASED ON THE ESTIMATED MODEL

    Latent
   Classes

       1        178.86565          0.12850
       2         58.83999          0.04227
       3         65.98778          0.04741
       4        582.77898          0.41866
       5         24.84076          0.01785
       6         56.79314          0.04080
       7        165.06042          0.11858
       8        258.83329          0.18594


FINAL CLASS COUNTS AND PROPORTIONS FOR THE LATENT CLASSES
BASED ON ESTIMATED POSTERIOR PROBABILITIES

    Latent
   Classes

       1        178.86565          0.12850
       2         58.83999          0.04227
       3         65.98778          0.04741
       4        582.77898          0.41866
       5         24.84076          0.01785
       6         56.79314          0.04080
       7        165.06042          0.11858
       8        258.83329          0.18594


FINAL CLASS COUNTS AND PROPORTIONS FOR THE LATENT CLASSES
BASED ON THEIR MOST LIKELY LATENT CLASS MEMBERSHIP

Class Counts and Proportions

    Latent
   Classes

       1              166          0.11925
       2               55          0.03951
       3               54          0.03879
       4              663          0.47629
       5               21          0.01509
       6               51          0.03664
       7              152          0.10920
       8              230          0.16523


CLASSIFICATION QUALITY

     Entropy                         0.617


Average Latent Class Probabilities for Most Likely Latent Class Membership (Row)
by Latent Class (Column)

           1        2        3        4        5        6        7        8

    1   0.715    0.002    0.025    0.144    0.021    0.035    0.008    0.050
    2   0.001    0.770    0.002    0.134    0.009    0.000    0.059    0.025
    3   0.063    0.003    0.661    0.127    0.003    0.024    0.043    0.076
    4   0.059    0.016    0.025    0.719    0.002    0.008    0.055    0.116
    5   0.064    0.028    0.003    0.028    0.780    0.020    0.069    0.007
    6   0.089    0.000    0.049    0.046    0.012    0.704    0.066    0.034
    7   0.014    0.024    0.018    0.127    0.015    0.038    0.648    0.115
    8   0.043    0.005    0.017    0.200    0.001    0.009    0.079    0.647


Classification Probabilities for the Most Likely Latent Class Membership (Column)
by Latent Class (Row)

           1        2        3        4        5        6        7        8

    1   0.663    0.000    0.019    0.217    0.008    0.025    0.011    0.056
    2   0.005    0.720    0.003    0.181    0.010    0.000    0.063    0.018
    3   0.062    0.002    0.541    0.254    0.001    0.038    0.043    0.059
    4   0.041    0.013    0.012    0.817    0.001    0.004    0.033    0.079
    5   0.143    0.020    0.007    0.048    0.659    0.024    0.092    0.006
    6   0.103    0.000    0.023    0.098    0.008    0.632    0.101    0.036
    7   0.008    0.020    0.014    0.222    0.009    0.020    0.597    0.111
    8   0.032    0.005    0.016    0.297    0.001    0.007    0.068    0.575


Logits for the Classification Probabilities for the Most Likely Latent Class Membership (Column)
by Latent Class (Row)

              1        2        3        4        5        6        7        8

    1      2.477   -4.826   -1.079    1.361   -1.997   -0.785   -1.580    0.000
    2     -1.266    3.671   -1.786    2.288   -0.615   -7.656    1.230    0.000
    3      0.050   -3.626    2.208    1.453   -4.015   -0.454   -0.334    0.000
    4     -0.649   -1.830   -1.905    2.340   -4.350   -2.964   -0.863    0.000
    5      3.221    1.260    0.132    2.137    4.748    1.452    2.782    0.000
    6      1.062   -7.885   -0.451    1.013   -1.547    2.878    1.042    0.000
    7     -2.648   -1.733   -2.059    0.696   -2.539   -1.695    1.685    0.000
    8     -2.890   -4.703   -3.584   -0.658   -6.893   -4.463   -2.138    0.000


MODEL RESULTS

                                                    Two-Tailed
                    Estimate       S.E.  Est./S.E.    P-Value

Latent Class 1

 KINSHIPJ WITH
    MUTUALISMJ        36.209      9.442      3.835      0.000
    EXCHANGEJ         52.901      5.610      9.429      0.000
    HAWKJ             48.909     11.378      4.299      0.000
    DOVEJ             47.144      9.260      5.091      0.000
    DIVISIONJ         27.585      9.765      2.825      0.005
    POSSESSION        -1.720     14.904     -0.115      0.908

 MUTUALIS WITH
    EXCHANGEJ         45.058     11.186      4.028      0.000
    HAWKJ              7.030     13.705      0.513      0.608
    DOVEJ             18.599      9.845      1.889      0.059
    DIVISIONJ         27.341     10.549      2.592      0.010
    POSSESSION         6.731     12.397      0.543      0.587

 EXCHANGE WITH
    HAWKJ             35.149      8.998      3.907      0.000
    DOVEJ             18.945      6.924      2.736      0.006
    DIVISIONJ         30.082      7.816      3.849      0.000
    POSSESSION         1.244     13.876      0.090      0.929

 HAWKJ    WITH
    DOVEJ             50.347     13.202      3.814      0.000
    DIVISIONJ         21.650     12.212      1.773      0.076
    POSSESSION         6.224     13.485      0.462      0.644

 DOVEJ    WITH
    DIVISIONJ         14.144      8.506      1.663      0.096
    POSSESSION        -0.312     11.660     -0.027      0.979

 DIVISION WITH
    POSSESSION         9.637     11.028      0.874      0.382

 Means
    KINSHIPJ          68.850      2.345     29.361      0.000
    MUTUALISMJ        68.848      2.413     28.538      0.000
    EXCHANGEJ         71.874      2.334     30.797      0.000
    HAWKJ             69.764      2.540     27.469      0.000
    DOVEJ             35.165      2.528     13.908      0.000
    DIVISIONJ         72.123      2.433     29.648      0.000
    POSSESSION        43.394      1.794     24.191      0.000

 Variances
    KINSHIPJ         201.739     18.885     10.682      0.000
    MUTUALISMJ       128.518     12.237     10.503      0.000
    EXCHANGEJ        123.770      5.481     22.583      0.000
    HAWKJ            219.106     20.782     10.543      0.000
    DOVEJ            141.592     10.409     13.603      0.000
    DIVISIONJ        169.361     15.247     11.108      0.000
    POSSESSION       166.117     18.239      9.108      0.000

Latent Class 2

 KINSHIPJ WITH
    MUTUALISMJ        36.209      9.442      3.835      0.000
    EXCHANGEJ         52.901      5.610      9.429      0.000
    HAWKJ             48.909     11.378      4.299      0.000
    DOVEJ             47.144      9.260      5.091      0.000
    DIVISIONJ         27.585      9.765      2.825      0.005
    POSSESSION        -1.720     14.904     -0.115      0.908

 MUTUALIS WITH
    EXCHANGEJ         45.058     11.186      4.028      0.000
    HAWKJ              7.030     13.705      0.513      0.608
    DOVEJ             18.599      9.845      1.889      0.059
    DIVISIONJ         27.341     10.549      2.592      0.010
    POSSESSION         6.731     12.397      0.543      0.587

 EXCHANGE WITH
    HAWKJ             35.149      8.998      3.907      0.000
    DOVEJ             18.945      6.924      2.736      0.006
    DIVISIONJ         30.082      7.816      3.849      0.000
    POSSESSION         1.244     13.876      0.090      0.929

 HAWKJ    WITH
    DOVEJ             50.347     13.202      3.814      0.000
    DIVISIONJ         21.650     12.212      1.773      0.076
    POSSESSION         6.224     13.485      0.462      0.644

 DOVEJ    WITH
    DIVISIONJ         14.144      8.506      1.663      0.096
    POSSESSION        -0.312     11.660     -0.027      0.979

 DIVISION WITH
    POSSESSION         9.637     11.028      0.874      0.382

 Means
    KINSHIPJ          74.023      3.357     22.048      0.000
    MUTUALISMJ        68.463      3.613     18.947      0.000
    EXCHANGEJ         77.326      1.891     40.893      0.000
    HAWKJ             68.461      3.054     22.413      0.000
    DOVEJ             66.517      2.673     24.882      0.000
    DIVISIONJ         39.737      2.960     13.426      0.000
    POSSESSION        28.749      3.059      9.399      0.000

 Variances
    KINSHIPJ         201.739     18.885     10.682      0.000
    MUTUALISMJ       128.518     12.237     10.503      0.000
    EXCHANGEJ        123.770      5.481     22.583      0.000
    HAWKJ            219.106     20.782     10.543      0.000
    DOVEJ            141.592     10.409     13.603      0.000
    DIVISIONJ        169.361     15.247     11.108      0.000
    POSSESSION       166.117     18.239      9.108      0.000

Latent Class 3

 KINSHIPJ WITH
    MUTUALISMJ        36.209      9.442      3.835      0.000
    EXCHANGEJ         52.901      5.610      9.429      0.000
    HAWKJ             48.909     11.378      4.299      0.000
    DOVEJ             47.144      9.260      5.091      0.000
    DIVISIONJ         27.585      9.765      2.825      0.005
    POSSESSION        -1.720     14.904     -0.115      0.908

 MUTUALIS WITH
    EXCHANGEJ         45.058     11.186      4.028      0.000
    HAWKJ              7.030     13.705      0.513      0.608
    DOVEJ             18.599      9.845      1.889      0.059
    DIVISIONJ         27.341     10.549      2.592      0.010
    POSSESSION         6.731     12.397      0.543      0.587

 EXCHANGE WITH
    HAWKJ             35.149      8.998      3.907      0.000
    DOVEJ             18.945      6.924      2.736      0.006
    DIVISIONJ         30.082      7.816      3.849      0.000
    POSSESSION         1.244     13.876      0.090      0.929

 HAWKJ    WITH
    DOVEJ             50.347     13.202      3.814      0.000
    DIVISIONJ         21.650     12.212      1.773      0.076
    POSSESSION         6.224     13.485      0.462      0.644

 DOVEJ    WITH
    DIVISIONJ         14.144      8.506      1.663      0.096
    POSSESSION        -0.312     11.660     -0.027      0.979

 DIVISION WITH
    POSSESSION         9.637     11.028      0.874      0.382

 Means
    KINSHIPJ          40.446      6.922      5.843      0.000
    MUTUALISMJ        62.623      5.283     11.854      0.000
    EXCHANGEJ         72.332      2.008     36.025      0.000
    HAWKJ             53.979     12.144      4.445      0.000
    DOVEJ             43.119      4.356      9.898      0.000
    DIVISIONJ         72.773      4.703     15.473      0.000
    POSSESSION        41.140      5.579      7.374      0.000

 Variances
    KINSHIPJ         201.739     18.885     10.682      0.000
    MUTUALISMJ       128.518     12.237     10.503      0.000
    EXCHANGEJ        123.770      5.481     22.583      0.000
    HAWKJ            219.106     20.782     10.543      0.000
    DOVEJ            141.592     10.409     13.603      0.000
    DIVISIONJ        169.361     15.247     11.108      0.000
    POSSESSION       166.117     18.239      9.108      0.000

Latent Class 4

 KINSHIPJ WITH
    MUTUALISMJ        36.209      9.442      3.835      0.000
    EXCHANGEJ         52.901      5.610      9.429      0.000
    HAWKJ             48.909     11.378      4.299      0.000
    DOVEJ             47.144      9.260      5.091      0.000
    DIVISIONJ         27.585      9.765      2.825      0.005
    POSSESSION        -1.720     14.904     -0.115      0.908

 MUTUALIS WITH
    EXCHANGEJ         45.058     11.186      4.028      0.000
    HAWKJ              7.030     13.705      0.513      0.608
    DOVEJ             18.599      9.845      1.889      0.059
    DIVISIONJ         27.341     10.549      2.592      0.010
    POSSESSION         6.731     12.397      0.543      0.587

 EXCHANGE WITH
    HAWKJ             35.149      8.998      3.907      0.000
    DOVEJ             18.945      6.924      2.736      0.006
    DIVISIONJ         30.082      7.816      3.849      0.000
    POSSESSION         1.244     13.876      0.090      0.929

 HAWKJ    WITH
    DOVEJ             50.347     13.202      3.814      0.000
    DIVISIONJ         21.650     12.212      1.773      0.076
    POSSESSION         6.224     13.485      0.462      0.644

 DOVEJ    WITH
    DIVISIONJ         14.144      8.506      1.663      0.096
    POSSESSION        -0.312     11.660     -0.027      0.979

 DIVISION WITH
    POSSESSION         9.637     11.028      0.874      0.382

 Means
    KINSHIPJ          69.998      1.731     40.443      0.000
    MUTUALISMJ        68.427      1.652     41.416      0.000
    EXCHANGEJ         71.870      1.710     42.023      0.000
    HAWKJ             67.907      2.195     30.936      0.000
    DOVEJ             58.146      1.238     46.953      0.000
    DIVISIONJ         72.990      1.512     48.280      0.000
    POSSESSION        31.550      2.619     12.045      0.000

 Variances
    KINSHIPJ         201.739     18.885     10.682      0.000
    MUTUALISMJ       128.518     12.237     10.503      0.000
    EXCHANGEJ        123.770      5.481     22.583      0.000
    HAWKJ            219.106     20.782     10.543      0.000
    DOVEJ            141.592     10.409     13.603      0.000
    DIVISIONJ        169.361     15.247     11.108      0.000
    POSSESSION       166.117     18.239      9.108      0.000

Latent Class 5

 KINSHIPJ WITH
    MUTUALISMJ        36.209      9.442      3.835      0.000
    EXCHANGEJ         52.901      5.610      9.429      0.000
    HAWKJ             48.909     11.378      4.299      0.000
    DOVEJ             47.144      9.260      5.091      0.000
    DIVISIONJ         27.585      9.765      2.825      0.005
    POSSESSION        -1.720     14.904     -0.115      0.908

 MUTUALIS WITH
    EXCHANGEJ         45.058     11.186      4.028      0.000
    HAWKJ              7.030     13.705      0.513      0.608
    DOVEJ             18.599      9.845      1.889      0.059
    DIVISIONJ         27.341     10.549      2.592      0.010
    POSSESSION         6.731     12.397      0.543      0.587

 EXCHANGE WITH
    HAWKJ             35.149      8.998      3.907      0.000
    DOVEJ             18.945      6.924      2.736      0.006
    DIVISIONJ         30.082      7.816      3.849      0.000
    POSSESSION         1.244     13.876      0.090      0.929

 HAWKJ    WITH
    DOVEJ             50.347     13.202      3.814      0.000
    DIVISIONJ         21.650     12.212      1.773      0.076
    POSSESSION         6.224     13.485      0.462      0.644

 DOVEJ    WITH
    DIVISIONJ         14.144      8.506      1.663      0.096
    POSSESSION        -0.312     11.660     -0.027      0.979

 DIVISION WITH
    POSSESSION         9.637     11.028      0.874      0.382

 Means
    KINSHIPJ          63.754      8.066      7.904      0.000
    MUTUALISMJ        45.611      5.701      8.000      0.000
    EXCHANGEJ         69.242      6.075     11.397      0.000
    HAWKJ             72.957      3.792     19.238      0.000
    DOVEJ             33.925      5.607      6.051      0.000
    DIVISIONJ         40.849      6.864      5.951      0.000
    POSSESSION        36.955      4.981      7.419      0.000

 Variances
    KINSHIPJ         201.739     18.885     10.682      0.000
    MUTUALISMJ       128.518     12.237     10.503      0.000
    EXCHANGEJ        123.770      5.481     22.583      0.000
    HAWKJ            219.106     20.782     10.543      0.000
    DOVEJ            141.592     10.409     13.603      0.000
    DIVISIONJ        169.361     15.247     11.108      0.000
    POSSESSION       166.117     18.239      9.108      0.000

Latent Class 6

 KINSHIPJ WITH
    MUTUALISMJ        36.209      9.442      3.835      0.000
    EXCHANGEJ         52.901      5.610      9.429      0.000
    HAWKJ             48.909     11.378      4.299      0.000
    DOVEJ             47.144      9.260      5.091      0.000
    DIVISIONJ         27.585      9.765      2.825      0.005
    POSSESSION        -1.720     14.904     -0.115      0.908

 MUTUALIS WITH
    EXCHANGEJ         45.058     11.186      4.028      0.000
    HAWKJ              7.030     13.705      0.513      0.608
    DOVEJ             18.599      9.845      1.889      0.059
    DIVISIONJ         27.341     10.549      2.592      0.010
    POSSESSION         6.731     12.397      0.543      0.587

 EXCHANGE WITH
    HAWKJ             35.149      8.998      3.907      0.000
    DOVEJ             18.945      6.924      2.736      0.006
    DIVISIONJ         30.082      7.816      3.849      0.000
    POSSESSION         1.244     13.876      0.090      0.929

 HAWKJ    WITH
    DOVEJ             50.347     13.202      3.814      0.000
    DIVISIONJ         21.650     12.212      1.773      0.076
    POSSESSION         6.224     13.485      0.462      0.644

 DOVEJ    WITH
    DIVISIONJ         14.144      8.506      1.663      0.096
    POSSESSION        -0.312     11.660     -0.027      0.979

 DIVISION WITH
    POSSESSION         9.637     11.028      0.874      0.382

 Means
    KINSHIPJ          63.410      6.186     10.250      0.000
    MUTUALISMJ        43.033      6.139      7.010      0.000
    EXCHANGEJ         64.743      4.297     15.068      0.000
    HAWKJ             52.557      5.698      9.224      0.000
    DOVEJ             33.327      5.310      6.277      0.000
    DIVISIONJ         76.211      3.683     20.694      0.000
    POSSESSION        42.522      4.074     10.438      0.000

 Variances
    KINSHIPJ         201.739     18.885     10.682      0.000
    MUTUALISMJ       128.518     12.237     10.503      0.000
    EXCHANGEJ        123.770      5.481     22.583      0.000
    HAWKJ            219.106     20.782     10.543      0.000
    DOVEJ            141.592     10.409     13.603      0.000
    DIVISIONJ        169.361     15.247     11.108      0.000
    POSSESSION       166.117     18.239      9.108      0.000

Latent Class 7

 KINSHIPJ WITH
    MUTUALISMJ        36.209      9.442      3.835      0.000
    EXCHANGEJ         52.901      5.610      9.429      0.000
    HAWKJ             48.909     11.378      4.299      0.000
    DOVEJ             47.144      9.260      5.091      0.000
    DIVISIONJ         27.585      9.765      2.825      0.005
    POSSESSION        -1.720     14.904     -0.115      0.908

 MUTUALIS WITH
    EXCHANGEJ         45.058     11.186      4.028      0.000
    HAWKJ              7.030     13.705      0.513      0.608
    DOVEJ             18.599      9.845      1.889      0.059
    DIVISIONJ         27.341     10.549      2.592      0.010
    POSSESSION         6.731     12.397      0.543      0.587

 EXCHANGE WITH
    HAWKJ             35.149      8.998      3.907      0.000
    DOVEJ             18.945      6.924      2.736      0.006
    DIVISIONJ         30.082      7.816      3.849      0.000
    POSSESSION         1.244     13.876      0.090      0.929

 HAWKJ    WITH
    DOVEJ             50.347     13.202      3.814      0.000
    DIVISIONJ         21.650     12.212      1.773      0.076
    POSSESSION         6.224     13.485      0.462      0.644

 DOVEJ    WITH
    DIVISIONJ         14.144      8.506      1.663      0.096
    POSSESSION        -0.312     11.660     -0.027      0.979

 DIVISION WITH
    POSSESSION         9.637     11.028      0.874      0.382

 Means
    KINSHIPJ          68.642      3.022     22.716      0.000
    MUTUALISMJ        51.421      3.684     13.959      0.000
    EXCHANGEJ         71.662      4.722     15.177      0.000
    HAWKJ             55.758      4.426     12.598      0.000
    DOVEJ             58.416      2.551     22.903      0.000
    DIVISIONJ         60.895      3.109     19.587      0.000
    POSSESSION        41.879      2.631     15.918      0.000

 Variances
    KINSHIPJ         201.739     18.885     10.682      0.000
    MUTUALISMJ       128.518     12.237     10.503      0.000
    EXCHANGEJ        123.770      5.481     22.583      0.000
    HAWKJ            219.106     20.782     10.543      0.000
    DOVEJ            141.592     10.409     13.603      0.000
    DIVISIONJ        169.361     15.247     11.108      0.000
    POSSESSION       166.117     18.239      9.108      0.000

Latent Class 8

 KINSHIPJ WITH
    MUTUALISMJ        36.209      9.442      3.835      0.000
    EXCHANGEJ         52.901      5.610      9.429      0.000
    HAWKJ             48.909     11.378      4.299      0.000
    DOVEJ             47.144      9.260      5.091      0.000
    DIVISIONJ         27.585      9.765      2.825      0.005
    POSSESSION        -1.720     14.904     -0.115      0.908

 MUTUALIS WITH
    EXCHANGEJ         45.058     11.186      4.028      0.000
    HAWKJ              7.030     13.705      0.513      0.608
    DOVEJ             18.599      9.845      1.889      0.059
    DIVISIONJ         27.341     10.549      2.592      0.010
    POSSESSION         6.731     12.397      0.543      0.587

 EXCHANGE WITH
    HAWKJ             35.149      8.998      3.907      0.000
    DOVEJ             18.945      6.924      2.736      0.006
    DIVISIONJ         30.082      7.816      3.849      0.000
    POSSESSION         1.244     13.876      0.090      0.929

 HAWKJ    WITH
    DOVEJ             50.347     13.202      3.814      0.000
    DIVISIONJ         21.650     12.212      1.773      0.076
    POSSESSION         6.224     13.485      0.462      0.644

 DOVEJ    WITH
    DIVISIONJ         14.144      8.506      1.663      0.096
    POSSESSION        -0.312     11.660     -0.027      0.979

 DIVISION WITH
    POSSESSION         9.637     11.028      0.874      0.382

 Means
    KINSHIPJ          70.340      2.904     24.224      0.000
    MUTUALISMJ        66.573      2.616     25.450      0.000
    EXCHANGEJ         72.276      3.211     22.507      0.000
    HAWKJ             68.148      2.963     23.002      0.000
    DOVEJ             61.718      2.254     27.382      0.000
    DIVISIONJ         74.461      3.011     24.734      0.000
    POSSESSION        52.992      3.253     16.288      0.000

 Variances
    KINSHIPJ         201.739     18.885     10.682      0.000
    MUTUALISMJ       128.518     12.237     10.503      0.000
    EXCHANGEJ        123.770      5.481     22.583      0.000
    HAWKJ            219.106     20.782     10.543      0.000
    DOVEJ            141.592     10.409     13.603      0.000
    DIVISIONJ        169.361     15.247     11.108      0.000
    POSSESSION       166.117     18.239      9.108      0.000

Categorical Latent Variables

 Means
    C1#1              -0.370      0.524     -0.705      0.481
    C1#2              -1.481      0.535     -2.770      0.006
    C1#3              -1.367      1.053     -1.298      0.194
    C1#4               0.812      0.556      1.459      0.145
    C1#5              -2.344      0.704     -3.331      0.001
    C1#6              -1.517      0.676     -2.244      0.025
    C1#7              -0.450      0.882     -0.510      0.610


QUALITY OF NUMERICAL RESULTS

     Condition Number for the Information Matrix              0.100E-05
       (ratio of smallest to largest eigenvalue)


TECHNICAL 14 OUTPUT

     Random Starts Specifications for the k-1 Class Analysis Model
        Number of initial stage random starts                  20
        Number of final stage optimizations                     4

     Random Starts Specification for the k-1 Class Model for Generated Data
        Number of initial stage random starts                   0
        Number of final stage optimizations for the
           initial stage random starts                          0
     Random Starts Specification for the k Class Model for Generated Data
        Number of initial stage random starts                  40
        Number of final stage optimizations                     8
     Number of bootstrap draws requested                   Varies


     PARAMETRIC BOOTSTRAPPED LIKELIHOOD RATIO TEST FOR 7 (H0) VERSUS 8 CLASSES

          H0 Loglikelihood Value                       -39414.584
          2 Times the Loglikelihood Difference             18.806
          Difference in the Number of Parameters                8
          Approximate P-Value                              0.3333
          Successful Bootstrap Draws                            9


SAVEDATA INFORMATION


  Save file
    model_3_class_8.dat

  Order and format of variables

    KINSHIPJ       F10.3
    MUTUALIS       F10.3
    EXCHANGE       F10.3
    HAWKJ          F10.3
    DOVEJ          F10.3
    DIVISION       F10.3
    POSSESSI       F10.3
    CPROB1         F10.3
    CPROB2         F10.3
    CPROB3         F10.3
    CPROB4         F10.3
    CPROB5         F10.3
    CPROB6         F10.3
    CPROB7         F10.3
    CPROB8         F10.3
    C1             F10.3

  Save file format
    16F10.3

  Save file record length    10000


     Beginning Time:  10:13:24
        Ending Time:  10:13:56
       Elapsed Time:  00:00:32



MUTHEN & MUTHEN
3463 Stoner Ave.
Los Angeles, CA  90066

Tel: (310) 391-9971
Fax: (310) 391-8971
Web: www.StatModel.com
Support: Support@StatModel.com

Copyright (c) 1998-2018 Muthen & Muthen
