Mplus VERSION 8.2 (Mac)
MUTHEN & MUTHEN
08/26/2020  12:35 PM

INPUT INSTRUCTIONS

  TITLE:
  model 6 with 8 classes
  DATA:
  FILE = "data_624dd70f9f561f2c8c991d291c51b950.dat";

  VARIABLE:
  NAMES = KinshipJ MutualismJ ExchangeJ HawkJ DoveJ DivisionJ PossessionJ;
   MISSING=.;
   CLASSES = c1(8);

  ANALYSIS:
  TYPE = mixture;

  MODEL:
  %c1#1%
  KinshipJ (vKinshipJ1);
  MutualismJ (vMutualismJ1);
  ExchangeJ (vExchangeJ1);
  HawkJ (vHawkJ1);
  DoveJ (vDoveJ1);
  DivisionJ (vDivisionJ1);
  PossessionJ (vPossessionJ1);

  KinshipJ WITH MutualismJ (KinshipJWMutualismJ1);
  KinshipJ WITH ExchangeJ (KinshipJWExchangeJ1);
  KinshipJ WITH HawkJ (KinshipJWHawkJ1);
  KinshipJ WITH DoveJ (KinshipJWDoveJ1);
  KinshipJ WITH DivisionJ (KinshipJWDivisionJ1);
  KinshipJ WITH PossessionJ (KinshipJWPossessionJ1);
  MutualismJ WITH ExchangeJ (MutualismJWExchangeJ1);
  MutualismJ WITH HawkJ (MutualismJWHawkJ1);
  MutualismJ WITH DoveJ (MutualismJWDoveJ1);
  MutualismJ WITH DivisionJ (MutualismJWDivisionJ1);
  MutualismJ WITH PossessionJ (MutualismJWPossessionJ1);
  ExchangeJ WITH HawkJ (ExchangeJWHawkJ1);
  ExchangeJ WITH DoveJ (ExchangeJWDoveJ1);
  ExchangeJ WITH DivisionJ (ExchangeJWDivisionJ1);
  ExchangeJ WITH PossessionJ (ExchangeJWPossessionJ1);
  HawkJ WITH DoveJ (HawkJWDoveJ1);
  HawkJ WITH DivisionJ (HawkJWDivisionJ1);
  HawkJ WITH PossessionJ (HawkJWPossessionJ1);
  DoveJ WITH DivisionJ (DoveJWDivisionJ1);
  DoveJ WITH PossessionJ (DoveJWPossessionJ1);
  DivisionJ WITH PossessionJ (DivisionJWPossessionJ1);

  %c1#2%
  KinshipJ (vKinshipJ2);
  MutualismJ (vMutualismJ2);
  ExchangeJ (vExchangeJ2);
  HawkJ (vHawkJ2);
  DoveJ (vDoveJ2);
  DivisionJ (vDivisionJ2);
  PossessionJ (vPossessionJ2);

  KinshipJ WITH MutualismJ (KinshipJWMutualismJ2);
  KinshipJ WITH ExchangeJ (KinshipJWExchangeJ2);
  KinshipJ WITH HawkJ (KinshipJWHawkJ2);
  KinshipJ WITH DoveJ (KinshipJWDoveJ2);
  KinshipJ WITH DivisionJ (KinshipJWDivisionJ2);
  KinshipJ WITH PossessionJ (KinshipJWPossessionJ2);
  MutualismJ WITH ExchangeJ (MutualismJWExchangeJ2);
  MutualismJ WITH HawkJ (MutualismJWHawkJ2);
  MutualismJ WITH DoveJ (MutualismJWDoveJ2);
  MutualismJ WITH DivisionJ (MutualismJWDivisionJ2);
  MutualismJ WITH PossessionJ (MutualismJWPossessionJ2);
  ExchangeJ WITH HawkJ (ExchangeJWHawkJ2);
  ExchangeJ WITH DoveJ (ExchangeJWDoveJ2);
  ExchangeJ WITH DivisionJ (ExchangeJWDivisionJ2);
  ExchangeJ WITH PossessionJ (ExchangeJWPossessionJ2);
  HawkJ WITH DoveJ (HawkJWDoveJ2);
  HawkJ WITH DivisionJ (HawkJWDivisionJ2);
  HawkJ WITH PossessionJ (HawkJWPossessionJ2);
  DoveJ WITH DivisionJ (DoveJWDivisionJ2);
  DoveJ WITH PossessionJ (DoveJWPossessionJ2);
  DivisionJ WITH PossessionJ (DivisionJWPossessionJ2);

  %c1#3%
  KinshipJ (vKinshipJ3);
  MutualismJ (vMutualismJ3);
  ExchangeJ (vExchangeJ3);
  HawkJ (vHawkJ3);
  DoveJ (vDoveJ3);
  DivisionJ (vDivisionJ3);
  PossessionJ (vPossessionJ3);

  KinshipJ WITH MutualismJ (KinshipJWMutualismJ3);
  KinshipJ WITH ExchangeJ (KinshipJWExchangeJ3);
  KinshipJ WITH HawkJ (KinshipJWHawkJ3);
  KinshipJ WITH DoveJ (KinshipJWDoveJ3);
  KinshipJ WITH DivisionJ (KinshipJWDivisionJ3);
  KinshipJ WITH PossessionJ (KinshipJWPossessionJ3);
  MutualismJ WITH ExchangeJ (MutualismJWExchangeJ3);
  MutualismJ WITH HawkJ (MutualismJWHawkJ3);
  MutualismJ WITH DoveJ (MutualismJWDoveJ3);
  MutualismJ WITH DivisionJ (MutualismJWDivisionJ3);
  MutualismJ WITH PossessionJ (MutualismJWPossessionJ3);
  ExchangeJ WITH HawkJ (ExchangeJWHawkJ3);
  ExchangeJ WITH DoveJ (ExchangeJWDoveJ3);
  ExchangeJ WITH DivisionJ (ExchangeJWDivisionJ3);
  ExchangeJ WITH PossessionJ (ExchangeJWPossessionJ3);
  HawkJ WITH DoveJ (HawkJWDoveJ3);
  HawkJ WITH DivisionJ (HawkJWDivisionJ3);
  HawkJ WITH PossessionJ (HawkJWPossessionJ3);
  DoveJ WITH DivisionJ (DoveJWDivisionJ3);
  DoveJ WITH PossessionJ (DoveJWPossessionJ3);
  DivisionJ WITH PossessionJ (DivisionJWPossessionJ3);

  %c1#4%
  KinshipJ (vKinshipJ4);
  MutualismJ (vMutualismJ4);
  ExchangeJ (vExchangeJ4);
  HawkJ (vHawkJ4);
  DoveJ (vDoveJ4);
  DivisionJ (vDivisionJ4);
  PossessionJ (vPossessionJ4);

  KinshipJ WITH MutualismJ (KinshipJWMutualismJ4);
  KinshipJ WITH ExchangeJ (KinshipJWExchangeJ4);
  KinshipJ WITH HawkJ (KinshipJWHawkJ4);
  KinshipJ WITH DoveJ (KinshipJWDoveJ4);
  KinshipJ WITH DivisionJ (KinshipJWDivisionJ4);
  KinshipJ WITH PossessionJ (KinshipJWPossessionJ4);
  MutualismJ WITH ExchangeJ (MutualismJWExchangeJ4);
  MutualismJ WITH HawkJ (MutualismJWHawkJ4);
  MutualismJ WITH DoveJ (MutualismJWDoveJ4);
  MutualismJ WITH DivisionJ (MutualismJWDivisionJ4);
  MutualismJ WITH PossessionJ (MutualismJWPossessionJ4);
  ExchangeJ WITH HawkJ (ExchangeJWHawkJ4);
  ExchangeJ WITH DoveJ (ExchangeJWDoveJ4);
  ExchangeJ WITH DivisionJ (ExchangeJWDivisionJ4);
  ExchangeJ WITH PossessionJ (ExchangeJWPossessionJ4);
  HawkJ WITH DoveJ (HawkJWDoveJ4);
  HawkJ WITH DivisionJ (HawkJWDivisionJ4);
  HawkJ WITH PossessionJ (HawkJWPossessionJ4);
  DoveJ WITH DivisionJ (DoveJWDivisionJ4);
  DoveJ WITH PossessionJ (DoveJWPossessionJ4);
  DivisionJ WITH PossessionJ (DivisionJWPossessionJ4);

  %c1#5%
  KinshipJ (vKinshipJ5);
  MutualismJ (vMutualismJ5);
  ExchangeJ (vExchangeJ5);
  HawkJ (vHawkJ5);
  DoveJ (vDoveJ5);
  DivisionJ (vDivisionJ5);
  PossessionJ (vPossessionJ5);

  KinshipJ WITH MutualismJ (KinshipJWMutualismJ5);
  KinshipJ WITH ExchangeJ (KinshipJWExchangeJ5);
  KinshipJ WITH HawkJ (KinshipJWHawkJ5);
  KinshipJ WITH DoveJ (KinshipJWDoveJ5);
  KinshipJ WITH DivisionJ (KinshipJWDivisionJ5);
  KinshipJ WITH PossessionJ (KinshipJWPossessionJ5);
  MutualismJ WITH ExchangeJ (MutualismJWExchangeJ5);
  MutualismJ WITH HawkJ (MutualismJWHawkJ5);
  MutualismJ WITH DoveJ (MutualismJWDoveJ5);
  MutualismJ WITH DivisionJ (MutualismJWDivisionJ5);
  MutualismJ WITH PossessionJ (MutualismJWPossessionJ5);
  ExchangeJ WITH HawkJ (ExchangeJWHawkJ5);
  ExchangeJ WITH DoveJ (ExchangeJWDoveJ5);
  ExchangeJ WITH DivisionJ (ExchangeJWDivisionJ5);
  ExchangeJ WITH PossessionJ (ExchangeJWPossessionJ5);
  HawkJ WITH DoveJ (HawkJWDoveJ5);
  HawkJ WITH DivisionJ (HawkJWDivisionJ5);
  HawkJ WITH PossessionJ (HawkJWPossessionJ5);
  DoveJ WITH DivisionJ (DoveJWDivisionJ5);
  DoveJ WITH PossessionJ (DoveJWPossessionJ5);
  DivisionJ WITH PossessionJ (DivisionJWPossessionJ5);

  %c1#6%
  KinshipJ (vKinshipJ6);
  MutualismJ (vMutualismJ6);
  ExchangeJ (vExchangeJ6);
  HawkJ (vHawkJ6);
  DoveJ (vDoveJ6);
  DivisionJ (vDivisionJ6);
  PossessionJ (vPossessionJ6);

  KinshipJ WITH MutualismJ (KinshipJWMutualismJ6);
  KinshipJ WITH ExchangeJ (KinshipJWExchangeJ6);
  KinshipJ WITH HawkJ (KinshipJWHawkJ6);
  KinshipJ WITH DoveJ (KinshipJWDoveJ6);
  KinshipJ WITH DivisionJ (KinshipJWDivisionJ6);
  KinshipJ WITH PossessionJ (KinshipJWPossessionJ6);
  MutualismJ WITH ExchangeJ (MutualismJWExchangeJ6);
  MutualismJ WITH HawkJ (MutualismJWHawkJ6);
  MutualismJ WITH DoveJ (MutualismJWDoveJ6);
  MutualismJ WITH DivisionJ (MutualismJWDivisionJ6);
  MutualismJ WITH PossessionJ (MutualismJWPossessionJ6);
  ExchangeJ WITH HawkJ (ExchangeJWHawkJ6);
  ExchangeJ WITH DoveJ (ExchangeJWDoveJ6);
  ExchangeJ WITH DivisionJ (ExchangeJWDivisionJ6);
  ExchangeJ WITH PossessionJ (ExchangeJWPossessionJ6);
  HawkJ WITH DoveJ (HawkJWDoveJ6);
  HawkJ WITH DivisionJ (HawkJWDivisionJ6);
  HawkJ WITH PossessionJ (HawkJWPossessionJ6);
  DoveJ WITH DivisionJ (DoveJWDivisionJ6);
  DoveJ WITH PossessionJ (DoveJWPossessionJ6);
  DivisionJ WITH PossessionJ (DivisionJWPossessionJ6);

  %c1#7%
  KinshipJ (vKinshipJ7);
  MutualismJ (vMutualismJ7);
  ExchangeJ (vExchangeJ7);
  HawkJ (vHawkJ7);
  DoveJ (vDoveJ7);
  DivisionJ (vDivisionJ7);
  PossessionJ (vPossessionJ7);

  KinshipJ WITH MutualismJ (KinshipJWMutualismJ7);
  KinshipJ WITH ExchangeJ (KinshipJWExchangeJ7);
  KinshipJ WITH HawkJ (KinshipJWHawkJ7);
  KinshipJ WITH DoveJ (KinshipJWDoveJ7);
  KinshipJ WITH DivisionJ (KinshipJWDivisionJ7);
  KinshipJ WITH PossessionJ (KinshipJWPossessionJ7);
  MutualismJ WITH ExchangeJ (MutualismJWExchangeJ7);
  MutualismJ WITH HawkJ (MutualismJWHawkJ7);
  MutualismJ WITH DoveJ (MutualismJWDoveJ7);
  MutualismJ WITH DivisionJ (MutualismJWDivisionJ7);
  MutualismJ WITH PossessionJ (MutualismJWPossessionJ7);
  ExchangeJ WITH HawkJ (ExchangeJWHawkJ7);
  ExchangeJ WITH DoveJ (ExchangeJWDoveJ7);
  ExchangeJ WITH DivisionJ (ExchangeJWDivisionJ7);
  ExchangeJ WITH PossessionJ (ExchangeJWPossessionJ7);
  HawkJ WITH DoveJ (HawkJWDoveJ7);
  HawkJ WITH DivisionJ (HawkJWDivisionJ7);
  HawkJ WITH PossessionJ (HawkJWPossessionJ7);
  DoveJ WITH DivisionJ (DoveJWDivisionJ7);
  DoveJ WITH PossessionJ (DoveJWPossessionJ7);
  DivisionJ WITH PossessionJ (DivisionJWPossessionJ7);

  %c1#8%
  KinshipJ (vKinshipJ8);
  MutualismJ (vMutualismJ8);
  ExchangeJ (vExchangeJ8);
  HawkJ (vHawkJ8);
  DoveJ (vDoveJ8);
  DivisionJ (vDivisionJ8);
  PossessionJ (vPossessionJ8);

  KinshipJ WITH MutualismJ (KinshipJWMutualismJ8);
  KinshipJ WITH ExchangeJ (KinshipJWExchangeJ8);
  KinshipJ WITH HawkJ (KinshipJWHawkJ8);
  KinshipJ WITH DoveJ (KinshipJWDoveJ8);
  KinshipJ WITH DivisionJ (KinshipJWDivisionJ8);
  KinshipJ WITH PossessionJ (KinshipJWPossessionJ8);
  MutualismJ WITH ExchangeJ (MutualismJWExchangeJ8);
  MutualismJ WITH HawkJ (MutualismJWHawkJ8);
  MutualismJ WITH DoveJ (MutualismJWDoveJ8);
  MutualismJ WITH DivisionJ (MutualismJWDivisionJ8);
  MutualismJ WITH PossessionJ (MutualismJWPossessionJ8);
  ExchangeJ WITH HawkJ (ExchangeJWHawkJ8);
  ExchangeJ WITH DoveJ (ExchangeJWDoveJ8);
  ExchangeJ WITH DivisionJ (ExchangeJWDivisionJ8);
  ExchangeJ WITH PossessionJ (ExchangeJWPossessionJ8);
  HawkJ WITH DoveJ (HawkJWDoveJ8);
  HawkJ WITH DivisionJ (HawkJWDivisionJ8);
  HawkJ WITH PossessionJ (HawkJWPossessionJ8);
  DoveJ WITH DivisionJ (DoveJWDivisionJ8);
  DoveJ WITH PossessionJ (DoveJWPossessionJ8);
  DivisionJ WITH PossessionJ (DivisionJWPossessionJ8);


  OUTPUT:
  TECH14;

  SAVEDATA:
  FILE IS model_6_class_8.dat;
  SAVE = cprobabilities;



*** WARNING in VARIABLE command
  Note that only the first 8 characters of variable names are used in the output.
  Shorten variable names to avoid any confusion.
*** WARNING in MODEL command
  All variables are uncorrelated with all other variables within class.
  Check that this is what is intended.
   2 WARNING(S) FOUND IN THE INPUT INSTRUCTIONS




model 6 with 8 classes

