Mplus VERSION 8.2 (Mac)
MUTHEN & MUTHEN
08/26/2020  10:21 AM

INPUT INSTRUCTIONS

  TITLE:
  model 5 with 4 classes
  DATA:
  FILE = "data_624dd70f9f561f2c8c991d291c51b950.dat";

  VARIABLE:
  NAMES = KinshipJ MutualismJ ExchangeJ HawkJ DoveJ DivisionJ PossessionJ;
   MISSING=.;
   CLASSES = c1(4);

  ANALYSIS:
  TYPE = mixture;

  MODEL:
  %c1#1%
  KinshipJ (vKinshipJ);
  MutualismJ (vMutualismJ);
  ExchangeJ (vExchangeJ);
  HawkJ (vHawkJ);
  DoveJ (vDoveJ);
  DivisionJ (vDivisionJ);
  PossessionJ (vPossessionJ);

  KinshipJ WITH MutualismJ (KinshipJWMutualismJ1);
  KinshipJ WITH ExchangeJ (KinshipJWExchangeJ1);
  KinshipJ WITH HawkJ (KinshipJWHawkJ1);
  KinshipJ WITH DoveJ (KinshipJWDoveJ1);
  KinshipJ WITH DivisionJ (KinshipJWDivisionJ1);
  KinshipJ WITH PossessionJ (KinshipJWPossessionJ1);
  MutualismJ WITH ExchangeJ (MutualismJWExchangeJ1);
  MutualismJ WITH HawkJ (MutualismJWHawkJ1);
  MutualismJ WITH DoveJ (MutualismJWDoveJ1);
  MutualismJ WITH DivisionJ (MutualismJWDivisionJ1);
  MutualismJ WITH PossessionJ (MutualismJWPossessionJ1);
  ExchangeJ WITH HawkJ (ExchangeJWHawkJ1);
  ExchangeJ WITH DoveJ (ExchangeJWDoveJ1);
  ExchangeJ WITH DivisionJ (ExchangeJWDivisionJ1);
  ExchangeJ WITH PossessionJ (ExchangeJWPossessionJ1);
  HawkJ WITH DoveJ (HawkJWDoveJ1);
  HawkJ WITH DivisionJ (HawkJWDivisionJ1);
  HawkJ WITH PossessionJ (HawkJWPossessionJ1);
  DoveJ WITH DivisionJ (DoveJWDivisionJ1);
  DoveJ WITH PossessionJ (DoveJWPossessionJ1);
  DivisionJ WITH PossessionJ (DivisionJWPossessionJ1);

  %c1#2%
  KinshipJ (vKinshipJ);
  MutualismJ (vMutualismJ);
  ExchangeJ (vExchangeJ);
  HawkJ (vHawkJ);
  DoveJ (vDoveJ);
  DivisionJ (vDivisionJ);
  PossessionJ (vPossessionJ);

  KinshipJ WITH MutualismJ (KinshipJWMutualismJ2);
  KinshipJ WITH ExchangeJ (KinshipJWExchangeJ2);
  KinshipJ WITH HawkJ (KinshipJWHawkJ2);
  KinshipJ WITH DoveJ (KinshipJWDoveJ2);
  KinshipJ WITH DivisionJ (KinshipJWDivisionJ2);
  KinshipJ WITH PossessionJ (KinshipJWPossessionJ2);
  MutualismJ WITH ExchangeJ (MutualismJWExchangeJ2);
  MutualismJ WITH HawkJ (MutualismJWHawkJ2);
  MutualismJ WITH DoveJ (MutualismJWDoveJ2);
  MutualismJ WITH DivisionJ (MutualismJWDivisionJ2);
  MutualismJ WITH PossessionJ (MutualismJWPossessionJ2);
  ExchangeJ WITH HawkJ (ExchangeJWHawkJ2);
  ExchangeJ WITH DoveJ (ExchangeJWDoveJ2);
  ExchangeJ WITH DivisionJ (ExchangeJWDivisionJ2);
  ExchangeJ WITH PossessionJ (ExchangeJWPossessionJ2);
  HawkJ WITH DoveJ (HawkJWDoveJ2);
  HawkJ WITH DivisionJ (HawkJWDivisionJ2);
  HawkJ WITH PossessionJ (HawkJWPossessionJ2);
  DoveJ WITH DivisionJ (DoveJWDivisionJ2);
  DoveJ WITH PossessionJ (DoveJWPossessionJ2);
  DivisionJ WITH PossessionJ (DivisionJWPossessionJ2);

  %c1#3%
  KinshipJ (vKinshipJ);
  MutualismJ (vMutualismJ);
  ExchangeJ (vExchangeJ);
  HawkJ (vHawkJ);
  DoveJ (vDoveJ);
  DivisionJ (vDivisionJ);
  PossessionJ (vPossessionJ);

  KinshipJ WITH MutualismJ (KinshipJWMutualismJ3);
  KinshipJ WITH ExchangeJ (KinshipJWExchangeJ3);
  KinshipJ WITH HawkJ (KinshipJWHawkJ3);
  KinshipJ WITH DoveJ (KinshipJWDoveJ3);
  KinshipJ WITH DivisionJ (KinshipJWDivisionJ3);
  KinshipJ WITH PossessionJ (KinshipJWPossessionJ3);
  MutualismJ WITH ExchangeJ (MutualismJWExchangeJ3);
  MutualismJ WITH HawkJ (MutualismJWHawkJ3);
  MutualismJ WITH DoveJ (MutualismJWDoveJ3);
  MutualismJ WITH DivisionJ (MutualismJWDivisionJ3);
  MutualismJ WITH PossessionJ (MutualismJWPossessionJ3);
  ExchangeJ WITH HawkJ (ExchangeJWHawkJ3);
  ExchangeJ WITH DoveJ (ExchangeJWDoveJ3);
  ExchangeJ WITH DivisionJ (ExchangeJWDivisionJ3);
  ExchangeJ WITH PossessionJ (ExchangeJWPossessionJ3);
  HawkJ WITH DoveJ (HawkJWDoveJ3);
  HawkJ WITH DivisionJ (HawkJWDivisionJ3);
  HawkJ WITH PossessionJ (HawkJWPossessionJ3);
  DoveJ WITH DivisionJ (DoveJWDivisionJ3);
  DoveJ WITH PossessionJ (DoveJWPossessionJ3);
  DivisionJ WITH PossessionJ (DivisionJWPossessionJ3);

  %c1#4%
  KinshipJ (vKinshipJ);
  MutualismJ (vMutualismJ);
  ExchangeJ (vExchangeJ);
  HawkJ (vHawkJ);
  DoveJ (vDoveJ);
  DivisionJ (vDivisionJ);
  PossessionJ (vPossessionJ);

  KinshipJ WITH MutualismJ (KinshipJWMutualismJ4);
  KinshipJ WITH ExchangeJ (KinshipJWExchangeJ4);
  KinshipJ WITH HawkJ (KinshipJWHawkJ4);
  KinshipJ WITH DoveJ (KinshipJWDoveJ4);
  KinshipJ WITH DivisionJ (KinshipJWDivisionJ4);
  KinshipJ WITH PossessionJ (KinshipJWPossessionJ4);
  MutualismJ WITH ExchangeJ (MutualismJWExchangeJ4);
  MutualismJ WITH HawkJ (MutualismJWHawkJ4);
  MutualismJ WITH DoveJ (MutualismJWDoveJ4);
  MutualismJ WITH DivisionJ (MutualismJWDivisionJ4);
  MutualismJ WITH PossessionJ (MutualismJWPossessionJ4);
  ExchangeJ WITH HawkJ (ExchangeJWHawkJ4);
  ExchangeJ WITH DoveJ (ExchangeJWDoveJ4);
  ExchangeJ WITH DivisionJ (ExchangeJWDivisionJ4);
  ExchangeJ WITH PossessionJ (ExchangeJWPossessionJ4);
  HawkJ WITH DoveJ (HawkJWDoveJ4);
  HawkJ WITH DivisionJ (HawkJWDivisionJ4);
  HawkJ WITH PossessionJ (HawkJWPossessionJ4);
  DoveJ WITH DivisionJ (DoveJWDivisionJ4);
  DoveJ WITH PossessionJ (DoveJWPossessionJ4);
  DivisionJ WITH PossessionJ (DivisionJWPossessionJ4);


  OUTPUT:
  TECH14;

  SAVEDATA:
  FILE IS model_5_class_4.dat;
  SAVE = cprobabilities;



*** WARNING in VARIABLE command
  Note that only the first 8 characters of variable names are used in the output.
  Shorten variable names to avoid any confusion.
*** WARNING in MODEL command
  All variables are uncorrelated with all other variables within class.
  Check that this is what is intended.
   2 WARNING(S) FOUND IN THE INPUT INSTRUCTIONS




model 5 with 4 classes

SUMMARY OF ANALYSIS

Number of groups                                                 1
Number of observations                                        1392

Number of dependent variables                                    7
Number of independent variables                                  0
Number of continuous latent variables                            0
Number of categorical latent variables                           1

Observed dependent variables

  Continuous
   KINSHIPJ    MUTUALISMJ  EXCHANGEJ   HAWKJ       DOVEJ       DIVISIONJ
   POSSESSION

Categorical latent variables
   C1


Estimator                                                      MLR
Information matrix                                        OBSERVED
Optimization Specifications for the Quasi-Newton Algorithm for
Continuous Outcomes
  Maximum number of iterations                                 100
  Convergence criterion                                  0.100D-05
Optimization Specifications for the EM Algorithm
  Maximum number of iterations                                 500
  Convergence criteria
    Loglikelihood change                                 0.100D-06
    Relative loglikelihood change                        0.100D-06
    Derivative                                           0.100D-05
Optimization Specifications for the M step of the EM Algorithm for
Categorical Latent variables
  Number of M step iterations                                    1
  M step convergence criterion                           0.100D-05
  Basis for M step termination                           ITERATION
Optimization Specifications for the M step of the EM Algorithm for
Censored, Binary or Ordered Categorical (Ordinal), Unordered
Categorical (Nominal) and Count Outcomes
  Number of M step iterations                                    1
  M step convergence criterion                           0.100D-05
  Basis for M step termination                           ITERATION
  Maximum value for logit thresholds                            15
  Minimum value for logit thresholds                           -15
  Minimum expected cell size for chi-square              0.100D-01
Maximum number of iterations for H1                           2000
Convergence criterion for H1                             0.100D-03
Optimization algorithm                                         EMA
Random Starts Specifications
  Number of initial stage random starts                         20
  Number of final stage optimizations                            4
  Number of initial stage iterations                            10
  Initial stage convergence criterion                    0.100D+01
  Random starts scale                                    0.500D+01
  Random seed for generating random starts                       0

Input data file(s)
  data_624dd70f9f561f2c8c991d291c51b950.dat
Input data format  FREE


SUMMARY OF DATA

     Number of missing data patterns             1
     Number of y missing data patterns           1
     Number of u missing data patterns           0


COVARIANCE COVERAGE OF DATA

Minimum covariance coverage value   0.100


     PROPORTION OF DATA PRESENT FOR Y


           Covariance Coverage
              KINSHIPJ      MUTUALIS      EXCHANGE      HAWKJ         DOVEJ
              ________      ________      ________      ________      ________
 KINSHIPJ       1.000
 MUTUALIS       1.000         1.000
 EXCHANGE       1.000         1.000         1.000
 HAWKJ          1.000         1.000         1.000         1.000
 DOVEJ          1.000         1.000         1.000         1.000         1.000
 DIVISION       1.000         1.000         1.000         1.000         1.000
 POSSESSI       1.000         1.000         1.000         1.000         1.000


           Covariance Coverage
              DIVISION      POSSESSI
              ________      ________
 DIVISION       1.000
 POSSESSI       1.000         1.000



UNIVARIATE SAMPLE STATISTICS


     UNIVARIATE HIGHER-ORDER MOMENT DESCRIPTIVE STATISTICS

         Variable/         Mean/     Skewness/   Minimum/ % with                Percentiles
        Sample Size      Variance    Kurtosis    Maximum  Min/Max      20%/60%    40%/80%    Median

     KINSHIPJ             68.142      -0.400      12.667    0.07%      55.333     64.667     69.000
            1392.000     243.252      -0.028      99.333    0.07%      73.000     82.000
     MUTUALISMJ           64.403      -0.398      11.000    0.07%      53.000     61.667     65.000
            1392.000     184.479       0.162      96.000    0.07%      68.333     76.333
     EXCHANGEJ            71.836      -0.357      32.667    0.07%      62.667     69.667     72.667
            1392.000     127.269       0.056      98.000    0.14%      75.333     81.333
     HAWKJ                65.577      -0.286      11.000    0.07%      52.333     61.667     66.000
            1392.000     250.911      -0.258      99.667    0.14%      70.333     80.000
     DOVEJ                54.086      -0.377       2.000    0.07%      41.000     51.333     55.167
            1392.000     244.615      -0.092      92.333    0.07%      59.000     68.000
     DIVISIONJ            69.860      -0.574       6.333    0.07%      57.333     67.000     71.333
            1392.000     243.008       0.243     100.000    0.29%      75.333     83.000
     POSSESSIONJ          39.164       0.105       1.667    0.07%      26.000     35.000     39.333
            1392.000     234.437      -0.117      95.333    0.07%      43.000     52.000

RANDOM STARTS RESULTS RANKED FROM THE BEST TO THE WORST LOGLIKELIHOOD VALUES

2 perturbed starting value run(s) did not converge in the initial stage
optimizations.

Final stage loglikelihood values at local maxima, seeds, and initial stage start numbers:

          -39390.115  650371           14
          -39397.606  573096           20
          -39401.798  68985            17
          -39409.772  637345           19



     WARNING:  THE BEST LOGLIKELIHOOD VALUE WAS NOT REPLICATED.  THE
     SOLUTION MAY NOT BE TRUSTWORTHY DUE TO LOCAL MAXIMA.  INCREASE THE
     NUMBER OF RANDOM STARTS.

     THE STANDARD ERRORS OF THE MODEL PARAMETER ESTIMATES MAY NOT BE
     TRUSTWORTHY FOR SOME PARAMETERS DUE TO A NON-POSITIVE DEFINITE
     FIRST-ORDER DERIVATIVE PRODUCT MATRIX.  THIS MAY BE DUE TO THE STARTING
     VALUES BUT MAY ALSO BE AN INDICATION OF MODEL NONIDENTIFICATION.  THE
     CONDITION NUMBER IS       0.952D-14.  PROBLEM INVOLVING THE FOLLOWING PARAMETER:
     Parameter 33, %C1#1%: POSSESSIONJ WITH DOVEJ (equality/label)


THE MODEL ESTIMATION TERMINATED NORMALLY



MODEL FIT INFORMATION

Number of Free Parameters                      122

Loglikelihood

          H0 Value                      -39390.115
          H0 Scaling Correction Factor      1.1645
            for MLR

Information Criteria

          Akaike (AIC)                   79024.230
          Bayesian (BIC)                 79663.327
          Sample-Size Adjusted BIC       79275.780
            (n* = (n + 2) / 24)



FINAL CLASS COUNTS AND PROPORTIONS FOR THE LATENT CLASSES
BASED ON THE ESTIMATED MODEL

    Latent
   Classes

       1         13.66046          0.00981
       2       1063.83247          0.76425
       3        223.43941          0.16052
       4         91.06766          0.06542


FINAL CLASS COUNTS AND PROPORTIONS FOR THE LATENT CLASSES
BASED ON ESTIMATED POSTERIOR PROBABILITIES

    Latent
   Classes

       1         13.66046          0.00981
       2       1063.83247          0.76425
       3        223.43941          0.16052
       4         91.06766          0.06542


FINAL CLASS COUNTS AND PROPORTIONS FOR THE LATENT CLASSES
BASED ON THEIR MOST LIKELY LATENT CLASS MEMBERSHIP

Class Counts and Proportions

    Latent
   Classes

       1               14          0.01006
       2             1121          0.80532
       3              172          0.12356
       4               85          0.06106


CLASSIFICATION QUALITY

     Entropy                         0.785


Average Latent Class Probabilities for Most Likely Latent Class Membership (Row)
by Latent Class (Column)

           1        2        3        4

    1   0.949    0.033    0.007    0.010
    2   0.000    0.900    0.079    0.021
    3   0.000    0.227    0.765    0.008
    4   0.004    0.185    0.033    0.778


Classification Probabilities for the Most Likely Latent Class Membership (Column)
by Latent Class (Row)

           1        2        3        4

    1   0.973    0.001    0.000    0.026
    2   0.000    0.948    0.037    0.015
    3   0.000    0.398    0.589    0.012
    4   0.002    0.257    0.015    0.726


Logits for the Classification Probabilities for the Most Likely Latent Class Membership (Column)
by Latent Class (Row)

              1        2        3        4

    1      3.631   -3.186   -5.415    0.000
    2     -3.532    4.159    0.906    0.000
    3     -3.302    3.469    3.862    0.000
    4     -6.122   -1.037   -3.886    0.000


MODEL RESULTS

                                                    Two-Tailed
                    Estimate       S.E.  Est./S.E.    P-Value

Latent Class 1

 KINSHIPJ WITH
    MUTUALISMJ        65.297     26.188      2.493      0.013
    EXCHANGEJ         50.747     19.708      2.575      0.010
    HAWKJ            -12.957     54.246     -0.239      0.811
    DOVEJ             84.213     34.849      2.417      0.016
    DIVISIONJ        -78.738     30.929     -2.546      0.011
    POSSESSION       -27.489     36.073     -0.762      0.446

 MUTUALIS WITH
    EXCHANGEJ         61.841     28.718      2.153      0.031
    HAWKJ            -75.751     68.598     -1.104      0.269
    DOVEJ            -81.898     23.177     -3.534      0.000
    DIVISIONJ       -100.509     36.816     -2.730      0.006
    POSSESSION      -160.837      9.343    -17.215      0.000

 EXCHANGE WITH
    HAWKJ            -98.974     22.944     -4.314      0.000
    DOVEJ             19.683     23.929      0.823      0.411
    DIVISIONJ        -11.186     33.703     -0.332      0.740
    POSSESSION        12.729     36.562      0.348      0.728

 HAWKJ    WITH
    DOVEJ            113.965     42.564      2.678      0.007
    DIVISIONJ         76.993     77.667      0.991      0.322
    POSSESSION        30.848     98.420      0.313      0.754

 DOVEJ    WITH
    DIVISIONJ         64.368     32.483      1.982      0.048
    POSSESSION       113.730     33.581      3.387      0.001

 DIVISION WITH
    POSSESSION       130.956     36.657      3.572      0.000

 Means
    KINSHIPJ          64.737      5.668     11.422      0.000
    MUTUALISMJ        33.896      4.660      7.274      0.000
    EXCHANGEJ         66.341      5.028     13.194      0.000
    HAWKJ             68.059      4.401     15.465      0.000
    DOVEJ             54.951      4.834     11.368      0.000
    DIVISIONJ         38.728      2.937     13.184      0.000
    POSSESSION        24.546      3.286      7.470      0.000

 Variances
    KINSHIPJ         221.682     15.320     14.470      0.000
    MUTUALISMJ       165.157      8.706     18.970      0.000
    EXCHANGEJ        127.566      5.130     24.864      0.000
    HAWKJ            248.178     10.183     24.371      0.000
    DOVEJ            190.398     19.463      9.783      0.000
    DIVISIONJ        181.675      8.791     20.667      0.000
    POSSESSION       227.290      9.025     25.184      0.000

Latent Class 2

 KINSHIPJ WITH
    MUTUALISMJ        51.207      9.066      5.648      0.000
    EXCHANGEJ         69.903      7.678      9.104      0.000
    HAWKJ             70.036     25.133      2.787      0.005
    DOVEJ             50.584     15.140      3.341      0.001
    DIVISIONJ         36.101     11.711      3.083      0.002
    POSSESSION         2.443      9.673      0.253      0.801

 MUTUALIS WITH
    EXCHANGEJ         58.727      6.425      9.140      0.000
    HAWKJ             46.925      9.918      4.731      0.000
    DOVEJ             12.165      9.396      1.295      0.195
    DIVISIONJ         59.009      9.372      6.296      0.000
    POSSESSION        -4.849      7.665     -0.633      0.527

 EXCHANGE WITH
    HAWKJ             52.051      9.747      5.340      0.000
    DOVEJ             20.025      6.865      2.917      0.004
    DIVISIONJ         46.895      6.756      6.941      0.000
    POSSESSION         4.853      5.490      0.884      0.377

 HAWKJ    WITH
    DOVEJ             54.359     15.921      3.414      0.001
    DIVISIONJ         41.237     10.321      3.995      0.000
    POSSESSION        -3.255      8.974     -0.363      0.717

 DOVEJ    WITH
    DIVISIONJ          3.432      9.545      0.360      0.719
    POSSESSION        -0.048      8.333     -0.006      0.995

 DIVISION WITH
    POSSESSION        12.387      7.364      1.682      0.093

 Means
    KINSHIPJ          70.129      0.951     73.766      0.000
    MUTUALISMJ        66.100      0.574    115.169      0.000
    EXCHANGEJ         72.123      0.495    145.699      0.000
    HAWKJ             66.603      0.899     74.106      0.000
    DOVEJ             57.411      1.075     53.425      0.000
    DIVISIONJ         72.352      0.608    118.908      0.000
    POSSESSION        39.484      0.784     50.347      0.000

 Variances
    KINSHIPJ         221.682     15.320     14.470      0.000
    MUTUALISMJ       165.157      8.706     18.970      0.000
    EXCHANGEJ        127.566      5.130     24.864      0.000
    HAWKJ            248.178     10.183     24.371      0.000
    DOVEJ            190.398     19.463      9.783      0.000
    DIVISIONJ        181.675      8.791     20.667      0.000
    POSSESSION       227.290      9.025     25.184      0.000

Latent Class 3

 KINSHIPJ WITH
    MUTUALISMJ       -11.756     23.414     -0.502      0.616
    EXCHANGEJ         -9.913     17.058     -0.581      0.561
    HAWKJ             43.913     33.744      1.301      0.193
    DOVEJ            -20.162     24.436     -0.825      0.409
    DIVISIONJ         -8.347     18.241     -0.458      0.647
    POSSESSION       -31.322     27.120     -1.155      0.248

 MUTUALIS WITH
    EXCHANGEJ         25.675     14.283      1.798      0.072
    HAWKJ             18.417     22.667      0.813      0.416
    DOVEJ              3.774     14.453      0.261      0.794
    DIVISIONJ        -14.877     17.498     -0.850      0.395
    POSSESSION         1.273     18.831      0.068      0.946

 EXCHANGE WITH
    HAWKJ             18.635     17.213      1.083      0.279
    DOVEJ             15.430     25.639      0.602      0.547
    DIVISIONJ        -39.086     13.922     -2.808      0.005
    POSSESSION       -10.372     16.696     -0.621      0.534

 HAWKJ    WITH
    DOVEJ             19.129     31.412      0.609      0.543
    DIVISIONJ        -20.520     27.660     -0.742      0.458
    POSSESSION        34.637     48.578      0.713      0.476

 DOVEJ    WITH
    DIVISIONJ         13.342     18.262      0.731      0.465
    POSSESSION       -28.600     53.477     -0.535      0.593

 DIVISION WITH
    POSSESSION       -11.931     22.651     -0.527      0.598

 Means
    KINSHIPJ          57.623      3.658     15.753      0.000
    MUTUALISMJ        57.065      3.424     16.666      0.000
    EXCHANGEJ         69.740      1.448     48.150      0.000
    HAWKJ             61.868      4.750     13.026      0.000
    DOVEJ             37.065      2.377     15.592      0.000
    DIVISIONJ         70.946      2.177     32.584      0.000
    POSSESSION        41.311      3.073     13.443      0.000

 Variances
    KINSHIPJ         221.682     15.320     14.470      0.000
    MUTUALISMJ       165.157      8.706     18.970      0.000
    EXCHANGEJ        127.566      5.130     24.864      0.000
    HAWKJ            248.178     10.183     24.371      0.000
    DOVEJ            190.398     19.463      9.783      0.000
    DIVISIONJ        181.675      8.791     20.667      0.000
    POSSESSION       227.290      9.025     25.184      0.000

Latent Class 4

 KINSHIPJ WITH
    MUTUALISMJ        -2.866     31.070     -0.092      0.927
    EXCHANGEJ         34.272     31.037      1.104      0.269
    HAWKJ             59.936     93.731      0.639      0.523
    DOVEJ            104.988     27.468      3.822      0.000
    DIVISIONJ         36.141     39.136      0.923      0.356
    POSSESSION         8.654     38.482      0.225      0.822

 MUTUALIS WITH
    EXCHANGEJ         11.963     23.744      0.504      0.614
    HAWKJ              6.277     33.464      0.188      0.851
    DOVEJ             80.333     14.723      5.456      0.000
    DIVISIONJ         75.544     47.761      1.582      0.114
    POSSESSION       -46.015     25.981     -1.771      0.077

 EXCHANGE WITH
    HAWKJ            -13.579     33.473     -0.406      0.685
    DOVEJ             71.252     16.094      4.427      0.000
    DIVISIONJ         -5.920     39.695     -0.149      0.881
    POSSESSION       -46.121     20.047     -2.301      0.021

 HAWKJ    WITH
    DOVEJ             42.991     24.077      1.786      0.074
    DIVISIONJ        -71.440     64.884     -1.101      0.271
    POSSESSION       -42.301     42.879     -0.987      0.324

 DOVEJ    WITH
    DIVISIONJ         11.658     23.802      0.490      0.624
    POSSESSION       -25.970     21.568     -1.204      0.229

 DIVISION WITH
    POSSESSION       -11.629     45.879     -0.253      0.800

 Means
    KINSHIPJ          71.256      3.610     19.740      0.000
    MUTUALISMJ        67.153      3.431     19.575      0.000
    EXCHANGEJ         74.454      2.481     30.009      0.000
    HAWKJ             62.314      6.158     10.119      0.000
    DOVEJ             56.875      3.225     17.636      0.000
    DIVISIONJ         42.751      3.801     11.249      0.000
    POSSESSION        32.356      2.925     11.061      0.000

 Variances
    KINSHIPJ         221.682     15.320     14.470      0.000
    MUTUALISMJ       165.157      8.706     18.970      0.000
    EXCHANGEJ        127.566      5.130     24.864      0.000
    HAWKJ            248.178     10.183     24.371      0.000
    DOVEJ            190.398     19.463      9.783      0.000
    DIVISIONJ        181.675      8.791     20.667      0.000
    POSSESSION       227.290      9.025     25.184      0.000

Categorical Latent Variables

 Means
    C1#1              -1.897      0.407     -4.659      0.000
    C1#2               2.458      0.282      8.727      0.000
    C1#3               0.898      0.344      2.608      0.009


QUALITY OF NUMERICAL RESULTS

     Condition Number for the Information Matrix              0.952E-14
       (ratio of smallest to largest eigenvalue)


TECHNICAL 1 OUTPUT


     PARAMETER SPECIFICATION FOR LATENT CLASS 1


           NU
              KINSHIPJ      MUTUALIS      EXCHANGE      HAWKJ         DOVEJ
              ________      ________      ________      ________      ________
                    1             2             3             4             5


           NU
              DIVISION      POSSESSI
              ________      ________
                    6             7


           THETA
              KINSHIPJ      MUTUALIS      EXCHANGE      HAWKJ         DOVEJ
              ________      ________      ________      ________      ________
 KINSHIPJ           8
 MUTUALIS           9            10
 EXCHANGE          11            12            13
 HAWKJ             14            15            16            17
 DOVEJ             18            19            20            21            22
 DIVISION          23            24            25            26            27
 POSSESSI          29            30            31            32            33


           THETA
              DIVISION      POSSESSI
              ________      ________
 DIVISION          28
 POSSESSI          34            35


     PARAMETER SPECIFICATION FOR LATENT CLASS 2


           NU
              KINSHIPJ      MUTUALIS      EXCHANGE      HAWKJ         DOVEJ
              ________      ________      ________      ________      ________
                   36            37            38            39            40


           NU
              DIVISION      POSSESSI
              ________      ________
                   41            42


           THETA
              KINSHIPJ      MUTUALIS      EXCHANGE      HAWKJ         DOVEJ
              ________      ________      ________      ________      ________
 KINSHIPJ           8
 MUTUALIS          43            10
 EXCHANGE          44            45            13
 HAWKJ             46            47            48            17
 DOVEJ             49            50            51            52            22
 DIVISION          53            54            55            56            57
 POSSESSI          58            59            60            61            62


           THETA
              DIVISION      POSSESSI
              ________      ________
 DIVISION          28
 POSSESSI          63            35


     PARAMETER SPECIFICATION FOR LATENT CLASS 3


           NU
              KINSHIPJ      MUTUALIS      EXCHANGE      HAWKJ         DOVEJ
              ________      ________      ________      ________      ________
                   64            65            66            67            68


           NU
              DIVISION      POSSESSI
              ________      ________
                   69            70


           THETA
              KINSHIPJ      MUTUALIS      EXCHANGE      HAWKJ         DOVEJ
              ________      ________      ________      ________      ________
 KINSHIPJ           8
 MUTUALIS          71            10
 EXCHANGE          72            73            13
 HAWKJ             74            75            76            17
 DOVEJ             77            78            79            80            22
 DIVISION          81            82            83            84            85
 POSSESSI          86            87            88            89            90


           THETA
              DIVISION      POSSESSI
              ________      ________
 DIVISION          28
 POSSESSI          91            35


     PARAMETER SPECIFICATION FOR LATENT CLASS 4


           NU
              KINSHIPJ      MUTUALIS      EXCHANGE      HAWKJ         DOVEJ
              ________      ________      ________      ________      ________
                   92            93            94            95            96


           NU
              DIVISION      POSSESSI
              ________      ________
                   97            98


           THETA
              KINSHIPJ      MUTUALIS      EXCHANGE      HAWKJ         DOVEJ
              ________      ________      ________      ________      ________
 KINSHIPJ           8
 MUTUALIS          99            10
 EXCHANGE         100           101            13
 HAWKJ            102           103           104            17
 DOVEJ            105           106           107           108            22
 DIVISION         109           110           111           112           113
 POSSESSI         114           115           116           117           118


           THETA
              DIVISION      POSSESSI
              ________      ________
 DIVISION          28
 POSSESSI         119            35


     PARAMETER SPECIFICATION FOR LATENT CLASS REGRESSION MODEL PART


           ALPHA(C)
              C1#1          C1#2          C1#3          C1#4
              ________      ________      ________      ________
                  120           121           122             0


     STARTING VALUES FOR LATENT CLASS 1


           NU
              KINSHIPJ      MUTUALIS      EXCHANGE      HAWKJ         DOVEJ
              ________      ________      ________      ________      ________
               52.546        50.820        60.555        49.737        38.446


           NU
              DIVISION      POSSESSI
              ________      ________
               54.271        23.853


           THETA
              KINSHIPJ      MUTUALIS      EXCHANGE      HAWKJ         DOVEJ
              ________      ________      ________      ________      ________
 KINSHIPJ     121.626
 MUTUALIS       0.000        92.239
 EXCHANGE       0.000         0.000        63.634
 HAWKJ          0.000         0.000         0.000       125.455
 DOVEJ          0.000         0.000         0.000         0.000       122.308
 DIVISION       0.000         0.000         0.000         0.000         0.000
 POSSESSI       0.000         0.000         0.000         0.000         0.000


           THETA
              DIVISION      POSSESSI
              ________      ________
 DIVISION     121.504
 POSSESSI       0.000       117.219


     STARTING VALUES FOR LATENT CLASS 2


           NU
              KINSHIPJ      MUTUALIS      EXCHANGE      HAWKJ         DOVEJ
              ________      ________      ________      ________      ________
               68.142        64.403        71.836        65.577        54.086


           NU
              DIVISION      POSSESSI
              ________      ________
               69.860        39.164


           THETA
              KINSHIPJ      MUTUALIS      EXCHANGE      HAWKJ         DOVEJ
              ________      ________      ________      ________      ________
 KINSHIPJ     121.626
 MUTUALIS       0.000        92.239
 EXCHANGE       0.000         0.000        63.634
 HAWKJ          0.000         0.000         0.000       125.455
 DOVEJ          0.000         0.000         0.000         0.000       122.308
 DIVISION       0.000         0.000         0.000         0.000         0.000
 POSSESSI       0.000         0.000         0.000         0.000         0.000


           THETA
              DIVISION      POSSESSI
              ________      ________
 DIVISION     121.504
 POSSESSI       0.000       117.219


     STARTING VALUES FOR LATENT CLASS 3


           NU
              KINSHIPJ      MUTUALIS      EXCHANGE      HAWKJ         DOVEJ
              ________      ________      ________      ________      ________
               68.142        64.403        71.836        65.577        54.086


           NU
              DIVISION      POSSESSI
              ________      ________
               69.860        39.164


           THETA
              KINSHIPJ      MUTUALIS      EXCHANGE      HAWKJ         DOVEJ
              ________      ________      ________      ________      ________
 KINSHIPJ     121.626
 MUTUALIS       0.000        92.239
 EXCHANGE       0.000         0.000        63.634
 HAWKJ          0.000         0.000         0.000       125.455
 DOVEJ          0.000         0.000         0.000         0.000       122.308
 DIVISION       0.000         0.000         0.000         0.000         0.000
 POSSESSI       0.000         0.000         0.000         0.000         0.000


           THETA
              DIVISION      POSSESSI
              ________      ________
 DIVISION     121.504
 POSSESSI       0.000       117.219


     STARTING VALUES FOR LATENT CLASS 4


           NU
              KINSHIPJ      MUTUALIS      EXCHANGE      HAWKJ         DOVEJ
              ________      ________      ________      ________      ________
               83.739        77.985        83.117        81.417        69.726


           NU
              DIVISION      POSSESSI
              ________      ________
               85.448        54.475


           THETA
              KINSHIPJ      MUTUALIS      EXCHANGE      HAWKJ         DOVEJ
              ________      ________      ________      ________      ________
 KINSHIPJ     121.626
 MUTUALIS       0.000        92.239
 EXCHANGE       0.000         0.000        63.634
 HAWKJ          0.000         0.000         0.000       125.455
 DOVEJ          0.000         0.000         0.000         0.000       122.308
 DIVISION       0.000         0.000         0.000         0.000         0.000
 POSSESSI       0.000         0.000         0.000         0.000         0.000


           THETA
              DIVISION      POSSESSI
              ________      ________
 DIVISION     121.504
 POSSESSI       0.000       117.219


     STARTING VALUES FOR LATENT CLASS REGRESSION MODEL PART


           ALPHA(C)
              C1#1          C1#2          C1#3          C1#4
              ________      ________      ________      ________
                0.000         0.000         0.000         0.000


TECHNICAL 14 OUTPUT

     Random Starts Specifications for the k-1 Class Analysis Model
        Number of initial stage random starts                  20
        Number of final stage optimizations                     4

     Random Starts Specification for the k-1 Class Model for Generated Data
        Number of initial stage random starts                   0
        Number of final stage optimizations for the
           initial stage random starts                          0
     Random Starts Specification for the k Class Model for Generated Data
        Number of initial stage random starts                  40
        Number of final stage optimizations                     8
     Number of bootstrap draws requested                   Varies


     PARAMETRIC BOOTSTRAPPED LIKELIHOOD RATIO TEST FOR 3 (H0) VERSUS 4 CLASSES

          H0 Loglikelihood Value                       -39435.401
          2 Times the Loglikelihood Difference             90.572
          Difference in the Number of Parameters               29
          Approximate P-Value                              0.1622
          Successful Bootstrap Draws                           37


SAVEDATA INFORMATION


  Save file
    model_5_class_4.dat

  Order and format of variables

    KINSHIPJ       F10.3
    MUTUALIS       F10.3
    EXCHANGE       F10.3
    HAWKJ          F10.3
    DOVEJ          F10.3
    DIVISION       F10.3
    POSSESSI       F10.3
    CPROB1         F10.3
    CPROB2         F10.3
    CPROB3         F10.3
    CPROB4         F10.3
    C1             F10.3

  Save file format
    12F10.3

  Save file record length    10000


     Beginning Time:  10:21:14
        Ending Time:  10:23:34
       Elapsed Time:  00:02:20



MUTHEN & MUTHEN
3463 Stoner Ave.
Los Angeles, CA  90066

Tel: (310) 391-9971
Fax: (310) 391-8971
Web: www.StatModel.com
Support: Support@StatModel.com

Copyright (c) 1998-2018 Muthen & Muthen
