Mplus VERSION 8.2 (Mac)
MUTHEN & MUTHEN
08/26/2020   9:57 AM

INPUT INSTRUCTIONS

  TITLE:
  model 2 with 4 classes
  DATA:
  FILE = "data_624dd70f9f561f2c8c991d291c51b950.dat";

  VARIABLE:
  NAMES = KinshipJ MutualismJ ExchangeJ HawkJ DoveJ DivisionJ PossessionJ;
   MISSING=.;
   CLASSES = c1(4);

  ANALYSIS:
  TYPE = mixture;

  MODEL:
  %c1#1%
  KinshipJ (vKinshipJ1);
  MutualismJ (vMutualismJ1);
  ExchangeJ (vExchangeJ1);
  HawkJ (vHawkJ1);
  DoveJ (vDoveJ1);
  DivisionJ (vDivisionJ1);
  PossessionJ (vPossessionJ1);

  KinshipJ WITH MutualismJ@0;
  KinshipJ WITH ExchangeJ@0;
  KinshipJ WITH HawkJ@0;
  KinshipJ WITH DoveJ@0;
  KinshipJ WITH DivisionJ@0;
  KinshipJ WITH PossessionJ@0;
  MutualismJ WITH ExchangeJ@0;
  MutualismJ WITH HawkJ@0;
  MutualismJ WITH DoveJ@0;
  MutualismJ WITH DivisionJ@0;
  MutualismJ WITH PossessionJ@0;
  ExchangeJ WITH HawkJ@0;
  ExchangeJ WITH DoveJ@0;
  ExchangeJ WITH DivisionJ@0;
  ExchangeJ WITH PossessionJ@0;
  HawkJ WITH DoveJ@0;
  HawkJ WITH DivisionJ@0;
  HawkJ WITH PossessionJ@0;
  DoveJ WITH DivisionJ@0;
  DoveJ WITH PossessionJ@0;
  DivisionJ WITH PossessionJ@0;

  %c1#2%
  KinshipJ (vKinshipJ2);
  MutualismJ (vMutualismJ2);
  ExchangeJ (vExchangeJ2);
  HawkJ (vHawkJ2);
  DoveJ (vDoveJ2);
  DivisionJ (vDivisionJ2);
  PossessionJ (vPossessionJ2);

  KinshipJ WITH MutualismJ@0;
  KinshipJ WITH ExchangeJ@0;
  KinshipJ WITH HawkJ@0;
  KinshipJ WITH DoveJ@0;
  KinshipJ WITH DivisionJ@0;
  KinshipJ WITH PossessionJ@0;
  MutualismJ WITH ExchangeJ@0;
  MutualismJ WITH HawkJ@0;
  MutualismJ WITH DoveJ@0;
  MutualismJ WITH DivisionJ@0;
  MutualismJ WITH PossessionJ@0;
  ExchangeJ WITH HawkJ@0;
  ExchangeJ WITH DoveJ@0;
  ExchangeJ WITH DivisionJ@0;
  ExchangeJ WITH PossessionJ@0;
  HawkJ WITH DoveJ@0;
  HawkJ WITH DivisionJ@0;
  HawkJ WITH PossessionJ@0;
  DoveJ WITH DivisionJ@0;
  DoveJ WITH PossessionJ@0;
  DivisionJ WITH PossessionJ@0;

  %c1#3%
  KinshipJ (vKinshipJ3);
  MutualismJ (vMutualismJ3);
  ExchangeJ (vExchangeJ3);
  HawkJ (vHawkJ3);
  DoveJ (vDoveJ3);
  DivisionJ (vDivisionJ3);
  PossessionJ (vPossessionJ3);

  KinshipJ WITH MutualismJ@0;
  KinshipJ WITH ExchangeJ@0;
  KinshipJ WITH HawkJ@0;
  KinshipJ WITH DoveJ@0;
  KinshipJ WITH DivisionJ@0;
  KinshipJ WITH PossessionJ@0;
  MutualismJ WITH ExchangeJ@0;
  MutualismJ WITH HawkJ@0;
  MutualismJ WITH DoveJ@0;
  MutualismJ WITH DivisionJ@0;
  MutualismJ WITH PossessionJ@0;
  ExchangeJ WITH HawkJ@0;
  ExchangeJ WITH DoveJ@0;
  ExchangeJ WITH DivisionJ@0;
  ExchangeJ WITH PossessionJ@0;
  HawkJ WITH DoveJ@0;
  HawkJ WITH DivisionJ@0;
  HawkJ WITH PossessionJ@0;
  DoveJ WITH DivisionJ@0;
  DoveJ WITH PossessionJ@0;
  DivisionJ WITH PossessionJ@0;

  %c1#4%
  KinshipJ (vKinshipJ4);
  MutualismJ (vMutualismJ4);
  ExchangeJ (vExchangeJ4);
  HawkJ (vHawkJ4);
  DoveJ (vDoveJ4);
  DivisionJ (vDivisionJ4);
  PossessionJ (vPossessionJ4);

  KinshipJ WITH MutualismJ@0;
  KinshipJ WITH ExchangeJ@0;
  KinshipJ WITH HawkJ@0;
  KinshipJ WITH DoveJ@0;
  KinshipJ WITH DivisionJ@0;
  KinshipJ WITH PossessionJ@0;
  MutualismJ WITH ExchangeJ@0;
  MutualismJ WITH HawkJ@0;
  MutualismJ WITH DoveJ@0;
  MutualismJ WITH DivisionJ@0;
  MutualismJ WITH PossessionJ@0;
  ExchangeJ WITH HawkJ@0;
  ExchangeJ WITH DoveJ@0;
  ExchangeJ WITH DivisionJ@0;
  ExchangeJ WITH PossessionJ@0;
  HawkJ WITH DoveJ@0;
  HawkJ WITH DivisionJ@0;
  HawkJ WITH PossessionJ@0;
  DoveJ WITH DivisionJ@0;
  DoveJ WITH PossessionJ@0;
  DivisionJ WITH PossessionJ@0;


  OUTPUT:
  TECH14;

  SAVEDATA:
  FILE IS model_2_class_4.dat;
  SAVE = cprobabilities;



*** WARNING in VARIABLE command
  Note that only the first 8 characters of variable names are used in the output.
  Shorten variable names to avoid any confusion.
*** WARNING in MODEL command
  All variables are uncorrelated with all other variables within class.
  Check that this is what is intended.
   2 WARNING(S) FOUND IN THE INPUT INSTRUCTIONS




model 2 with 4 classes

SUMMARY OF ANALYSIS

Number of groups                                                 1
Number of observations                                        1392

Number of dependent variables                                    7
Number of independent variables                                  0
Number of continuous latent variables                            0
Number of categorical latent variables                           1

Observed dependent variables

  Continuous
   KINSHIPJ    MUTUALISMJ  EXCHANGEJ   HAWKJ       DOVEJ       DIVISIONJ
   POSSESSION

Categorical latent variables
   C1


Estimator                                                      MLR
Information matrix                                        OBSERVED
Optimization Specifications for the Quasi-Newton Algorithm for
Continuous Outcomes
  Maximum number of iterations                                 100
  Convergence criterion                                  0.100D-05
Optimization Specifications for the EM Algorithm
  Maximum number of iterations                                 500
  Convergence criteria
    Loglikelihood change                                 0.100D-06
    Relative loglikelihood change                        0.100D-06
    Derivative                                           0.100D-05
Optimization Specifications for the M step of the EM Algorithm for
Categorical Latent variables
  Number of M step iterations                                    1
  M step convergence criterion                           0.100D-05
  Basis for M step termination                           ITERATION
Optimization Specifications for the M step of the EM Algorithm for
Censored, Binary or Ordered Categorical (Ordinal), Unordered
Categorical (Nominal) and Count Outcomes
  Number of M step iterations                                    1
  M step convergence criterion                           0.100D-05
  Basis for M step termination                           ITERATION
  Maximum value for logit thresholds                            15
  Minimum value for logit thresholds                           -15
  Minimum expected cell size for chi-square              0.100D-01
Maximum number of iterations for H1                           2000
Convergence criterion for H1                             0.100D-03
Optimization algorithm                                         EMA
Random Starts Specifications
  Number of initial stage random starts                         20
  Number of final stage optimizations                            4
  Number of initial stage iterations                            10
  Initial stage convergence criterion                    0.100D+01
  Random starts scale                                    0.500D+01
  Random seed for generating random starts                       0

Input data file(s)
  data_624dd70f9f561f2c8c991d291c51b950.dat
Input data format  FREE


SUMMARY OF DATA

     Number of missing data patterns             1
     Number of y missing data patterns           1
     Number of u missing data patterns           0


COVARIANCE COVERAGE OF DATA

Minimum covariance coverage value   0.100


     PROPORTION OF DATA PRESENT FOR Y


           Covariance Coverage
              KINSHIPJ      MUTUALIS      EXCHANGE      HAWKJ         DOVEJ
              ________      ________      ________      ________      ________
 KINSHIPJ       1.000
 MUTUALIS       1.000         1.000
 EXCHANGE       1.000         1.000         1.000
 HAWKJ          1.000         1.000         1.000         1.000
 DOVEJ          1.000         1.000         1.000         1.000         1.000
 DIVISION       1.000         1.000         1.000         1.000         1.000
 POSSESSI       1.000         1.000         1.000         1.000         1.000


           Covariance Coverage
              DIVISION      POSSESSI
              ________      ________
 DIVISION       1.000
 POSSESSI       1.000         1.000



UNIVARIATE SAMPLE STATISTICS


     UNIVARIATE HIGHER-ORDER MOMENT DESCRIPTIVE STATISTICS

         Variable/         Mean/     Skewness/   Minimum/ % with                Percentiles
        Sample Size      Variance    Kurtosis    Maximum  Min/Max      20%/60%    40%/80%    Median

     KINSHIPJ             68.142      -0.400      12.667    0.07%      55.333     64.667     69.000
            1392.000     243.252      -0.028      99.333    0.07%      73.000     82.000
     MUTUALISMJ           64.403      -0.398      11.000    0.07%      53.000     61.667     65.000
            1392.000     184.479       0.162      96.000    0.07%      68.333     76.333
     EXCHANGEJ            71.836      -0.357      32.667    0.07%      62.667     69.667     72.667
            1392.000     127.269       0.056      98.000    0.14%      75.333     81.333
     HAWKJ                65.577      -0.286      11.000    0.07%      52.333     61.667     66.000
            1392.000     250.911      -0.258      99.667    0.14%      70.333     80.000
     DOVEJ                54.086      -0.377       2.000    0.07%      41.000     51.333     55.167
            1392.000     244.615      -0.092      92.333    0.07%      59.000     68.000
     DIVISIONJ            69.860      -0.574       6.333    0.07%      57.333     67.000     71.333
            1392.000     243.008       0.243     100.000    0.29%      75.333     83.000
     POSSESSIONJ          39.164       0.105       1.667    0.07%      26.000     35.000     39.333
            1392.000     234.437      -0.117      95.333    0.07%      43.000     52.000

RANDOM STARTS RESULTS RANKED FROM THE BEST TO THE WORST LOGLIKELIHOOD VALUES

Final stage loglikelihood values at local maxima, seeds, and initial stage start numbers:

          -39441.209  573096           20
          -39441.209  650371           14
          -39441.209  285380           1
          -39441.209  637345           19



THE BEST LOGLIKELIHOOD VALUE HAS BEEN REPLICATED.  RERUN WITH AT LEAST TWICE THE
RANDOM STARTS TO CHECK THAT THE BEST LOGLIKELIHOOD IS STILL OBTAINED AND REPLICATED.


THE MODEL ESTIMATION TERMINATED NORMALLY



MODEL FIT INFORMATION

Number of Free Parameters                       59

Loglikelihood

          H0 Value                      -39441.209
          H0 Scaling Correction Factor      1.1397
            for MLR

Information Criteria

          Akaike (AIC)                   79000.419
          Bayesian (BIC)                 79309.490
          Sample-Size Adjusted BIC       79122.069
            (n* = (n + 2) / 24)



FINAL CLASS COUNTS AND PROPORTIONS FOR THE LATENT CLASSES
BASED ON THE ESTIMATED MODEL

    Latent
   Classes

       1        497.32864          0.35728
       2        485.84031          0.34902
       3        202.09389          0.14518
       4        206.73716          0.14852


FINAL CLASS COUNTS AND PROPORTIONS FOR THE LATENT CLASSES
BASED ON ESTIMATED POSTERIOR PROBABILITIES

    Latent
   Classes

       1        497.32864          0.35728
       2        485.84031          0.34902
       3        202.09389          0.14518
       4        206.73716          0.14852


FINAL CLASS COUNTS AND PROPORTIONS FOR THE LATENT CLASSES
BASED ON THEIR MOST LIKELY LATENT CLASS MEMBERSHIP

Class Counts and Proportions

    Latent
   Classes

       1              464          0.33333
       2              522          0.37500
       3              188          0.13506
       4              218          0.15661


CLASSIFICATION QUALITY

     Entropy                         0.590


Average Latent Class Probabilities for Most Likely Latent Class Membership (Row)
by Latent Class (Column)

           1        2        3        4

    1   0.848    0.130    0.015    0.006
    2   0.172    0.710    0.065    0.053
    3   0.048    0.157    0.710    0.085
    4   0.023    0.115    0.126    0.736


Classification Probabilities for the Most Likely Latent Class Membership (Column)
by Latent Class (Row)

           1        2        3        4

    1   0.791    0.180    0.018    0.010
    2   0.124    0.763    0.061    0.052
    3   0.035    0.168    0.661    0.136
    4   0.013    0.133    0.077    0.776


Logits for the Classification Probabilities for the Most Likely Latent Class Membership (Column)
by Latent Class (Row)

              1        2        3        4

    1      4.356    2.877    0.580    0.000
    2      0.880    2.694    0.161    0.000
    3     -1.345    0.214    1.582    0.000
    4     -4.061   -1.763   -2.305    0.000


MODEL RESULTS

                                                    Two-Tailed
                    Estimate       S.E.  Est./S.E.    P-Value

Latent Class 1

 KINSHIPJ WITH
    MUTUALISMJ         0.000      0.000    999.000    999.000
    EXCHANGEJ          0.000      0.000    999.000    999.000
    HAWKJ              0.000      0.000    999.000    999.000
    DOVEJ              0.000      0.000    999.000    999.000
    DIVISIONJ          0.000      0.000    999.000    999.000
    POSSESSION         0.000      0.000    999.000    999.000

 MUTUALIS WITH
    EXCHANGEJ          0.000      0.000    999.000    999.000
    HAWKJ              0.000      0.000    999.000    999.000
    DOVEJ              0.000      0.000    999.000    999.000
    DIVISIONJ          0.000      0.000    999.000    999.000
    POSSESSION         0.000      0.000    999.000    999.000

 EXCHANGE WITH
    HAWKJ              0.000      0.000    999.000    999.000
    DOVEJ              0.000      0.000    999.000    999.000
    DIVISIONJ          0.000      0.000    999.000    999.000
    POSSESSION         0.000      0.000    999.000    999.000

 HAWKJ    WITH
    DOVEJ              0.000      0.000    999.000    999.000
    DIVISIONJ          0.000      0.000    999.000    999.000
    POSSESSION         0.000      0.000    999.000    999.000

 DOVEJ    WITH
    DIVISIONJ          0.000      0.000    999.000    999.000
    POSSESSION         0.000      0.000    999.000    999.000

 DIVISION WITH
    POSSESSION         0.000      0.000    999.000    999.000

 Means
    KINSHIPJ          59.022      1.104     53.477      0.000
    MUTUALISMJ        56.140      1.243     45.147      0.000
    EXCHANGEJ         66.054      0.949     69.639      0.000
    HAWKJ             56.973      1.033     55.150      0.000
    DOVEJ             45.960      1.084     42.407      0.000
    DIVISIONJ         63.694      1.012     62.929      0.000
    POSSESSION        39.536      0.806     49.044      0.000

 Variances
    KINSHIPJ         243.135     20.122     12.083      0.000
    MUTUALISMJ       189.831     15.439     12.296      0.000
    EXCHANGEJ        146.356     10.108     14.480      0.000
    HAWKJ            253.800     17.572     14.443      0.000
    DOVEJ            252.968     18.793     13.461      0.000
    DIVISIONJ        279.700     22.827     12.253      0.000
    POSSESSION       179.506     13.643     13.158      0.000

Latent Class 2

 KINSHIPJ WITH
    MUTUALISMJ         0.000      0.000    999.000    999.000
    EXCHANGEJ          0.000      0.000    999.000    999.000
    HAWKJ              0.000      0.000    999.000    999.000
    DOVEJ              0.000      0.000    999.000    999.000
    DIVISIONJ          0.000      0.000    999.000    999.000
    POSSESSION         0.000      0.000    999.000    999.000

 MUTUALIS WITH
    EXCHANGEJ          0.000      0.000    999.000    999.000
    HAWKJ              0.000      0.000    999.000    999.000
    DOVEJ              0.000      0.000    999.000    999.000
    DIVISIONJ          0.000      0.000    999.000    999.000
    POSSESSION         0.000      0.000    999.000    999.000

 EXCHANGE WITH
    HAWKJ              0.000      0.000    999.000    999.000
    DOVEJ              0.000      0.000    999.000    999.000
    DIVISIONJ          0.000      0.000    999.000    999.000
    POSSESSION         0.000      0.000    999.000    999.000

 HAWKJ    WITH
    DOVEJ              0.000      0.000    999.000    999.000
    DIVISIONJ          0.000      0.000    999.000    999.000
    POSSESSION         0.000      0.000    999.000    999.000

 DOVEJ    WITH
    DIVISIONJ          0.000      0.000    999.000    999.000
    POSSESSION         0.000      0.000    999.000    999.000

 DIVISION WITH
    POSSESSION         0.000      0.000    999.000    999.000

 Means
    KINSHIPJ          67.249      1.466     45.875      0.000
    MUTUALISMJ        65.812      1.376     47.816      0.000
    EXCHANGEJ         70.473      1.141     61.774      0.000
    HAWKJ             67.445      1.445     46.675      0.000
    DOVEJ             55.431      1.989     27.871      0.000
    DIVISIONJ         72.768      1.904     38.216      0.000
    POSSESSION        39.415      1.289     30.584      0.000

 Variances
    KINSHIPJ         150.722     16.051      9.390      0.000
    MUTUALISMJ        80.755     12.965      6.228      0.000
    EXCHANGEJ         64.636      7.733      8.358      0.000
    HAWKJ            165.630     21.593      7.671      0.000
    DOVEJ            151.889     24.303      6.250      0.000
    DIVISIONJ        124.874     20.822      5.997      0.000
    POSSESSION       262.081     20.660     12.685      0.000

Latent Class 3

 KINSHIPJ WITH
    MUTUALISMJ         0.000      0.000    999.000    999.000
    EXCHANGEJ          0.000      0.000    999.000    999.000
    HAWKJ              0.000      0.000    999.000    999.000
    DOVEJ              0.000      0.000    999.000    999.000
    DIVISIONJ          0.000      0.000    999.000    999.000
    POSSESSION         0.000      0.000    999.000    999.000

 MUTUALIS WITH
    EXCHANGEJ          0.000      0.000    999.000    999.000
    HAWKJ              0.000      0.000    999.000    999.000
    DOVEJ              0.000      0.000    999.000    999.000
    DIVISIONJ          0.000      0.000    999.000    999.000
    POSSESSION         0.000      0.000    999.000    999.000

 EXCHANGE WITH
    HAWKJ              0.000      0.000    999.000    999.000
    DOVEJ              0.000      0.000    999.000    999.000
    DIVISIONJ          0.000      0.000    999.000    999.000
    POSSESSION         0.000      0.000    999.000    999.000

 HAWKJ    WITH
    DOVEJ              0.000      0.000    999.000    999.000
    DIVISIONJ          0.000      0.000    999.000    999.000
    POSSESSION         0.000      0.000    999.000    999.000

 DOVEJ    WITH
    DIVISIONJ          0.000      0.000    999.000    999.000
    POSSESSION         0.000      0.000    999.000    999.000

 DIVISION WITH
    POSSESSION         0.000      0.000    999.000    999.000

 Means
    KINSHIPJ          81.924      3.442     23.801      0.000
    MUTUALISMJ        67.081      3.207     20.915      0.000
    EXCHANGEJ         78.441      2.245     34.938      0.000
    HAWKJ             75.199      4.771     15.763      0.000
    DOVEJ             68.157      2.450     27.816      0.000
    DIVISIONJ         65.647      4.819     13.622      0.000
    POSSESSION        36.727      2.698     13.615      0.000

 Variances
    KINSHIPJ          84.424     31.261      2.701      0.007
    MUTUALISMJ       173.620     25.233      6.881      0.000
    EXCHANGEJ         62.446     11.796      5.294      0.000
    HAWKJ            167.866     58.369      2.876      0.004
    DOVEJ             81.336     17.225      4.722      0.000
    DIVISIONJ        309.536     43.254      7.156      0.000
    POSSESSION       323.776     56.632      5.717      0.000

Latent Class 4

 KINSHIPJ WITH
    MUTUALISMJ         0.000      0.000    999.000    999.000
    EXCHANGEJ          0.000      0.000    999.000    999.000
    HAWKJ              0.000      0.000    999.000    999.000
    DOVEJ              0.000      0.000    999.000    999.000
    DIVISIONJ          0.000      0.000    999.000    999.000
    POSSESSION         0.000      0.000    999.000    999.000

 MUTUALIS WITH
    EXCHANGEJ          0.000      0.000    999.000    999.000
    HAWKJ              0.000      0.000    999.000    999.000
    DOVEJ              0.000      0.000    999.000    999.000
    DIVISIONJ          0.000      0.000    999.000    999.000
    POSSESSION         0.000      0.000    999.000    999.000

 EXCHANGE WITH
    HAWKJ              0.000      0.000    999.000    999.000
    DOVEJ              0.000      0.000    999.000    999.000
    DIVISIONJ          0.000      0.000    999.000    999.000
    POSSESSION         0.000      0.000    999.000    999.000

 HAWKJ    WITH
    DOVEJ              0.000      0.000    999.000    999.000
    DIVISIONJ          0.000      0.000    999.000    999.000
    POSSESSION         0.000      0.000    999.000    999.000

 DOVEJ    WITH
    DIVISIONJ          0.000      0.000    999.000    999.000
    POSSESSION         0.000      0.000    999.000    999.000

 DIVISION WITH
    POSSESSION         0.000      0.000    999.000    999.000

 Means
    KINSHIPJ          78.709      3.379     23.295      0.000
    MUTUALISMJ        78.350      1.335     58.697      0.000
    EXCHANGEJ         82.492      1.563     52.780      0.000
    HAWKJ             72.477      3.504     20.685      0.000
    DOVEJ             56.715      4.069     13.939      0.000
    DIVISIONJ         81.975      1.608     50.970      0.000
    POSSESSION        40.062      1.689     23.724      0.000

 Variances
    KINSHIPJ         116.943     27.441      4.262      0.000
    MUTUALISMJ        55.500     12.821      4.329      0.000
    EXCHANGEJ         50.894      6.299      8.080      0.000
    HAWKJ            201.160     32.505      6.189      0.000
    DOVEJ            238.497     25.830      9.233      0.000
    DIVISIONJ         91.838     18.599      4.938      0.000
    POSSESSION       207.191     44.505      4.655      0.000

Categorical Latent Variables

 Means
    C1#1               0.878      0.237      3.710      0.000
    C1#2               0.854      0.330      2.587      0.010
    C1#3              -0.023      0.304     -0.075      0.940


QUALITY OF NUMERICAL RESULTS

     Condition Number for the Information Matrix              0.642E-03
       (ratio of smallest to largest eigenvalue)


TECHNICAL 14 OUTPUT

     Random Starts Specifications for the k-1 Class Analysis Model
        Number of initial stage random starts                  20
        Number of final stage optimizations                     4

     Random Starts Specification for the k-1 Class Model for Generated Data
        Number of initial stage random starts                   0
        Number of final stage optimizations for the
           initial stage random starts                          0
     Random Starts Specification for the k Class Model for Generated Data
        Number of initial stage random starts                  40
        Number of final stage optimizations                     8
     Number of bootstrap draws requested                   Varies


     PARAMETRIC BOOTSTRAPPED LIKELIHOOD RATIO TEST FOR 3 (H0) VERSUS 4 CLASSES

          H0 Loglikelihood Value                       -39506.401
          2 Times the Loglikelihood Difference            130.382
          Difference in the Number of Parameters               15
          Approximate P-Value                              0.0000
          Successful Bootstrap Draws                           20

     WARNING:  OF THE 20 BOOTSTRAP DRAWS, 14 DRAWS HAD BOTH A SMALLER LRT VALUE THAN THE
     OBSERVED LRT VALUE AND NOT A REPLICATED BEST LOGLIKELIHOOD VALUE FOR THE 4-CLASS MODEL.
     THIS MEANS THAT THE P-VALUE MAY NOT BE TRUSTWORTHY DUE TO LOCAL MAXIMA.
     INCREASE THE NUMBER OF RANDOM STARTS USING THE LRTSTARTS OPTION.



SAVEDATA INFORMATION


  Save file
    model_2_class_4.dat

  Order and format of variables

    KINSHIPJ       F10.3
    MUTUALIS       F10.3
    EXCHANGE       F10.3
    HAWKJ          F10.3
    DOVEJ          F10.3
    DIVISION       F10.3
    POSSESSI       F10.3
    CPROB1         F10.3
    CPROB2         F10.3
    CPROB3         F10.3
    CPROB4         F10.3
    C1             F10.3

  Save file format
    12F10.3

  Save file record length    10000


     Beginning Time:  09:57:20
        Ending Time:  09:57:49
       Elapsed Time:  00:00:29



MUTHEN & MUTHEN
3463 Stoner Ave.
Los Angeles, CA  90066

Tel: (310) 391-9971
Fax: (310) 391-8971
Web: www.StatModel.com
Support: Support@StatModel.com

Copyright (c) 1998-2018 Muthen & Muthen
