Mplus VERSION 8.2 (Mac)
MUTHEN & MUTHEN
08/26/2020  11:09 AM

INPUT INSTRUCTIONS

  TITLE:
  model 5 with 8 classes
  DATA:
  FILE = "data_624dd70f9f561f2c8c991d291c51b950.dat";

  VARIABLE:
  NAMES = KinshipJ MutualismJ ExchangeJ HawkJ DoveJ DivisionJ PossessionJ;
   MISSING=.;
   CLASSES = c1(8);

  ANALYSIS:
  TYPE = mixture;

  MODEL:
  %c1#1%
  KinshipJ (vKinshipJ);
  MutualismJ (vMutualismJ);
  ExchangeJ (vExchangeJ);
  HawkJ (vHawkJ);
  DoveJ (vDoveJ);
  DivisionJ (vDivisionJ);
  PossessionJ (vPossessionJ);

  KinshipJ WITH MutualismJ (KinshipJWMutualismJ1);
  KinshipJ WITH ExchangeJ (KinshipJWExchangeJ1);
  KinshipJ WITH HawkJ (KinshipJWHawkJ1);
  KinshipJ WITH DoveJ (KinshipJWDoveJ1);
  KinshipJ WITH DivisionJ (KinshipJWDivisionJ1);
  KinshipJ WITH PossessionJ (KinshipJWPossessionJ1);
  MutualismJ WITH ExchangeJ (MutualismJWExchangeJ1);
  MutualismJ WITH HawkJ (MutualismJWHawkJ1);
  MutualismJ WITH DoveJ (MutualismJWDoveJ1);
  MutualismJ WITH DivisionJ (MutualismJWDivisionJ1);
  MutualismJ WITH PossessionJ (MutualismJWPossessionJ1);
  ExchangeJ WITH HawkJ (ExchangeJWHawkJ1);
  ExchangeJ WITH DoveJ (ExchangeJWDoveJ1);
  ExchangeJ WITH DivisionJ (ExchangeJWDivisionJ1);
  ExchangeJ WITH PossessionJ (ExchangeJWPossessionJ1);
  HawkJ WITH DoveJ (HawkJWDoveJ1);
  HawkJ WITH DivisionJ (HawkJWDivisionJ1);
  HawkJ WITH PossessionJ (HawkJWPossessionJ1);
  DoveJ WITH DivisionJ (DoveJWDivisionJ1);
  DoveJ WITH PossessionJ (DoveJWPossessionJ1);
  DivisionJ WITH PossessionJ (DivisionJWPossessionJ1);

  %c1#2%
  KinshipJ (vKinshipJ);
  MutualismJ (vMutualismJ);
  ExchangeJ (vExchangeJ);
  HawkJ (vHawkJ);
  DoveJ (vDoveJ);
  DivisionJ (vDivisionJ);
  PossessionJ (vPossessionJ);

  KinshipJ WITH MutualismJ (KinshipJWMutualismJ2);
  KinshipJ WITH ExchangeJ (KinshipJWExchangeJ2);
  KinshipJ WITH HawkJ (KinshipJWHawkJ2);
  KinshipJ WITH DoveJ (KinshipJWDoveJ2);
  KinshipJ WITH DivisionJ (KinshipJWDivisionJ2);
  KinshipJ WITH PossessionJ (KinshipJWPossessionJ2);
  MutualismJ WITH ExchangeJ (MutualismJWExchangeJ2);
  MutualismJ WITH HawkJ (MutualismJWHawkJ2);
  MutualismJ WITH DoveJ (MutualismJWDoveJ2);
  MutualismJ WITH DivisionJ (MutualismJWDivisionJ2);
  MutualismJ WITH PossessionJ (MutualismJWPossessionJ2);
  ExchangeJ WITH HawkJ (ExchangeJWHawkJ2);
  ExchangeJ WITH DoveJ (ExchangeJWDoveJ2);
  ExchangeJ WITH DivisionJ (ExchangeJWDivisionJ2);
  ExchangeJ WITH PossessionJ (ExchangeJWPossessionJ2);
  HawkJ WITH DoveJ (HawkJWDoveJ2);
  HawkJ WITH DivisionJ (HawkJWDivisionJ2);
  HawkJ WITH PossessionJ (HawkJWPossessionJ2);
  DoveJ WITH DivisionJ (DoveJWDivisionJ2);
  DoveJ WITH PossessionJ (DoveJWPossessionJ2);
  DivisionJ WITH PossessionJ (DivisionJWPossessionJ2);

  %c1#3%
  KinshipJ (vKinshipJ);
  MutualismJ (vMutualismJ);
  ExchangeJ (vExchangeJ);
  HawkJ (vHawkJ);
  DoveJ (vDoveJ);
  DivisionJ (vDivisionJ);
  PossessionJ (vPossessionJ);

  KinshipJ WITH MutualismJ (KinshipJWMutualismJ3);
  KinshipJ WITH ExchangeJ (KinshipJWExchangeJ3);
  KinshipJ WITH HawkJ (KinshipJWHawkJ3);
  KinshipJ WITH DoveJ (KinshipJWDoveJ3);
  KinshipJ WITH DivisionJ (KinshipJWDivisionJ3);
  KinshipJ WITH PossessionJ (KinshipJWPossessionJ3);
  MutualismJ WITH ExchangeJ (MutualismJWExchangeJ3);
  MutualismJ WITH HawkJ (MutualismJWHawkJ3);
  MutualismJ WITH DoveJ (MutualismJWDoveJ3);
  MutualismJ WITH DivisionJ (MutualismJWDivisionJ3);
  MutualismJ WITH PossessionJ (MutualismJWPossessionJ3);
  ExchangeJ WITH HawkJ (ExchangeJWHawkJ3);
  ExchangeJ WITH DoveJ (ExchangeJWDoveJ3);
  ExchangeJ WITH DivisionJ (ExchangeJWDivisionJ3);
  ExchangeJ WITH PossessionJ (ExchangeJWPossessionJ3);
  HawkJ WITH DoveJ (HawkJWDoveJ3);
  HawkJ WITH DivisionJ (HawkJWDivisionJ3);
  HawkJ WITH PossessionJ (HawkJWPossessionJ3);
  DoveJ WITH DivisionJ (DoveJWDivisionJ3);
  DoveJ WITH PossessionJ (DoveJWPossessionJ3);
  DivisionJ WITH PossessionJ (DivisionJWPossessionJ3);

  %c1#4%
  KinshipJ (vKinshipJ);
  MutualismJ (vMutualismJ);
  ExchangeJ (vExchangeJ);
  HawkJ (vHawkJ);
  DoveJ (vDoveJ);
  DivisionJ (vDivisionJ);
  PossessionJ (vPossessionJ);

  KinshipJ WITH MutualismJ (KinshipJWMutualismJ4);
  KinshipJ WITH ExchangeJ (KinshipJWExchangeJ4);
  KinshipJ WITH HawkJ (KinshipJWHawkJ4);
  KinshipJ WITH DoveJ (KinshipJWDoveJ4);
  KinshipJ WITH DivisionJ (KinshipJWDivisionJ4);
  KinshipJ WITH PossessionJ (KinshipJWPossessionJ4);
  MutualismJ WITH ExchangeJ (MutualismJWExchangeJ4);
  MutualismJ WITH HawkJ (MutualismJWHawkJ4);
  MutualismJ WITH DoveJ (MutualismJWDoveJ4);
  MutualismJ WITH DivisionJ (MutualismJWDivisionJ4);
  MutualismJ WITH PossessionJ (MutualismJWPossessionJ4);
  ExchangeJ WITH HawkJ (ExchangeJWHawkJ4);
  ExchangeJ WITH DoveJ (ExchangeJWDoveJ4);
  ExchangeJ WITH DivisionJ (ExchangeJWDivisionJ4);
  ExchangeJ WITH PossessionJ (ExchangeJWPossessionJ4);
  HawkJ WITH DoveJ (HawkJWDoveJ4);
  HawkJ WITH DivisionJ (HawkJWDivisionJ4);
  HawkJ WITH PossessionJ (HawkJWPossessionJ4);
  DoveJ WITH DivisionJ (DoveJWDivisionJ4);
  DoveJ WITH PossessionJ (DoveJWPossessionJ4);
  DivisionJ WITH PossessionJ (DivisionJWPossessionJ4);

  %c1#5%
  KinshipJ (vKinshipJ);
  MutualismJ (vMutualismJ);
  ExchangeJ (vExchangeJ);
  HawkJ (vHawkJ);
  DoveJ (vDoveJ);
  DivisionJ (vDivisionJ);
  PossessionJ (vPossessionJ);

  KinshipJ WITH MutualismJ (KinshipJWMutualismJ5);
  KinshipJ WITH ExchangeJ (KinshipJWExchangeJ5);
  KinshipJ WITH HawkJ (KinshipJWHawkJ5);
  KinshipJ WITH DoveJ (KinshipJWDoveJ5);
  KinshipJ WITH DivisionJ (KinshipJWDivisionJ5);
  KinshipJ WITH PossessionJ (KinshipJWPossessionJ5);
  MutualismJ WITH ExchangeJ (MutualismJWExchangeJ5);
  MutualismJ WITH HawkJ (MutualismJWHawkJ5);
  MutualismJ WITH DoveJ (MutualismJWDoveJ5);
  MutualismJ WITH DivisionJ (MutualismJWDivisionJ5);
  MutualismJ WITH PossessionJ (MutualismJWPossessionJ5);
  ExchangeJ WITH HawkJ (ExchangeJWHawkJ5);
  ExchangeJ WITH DoveJ (ExchangeJWDoveJ5);
  ExchangeJ WITH DivisionJ (ExchangeJWDivisionJ5);
  ExchangeJ WITH PossessionJ (ExchangeJWPossessionJ5);
  HawkJ WITH DoveJ (HawkJWDoveJ5);
  HawkJ WITH DivisionJ (HawkJWDivisionJ5);
  HawkJ WITH PossessionJ (HawkJWPossessionJ5);
  DoveJ WITH DivisionJ (DoveJWDivisionJ5);
  DoveJ WITH PossessionJ (DoveJWPossessionJ5);
  DivisionJ WITH PossessionJ (DivisionJWPossessionJ5);

  %c1#6%
  KinshipJ (vKinshipJ);
  MutualismJ (vMutualismJ);
  ExchangeJ (vExchangeJ);
  HawkJ (vHawkJ);
  DoveJ (vDoveJ);
  DivisionJ (vDivisionJ);
  PossessionJ (vPossessionJ);

  KinshipJ WITH MutualismJ (KinshipJWMutualismJ6);
  KinshipJ WITH ExchangeJ (KinshipJWExchangeJ6);
  KinshipJ WITH HawkJ (KinshipJWHawkJ6);
  KinshipJ WITH DoveJ (KinshipJWDoveJ6);
  KinshipJ WITH DivisionJ (KinshipJWDivisionJ6);
  KinshipJ WITH PossessionJ (KinshipJWPossessionJ6);
  MutualismJ WITH ExchangeJ (MutualismJWExchangeJ6);
  MutualismJ WITH HawkJ (MutualismJWHawkJ6);
  MutualismJ WITH DoveJ (MutualismJWDoveJ6);
  MutualismJ WITH DivisionJ (MutualismJWDivisionJ6);
  MutualismJ WITH PossessionJ (MutualismJWPossessionJ6);
  ExchangeJ WITH HawkJ (ExchangeJWHawkJ6);
  ExchangeJ WITH DoveJ (ExchangeJWDoveJ6);
  ExchangeJ WITH DivisionJ (ExchangeJWDivisionJ6);
  ExchangeJ WITH PossessionJ (ExchangeJWPossessionJ6);
  HawkJ WITH DoveJ (HawkJWDoveJ6);
  HawkJ WITH DivisionJ (HawkJWDivisionJ6);
  HawkJ WITH PossessionJ (HawkJWPossessionJ6);
  DoveJ WITH DivisionJ (DoveJWDivisionJ6);
  DoveJ WITH PossessionJ (DoveJWPossessionJ6);
  DivisionJ WITH PossessionJ (DivisionJWPossessionJ6);

  %c1#7%
  KinshipJ (vKinshipJ);
  MutualismJ (vMutualismJ);
  ExchangeJ (vExchangeJ);
  HawkJ (vHawkJ);
  DoveJ (vDoveJ);
  DivisionJ (vDivisionJ);
  PossessionJ (vPossessionJ);

  KinshipJ WITH MutualismJ (KinshipJWMutualismJ7);
  KinshipJ WITH ExchangeJ (KinshipJWExchangeJ7);
  KinshipJ WITH HawkJ (KinshipJWHawkJ7);
  KinshipJ WITH DoveJ (KinshipJWDoveJ7);
  KinshipJ WITH DivisionJ (KinshipJWDivisionJ7);
  KinshipJ WITH PossessionJ (KinshipJWPossessionJ7);
  MutualismJ WITH ExchangeJ (MutualismJWExchangeJ7);
  MutualismJ WITH HawkJ (MutualismJWHawkJ7);
  MutualismJ WITH DoveJ (MutualismJWDoveJ7);
  MutualismJ WITH DivisionJ (MutualismJWDivisionJ7);
  MutualismJ WITH PossessionJ (MutualismJWPossessionJ7);
  ExchangeJ WITH HawkJ (ExchangeJWHawkJ7);
  ExchangeJ WITH DoveJ (ExchangeJWDoveJ7);
  ExchangeJ WITH DivisionJ (ExchangeJWDivisionJ7);
  ExchangeJ WITH PossessionJ (ExchangeJWPossessionJ7);
  HawkJ WITH DoveJ (HawkJWDoveJ7);
  HawkJ WITH DivisionJ (HawkJWDivisionJ7);
  HawkJ WITH PossessionJ (HawkJWPossessionJ7);
  DoveJ WITH DivisionJ (DoveJWDivisionJ7);
  DoveJ WITH PossessionJ (DoveJWPossessionJ7);
  DivisionJ WITH PossessionJ (DivisionJWPossessionJ7);

  %c1#8%
  KinshipJ (vKinshipJ);
  MutualismJ (vMutualismJ);
  ExchangeJ (vExchangeJ);
  HawkJ (vHawkJ);
  DoveJ (vDoveJ);
  DivisionJ (vDivisionJ);
  PossessionJ (vPossessionJ);

  KinshipJ WITH MutualismJ (KinshipJWMutualismJ8);
  KinshipJ WITH ExchangeJ (KinshipJWExchangeJ8);
  KinshipJ WITH HawkJ (KinshipJWHawkJ8);
  KinshipJ WITH DoveJ (KinshipJWDoveJ8);
  KinshipJ WITH DivisionJ (KinshipJWDivisionJ8);
  KinshipJ WITH PossessionJ (KinshipJWPossessionJ8);
  MutualismJ WITH ExchangeJ (MutualismJWExchangeJ8);
  MutualismJ WITH HawkJ (MutualismJWHawkJ8);
  MutualismJ WITH DoveJ (MutualismJWDoveJ8);
  MutualismJ WITH DivisionJ (MutualismJWDivisionJ8);
  MutualismJ WITH PossessionJ (MutualismJWPossessionJ8);
  ExchangeJ WITH HawkJ (ExchangeJWHawkJ8);
  ExchangeJ WITH DoveJ (ExchangeJWDoveJ8);
  ExchangeJ WITH DivisionJ (ExchangeJWDivisionJ8);
  ExchangeJ WITH PossessionJ (ExchangeJWPossessionJ8);
  HawkJ WITH DoveJ (HawkJWDoveJ8);
  HawkJ WITH DivisionJ (HawkJWDivisionJ8);
  HawkJ WITH PossessionJ (HawkJWPossessionJ8);
  DoveJ WITH DivisionJ (DoveJWDivisionJ8);
  DoveJ WITH PossessionJ (DoveJWPossessionJ8);
  DivisionJ WITH PossessionJ (DivisionJWPossessionJ8);


  OUTPUT:
  TECH14;

  SAVEDATA:
  FILE IS model_5_class_8.dat;
  SAVE = cprobabilities;



*** WARNING in VARIABLE command
  Note that only the first 8 characters of variable names are used in the output.
  Shorten variable names to avoid any confusion.
*** WARNING in MODEL command
  All variables are uncorrelated with all other variables within class.
  Check that this is what is intended.
   2 WARNING(S) FOUND IN THE INPUT INSTRUCTIONS




model 5 with 8 classes

SUMMARY OF ANALYSIS

Number of groups                                                 1
Number of observations                                        1392

Number of dependent variables                                    7
Number of independent variables                                  0
Number of continuous latent variables                            0
Number of categorical latent variables                           1

Observed dependent variables

  Continuous
   KINSHIPJ    MUTUALISMJ  EXCHANGEJ   HAWKJ       DOVEJ       DIVISIONJ
   POSSESSION

Categorical latent variables
   C1


Estimator                                                      MLR
Information matrix                                        OBSERVED
Optimization Specifications for the Quasi-Newton Algorithm for
Continuous Outcomes
  Maximum number of iterations                                 100
  Convergence criterion                                  0.100D-05
Optimization Specifications for the EM Algorithm
  Maximum number of iterations                                 500
  Convergence criteria
    Loglikelihood change                                 0.100D-06
    Relative loglikelihood change                        0.100D-06
    Derivative                                           0.100D-05
Optimization Specifications for the M step of the EM Algorithm for
Categorical Latent variables
  Number of M step iterations                                    1
  M step convergence criterion                           0.100D-05
  Basis for M step termination                           ITERATION
Optimization Specifications for the M step of the EM Algorithm for
Censored, Binary or Ordered Categorical (Ordinal), Unordered
Categorical (Nominal) and Count Outcomes
  Number of M step iterations                                    1
  M step convergence criterion                           0.100D-05
  Basis for M step termination                           ITERATION
  Maximum value for logit thresholds                            15
  Minimum value for logit thresholds                           -15
  Minimum expected cell size for chi-square              0.100D-01
Maximum number of iterations for H1                           2000
Convergence criterion for H1                             0.100D-03
Optimization algorithm                                         EMA
Random Starts Specifications
  Number of initial stage random starts                         20
  Number of final stage optimizations                            4
  Number of initial stage iterations                            10
  Initial stage convergence criterion                    0.100D+01
  Random starts scale                                    0.500D+01
  Random seed for generating random starts                       0

Input data file(s)
  data_624dd70f9f561f2c8c991d291c51b950.dat
Input data format  FREE


SUMMARY OF DATA

     Number of missing data patterns             1
     Number of y missing data patterns           1
     Number of u missing data patterns           0


COVARIANCE COVERAGE OF DATA

Minimum covariance coverage value   0.100


     PROPORTION OF DATA PRESENT FOR Y


           Covariance Coverage
              KINSHIPJ      MUTUALIS      EXCHANGE      HAWKJ         DOVEJ
              ________      ________      ________      ________      ________
 KINSHIPJ       1.000
 MUTUALIS       1.000         1.000
 EXCHANGE       1.000         1.000         1.000
 HAWKJ          1.000         1.000         1.000         1.000
 DOVEJ          1.000         1.000         1.000         1.000         1.000
 DIVISION       1.000         1.000         1.000         1.000         1.000
 POSSESSI       1.000         1.000         1.000         1.000         1.000


           Covariance Coverage
              DIVISION      POSSESSI
              ________      ________
 DIVISION       1.000
 POSSESSI       1.000         1.000



UNIVARIATE SAMPLE STATISTICS


     UNIVARIATE HIGHER-ORDER MOMENT DESCRIPTIVE STATISTICS

         Variable/         Mean/     Skewness/   Minimum/ % with                Percentiles
        Sample Size      Variance    Kurtosis    Maximum  Min/Max      20%/60%    40%/80%    Median

     KINSHIPJ             68.142      -0.400      12.667    0.07%      55.333     64.667     69.000
            1392.000     243.252      -0.028      99.333    0.07%      73.000     82.000
     MUTUALISMJ           64.403      -0.398      11.000    0.07%      53.000     61.667     65.000
            1392.000     184.479       0.162      96.000    0.07%      68.333     76.333
     EXCHANGEJ            71.836      -0.357      32.667    0.07%      62.667     69.667     72.667
            1392.000     127.269       0.056      98.000    0.14%      75.333     81.333
     HAWKJ                65.577      -0.286      11.000    0.07%      52.333     61.667     66.000
            1392.000     250.911      -0.258      99.667    0.14%      70.333     80.000
     DOVEJ                54.086      -0.377       2.000    0.07%      41.000     51.333     55.167
            1392.000     244.615      -0.092      92.333    0.07%      59.000     68.000
     DIVISIONJ            69.860      -0.574       6.333    0.07%      57.333     67.000     71.333
            1392.000     243.008       0.243     100.000    0.29%      75.333     83.000
     POSSESSIONJ          39.164       0.105       1.667    0.07%      26.000     35.000     39.333
            1392.000     234.437      -0.117      95.333    0.07%      43.000     52.000

RANDOM STARTS RESULTS RANKED FROM THE BEST TO THE WORST LOGLIKELIHOOD VALUES

Unperturbed starting value run did not converge in the initial stage
optimizations.

15 perturbed starting value run(s) did not converge in the initial stage
optimizations.

Final stage loglikelihood values at local maxima, seeds, and initial stage start numbers:

          -39241.377  68985            17
          -39271.082  107446           12
          -39281.353  127215           9

1 perturbed starting value run(s) did not converge.



     WARNING:  THE BEST LOGLIKELIHOOD VALUE WAS NOT REPLICATED.  THE
     SOLUTION MAY NOT BE TRUSTWORTHY DUE TO LOCAL MAXIMA.  INCREASE THE
     NUMBER OF RANDOM STARTS.

     THE STANDARD ERRORS OF THE MODEL PARAMETER ESTIMATES MAY NOT BE
     TRUSTWORTHY FOR SOME PARAMETERS DUE TO A NON-POSITIVE DEFINITE
     FIRST-ORDER DERIVATIVE PRODUCT MATRIX.  THIS MAY BE DUE TO THE STARTING
     VALUES BUT MAY ALSO BE AN INDICATION OF MODEL NONIDENTIFICATION.  THE
     CONDITION NUMBER IS      -0.522D-18.  PROBLEM INVOLVING THE FOLLOWING PARAMETER:
     Parameter 25, %C1#1%: DIVISIONJ WITH EXCHANGEJ (equality/label)

     ONE OR MORE PARAMETERS WERE FIXED TO AVOID SINGULARITY OF THE
     INFORMATION MATRIX. THE SINGULARITY IS MOST LIKELY BECAUSE THE
     MODEL IS NOT IDENTIFIED, OR BECAUSE OF EMPTY CELLS IN THE JOINT
     DISTRIBUTION OF THE CATEGORICAL VARIABLES IN THE MODEL.
     THE FOLLOWING PARAMETERS WERE FIXED:
     Parameter 54, %C1#2%: DIVISIONJ WITH MUTUALISMJ (equality/label)
     Parameter 34, %C1#1%: POSSESSIONJ WITH DIVISIONJ (equality/label)
     Parameter 135, %C1#5%: DOVEJ WITH EXCHANGEJ (equality/label)
     Parameter 227, %C1#8%: POSSESSIONJ WITH MUTUALISMJ (equality/label)
     Parameter 164, %C1#6%: DOVEJ WITH HAWKJ (equality/label)
     Parameter 114, %C1#4%: POSSESSIONJ WITH KINSHIPJ (equality/label)
     Parameter 60, %C1#2%: POSSESSIONJ WITH EXCHANGEJ (equality/label)
     Parameter 203, %C1#7%: POSSESSIONJ WITH DIVISIONJ (equality/label)
     Parameter 220, %C1#8%: DOVEJ WITH HAWKJ (equality/label)
     Parameter 173, %C1#6%: POSSESSIONJ WITH HAWKJ (equality/label)
     Parameter 169, %C1#6%: DIVISIONJ WITH DOVEJ (equality/label)
     Parameter 215, %C1#8%: HAWKJ WITH MUTUALISMJ (equality/label)
     Parameter 199, %C1#7%: POSSESSIONJ WITH MUTUALISMJ (equality/label)
     Parameter 61, %C1#2%: POSSESSIONJ WITH HAWKJ (equality/label)
     Parameter 24, %C1#1%: DIVISIONJ WITH MUTUALISMJ (equality/label)
     Parameter 33, %C1#1%: POSSESSIONJ WITH DOVEJ (equality/label)
     Parameter 196, %C1#7%: DIVISIONJ WITH HAWKJ (equality/label)
     Parameter 48, %C1#2%: HAWKJ WITH EXCHANGEJ (equality/label)
     Parameter 159, %C1#6%: HAWKJ WITH MUTUALISMJ (equality/label)
     Parameter 117, %C1#4%: POSSESSIONJ WITH HAWKJ (equality/label)
     Parameter 163, %C1#6%: DOVEJ WITH EXCHANGEJ (equality/label)
     Parameter 116, %C1#4%: POSSESSIONJ WITH EXCHANGEJ (equality/label)
     Parameter 128, %C1#5%: EXCHANGEJ WITH KINSHIPJ (equality/label)
     Parameter 59, %C1#2%: POSSESSIONJ WITH MUTUALISMJ (equality/label)
     Parameter 145, %C1#5%: POSSESSIONJ WITH HAWKJ (equality/label)
     Parameter 168, %C1#6%: DIVISIONJ WITH HAWKJ (equality/label)
     Parameter 192, %C1#7%: DOVEJ WITH HAWKJ (equality/label)
     Parameter 167, %C1#6%: DIVISIONJ WITH EXCHANGEJ (equality/label)
     Parameter 71, %C1#3%: MUTUALISMJ WITH KINSHIPJ (equality/label)


THE MODEL ESTIMATION TERMINATED NORMALLY



MODEL FIT INFORMATION

Number of Free Parameters                      238

Loglikelihood

          H0 Value                      -39241.377
          H0 Scaling Correction Factor      0.9759
            for MLR

Information Criteria

          Akaike (AIC)                   78958.753
          Bayesian (BIC)                 80205.515
          Sample-Size Adjusted BIC       79449.480
            (n* = (n + 2) / 24)



FINAL CLASS COUNTS AND PROPORTIONS FOR THE LATENT CLASSES
BASED ON THE ESTIMATED MODEL

    Latent
   Classes

       1         10.79568          0.00776
       2         25.56433          0.01837
       3         14.14579          0.01016
       4       1130.81857          0.81237
       5         86.59932          0.06221
       6         62.47346          0.04488
       7          8.81492          0.00633
       8         52.78792          0.03792


FINAL CLASS COUNTS AND PROPORTIONS FOR THE LATENT CLASSES
BASED ON ESTIMATED POSTERIOR PROBABILITIES

    Latent
   Classes

       1         10.79568          0.00776
       2         25.56433          0.01837
       3         14.14579          0.01016
       4       1130.81857          0.81237
       5         86.59932          0.06221
       6         62.47346          0.04488
       7          8.81492          0.00633
       8         52.78792          0.03792


FINAL CLASS COUNTS AND PROPORTIONS FOR THE LATENT CLASSES
BASED ON THEIR MOST LIKELY LATENT CLASS MEMBERSHIP

Class Counts and Proportions

    Latent
   Classes

       1               11          0.00790
       2               25          0.01796
       3               15          0.01078
       4             1146          0.82328
       5               81          0.05819
       6               59          0.04239
       7                9          0.00647
       8               46          0.03305


CLASSIFICATION QUALITY

     Entropy                         0.914


Average Latent Class Probabilities for Most Likely Latent Class Membership (Row)
by Latent Class (Column)

           1        2        3        4        5        6        7        8

    1   0.981    0.000    0.000    0.018    0.000    0.000    0.000    0.000
    2   0.000    0.853    0.000    0.135    0.010    0.001    0.000    0.000
    3   0.000    0.000    0.941    0.057    0.000    0.002    0.000    0.000
    4   0.000    0.003    0.000    0.950    0.016    0.015    0.000    0.016
    5   0.000    0.004    0.000    0.159    0.829    0.007    0.000    0.000
    6   0.000    0.000    0.000    0.239    0.012    0.743    0.000    0.006
    7   0.000    0.000    0.000    0.020    0.000    0.000    0.979    0.001
    8   0.000    0.002    0.000    0.232    0.010    0.012    0.000    0.744


Classification Probabilities for the Most Likely Latent Class Membership (Column)
by Latent Class (Row)

           1        2        3        4        5        6        7        8

    1   1.000    0.000    0.000    0.000    0.000    0.000    0.000    0.000
    2   0.000    0.835    0.000    0.149    0.013    0.001    0.000    0.004
    3   0.000    0.000    0.998    0.002    0.000    0.000    0.000    0.000
    4   0.000    0.003    0.001    0.963    0.011    0.012    0.000    0.009
    5   0.000    0.003    0.000    0.208    0.775    0.008    0.000    0.005
    6   0.000    0.000    0.000    0.278    0.010    0.702    0.000    0.009
    7   0.000    0.000    0.000    0.000    0.000    0.000    1.000    0.000
    8   0.000    0.000    0.000    0.345    0.000    0.006    0.000    0.648


Logits for the Classification Probabilities for the Most Likely Latent Class Membership (Column)
by Latent Class (Row)

              1        2        3        4        5        6        7        8

    1     13.815    0.000    0.000    6.203    0.000    0.000    0.000    0.000
    2     -7.775    5.394   -8.241    3.668    1.196   -1.839   -8.241    0.000
    3     -5.743   -5.743    8.070    1.650   -5.743   -5.743   -5.743    0.000
    4     -3.961   -1.147   -2.525    4.626    0.191    0.278   -4.095    0.000
    5     -5.495   -0.554   -8.229    3.710    5.024    0.475   -8.537    0.000
    6     -4.798   -3.782   -3.008    3.427    0.071    4.352   -5.654    0.000
    7      0.000    0.000    0.000    0.000    0.000    0.000   13.816    0.000
    8    -12.806   -7.951  -11.934   -0.632   -8.137   -4.623   -8.744    0.000


MODEL RESULTS

                                                    Two-Tailed
                    Estimate       S.E.  Est./S.E.    P-Value

Latent Class 1

 KINSHIPJ WITH
    MUTUALISMJ        76.626     31.227      2.454      0.014
    EXCHANGEJ         -5.985     25.624     -0.234      0.815
    HAWKJ            -74.991     29.359     -2.554      0.011
    DOVEJ             17.487     49.544      0.353      0.724
    DIVISIONJ        -75.594     49.114     -1.539      0.124
    POSSESSION       -73.979     26.949     -2.745      0.006

 MUTUALIS WITH
    EXCHANGEJ        -15.651     31.118     -0.503      0.615
    HAWKJ            -73.460     24.486     -3.000      0.003
    DOVEJ             41.652     32.425      1.285      0.199
    DIVISIONJ        -20.698      0.000    999.000    999.000
    POSSESSION      -133.894     18.227     -7.346      0.000

 EXCHANGE WITH
    HAWKJ           -115.657     18.999     -6.087      0.000
    DOVEJ            -95.506     20.522     -4.654      0.000
    DIVISIONJ         66.379     19.882      3.339      0.001
    POSSESSION       -59.011     26.713     -2.209      0.027

 HAWKJ    WITH
    DOVEJ            126.987     28.717      4.422      0.000
    DIVISIONJ       -126.534     17.879     -7.077      0.000
    POSSESSION       149.775     22.826      6.562      0.000

 DOVEJ    WITH
    DIVISIONJ       -127.143     31.905     -3.985      0.000
    POSSESSION        49.128      0.000    999.000    999.000

 DIVISION WITH
    POSSESSION         9.560      0.000    999.000    999.000

 Means
    KINSHIPJ          67.938      5.483     12.392      0.000
    MUTUALISMJ        51.771      2.577     20.087      0.000
    EXCHANGEJ         47.304      2.569     18.417      0.000
    HAWKJ             37.228      2.779     13.397      0.000
    DOVEJ             61.693      3.569     17.285      0.000
    DIVISIONJ         71.392      3.849     18.550      0.000
    POSSESSION        36.617      3.604     10.161      0.000

 Variances
    KINSHIPJ         216.819      9.230     23.492      0.000
    MUTUALISMJ       144.772      6.424     22.537      0.000
    EXCHANGEJ        111.813      4.909     22.778      0.000
    HAWKJ            224.660      9.086     24.725      0.000
    DOVEJ            212.730      8.385     25.370      0.000
    DIVISIONJ        226.566      8.892     25.479      0.000
    POSSESSION       226.629      8.948     25.328      0.000

Latent Class 2

 KINSHIPJ WITH
    MUTUALISMJ       -47.780     38.277     -1.248      0.212
    EXCHANGEJ         68.296     21.306      3.205      0.001
    HAWKJ            -61.026     44.306     -1.377      0.168
    DOVEJ             77.592     37.693      2.059      0.040
    DIVISIONJ         51.952     32.822      1.583      0.113
    POSSESSION       -98.896     24.043     -4.113      0.000

 MUTUALIS WITH
    EXCHANGEJ         49.449     20.896      2.366      0.018
    HAWKJ            -48.582     34.292     -1.417      0.157
    DOVEJ             41.900     21.582      1.941      0.052
    DIVISIONJ         -1.437      0.000    999.000    999.000
    POSSESSION        33.961      0.000    999.000    999.000

 EXCHANGE WITH
    HAWKJ             14.932      0.000    999.000    999.000
    DOVEJ             80.450     14.742      5.457      0.000
    DIVISIONJ         28.346     18.165      1.560      0.119
    POSSESSION        -6.660      0.000    999.000    999.000

 HAWKJ    WITH
    DOVEJ             28.178     31.876      0.884      0.377
    DIVISIONJ        -71.158     37.540     -1.896      0.058
    POSSESSION        34.693      0.000    999.000    999.000

 DOVEJ    WITH
    DIVISIONJ        -51.978     23.751     -2.188      0.029
    POSSESSION      -138.299     17.313     -7.988      0.000

 DIVISION WITH
    POSSESSION       -61.254     26.807     -2.285      0.022

 Means
    KINSHIPJ          72.739      4.194     17.345      0.000
    MUTUALISMJ        42.820      4.726      9.061      0.000
    EXCHANGEJ         73.427      5.196     14.132      0.000
    HAWKJ             41.199      3.781     10.897      0.000
    DOVEJ             56.978      2.606     21.863      0.000
    DIVISIONJ         63.710      5.541     11.498      0.000
    POSSESSION        45.729      3.273     13.971      0.000

 Variances
    KINSHIPJ         216.819      9.230     23.492      0.000
    MUTUALISMJ       144.772      6.424     22.537      0.000
    EXCHANGEJ        111.813      4.909     22.778      0.000
    HAWKJ            224.660      9.086     24.725      0.000
    DOVEJ            212.730      8.385     25.370      0.000
    DIVISIONJ        226.566      8.892     25.479      0.000
    POSSESSION       226.629      8.948     25.328      0.000

Latent Class 3

 KINSHIPJ WITH
    MUTUALISMJ         2.896      0.000    999.000    999.000
    EXCHANGEJ         53.390     25.256      2.114      0.035
    HAWKJ             49.371     28.308      1.744      0.081
    DOVEJ             61.266     40.369      1.518      0.129
    DIVISIONJ       -100.584     27.476     -3.661      0.000
    POSSESSION       148.743     22.939      6.484      0.000

 MUTUALIS WITH
    EXCHANGEJ         23.925     25.793      0.928      0.354
    HAWKJ           -119.508     16.742     -7.138      0.000
    DOVEJ            -36.064     25.245     -1.429      0.153
    DIVISIONJ        -23.077     57.864     -0.399      0.690
    POSSESSION        93.665     24.404      3.838      0.000

 EXCHANGE WITH
    HAWKJ             69.229     18.504      3.741      0.000
    DOVEJ             59.399     31.007      1.916      0.055
    DIVISIONJ       -135.280     16.044     -8.432      0.000
    POSSESSION        56.254     24.785      2.270      0.023

 HAWKJ    WITH
    DOVEJ            171.273     17.276      9.914      0.000
    DIVISIONJ        -63.093     53.634     -1.176      0.239
    POSSESSION       -89.532     20.504     -4.367      0.000

 DOVEJ    WITH
    DIVISIONJ        -47.392     52.017     -0.911      0.362
    POSSESSION       -65.470     36.653     -1.786      0.074

 DIVISION WITH
    POSSESSION      -131.989     41.283     -3.197      0.001

 Means
    KINSHIPJ          38.667      4.073      9.494      0.000
    MUTUALISMJ        69.713      2.979     23.402      0.000
    EXCHANGEJ         78.770      3.065     25.702      0.000
    HAWKJ             79.981      2.982     26.823      0.000
    DOVEJ             44.141      3.719     11.868      0.000
    DIVISIONJ         80.077      3.295     24.303      0.000
    POSSESSION        54.462      3.112     17.498      0.000

 Variances
    KINSHIPJ         216.819      9.230     23.492      0.000
    MUTUALISMJ       144.772      6.424     22.537      0.000
    EXCHANGEJ        111.813      4.909     22.778      0.000
    HAWKJ            224.660      9.086     24.725      0.000
    DOVEJ            212.730      8.385     25.370      0.000
    DIVISIONJ        226.566      8.892     25.479      0.000
    POSSESSION       226.629      8.948     25.328      0.000

Latent Class 4

 KINSHIPJ WITH
    MUTUALISMJ        53.830      6.226      8.646      0.000
    EXCHANGEJ         53.252      5.289     10.069      0.000
    HAWKJ             61.285      8.615      7.114      0.000
    DOVEJ             65.669      7.544      8.704      0.000
    DIVISIONJ         26.318      8.486      3.102      0.002
    POSSESSION        -0.182      0.000    999.000    999.000

 MUTUALIS WITH
    EXCHANGEJ         52.333      4.860     10.768      0.000
    HAWKJ             33.383      6.970      4.790      0.000
    DOVEJ             20.946      6.970      3.005      0.003
    DIVISIONJ         31.052      6.535      4.752      0.000
    POSSESSION        -8.845      5.707     -1.550      0.121

 EXCHANGE WITH
    HAWKJ             33.295      5.554      5.995      0.000
    DOVEJ             26.328      5.141      5.122      0.000
    DIVISIONJ         28.991      6.121      4.737      0.000
    POSSESSION        -4.987      0.000    999.000    999.000

 HAWKJ    WITH
    DOVEJ             55.557      8.459      6.568      0.000
    DIVISIONJ         29.354      7.900      3.716      0.000
    POSSESSION        -6.603      0.000    999.000    999.000

 DOVEJ    WITH
    DIVISIONJ        -18.154      8.322     -2.181      0.029
    POSSESSION        -9.009      7.632     -1.180      0.238

 DIVISION WITH
    POSSESSION        15.491      7.404      2.092      0.036

 Means
    KINSHIPJ          69.416      0.528    131.521      0.000
    MUTUALISMJ        66.734      0.486    137.176      0.000
    EXCHANGEJ         72.557      0.387    187.559      0.000
    HAWKJ             66.799      0.569    117.428      0.000
    DOVEJ             55.758      0.537    103.876      0.000
    DIVISIONJ         71.182      0.520    136.989      0.000
    POSSESSION        38.630      0.546     70.713      0.000

 Variances
    KINSHIPJ         216.819      9.230     23.492      0.000
    MUTUALISMJ       144.772      6.424     22.537      0.000
    EXCHANGEJ        111.813      4.909     22.778      0.000
    HAWKJ            224.660      9.086     24.725      0.000
    DOVEJ            212.730      8.385     25.370      0.000
    DIVISIONJ        226.566      8.892     25.479      0.000
    POSSESSION       226.629      8.948     25.328      0.000

Latent Class 5

 KINSHIPJ WITH
    MUTUALISMJ        44.046     21.156      2.082      0.037
    EXCHANGEJ        -18.927      0.000    999.000    999.000
    HAWKJ             35.687     30.449      1.172      0.241
    DOVEJ             50.181     26.748      1.876      0.061
    DIVISIONJ        -34.791     26.498     -1.313      0.189
    POSSESSION       -97.575     28.901     -3.376      0.001

 MUTUALIS WITH
    EXCHANGEJ         64.212     11.308      5.679      0.000
    HAWKJ            -73.539     13.249     -5.551      0.000
    DOVEJ            -25.686     17.079     -1.504      0.133
    DIVISIONJ        -46.203     18.306     -2.524      0.012
    POSSESSION       -56.749     21.351     -2.658      0.008

 EXCHANGE WITH
    HAWKJ            -37.291     20.852     -1.788      0.074
    DOVEJ              3.387      0.000    999.000    999.000
    DIVISIONJ        -23.749     21.596     -1.100      0.271
    POSSESSION       -39.404     33.047     -1.192      0.233

 HAWKJ    WITH
    DOVEJ             50.725     23.920      2.121      0.034
    DIVISIONJ        -29.027     27.135     -1.070      0.285
    POSSESSION        39.013      0.000    999.000    999.000

 DOVEJ    WITH
    DIVISIONJ        -56.446     24.994     -2.258      0.024
    POSSESSION       -79.088     25.521     -3.099      0.002

 DIVISION WITH
    POSSESSION        50.963     32.140      1.586      0.113

 Means
    KINSHIPJ          66.999      2.260     29.650      0.000
    MUTUALISMJ        44.857      2.105     21.305      0.000
    EXCHANGEJ         75.225      1.403     53.602      0.000
    HAWKJ             63.190      3.005     21.028      0.000
    DOVEJ             40.376      3.545     11.388      0.000
    DIVISIONJ         56.834      3.313     17.155      0.000
    POSSESSION        35.586      2.519     14.125      0.000

 Variances
    KINSHIPJ         216.819      9.230     23.492      0.000
    MUTUALISMJ       144.772      6.424     22.537      0.000
    EXCHANGEJ        111.813      4.909     22.778      0.000
    HAWKJ            224.660      9.086     24.725      0.000
    DOVEJ            212.730      8.385     25.370      0.000
    DIVISIONJ        226.566      8.892     25.479      0.000
    POSSESSION       226.629      8.948     25.328      0.000

Latent Class 6

 KINSHIPJ WITH
    MUTUALISMJ       -67.823     20.332     -3.336      0.001
    EXCHANGEJ       -105.132     15.011     -7.003      0.000
    HAWKJ            137.627     18.878      7.290      0.000
    DOVEJ            -43.425     25.138     -1.727      0.084
    DIVISIONJ         39.953     17.565      2.275      0.023
    POSSESSION        47.385     20.962      2.260      0.024

 MUTUALIS WITH
    EXCHANGEJ         42.604     18.667      2.282      0.022
    HAWKJ            -21.069      0.000    999.000    999.000
    DOVEJ             48.012     16.794      2.859      0.004
    DIVISIONJ         50.373     28.289      1.781      0.075
    POSSESSION        63.326     34.961      1.811      0.070

 EXCHANGE WITH
    HAWKJ            -78.110     16.041     -4.869      0.000
    DOVEJ             14.359      0.000    999.000    999.000
    DIVISIONJ        -21.626      0.000    999.000    999.000
    POSSESSION        48.882     24.756      1.975      0.048

 HAWKJ    WITH
    DOVEJ             -7.020      0.000    999.000    999.000
    DIVISIONJ        -34.584      0.000    999.000    999.000
    POSSESSION        19.407      0.000    999.000    999.000

 DOVEJ    WITH
    DIVISIONJ         14.079      0.000    999.000    999.000
    POSSESSION       -34.419     26.522     -1.298      0.194

 DIVISION WITH
    POSSESSION        77.025     42.469      1.814      0.070

 Means
    KINSHIPJ          48.437      2.366     20.476      0.000
    MUTUALISMJ        59.179      2.692     21.980      0.000
    EXCHANGEJ         56.709      1.941     29.222      0.000
    HAWKJ             54.697      3.437     15.912      0.000
    DOVEJ             38.077      3.979      9.569      0.000
    DIVISIONJ         62.884      3.287     19.131      0.000
    POSSESSION        39.419      3.344     11.787      0.000

 Variances
    KINSHIPJ         216.819      9.230     23.492      0.000
    MUTUALISMJ       144.772      6.424     22.537      0.000
    EXCHANGEJ        111.813      4.909     22.778      0.000
    HAWKJ            224.660      9.086     24.725      0.000
    DOVEJ            212.730      8.385     25.370      0.000
    DIVISIONJ        226.566      8.892     25.479      0.000
    POSSESSION       226.629      8.948     25.328      0.000

Latent Class 7

 KINSHIPJ WITH
    MUTUALISMJ       -65.273     23.991     -2.721      0.007
    EXCHANGEJ        -46.402     20.359     -2.279      0.023
    HAWKJ             28.575     21.000      1.361      0.174
    DOVEJ            187.104     12.228     15.301      0.000
    DIVISIONJ       -140.658     18.523     -7.594      0.000
    POSSESSION      -113.608     36.629     -3.102      0.002

 MUTUALIS WITH
    EXCHANGEJ        122.892      4.335     28.350      0.000
    HAWKJ            -20.132     18.147     -1.109      0.267
    DOVEJ           -117.524     11.105    -10.583      0.000
    DIVISIONJ        149.348      8.645     17.276      0.000
    POSSESSION        -3.419      0.000    999.000    999.000

 EXCHANGE WITH
    HAWKJ             16.344     17.450      0.937      0.349
    DOVEJ            -94.639     14.176     -6.676      0.000
    DIVISIONJ        131.232      9.301     14.109      0.000
    POSSESSION       -16.055      7.724     -2.079      0.038

 HAWKJ    WITH
    DOVEJ             16.464      0.000    999.000    999.000
    DIVISIONJ         37.574      0.000    999.000    999.000
    POSSESSION      -104.564     28.258     -3.700      0.000

 DOVEJ    WITH
    DIVISIONJ       -199.578      7.626    -26.172      0.000
    POSSESSION      -100.132     15.250     -6.566      0.000

 DIVISION WITH
    POSSESSION        33.508      0.000    999.000    999.000

 Means
    KINSHIPJ          73.076      5.588     13.078      0.000
    MUTUALISMJ        79.855      2.769     28.841      0.000
    EXCHANGEJ         67.592      2.563     26.371      0.000
    HAWKJ             65.076      4.857     13.397      0.000
    DOVEJ             78.820      3.190     24.712      0.000
    DIVISIONJ         87.163      2.007     43.439      0.000
    POSSESSION        36.454      5.759      6.329      0.000

 Variances
    KINSHIPJ         216.819      9.230     23.492      0.000
    MUTUALISMJ       144.772      6.424     22.537      0.000
    EXCHANGEJ        111.813      4.909     22.778      0.000
    HAWKJ            224.660      9.086     24.725      0.000
    DOVEJ            212.730      8.385     25.370      0.000
    DIVISIONJ        226.566      8.892     25.479      0.000
    POSSESSION       226.629      8.948     25.328      0.000

Latent Class 8

 KINSHIPJ WITH
    MUTUALISMJ        34.249     16.134      2.123      0.034
    EXCHANGEJ        127.352     10.550     12.071      0.000
    HAWKJ            161.758     29.547      5.475      0.000
    DOVEJ            -57.477     20.368     -2.822      0.005
    DIVISIONJ        -44.549     44.979     -0.990      0.322
    POSSESSION        45.698     49.148      0.930      0.352

 MUTUALIS WITH
    EXCHANGEJ         47.106     18.343      2.568      0.010
    HAWKJ              7.908      0.000    999.000    999.000
    DOVEJ            -90.886     60.498     -1.502      0.133
    DIVISIONJ         27.738     17.980      1.543      0.123
    POSSESSION        -5.080      0.000    999.000    999.000

 EXCHANGE WITH
    HAWKJ            130.965      8.354     15.676      0.000
    DOVEJ            -18.424     20.184     -0.913      0.361
    DIVISIONJ         26.486     24.056      1.101      0.271
    POSSESSION        44.266     42.663      1.038      0.299

 HAWKJ    WITH
    DOVEJ             14.502      0.000    999.000    999.000
    DIVISIONJ         61.345     35.990      1.704      0.088
    POSSESSION        55.568     59.424      0.935      0.350

 DOVEJ    WITH
    DIVISIONJ        131.739     28.423      4.635      0.000
    POSSESSION       113.940     47.009      2.424      0.015

 DIVISION WITH
    POSSESSION       148.728     33.101      4.493      0.000

 Means
    KINSHIPJ          70.955      4.180     16.974      0.000
    MUTUALISMJ        61.736      3.657     16.882      0.000
    EXCHANGEJ         71.832      3.448     20.830      0.000
    HAWKJ             70.018      4.454     15.719      0.000
    DOVEJ             55.273      3.445     16.043      0.000
    DIVISIONJ         68.193      5.051     13.501      0.000
    POSSESSION        49.857      7.204      6.921      0.000

 Variances
    KINSHIPJ         216.819      9.230     23.492      0.000
    MUTUALISMJ       144.772      6.424     22.537      0.000
    EXCHANGEJ        111.813      4.909     22.778      0.000
    HAWKJ            224.660      9.086     24.725      0.000
    DOVEJ            212.730      8.385     25.370      0.000
    DIVISIONJ        226.566      8.892     25.479      0.000
    POSSESSION       226.629      8.948     25.328      0.000

Categorical Latent Variables

 Means
    C1#1              -1.587      0.415     -3.827      0.000
    C1#2              -0.725      0.386     -1.881      0.060
    C1#3              -1.317      0.394     -3.339      0.001
    C1#4               3.064      0.289     10.607      0.000
    C1#5               0.495      0.334      1.482      0.138
    C1#6               0.168      0.377      0.447      0.655
    C1#7              -1.790      0.440     -4.067      0.000


QUALITY OF NUMERICAL RESULTS

     Condition Number for the Information Matrix              0.329E-09
       (ratio of smallest to largest eigenvalue)


TECHNICAL 1 OUTPUT


     PARAMETER SPECIFICATION FOR LATENT CLASS 1


           NU
              KINSHIPJ      MUTUALIS      EXCHANGE      HAWKJ         DOVEJ
              ________      ________      ________      ________      ________
                    1             2             3             4             5


           NU
              DIVISION      POSSESSI
              ________      ________
                    6             7


           THETA
              KINSHIPJ      MUTUALIS      EXCHANGE      HAWKJ         DOVEJ
              ________      ________      ________      ________      ________
 KINSHIPJ           8
 MUTUALIS           9            10
 EXCHANGE          11            12            13
 HAWKJ             14            15            16            17
 DOVEJ             18            19            20            21            22
 DIVISION          23            24            25            26            27
 POSSESSI          29            30            31            32            33


           THETA
              DIVISION      POSSESSI
              ________      ________
 DIVISION          28
 POSSESSI          34            35


     PARAMETER SPECIFICATION FOR LATENT CLASS 2


           NU
              KINSHIPJ      MUTUALIS      EXCHANGE      HAWKJ         DOVEJ
              ________      ________      ________      ________      ________
                   36            37            38            39            40


           NU
              DIVISION      POSSESSI
              ________      ________
                   41            42


           THETA
              KINSHIPJ      MUTUALIS      EXCHANGE      HAWKJ         DOVEJ
              ________      ________      ________      ________      ________
 KINSHIPJ           8
 MUTUALIS          43            10
 EXCHANGE          44            45            13
 HAWKJ             46            47            48            17
 DOVEJ             49            50            51            52            22
 DIVISION          53            54            55            56            57
 POSSESSI          58            59            60            61            62


           THETA
              DIVISION      POSSESSI
              ________      ________
 DIVISION          28
 POSSESSI          63            35


     PARAMETER SPECIFICATION FOR LATENT CLASS 3


           NU
              KINSHIPJ      MUTUALIS      EXCHANGE      HAWKJ         DOVEJ
              ________      ________      ________      ________      ________
                   64            65            66            67            68


           NU
              DIVISION      POSSESSI
              ________      ________
                   69            70


           THETA
              KINSHIPJ      MUTUALIS      EXCHANGE      HAWKJ         DOVEJ
              ________      ________      ________      ________      ________
 KINSHIPJ           8
 MUTUALIS          71            10
 EXCHANGE          72            73            13
 HAWKJ             74            75            76            17
 DOVEJ             77            78            79            80            22
 DIVISION          81            82            83            84            85
 POSSESSI          86            87            88            89            90


           THETA
              DIVISION      POSSESSI
              ________      ________
 DIVISION          28
 POSSESSI          91            35


     PARAMETER SPECIFICATION FOR LATENT CLASS 4


           NU
              KINSHIPJ      MUTUALIS      EXCHANGE      HAWKJ         DOVEJ
              ________      ________      ________      ________      ________
                   92            93            94            95            96


           NU
              DIVISION      POSSESSI
              ________      ________
                   97            98


           THETA
              KINSHIPJ      MUTUALIS      EXCHANGE      HAWKJ         DOVEJ
              ________      ________      ________      ________      ________
 KINSHIPJ           8
 MUTUALIS          99            10
 EXCHANGE         100           101            13
 HAWKJ            102           103           104            17
 DOVEJ            105           106           107           108            22
 DIVISION         109           110           111           112           113
 POSSESSI         114           115           116           117           118


           THETA
              DIVISION      POSSESSI
              ________      ________
 DIVISION          28
 POSSESSI         119            35


     PARAMETER SPECIFICATION FOR LATENT CLASS 5


           NU
              KINSHIPJ      MUTUALIS      EXCHANGE      HAWKJ         DOVEJ
              ________      ________      ________      ________      ________
                  120           121           122           123           124


           NU
              DIVISION      POSSESSI
              ________      ________
                  125           126


           THETA
              KINSHIPJ      MUTUALIS      EXCHANGE      HAWKJ         DOVEJ
              ________      ________      ________      ________      ________
 KINSHIPJ           8
 MUTUALIS         127            10
 EXCHANGE         128           129            13
 HAWKJ            130           131           132            17
 DOVEJ            133           134           135           136            22
 DIVISION         137           138           139           140           141
 POSSESSI         142           143           144           145           146


           THETA
              DIVISION      POSSESSI
              ________      ________
 DIVISION          28
 POSSESSI         147            35


     PARAMETER SPECIFICATION FOR LATENT CLASS 6


           NU
              KINSHIPJ      MUTUALIS      EXCHANGE      HAWKJ         DOVEJ
              ________      ________      ________      ________      ________
                  148           149           150           151           152


           NU
              DIVISION      POSSESSI
              ________      ________
                  153           154


           THETA
              KINSHIPJ      MUTUALIS      EXCHANGE      HAWKJ         DOVEJ
              ________      ________      ________      ________      ________
 KINSHIPJ           8
 MUTUALIS         155            10
 EXCHANGE         156           157            13
 HAWKJ            158           159           160            17
 DOVEJ            161           162           163           164            22
 DIVISION         165           166           167           168           169
 POSSESSI         170           171           172           173           174


           THETA
              DIVISION      POSSESSI
              ________      ________
 DIVISION          28
 POSSESSI         175            35


     PARAMETER SPECIFICATION FOR LATENT CLASS 7


           NU
              KINSHIPJ      MUTUALIS      EXCHANGE      HAWKJ         DOVEJ
              ________      ________      ________      ________      ________
                  176           177           178           179           180


           NU
              DIVISION      POSSESSI
              ________      ________
                  181           182


           THETA
              KINSHIPJ      MUTUALIS      EXCHANGE      HAWKJ         DOVEJ
              ________      ________      ________      ________      ________
 KINSHIPJ           8
 MUTUALIS         183            10
 EXCHANGE         184           185            13
 HAWKJ            186           187           188            17
 DOVEJ            189           190           191           192            22
 DIVISION         193           194           195           196           197
 POSSESSI         198           199           200           201           202


           THETA
              DIVISION      POSSESSI
              ________      ________
 DIVISION          28
 POSSESSI         203            35


     PARAMETER SPECIFICATION FOR LATENT CLASS 8


           NU
              KINSHIPJ      MUTUALIS      EXCHANGE      HAWKJ         DOVEJ
              ________      ________      ________      ________      ________
                  204           205           206           207           208


           NU
              DIVISION      POSSESSI
              ________      ________
                  209           210


           THETA
              KINSHIPJ      MUTUALIS      EXCHANGE      HAWKJ         DOVEJ
              ________      ________      ________      ________      ________
 KINSHIPJ           8
 MUTUALIS         211            10
 EXCHANGE         212           213            13
 HAWKJ            214           215           216            17
 DOVEJ            217           218           219           220            22
 DIVISION         221           222           223           224           225
 POSSESSI         226           227           228           229           230


           THETA
              DIVISION      POSSESSI
              ________      ________
 DIVISION          28
 POSSESSI         231            35


     PARAMETER SPECIFICATION FOR LATENT CLASS REGRESSION MODEL PART


           ALPHA(C)
              C1#1          C1#2          C1#3          C1#4          C1#5
              ________      ________      ________      ________      ________
                  232           233           234           235           236


           ALPHA(C)
              C1#6          C1#7          C1#8
              ________      ________      ________
                  237           238             0


     STARTING VALUES FOR LATENT CLASS 1


           NU
              KINSHIPJ      MUTUALIS      EXCHANGE      HAWKJ         DOVEJ
              ________      ________      ________      ________      ________
               36.949        37.238        49.273        33.897        22.805


           NU
              DIVISION      POSSESSI
              ________      ________
               38.682         8.541


           THETA
              KINSHIPJ      MUTUALIS      EXCHANGE      HAWKJ         DOVEJ
              ________      ________      ________      ________      ________
 KINSHIPJ     121.626
 MUTUALIS       0.000        92.239
 EXCHANGE       0.000         0.000        63.634
 HAWKJ          0.000         0.000         0.000       125.455
 DOVEJ          0.000         0.000         0.000         0.000       122.308
 DIVISION       0.000         0.000         0.000         0.000         0.000
 POSSESSI       0.000         0.000         0.000         0.000         0.000


           THETA
              DIVISION      POSSESSI
              ________      ________
 DIVISION     121.504
 POSSESSI       0.000       117.219


     STARTING VALUES FOR LATENT CLASS 2


           NU
              KINSHIPJ      MUTUALIS      EXCHANGE      HAWKJ         DOVEJ
              ________      ________      ________      ________      ________
               52.546        50.820        60.555        49.737        38.446


           NU
              DIVISION      POSSESSI
              ________      ________
               54.271        23.853


           THETA
              KINSHIPJ      MUTUALIS      EXCHANGE      HAWKJ         DOVEJ
              ________      ________      ________      ________      ________
 KINSHIPJ     121.626
 MUTUALIS       0.000        92.239
 EXCHANGE       0.000         0.000        63.634
 HAWKJ          0.000         0.000         0.000       125.455
 DOVEJ          0.000         0.000         0.000         0.000       122.308
 DIVISION       0.000         0.000         0.000         0.000         0.000
 POSSESSI       0.000         0.000         0.000         0.000         0.000


           THETA
              DIVISION      POSSESSI
              ________      ________
 DIVISION     121.504
 POSSESSI       0.000       117.219


     STARTING VALUES FOR LATENT CLASS 3


           NU
              KINSHIPJ      MUTUALIS      EXCHANGE      HAWKJ         DOVEJ
              ________      ________      ________      ________      ________
               68.142        64.403        71.836        65.577        54.086


           NU
              DIVISION      POSSESSI
              ________      ________
               69.860        39.164


           THETA
              KINSHIPJ      MUTUALIS      EXCHANGE      HAWKJ         DOVEJ
              ________      ________      ________      ________      ________
 KINSHIPJ     121.626
 MUTUALIS       0.000        92.239
 EXCHANGE       0.000         0.000        63.634
 HAWKJ          0.000         0.000         0.000       125.455
 DOVEJ          0.000         0.000         0.000         0.000       122.308
 DIVISION       0.000         0.000         0.000         0.000         0.000
 POSSESSI       0.000         0.000         0.000         0.000         0.000


           THETA
              DIVISION      POSSESSI
              ________      ________
 DIVISION     121.504
 POSSESSI       0.000       117.219


     STARTING VALUES FOR LATENT CLASS 4


           NU
              KINSHIPJ      MUTUALIS      EXCHANGE      HAWKJ         DOVEJ
              ________      ________      ________      ________      ________
               68.142        64.403        71.836        65.577        54.086


           NU
              DIVISION      POSSESSI
              ________      ________
               69.860        39.164


           THETA
              KINSHIPJ      MUTUALIS      EXCHANGE      HAWKJ         DOVEJ
              ________      ________      ________      ________      ________
 KINSHIPJ     121.626
 MUTUALIS       0.000        92.239
 EXCHANGE       0.000         0.000        63.634
 HAWKJ          0.000         0.000         0.000       125.455
 DOVEJ          0.000         0.000         0.000         0.000       122.308
 DIVISION       0.000         0.000         0.000         0.000         0.000
 POSSESSI       0.000         0.000         0.000         0.000         0.000


           THETA
              DIVISION      POSSESSI
              ________      ________
 DIVISION     121.504
 POSSESSI       0.000       117.219


     STARTING VALUES FOR LATENT CLASS 5


           NU
              KINSHIPJ      MUTUALIS      EXCHANGE      HAWKJ         DOVEJ
              ________      ________      ________      ________      ________
               68.142        64.403        71.836        65.577        54.086


           NU
              DIVISION      POSSESSI
              ________      ________
               69.860        39.164


           THETA
              KINSHIPJ      MUTUALIS      EXCHANGE      HAWKJ         DOVEJ
              ________      ________      ________      ________      ________
 KINSHIPJ     121.626
 MUTUALIS       0.000        92.239
 EXCHANGE       0.000         0.000        63.634
 HAWKJ          0.000         0.000         0.000       125.455
 DOVEJ          0.000         0.000         0.000         0.000       122.308
 DIVISION       0.000         0.000         0.000         0.000         0.000
 POSSESSI       0.000         0.000         0.000         0.000         0.000


           THETA
              DIVISION      POSSESSI
              ________      ________
 DIVISION     121.504
 POSSESSI       0.000       117.219


     STARTING VALUES FOR LATENT CLASS 6


           NU
              KINSHIPJ      MUTUALIS      EXCHANGE      HAWKJ         DOVEJ
              ________      ________      ________      ________      ________
               68.142        64.403        71.836        65.577        54.086


           NU
              DIVISION      POSSESSI
              ________      ________
               69.860        39.164


           THETA
              KINSHIPJ      MUTUALIS      EXCHANGE      HAWKJ         DOVEJ
              ________      ________      ________      ________      ________
 KINSHIPJ     121.626
 MUTUALIS       0.000        92.239
 EXCHANGE       0.000         0.000        63.634
 HAWKJ          0.000         0.000         0.000       125.455
 DOVEJ          0.000         0.000         0.000         0.000       122.308
 DIVISION       0.000         0.000         0.000         0.000         0.000
 POSSESSI       0.000         0.000         0.000         0.000         0.000


           THETA
              DIVISION      POSSESSI
              ________      ________
 DIVISION     121.504
 POSSESSI       0.000       117.219


     STARTING VALUES FOR LATENT CLASS 7


           NU
              KINSHIPJ      MUTUALIS      EXCHANGE      HAWKJ         DOVEJ
              ________      ________      ________      ________      ________
               83.739        77.985        83.117        81.417        69.726


           NU
              DIVISION      POSSESSI
              ________      ________
               85.448        54.475


           THETA
              KINSHIPJ      MUTUALIS      EXCHANGE      HAWKJ         DOVEJ
              ________      ________      ________      ________      ________
 KINSHIPJ     121.626
 MUTUALIS       0.000        92.239
 EXCHANGE       0.000         0.000        63.634
 HAWKJ          0.000         0.000         0.000       125.455
 DOVEJ          0.000         0.000         0.000         0.000       122.308
 DIVISION       0.000         0.000         0.000         0.000         0.000
 POSSESSI       0.000         0.000         0.000         0.000         0.000


           THETA
              DIVISION      POSSESSI
              ________      ________
 DIVISION     121.504
 POSSESSI       0.000       117.219


     STARTING VALUES FOR LATENT CLASS 8


           NU
              KINSHIPJ      MUTUALIS      EXCHANGE      HAWKJ         DOVEJ
              ________      ________      ________      ________      ________
               99.336        91.567        94.399        97.257        85.366


           NU
              DIVISION      POSSESSI
              ________      ________
              101.037        69.787


           THETA
              KINSHIPJ      MUTUALIS      EXCHANGE      HAWKJ         DOVEJ
              ________      ________      ________      ________      ________
 KINSHIPJ     121.626
 MUTUALIS       0.000        92.239
 EXCHANGE       0.000         0.000        63.634
 HAWKJ          0.000         0.000         0.000       125.455
 DOVEJ          0.000         0.000         0.000         0.000       122.308
 DIVISION       0.000         0.000         0.000         0.000         0.000
 POSSESSI       0.000         0.000         0.000         0.000         0.000


           THETA
              DIVISION      POSSESSI
              ________      ________
 DIVISION     121.504
 POSSESSI       0.000       117.219


     STARTING VALUES FOR LATENT CLASS REGRESSION MODEL PART


           ALPHA(C)
              C1#1          C1#2          C1#3          C1#4          C1#5
              ________      ________      ________      ________      ________
                0.000         0.000         0.000         0.000         0.000


           ALPHA(C)
              C1#6          C1#7          C1#8
              ________      ________      ________
                0.000         0.000         0.000


TECHNICAL 14 OUTPUT

     Random Starts Specifications for the k-1 Class Analysis Model
        Number of initial stage random starts                  20
        Number of final stage optimizations                     4

     Random Starts Specification for the k-1 Class Model for Generated Data
        Number of initial stage random starts                   0
        Number of final stage optimizations for the
           initial stage random starts                          0
     Random Starts Specification for the k Class Model for Generated Data
        Number of initial stage random starts                  40
        Number of final stage optimizations                     8
     Number of bootstrap draws requested                   Varies


     PARAMETRIC BOOTSTRAPPED LIKELIHOOD RATIO TEST FOR 7 (H0) VERSUS 8 CLASSES

          H0 Loglikelihood Value                       -39280.503
          2 Times the Loglikelihood Difference             78.253
          Difference in the Number of Parameters               29
          Approximate P-Value                              0.0000
          Successful Bootstrap Draws                            1

     WARNING:  OF THE 1 BOOTSTRAP DRAWS, 68 DRAWS HAD BOTH A SMALLER LRT VALUE THAN THE
     OBSERVED LRT VALUE AND NOT A REPLICATED BEST LOGLIKELIHOOD VALUE FOR THE 8-CLASS MODEL.
     THIS MEANS THAT THE P-VALUE MAY NOT BE TRUSTWORTHY DUE TO LOCAL MAXIMA.
     INCREASE THE NUMBER OF RANDOM STARTS USING THE LRTSTARTS OPTION.


     WARNING:  99 OUT OF 100 BOOTSTRAP DRAWS DID NOT CONVERGE.
     THE P-VALUE MAY NOT BE TRUSTWORTHY.
     INCREASE THE NUMBER OF RANDOM STARTS USING THE LRTSTARTS OPTION.



SAVEDATA INFORMATION


  Save file
    model_5_class_8.dat

  Order and format of variables

    KINSHIPJ       F10.3
    MUTUALIS       F10.3
    EXCHANGE       F10.3
    HAWKJ          F10.3
    DOVEJ          F10.3
    DIVISION       F10.3
    POSSESSI       F10.3
    CPROB1         F10.3
    CPROB2         F10.3
    CPROB3         F10.3
    CPROB4         F10.3
    CPROB5         F10.3
    CPROB6         F10.3
    CPROB7         F10.3
    CPROB8         F10.3
    C1             F10.3

  Save file format
    16F10.3

  Save file record length    10000


     Beginning Time:  11:09:41
        Ending Time:  11:32:53
       Elapsed Time:  00:23:12



MUTHEN & MUTHEN
3463 Stoner Ave.
Los Angeles, CA  90066

Tel: (310) 391-9971
Fax: (310) 391-8971
Web: www.StatModel.com
Support: Support@StatModel.com

Copyright (c) 1998-2018 Muthen & Muthen
