Mplus VERSION 8.2 (Mac)
MUTHEN & MUTHEN
08/26/2020  10:13 AM

INPUT INSTRUCTIONS

  TITLE:
  model 3 with 6 classes
  DATA:
  FILE = "data_624dd70f9f561f2c8c991d291c51b950.dat";

  VARIABLE:
  NAMES = KinshipJ MutualismJ ExchangeJ HawkJ DoveJ DivisionJ PossessionJ;
   MISSING=.;
   CLASSES = c1(6);

  ANALYSIS:
  TYPE = mixture;

  MODEL:
  %c1#1%
  KinshipJ (vKinshipJ);
  MutualismJ (vMutualismJ);
  ExchangeJ (vExchangeJ);
  HawkJ (vHawkJ);
  DoveJ (vDoveJ);
  DivisionJ (vDivisionJ);
  PossessionJ (vPossessionJ);

  KinshipJ WITH MutualismJ (KinshipJWMutualismJ);
  KinshipJ WITH ExchangeJ (KinshipJWExchangeJ);
  KinshipJ WITH HawkJ (KinshipJWHawkJ);
  KinshipJ WITH DoveJ (KinshipJWDoveJ);
  KinshipJ WITH DivisionJ (KinshipJWDivisionJ);
  KinshipJ WITH PossessionJ (KinshipJWPossessionJ);
  MutualismJ WITH ExchangeJ (MutualismJWExchangeJ);
  MutualismJ WITH HawkJ (MutualismJWHawkJ);
  MutualismJ WITH DoveJ (MutualismJWDoveJ);
  MutualismJ WITH DivisionJ (MutualismJWDivisionJ);
  MutualismJ WITH PossessionJ (MutualismJWPossessionJ);
  ExchangeJ WITH HawkJ (ExchangeJWHawkJ);
  ExchangeJ WITH DoveJ (ExchangeJWDoveJ);
  ExchangeJ WITH DivisionJ (ExchangeJWDivisionJ);
  ExchangeJ WITH PossessionJ (ExchangeJWPossessionJ);
  HawkJ WITH DoveJ (HawkJWDoveJ);
  HawkJ WITH DivisionJ (HawkJWDivisionJ);
  HawkJ WITH PossessionJ (HawkJWPossessionJ);
  DoveJ WITH DivisionJ (DoveJWDivisionJ);
  DoveJ WITH PossessionJ (DoveJWPossessionJ);
  DivisionJ WITH PossessionJ (DivisionJWPossessionJ);

  %c1#2%
  KinshipJ (vKinshipJ);
  MutualismJ (vMutualismJ);
  ExchangeJ (vExchangeJ);
  HawkJ (vHawkJ);
  DoveJ (vDoveJ);
  DivisionJ (vDivisionJ);
  PossessionJ (vPossessionJ);

  KinshipJ WITH MutualismJ (KinshipJWMutualismJ);
  KinshipJ WITH ExchangeJ (KinshipJWExchangeJ);
  KinshipJ WITH HawkJ (KinshipJWHawkJ);
  KinshipJ WITH DoveJ (KinshipJWDoveJ);
  KinshipJ WITH DivisionJ (KinshipJWDivisionJ);
  KinshipJ WITH PossessionJ (KinshipJWPossessionJ);
  MutualismJ WITH ExchangeJ (MutualismJWExchangeJ);
  MutualismJ WITH HawkJ (MutualismJWHawkJ);
  MutualismJ WITH DoveJ (MutualismJWDoveJ);
  MutualismJ WITH DivisionJ (MutualismJWDivisionJ);
  MutualismJ WITH PossessionJ (MutualismJWPossessionJ);
  ExchangeJ WITH HawkJ (ExchangeJWHawkJ);
  ExchangeJ WITH DoveJ (ExchangeJWDoveJ);
  ExchangeJ WITH DivisionJ (ExchangeJWDivisionJ);
  ExchangeJ WITH PossessionJ (ExchangeJWPossessionJ);
  HawkJ WITH DoveJ (HawkJWDoveJ);
  HawkJ WITH DivisionJ (HawkJWDivisionJ);
  HawkJ WITH PossessionJ (HawkJWPossessionJ);
  DoveJ WITH DivisionJ (DoveJWDivisionJ);
  DoveJ WITH PossessionJ (DoveJWPossessionJ);
  DivisionJ WITH PossessionJ (DivisionJWPossessionJ);

  %c1#3%
  KinshipJ (vKinshipJ);
  MutualismJ (vMutualismJ);
  ExchangeJ (vExchangeJ);
  HawkJ (vHawkJ);
  DoveJ (vDoveJ);
  DivisionJ (vDivisionJ);
  PossessionJ (vPossessionJ);

  KinshipJ WITH MutualismJ (KinshipJWMutualismJ);
  KinshipJ WITH ExchangeJ (KinshipJWExchangeJ);
  KinshipJ WITH HawkJ (KinshipJWHawkJ);
  KinshipJ WITH DoveJ (KinshipJWDoveJ);
  KinshipJ WITH DivisionJ (KinshipJWDivisionJ);
  KinshipJ WITH PossessionJ (KinshipJWPossessionJ);
  MutualismJ WITH ExchangeJ (MutualismJWExchangeJ);
  MutualismJ WITH HawkJ (MutualismJWHawkJ);
  MutualismJ WITH DoveJ (MutualismJWDoveJ);
  MutualismJ WITH DivisionJ (MutualismJWDivisionJ);
  MutualismJ WITH PossessionJ (MutualismJWPossessionJ);
  ExchangeJ WITH HawkJ (ExchangeJWHawkJ);
  ExchangeJ WITH DoveJ (ExchangeJWDoveJ);
  ExchangeJ WITH DivisionJ (ExchangeJWDivisionJ);
  ExchangeJ WITH PossessionJ (ExchangeJWPossessionJ);
  HawkJ WITH DoveJ (HawkJWDoveJ);
  HawkJ WITH DivisionJ (HawkJWDivisionJ);
  HawkJ WITH PossessionJ (HawkJWPossessionJ);
  DoveJ WITH DivisionJ (DoveJWDivisionJ);
  DoveJ WITH PossessionJ (DoveJWPossessionJ);
  DivisionJ WITH PossessionJ (DivisionJWPossessionJ);

  %c1#4%
  KinshipJ (vKinshipJ);
  MutualismJ (vMutualismJ);
  ExchangeJ (vExchangeJ);
  HawkJ (vHawkJ);
  DoveJ (vDoveJ);
  DivisionJ (vDivisionJ);
  PossessionJ (vPossessionJ);

  KinshipJ WITH MutualismJ (KinshipJWMutualismJ);
  KinshipJ WITH ExchangeJ (KinshipJWExchangeJ);
  KinshipJ WITH HawkJ (KinshipJWHawkJ);
  KinshipJ WITH DoveJ (KinshipJWDoveJ);
  KinshipJ WITH DivisionJ (KinshipJWDivisionJ);
  KinshipJ WITH PossessionJ (KinshipJWPossessionJ);
  MutualismJ WITH ExchangeJ (MutualismJWExchangeJ);
  MutualismJ WITH HawkJ (MutualismJWHawkJ);
  MutualismJ WITH DoveJ (MutualismJWDoveJ);
  MutualismJ WITH DivisionJ (MutualismJWDivisionJ);
  MutualismJ WITH PossessionJ (MutualismJWPossessionJ);
  ExchangeJ WITH HawkJ (ExchangeJWHawkJ);
  ExchangeJ WITH DoveJ (ExchangeJWDoveJ);
  ExchangeJ WITH DivisionJ (ExchangeJWDivisionJ);
  ExchangeJ WITH PossessionJ (ExchangeJWPossessionJ);
  HawkJ WITH DoveJ (HawkJWDoveJ);
  HawkJ WITH DivisionJ (HawkJWDivisionJ);
  HawkJ WITH PossessionJ (HawkJWPossessionJ);
  DoveJ WITH DivisionJ (DoveJWDivisionJ);
  DoveJ WITH PossessionJ (DoveJWPossessionJ);
  DivisionJ WITH PossessionJ (DivisionJWPossessionJ);

  %c1#5%
  KinshipJ (vKinshipJ);
  MutualismJ (vMutualismJ);
  ExchangeJ (vExchangeJ);
  HawkJ (vHawkJ);
  DoveJ (vDoveJ);
  DivisionJ (vDivisionJ);
  PossessionJ (vPossessionJ);

  KinshipJ WITH MutualismJ (KinshipJWMutualismJ);
  KinshipJ WITH ExchangeJ (KinshipJWExchangeJ);
  KinshipJ WITH HawkJ (KinshipJWHawkJ);
  KinshipJ WITH DoveJ (KinshipJWDoveJ);
  KinshipJ WITH DivisionJ (KinshipJWDivisionJ);
  KinshipJ WITH PossessionJ (KinshipJWPossessionJ);
  MutualismJ WITH ExchangeJ (MutualismJWExchangeJ);
  MutualismJ WITH HawkJ (MutualismJWHawkJ);
  MutualismJ WITH DoveJ (MutualismJWDoveJ);
  MutualismJ WITH DivisionJ (MutualismJWDivisionJ);
  MutualismJ WITH PossessionJ (MutualismJWPossessionJ);
  ExchangeJ WITH HawkJ (ExchangeJWHawkJ);
  ExchangeJ WITH DoveJ (ExchangeJWDoveJ);
  ExchangeJ WITH DivisionJ (ExchangeJWDivisionJ);
  ExchangeJ WITH PossessionJ (ExchangeJWPossessionJ);
  HawkJ WITH DoveJ (HawkJWDoveJ);
  HawkJ WITH DivisionJ (HawkJWDivisionJ);
  HawkJ WITH PossessionJ (HawkJWPossessionJ);
  DoveJ WITH DivisionJ (DoveJWDivisionJ);
  DoveJ WITH PossessionJ (DoveJWPossessionJ);
  DivisionJ WITH PossessionJ (DivisionJWPossessionJ);

  %c1#6%
  KinshipJ (vKinshipJ);
  MutualismJ (vMutualismJ);
  ExchangeJ (vExchangeJ);
  HawkJ (vHawkJ);
  DoveJ (vDoveJ);
  DivisionJ (vDivisionJ);
  PossessionJ (vPossessionJ);

  KinshipJ WITH MutualismJ (KinshipJWMutualismJ);
  KinshipJ WITH ExchangeJ (KinshipJWExchangeJ);
  KinshipJ WITH HawkJ (KinshipJWHawkJ);
  KinshipJ WITH DoveJ (KinshipJWDoveJ);
  KinshipJ WITH DivisionJ (KinshipJWDivisionJ);
  KinshipJ WITH PossessionJ (KinshipJWPossessionJ);
  MutualismJ WITH ExchangeJ (MutualismJWExchangeJ);
  MutualismJ WITH HawkJ (MutualismJWHawkJ);
  MutualismJ WITH DoveJ (MutualismJWDoveJ);
  MutualismJ WITH DivisionJ (MutualismJWDivisionJ);
  MutualismJ WITH PossessionJ (MutualismJWPossessionJ);
  ExchangeJ WITH HawkJ (ExchangeJWHawkJ);
  ExchangeJ WITH DoveJ (ExchangeJWDoveJ);
  ExchangeJ WITH DivisionJ (ExchangeJWDivisionJ);
  ExchangeJ WITH PossessionJ (ExchangeJWPossessionJ);
  HawkJ WITH DoveJ (HawkJWDoveJ);
  HawkJ WITH DivisionJ (HawkJWDivisionJ);
  HawkJ WITH PossessionJ (HawkJWPossessionJ);
  DoveJ WITH DivisionJ (DoveJWDivisionJ);
  DoveJ WITH PossessionJ (DoveJWPossessionJ);
  DivisionJ WITH PossessionJ (DivisionJWPossessionJ);


  OUTPUT:
  TECH14;

  SAVEDATA:
  FILE IS model_3_class_6.dat;
  SAVE = cprobabilities;



*** WARNING in VARIABLE command
  Note that only the first 8 characters of variable names are used in the output.
  Shorten variable names to avoid any confusion.
*** WARNING in MODEL command
  All variables are uncorrelated with all other variables within class.
  Check that this is what is intended.
   2 WARNING(S) FOUND IN THE INPUT INSTRUCTIONS




model 3 with 6 classes

SUMMARY OF ANALYSIS

Number of groups                                                 1
Number of observations                                        1392

Number of dependent variables                                    7
Number of independent variables                                  0
Number of continuous latent variables                            0
Number of categorical latent variables                           1

Observed dependent variables

  Continuous
   KINSHIPJ    MUTUALISMJ  EXCHANGEJ   HAWKJ       DOVEJ       DIVISIONJ
   POSSESSION

Categorical latent variables
   C1


Estimator                                                      MLR
Information matrix                                        OBSERVED
Optimization Specifications for the Quasi-Newton Algorithm for
Continuous Outcomes
  Maximum number of iterations                                 100
  Convergence criterion                                  0.100D-05
Optimization Specifications for the EM Algorithm
  Maximum number of iterations                                 500
  Convergence criteria
    Loglikelihood change                                 0.100D-06
    Relative loglikelihood change                        0.100D-06
    Derivative                                           0.100D-05
Optimization Specifications for the M step of the EM Algorithm for
Categorical Latent variables
  Number of M step iterations                                    1
  M step convergence criterion                           0.100D-05
  Basis for M step termination                           ITERATION
Optimization Specifications for the M step of the EM Algorithm for
Censored, Binary or Ordered Categorical (Ordinal), Unordered
Categorical (Nominal) and Count Outcomes
  Number of M step iterations                                    1
  M step convergence criterion                           0.100D-05
  Basis for M step termination                           ITERATION
  Maximum value for logit thresholds                            15
  Minimum value for logit thresholds                           -15
  Minimum expected cell size for chi-square              0.100D-01
Maximum number of iterations for H1                           2000
Convergence criterion for H1                             0.100D-03
Optimization algorithm                                         EMA
Random Starts Specifications
  Number of initial stage random starts                         20
  Number of final stage optimizations                            4
  Number of initial stage iterations                            10
  Initial stage convergence criterion                    0.100D+01
  Random starts scale                                    0.500D+01
  Random seed for generating random starts                       0

Input data file(s)
  data_624dd70f9f561f2c8c991d291c51b950.dat
Input data format  FREE


SUMMARY OF DATA

     Number of missing data patterns             1
     Number of y missing data patterns           1
     Number of u missing data patterns           0


COVARIANCE COVERAGE OF DATA

Minimum covariance coverage value   0.100


     PROPORTION OF DATA PRESENT FOR Y


           Covariance Coverage
              KINSHIPJ      MUTUALIS      EXCHANGE      HAWKJ         DOVEJ
              ________      ________      ________      ________      ________
 KINSHIPJ       1.000
 MUTUALIS       1.000         1.000
 EXCHANGE       1.000         1.000         1.000
 HAWKJ          1.000         1.000         1.000         1.000
 DOVEJ          1.000         1.000         1.000         1.000         1.000
 DIVISION       1.000         1.000         1.000         1.000         1.000
 POSSESSI       1.000         1.000         1.000         1.000         1.000


           Covariance Coverage
              DIVISION      POSSESSI
              ________      ________
 DIVISION       1.000
 POSSESSI       1.000         1.000



UNIVARIATE SAMPLE STATISTICS


     UNIVARIATE HIGHER-ORDER MOMENT DESCRIPTIVE STATISTICS

         Variable/         Mean/     Skewness/   Minimum/ % with                Percentiles
        Sample Size      Variance    Kurtosis    Maximum  Min/Max      20%/60%    40%/80%    Median

     KINSHIPJ             68.142      -0.400      12.667    0.07%      55.333     64.667     69.000
            1392.000     243.252      -0.028      99.333    0.07%      73.000     82.000
     MUTUALISMJ           64.403      -0.398      11.000    0.07%      53.000     61.667     65.000
            1392.000     184.479       0.162      96.000    0.07%      68.333     76.333
     EXCHANGEJ            71.836      -0.357      32.667    0.07%      62.667     69.667     72.667
            1392.000     127.269       0.056      98.000    0.14%      75.333     81.333
     HAWKJ                65.577      -0.286      11.000    0.07%      52.333     61.667     66.000
            1392.000     250.911      -0.258      99.667    0.14%      70.333     80.000
     DOVEJ                54.086      -0.377       2.000    0.07%      41.000     51.333     55.167
            1392.000     244.615      -0.092      92.333    0.07%      59.000     68.000
     DIVISIONJ            69.860      -0.574       6.333    0.07%      57.333     67.000     71.333
            1392.000     243.008       0.243     100.000    0.29%      75.333     83.000
     POSSESSIONJ          39.164       0.105       1.667    0.07%      26.000     35.000     39.333
            1392.000     234.437      -0.117      95.333    0.07%      43.000     52.000

RANDOM STARTS RESULTS RANKED FROM THE BEST TO THE WORST LOGLIKELIHOOD VALUES

Final stage loglikelihood values at local maxima, seeds, and initial stage start numbers:

          -39433.728  939021           8
          -39435.471  27071            15
          -39437.078  533738           11
          -39444.837  107446           12



     WARNING:  THE BEST LOGLIKELIHOOD VALUE WAS NOT REPLICATED.  THE
     SOLUTION MAY NOT BE TRUSTWORTHY DUE TO LOCAL MAXIMA.  INCREASE THE
     NUMBER OF RANDOM STARTS.


THE MODEL ESTIMATION TERMINATED NORMALLY



MODEL FIT INFORMATION

Number of Free Parameters                       75

Loglikelihood

          H0 Value                      -39433.728
          H0 Scaling Correction Factor      1.1759
            for MLR

Information Criteria

          Akaike (AIC)                   79017.457
          Bayesian (BIC)                 79410.344
          Sample-Size Adjusted BIC       79172.098
            (n* = (n + 2) / 24)



FINAL CLASS COUNTS AND PROPORTIONS FOR THE LATENT CLASSES
BASED ON THE ESTIMATED MODEL

    Latent
   Classes

       1        115.17438          0.08274
       2         42.90497          0.03082
       3         37.93291          0.02725
       4          7.87326          0.00566
       5       1065.03909          0.76511
       6        123.07539          0.08842


FINAL CLASS COUNTS AND PROPORTIONS FOR THE LATENT CLASSES
BASED ON ESTIMATED POSTERIOR PROBABILITIES

    Latent
   Classes

       1        115.17438          0.08274
       2         42.90497          0.03082
       3         37.93291          0.02725
       4          7.87326          0.00566
       5       1065.03909          0.76511
       6        123.07539          0.08842


FINAL CLASS COUNTS AND PROPORTIONS FOR THE LATENT CLASSES
BASED ON THEIR MOST LIKELY LATENT CLASS MEMBERSHIP

Class Counts and Proportions

    Latent
   Classes

       1               87          0.06250
       2               26          0.01868
       3               29          0.02083
       4                7          0.00503
       5             1157          0.83118
       6               86          0.06178


CLASSIFICATION QUALITY

     Entropy                         0.794


Average Latent Class Probabilities for Most Likely Latent Class Membership (Row)
by Latent Class (Column)

           1        2        3        4        5        6

    1   0.806    0.001    0.020    0.000    0.167    0.007
    2   0.000    0.744    0.035    0.002    0.205    0.014
    3   0.022    0.048    0.812    0.000    0.118    0.000
    4   0.001    0.002    0.000    0.892    0.103    0.001
    5   0.038    0.019    0.010    0.001    0.882    0.050
    6   0.002    0.004    0.000    0.000    0.244    0.750


Classification Probabilities for the Most Likely Latent Class Membership (Column)
by Latent Class (Row)

           1        2        3        4        5        6

    1   0.608    0.000    0.006    0.000    0.385    0.001
    2   0.001    0.451    0.033    0.000    0.506    0.009
    3   0.045    0.024    0.621    0.000    0.310    0.000
    4   0.000    0.007    0.000    0.793    0.198    0.002
    5   0.014    0.005    0.003    0.001    0.958    0.020
    6   0.005    0.003    0.000    0.000    0.468    0.524


Logits for the Classification Probabilities for the Most Likely Latent Class Membership (Column)
by Latent Class (Row)

              1        2        3        4        5        6

    1      6.252   -2.418    1.549   -2.734    5.794    0.000
    2     -1.828    3.933    1.307   -3.086    4.046    0.000
    3      7.901    7.256   10.515    0.223    9.821    0.000
    4     -3.375    1.281   -2.288    6.026    4.637    0.000
    5     -0.366   -1.371   -1.814   -3.370    3.885    0.000
    6     -4.678   -5.211  -11.031   -9.253   -0.113    0.000


MODEL RESULTS

                                                    Two-Tailed
                    Estimate       S.E.  Est./S.E.    P-Value

Latent Class 1

 KINSHIPJ WITH
    MUTUALISMJ        40.814      7.172      5.691      0.000
    EXCHANGEJ         58.293     12.635      4.614      0.000
    HAWKJ             54.780      8.238      6.650      0.000
    DOVEJ             54.343      7.397      7.346      0.000
    DIVISIONJ         25.736      8.426      3.054      0.002
    POSSESSION        -1.904      6.700     -0.284      0.776

 MUTUALIS WITH
    EXCHANGEJ         50.858     10.195      4.989      0.000
    HAWKJ             31.599      8.186      3.860      0.000
    DOVEJ             33.296      6.760      4.925      0.000
    DIVISIONJ         39.913     10.192      3.916      0.000
    POSSESSION        -7.431      5.494     -1.353      0.176

 EXCHANGE WITH
    HAWKJ             28.691     11.506      2.493      0.013
    DOVEJ             26.962      8.230      3.276      0.001
    DIVISIONJ         32.841      7.709      4.260      0.000
    POSSESSION        -1.002      6.515     -0.154      0.878

 HAWKJ    WITH
    DOVEJ             47.076      7.364      6.393      0.000
    DIVISIONJ         40.218      9.319      4.316      0.000
    POSSESSION         0.451      7.490      0.060      0.952

 DOVEJ    WITH
    DIVISIONJ          9.624      8.616      1.117      0.264
    POSSESSION        -8.710      6.646     -1.310      0.190

 DIVISION WITH
    POSSESSION        14.046      7.153      1.964      0.050

 Means
    KINSHIPJ          71.535      2.936     24.362      0.000
    MUTUALISMJ        61.105      4.051     15.082      0.000
    EXCHANGEJ         74.954      2.556     29.330      0.000
    HAWKJ             68.588      3.234     21.205      0.000
    DOVEJ             56.597      3.676     15.396      0.000
    DIVISIONJ         42.221      3.406     12.398      0.000
    POSSESSION        34.053      3.341     10.193      0.000

 Variances
    KINSHIPJ         198.735     10.883     18.261      0.000
    MUTUALISMJ       173.491      7.692     22.556      0.000
    EXCHANGEJ         97.608     12.370      7.891      0.000
    HAWKJ            226.669     11.108     20.406      0.000
    DOVEJ            233.710      9.484     24.642      0.000
    DIVISIONJ        169.422     13.531     12.521      0.000
    POSSESSION       231.491      8.793     26.326      0.000

Latent Class 2

 KINSHIPJ WITH
    MUTUALISMJ        40.814      7.172      5.691      0.000
    EXCHANGEJ         58.293     12.635      4.614      0.000
    HAWKJ             54.780      8.238      6.650      0.000
    DOVEJ             54.343      7.397      7.346      0.000
    DIVISIONJ         25.736      8.426      3.054      0.002
    POSSESSION        -1.904      6.700     -0.284      0.776

 MUTUALIS WITH
    EXCHANGEJ         50.858     10.195      4.989      0.000
    HAWKJ             31.599      8.186      3.860      0.000
    DOVEJ             33.296      6.760      4.925      0.000
    DIVISIONJ         39.913     10.192      3.916      0.000
    POSSESSION        -7.431      5.494     -1.353      0.176

 EXCHANGE WITH
    HAWKJ             28.691     11.506      2.493      0.013
    DOVEJ             26.962      8.230      3.276      0.001
    DIVISIONJ         32.841      7.709      4.260      0.000
    POSSESSION        -1.002      6.515     -0.154      0.878

 HAWKJ    WITH
    DOVEJ             47.076      7.364      6.393      0.000
    DIVISIONJ         40.218      9.319      4.316      0.000
    POSSESSION         0.451      7.490      0.060      0.952

 DOVEJ    WITH
    DIVISIONJ          9.624      8.616      1.117      0.264
    POSSESSION        -8.710      6.646     -1.310      0.190

 DIVISION WITH
    POSSESSION        14.046      7.153      1.964      0.050

 Means
    KINSHIPJ          42.709      4.683      9.119      0.000
    MUTUALISMJ        61.088      4.795     12.740      0.000
    EXCHANGEJ         70.792      4.818     14.692      0.000
    HAWKJ             43.660      5.955      7.332      0.000
    DOVEJ             39.897      5.212      7.655      0.000
    DIVISIONJ         78.261      3.379     23.160      0.000
    POSSESSION        39.659      4.349      9.119      0.000

 Variances
    KINSHIPJ         198.735     10.883     18.261      0.000
    MUTUALISMJ       173.491      7.692     22.556      0.000
    EXCHANGEJ         97.608     12.370      7.891      0.000
    HAWKJ            226.669     11.108     20.406      0.000
    DOVEJ            233.710      9.484     24.642      0.000
    DIVISIONJ        169.422     13.531     12.521      0.000
    POSSESSION       231.491      8.793     26.326      0.000

Latent Class 3

 KINSHIPJ WITH
    MUTUALISMJ        40.814      7.172      5.691      0.000
    EXCHANGEJ         58.293     12.635      4.614      0.000
    HAWKJ             54.780      8.238      6.650      0.000
    DOVEJ             54.343      7.397      7.346      0.000
    DIVISIONJ         25.736      8.426      3.054      0.002
    POSSESSION        -1.904      6.700     -0.284      0.776

 MUTUALIS WITH
    EXCHANGEJ         50.858     10.195      4.989      0.000
    HAWKJ             31.599      8.186      3.860      0.000
    DOVEJ             33.296      6.760      4.925      0.000
    DIVISIONJ         39.913     10.192      3.916      0.000
    POSSESSION        -7.431      5.494     -1.353      0.176

 EXCHANGE WITH
    HAWKJ             28.691     11.506      2.493      0.013
    DOVEJ             26.962      8.230      3.276      0.001
    DIVISIONJ         32.841      7.709      4.260      0.000
    POSSESSION        -1.002      6.515     -0.154      0.878

 HAWKJ    WITH
    DOVEJ             47.076      7.364      6.393      0.000
    DIVISIONJ         40.218      9.319      4.316      0.000
    POSSESSION         0.451      7.490      0.060      0.952

 DOVEJ    WITH
    DIVISIONJ          9.624      8.616      1.117      0.264
    POSSESSION        -8.710      6.646     -1.310      0.190

 DIVISION WITH
    POSSESSION        14.046      7.153      1.964      0.050

 Means
    KINSHIPJ          40.694      5.551      7.331      0.000
    MUTUALISMJ        54.441      6.753      8.061      0.000
    EXCHANGEJ         79.545      1.822     43.662      0.000
    HAWKJ             68.209      5.577     12.230      0.000
    DOVEJ             43.109      3.286     13.119      0.000
    DIVISIONJ         62.320      6.060     10.284      0.000
    POSSESSION        43.868      3.250     13.497      0.000

 Variances
    KINSHIPJ         198.735     10.883     18.261      0.000
    MUTUALISMJ       173.491      7.692     22.556      0.000
    EXCHANGEJ         97.608     12.370      7.891      0.000
    HAWKJ            226.669     11.108     20.406      0.000
    DOVEJ            233.710      9.484     24.642      0.000
    DIVISIONJ        169.422     13.531     12.521      0.000
    POSSESSION       231.491      8.793     26.326      0.000

Latent Class 4

 KINSHIPJ WITH
    MUTUALISMJ        40.814      7.172      5.691      0.000
    EXCHANGEJ         58.293     12.635      4.614      0.000
    HAWKJ             54.780      8.238      6.650      0.000
    DOVEJ             54.343      7.397      7.346      0.000
    DIVISIONJ         25.736      8.426      3.054      0.002
    POSSESSION        -1.904      6.700     -0.284      0.776

 MUTUALIS WITH
    EXCHANGEJ         50.858     10.195      4.989      0.000
    HAWKJ             31.599      8.186      3.860      0.000
    DOVEJ             33.296      6.760      4.925      0.000
    DIVISIONJ         39.913     10.192      3.916      0.000
    POSSESSION        -7.431      5.494     -1.353      0.176

 EXCHANGE WITH
    HAWKJ             28.691     11.506      2.493      0.013
    DOVEJ             26.962      8.230      3.276      0.001
    DIVISIONJ         32.841      7.709      4.260      0.000
    POSSESSION        -1.002      6.515     -0.154      0.878

 HAWKJ    WITH
    DOVEJ             47.076      7.364      6.393      0.000
    DIVISIONJ         40.218      9.319      4.316      0.000
    POSSESSION         0.451      7.490      0.060      0.952

 DOVEJ    WITH
    DIVISIONJ          9.624      8.616      1.117      0.264
    POSSESSION        -8.710      6.646     -1.310      0.190

 DIVISION WITH
    POSSESSION        14.046      7.153      1.964      0.050

 Means
    KINSHIPJ          84.182      4.861     17.316      0.000
    MUTUALISMJ        36.135      7.667      4.713      0.000
    EXCHANGEJ         77.523      4.623     16.770      0.000
    HAWKJ             37.301      7.917      4.711      0.000
    DOVEJ             51.117      7.536      6.783      0.000
    DIVISIONJ         84.677      5.298     15.982      0.000
    POSSESSION        35.998      5.617      6.409      0.000

 Variances
    KINSHIPJ         198.735     10.883     18.261      0.000
    MUTUALISMJ       173.491      7.692     22.556      0.000
    EXCHANGEJ         97.608     12.370      7.891      0.000
    HAWKJ            226.669     11.108     20.406      0.000
    DOVEJ            233.710      9.484     24.642      0.000
    DIVISIONJ        169.422     13.531     12.521      0.000
    POSSESSION       231.491      8.793     26.326      0.000

Latent Class 5

 KINSHIPJ WITH
    MUTUALISMJ        40.814      7.172      5.691      0.000
    EXCHANGEJ         58.293     12.635      4.614      0.000
    HAWKJ             54.780      8.238      6.650      0.000
    DOVEJ             54.343      7.397      7.346      0.000
    DIVISIONJ         25.736      8.426      3.054      0.002
    POSSESSION        -1.904      6.700     -0.284      0.776

 MUTUALIS WITH
    EXCHANGEJ         50.858     10.195      4.989      0.000
    HAWKJ             31.599      8.186      3.860      0.000
    DOVEJ             33.296      6.760      4.925      0.000
    DIVISIONJ         39.913     10.192      3.916      0.000
    POSSESSION        -7.431      5.494     -1.353      0.176

 EXCHANGE WITH
    HAWKJ             28.691     11.506      2.493      0.013
    DOVEJ             26.962      8.230      3.276      0.001
    DIVISIONJ         32.841      7.709      4.260      0.000
    POSSESSION        -1.002      6.515     -0.154      0.878

 HAWKJ    WITH
    DOVEJ             47.076      7.364      6.393      0.000
    DIVISIONJ         40.218      9.319      4.316      0.000
    POSSESSION         0.451      7.490      0.060      0.952

 DOVEJ    WITH
    DIVISIONJ          9.624      8.616      1.117      0.264
    POSSESSION        -8.710      6.646     -1.310      0.190

 DIVISION WITH
    POSSESSION        14.046      7.153      1.964      0.050

 Means
    KINSHIPJ          69.594      0.748     93.099      0.000
    MUTUALISMJ        65.836      0.704     93.545      0.000
    EXCHANGEJ         73.191      1.112     65.792      0.000
    HAWKJ             66.884      0.837     79.950      0.000
    DOVEJ             54.984      0.645     85.201      0.000
    DIVISIONJ         72.387      1.014     71.353      0.000
    POSSESSION        39.556      0.595     66.496      0.000

 Variances
    KINSHIPJ         198.735     10.883     18.261      0.000
    MUTUALISMJ       173.491      7.692     22.556      0.000
    EXCHANGEJ         97.608     12.370      7.891      0.000
    HAWKJ            226.669     11.108     20.406      0.000
    DOVEJ            233.710      9.484     24.642      0.000
    DIVISIONJ        169.422     13.531     12.521      0.000
    POSSESSION       231.491      8.793     26.326      0.000

Latent Class 6

 KINSHIPJ WITH
    MUTUALISMJ        40.814      7.172      5.691      0.000
    EXCHANGEJ         58.293     12.635      4.614      0.000
    HAWKJ             54.780      8.238      6.650      0.000
    DOVEJ             54.343      7.397      7.346      0.000
    DIVISIONJ         25.736      8.426      3.054      0.002
    POSSESSION        -1.904      6.700     -0.284      0.776

 MUTUALIS WITH
    EXCHANGEJ         50.858     10.195      4.989      0.000
    HAWKJ             31.599      8.186      3.860      0.000
    DOVEJ             33.296      6.760      4.925      0.000
    DIVISIONJ         39.913     10.192      3.916      0.000
    POSSESSION        -7.431      5.494     -1.353      0.176

 EXCHANGE WITH
    HAWKJ             28.691     11.506      2.493      0.013
    DOVEJ             26.962      8.230      3.276      0.001
    DIVISIONJ         32.841      7.709      4.260      0.000
    POSSESSION        -1.002      6.515     -0.154      0.878

 HAWKJ    WITH
    DOVEJ             47.076      7.364      6.393      0.000
    DIVISIONJ         40.218      9.319      4.316      0.000
    POSSESSION         0.451      7.490      0.060      0.952

 DOVEJ    WITH
    DIVISIONJ          9.624      8.616      1.117      0.264
    POSSESSION        -8.710      6.646     -1.310      0.190

 DIVISION WITH
    POSSESSION        14.046      7.153      1.964      0.050

 Means
    KINSHIPJ          68.710      5.349     12.844      0.000
    MUTUALISMJ        61.121      3.593     17.013      0.000
    EXCHANGEJ         54.815      2.882     19.019      0.000
    HAWKJ             60.084      2.893     20.768      0.000
    DOVEJ             52.480      3.068     17.106      0.000
    DIVISIONJ         72.300      2.739     26.397      0.000
    POSSESSION        39.140      3.065     12.770      0.000

 Variances
    KINSHIPJ         198.735     10.883     18.261      0.000
    MUTUALISMJ       173.491      7.692     22.556      0.000
    EXCHANGEJ         97.608     12.370      7.891      0.000
    HAWKJ            226.669     11.108     20.406      0.000
    DOVEJ            233.710      9.484     24.642      0.000
    DIVISIONJ        169.422     13.531     12.521      0.000
    POSSESSION       231.491      8.793     26.326      0.000

Categorical Latent Variables

 Means
    C1#1              -0.066      0.788     -0.084      0.933
    C1#2              -1.054      0.973     -1.083      0.279
    C1#3              -1.177      0.839     -1.402      0.161
    C1#4              -2.749      0.835     -3.294      0.001
    C1#5               2.158      0.713      3.025      0.002


QUALITY OF NUMERICAL RESULTS

     Condition Number for the Information Matrix              0.850E-06
       (ratio of smallest to largest eigenvalue)


TECHNICAL 14 OUTPUT

     Random Starts Specifications for the k-1 Class Analysis Model
        Number of initial stage random starts                  20
        Number of final stage optimizations                     4

     Random Starts Specification for the k-1 Class Model for Generated Data
        Number of initial stage random starts                   0
        Number of final stage optimizations for the
           initial stage random starts                          0
     Random Starts Specification for the k Class Model for Generated Data
        Number of initial stage random starts                  40
        Number of final stage optimizations                     8
     Number of bootstrap draws requested                   Varies


     PARAMETRIC BOOTSTRAPPED LIKELIHOOD RATIO TEST FOR 5 (H0) VERSUS 6 CLASSES

          H0 Loglikelihood Value                       -39440.749
          2 Times the Loglikelihood Difference             14.041
          Difference in the Number of Parameters                8
          Approximate P-Value                              0.6667
          Successful Bootstrap Draws                            3


SAVEDATA INFORMATION


  Save file
    model_3_class_6.dat

  Order and format of variables

    KINSHIPJ       F10.3
    MUTUALIS       F10.3
    EXCHANGE       F10.3
    HAWKJ          F10.3
    DOVEJ          F10.3
    DIVISION       F10.3
    POSSESSI       F10.3
    CPROB1         F10.3
    CPROB2         F10.3
    CPROB3         F10.3
    CPROB4         F10.3
    CPROB5         F10.3
    CPROB6         F10.3
    C1             F10.3

  Save file format
    14F10.3

  Save file record length    10000


     Beginning Time:  10:13:04
        Ending Time:  10:13:13
       Elapsed Time:  00:00:09



MUTHEN & MUTHEN
3463 Stoner Ave.
Los Angeles, CA  90066

Tel: (310) 391-9971
Fax: (310) 391-8971
Web: www.StatModel.com
Support: Support@StatModel.com

Copyright (c) 1998-2018 Muthen & Muthen
