Mplus VERSION 8.2 (Mac)
MUTHEN & MUTHEN
08/26/2020  10:14 AM

INPUT INSTRUCTIONS

  TITLE:
  model 4 with 3 classes
  DATA:
  FILE = "data_624dd70f9f561f2c8c991d291c51b950.dat";

  VARIABLE:
  NAMES = KinshipJ MutualismJ ExchangeJ HawkJ DoveJ DivisionJ PossessionJ;
   MISSING=.;
   CLASSES = c1(3);

  ANALYSIS:
  TYPE = mixture;

  MODEL:
  %c1#1%
  KinshipJ (vKinshipJ1);
  MutualismJ (vMutualismJ1);
  ExchangeJ (vExchangeJ1);
  HawkJ (vHawkJ1);
  DoveJ (vDoveJ1);
  DivisionJ (vDivisionJ1);
  PossessionJ (vPossessionJ1);

  KinshipJ WITH MutualismJ (KinshipJWMutualismJ);
  KinshipJ WITH ExchangeJ (KinshipJWExchangeJ);
  KinshipJ WITH HawkJ (KinshipJWHawkJ);
  KinshipJ WITH DoveJ (KinshipJWDoveJ);
  KinshipJ WITH DivisionJ (KinshipJWDivisionJ);
  KinshipJ WITH PossessionJ (KinshipJWPossessionJ);
  MutualismJ WITH ExchangeJ (MutualismJWExchangeJ);
  MutualismJ WITH HawkJ (MutualismJWHawkJ);
  MutualismJ WITH DoveJ (MutualismJWDoveJ);
  MutualismJ WITH DivisionJ (MutualismJWDivisionJ);
  MutualismJ WITH PossessionJ (MutualismJWPossessionJ);
  ExchangeJ WITH HawkJ (ExchangeJWHawkJ);
  ExchangeJ WITH DoveJ (ExchangeJWDoveJ);
  ExchangeJ WITH DivisionJ (ExchangeJWDivisionJ);
  ExchangeJ WITH PossessionJ (ExchangeJWPossessionJ);
  HawkJ WITH DoveJ (HawkJWDoveJ);
  HawkJ WITH DivisionJ (HawkJWDivisionJ);
  HawkJ WITH PossessionJ (HawkJWPossessionJ);
  DoveJ WITH DivisionJ (DoveJWDivisionJ);
  DoveJ WITH PossessionJ (DoveJWPossessionJ);
  DivisionJ WITH PossessionJ (DivisionJWPossessionJ);

  %c1#2%
  KinshipJ (vKinshipJ2);
  MutualismJ (vMutualismJ2);
  ExchangeJ (vExchangeJ2);
  HawkJ (vHawkJ2);
  DoveJ (vDoveJ2);
  DivisionJ (vDivisionJ2);
  PossessionJ (vPossessionJ2);

  KinshipJ WITH MutualismJ (KinshipJWMutualismJ);
  KinshipJ WITH ExchangeJ (KinshipJWExchangeJ);
  KinshipJ WITH HawkJ (KinshipJWHawkJ);
  KinshipJ WITH DoveJ (KinshipJWDoveJ);
  KinshipJ WITH DivisionJ (KinshipJWDivisionJ);
  KinshipJ WITH PossessionJ (KinshipJWPossessionJ);
  MutualismJ WITH ExchangeJ (MutualismJWExchangeJ);
  MutualismJ WITH HawkJ (MutualismJWHawkJ);
  MutualismJ WITH DoveJ (MutualismJWDoveJ);
  MutualismJ WITH DivisionJ (MutualismJWDivisionJ);
  MutualismJ WITH PossessionJ (MutualismJWPossessionJ);
  ExchangeJ WITH HawkJ (ExchangeJWHawkJ);
  ExchangeJ WITH DoveJ (ExchangeJWDoveJ);
  ExchangeJ WITH DivisionJ (ExchangeJWDivisionJ);
  ExchangeJ WITH PossessionJ (ExchangeJWPossessionJ);
  HawkJ WITH DoveJ (HawkJWDoveJ);
  HawkJ WITH DivisionJ (HawkJWDivisionJ);
  HawkJ WITH PossessionJ (HawkJWPossessionJ);
  DoveJ WITH DivisionJ (DoveJWDivisionJ);
  DoveJ WITH PossessionJ (DoveJWPossessionJ);
  DivisionJ WITH PossessionJ (DivisionJWPossessionJ);

  %c1#3%
  KinshipJ (vKinshipJ3);
  MutualismJ (vMutualismJ3);
  ExchangeJ (vExchangeJ3);
  HawkJ (vHawkJ3);
  DoveJ (vDoveJ3);
  DivisionJ (vDivisionJ3);
  PossessionJ (vPossessionJ3);

  KinshipJ WITH MutualismJ (KinshipJWMutualismJ);
  KinshipJ WITH ExchangeJ (KinshipJWExchangeJ);
  KinshipJ WITH HawkJ (KinshipJWHawkJ);
  KinshipJ WITH DoveJ (KinshipJWDoveJ);
  KinshipJ WITH DivisionJ (KinshipJWDivisionJ);
  KinshipJ WITH PossessionJ (KinshipJWPossessionJ);
  MutualismJ WITH ExchangeJ (MutualismJWExchangeJ);
  MutualismJ WITH HawkJ (MutualismJWHawkJ);
  MutualismJ WITH DoveJ (MutualismJWDoveJ);
  MutualismJ WITH DivisionJ (MutualismJWDivisionJ);
  MutualismJ WITH PossessionJ (MutualismJWPossessionJ);
  ExchangeJ WITH HawkJ (ExchangeJWHawkJ);
  ExchangeJ WITH DoveJ (ExchangeJWDoveJ);
  ExchangeJ WITH DivisionJ (ExchangeJWDivisionJ);
  ExchangeJ WITH PossessionJ (ExchangeJWPossessionJ);
  HawkJ WITH DoveJ (HawkJWDoveJ);
  HawkJ WITH DivisionJ (HawkJWDivisionJ);
  HawkJ WITH PossessionJ (HawkJWPossessionJ);
  DoveJ WITH DivisionJ (DoveJWDivisionJ);
  DoveJ WITH PossessionJ (DoveJWPossessionJ);
  DivisionJ WITH PossessionJ (DivisionJWPossessionJ);


  OUTPUT:
  TECH14;

  SAVEDATA:
  FILE IS model_4_class_3.dat;
  SAVE = cprobabilities;



*** WARNING in VARIABLE command
  Note that only the first 8 characters of variable names are used in the output.
  Shorten variable names to avoid any confusion.
*** WARNING in MODEL command
  All variables are uncorrelated with all other variables within class.
  Check that this is what is intended.
   2 WARNING(S) FOUND IN THE INPUT INSTRUCTIONS




model 4 with 3 classes

SUMMARY OF ANALYSIS

Number of groups                                                 1
Number of observations                                        1392

Number of dependent variables                                    7
Number of independent variables                                  0
Number of continuous latent variables                            0
Number of categorical latent variables                           1

Observed dependent variables

  Continuous
   KINSHIPJ    MUTUALISMJ  EXCHANGEJ   HAWKJ       DOVEJ       DIVISIONJ
   POSSESSION

Categorical latent variables
   C1


Estimator                                                      MLR
Information matrix                                        OBSERVED
Optimization Specifications for the Quasi-Newton Algorithm for
Continuous Outcomes
  Maximum number of iterations                                 100
  Convergence criterion                                  0.100D-05
Optimization Specifications for the EM Algorithm
  Maximum number of iterations                                 500
  Convergence criteria
    Loglikelihood change                                 0.100D-06
    Relative loglikelihood change                        0.100D-06
    Derivative                                           0.100D-05
Optimization Specifications for the M step of the EM Algorithm for
Categorical Latent variables
  Number of M step iterations                                    1
  M step convergence criterion                           0.100D-05
  Basis for M step termination                           ITERATION
Optimization Specifications for the M step of the EM Algorithm for
Censored, Binary or Ordered Categorical (Ordinal), Unordered
Categorical (Nominal) and Count Outcomes
  Number of M step iterations                                    1
  M step convergence criterion                           0.100D-05
  Basis for M step termination                           ITERATION
  Maximum value for logit thresholds                            15
  Minimum value for logit thresholds                           -15
  Minimum expected cell size for chi-square              0.100D-01
Maximum number of iterations for H1                           2000
Convergence criterion for H1                             0.100D-03
Optimization algorithm                                         EMA
Random Starts Specifications
  Number of initial stage random starts                         20
  Number of final stage optimizations                            4
  Number of initial stage iterations                            10
  Initial stage convergence criterion                    0.100D+01
  Random starts scale                                    0.500D+01
  Random seed for generating random starts                       0

Input data file(s)
  data_624dd70f9f561f2c8c991d291c51b950.dat
Input data format  FREE


SUMMARY OF DATA

     Number of missing data patterns             1
     Number of y missing data patterns           1
     Number of u missing data patterns           0


COVARIANCE COVERAGE OF DATA

Minimum covariance coverage value   0.100


     PROPORTION OF DATA PRESENT FOR Y


           Covariance Coverage
              KINSHIPJ      MUTUALIS      EXCHANGE      HAWKJ         DOVEJ
              ________      ________      ________      ________      ________
 KINSHIPJ       1.000
 MUTUALIS       1.000         1.000
 EXCHANGE       1.000         1.000         1.000
 HAWKJ          1.000         1.000         1.000         1.000
 DOVEJ          1.000         1.000         1.000         1.000         1.000
 DIVISION       1.000         1.000         1.000         1.000         1.000
 POSSESSI       1.000         1.000         1.000         1.000         1.000


           Covariance Coverage
              DIVISION      POSSESSI
              ________      ________
 DIVISION       1.000
 POSSESSI       1.000         1.000



UNIVARIATE SAMPLE STATISTICS


     UNIVARIATE HIGHER-ORDER MOMENT DESCRIPTIVE STATISTICS

         Variable/         Mean/     Skewness/   Minimum/ % with                Percentiles
        Sample Size      Variance    Kurtosis    Maximum  Min/Max      20%/60%    40%/80%    Median

     KINSHIPJ             68.142      -0.400      12.667    0.07%      55.333     64.667     69.000
            1392.000     243.252      -0.028      99.333    0.07%      73.000     82.000
     MUTUALISMJ           64.403      -0.398      11.000    0.07%      53.000     61.667     65.000
            1392.000     184.479       0.162      96.000    0.07%      68.333     76.333
     EXCHANGEJ            71.836      -0.357      32.667    0.07%      62.667     69.667     72.667
            1392.000     127.269       0.056      98.000    0.14%      75.333     81.333
     HAWKJ                65.577      -0.286      11.000    0.07%      52.333     61.667     66.000
            1392.000     250.911      -0.258      99.667    0.14%      70.333     80.000
     DOVEJ                54.086      -0.377       2.000    0.07%      41.000     51.333     55.167
            1392.000     244.615      -0.092      92.333    0.07%      59.000     68.000
     DIVISIONJ            69.860      -0.574       6.333    0.07%      57.333     67.000     71.333
            1392.000     243.008       0.243     100.000    0.29%      75.333     83.000
     POSSESSIONJ          39.164       0.105       1.667    0.07%      26.000     35.000     39.333
            1392.000     234.437      -0.117      95.333    0.07%      43.000     52.000

RANDOM STARTS RESULTS RANKED FROM THE BEST TO THE WORST LOGLIKELIHOOD VALUES

Final stage loglikelihood values at local maxima, seeds, and initial stage start numbers:

          -39406.087  27071            15
          -39411.730  127215           9
          -39412.702  107446           12
          -39415.004  608496           4



     WARNING:  THE BEST LOGLIKELIHOOD VALUE WAS NOT REPLICATED.  THE
     SOLUTION MAY NOT BE TRUSTWORTHY DUE TO LOCAL MAXIMA.  INCREASE THE
     NUMBER OF RANDOM STARTS.


THE MODEL ESTIMATION TERMINATED NORMALLY



MODEL FIT INFORMATION

Number of Free Parameters                       65

Loglikelihood

          H0 Value                      -39406.087
          H0 Scaling Correction Factor      1.0493
            for MLR

Information Criteria

          Akaike (AIC)                   78942.174
          Bayesian (BIC)                 79282.676
          Sample-Size Adjusted BIC       79076.196
            (n* = (n + 2) / 24)



FINAL CLASS COUNTS AND PROPORTIONS FOR THE LATENT CLASSES
BASED ON THE ESTIMATED MODEL

    Latent
   Classes

       1        550.38347          0.39539
       2        213.26582          0.15321
       3        628.35071          0.45140


FINAL CLASS COUNTS AND PROPORTIONS FOR THE LATENT CLASSES
BASED ON ESTIMATED POSTERIOR PROBABILITIES

    Latent
   Classes

       1        550.38347          0.39539
       2        213.26582          0.15321
       3        628.35071          0.45140


FINAL CLASS COUNTS AND PROPORTIONS FOR THE LATENT CLASSES
BASED ON THEIR MOST LIKELY LATENT CLASS MEMBERSHIP

Class Counts and Proportions

    Latent
   Classes

       1              505          0.36279
       2              179          0.12859
       3              708          0.50862


CLASSIFICATION QUALITY

     Entropy                         0.465


Average Latent Class Probabilities for Most Likely Latent Class Membership (Row)
by Latent Class (Column)

           1        2        3

    1   0.786    0.049    0.165
    2   0.173    0.703    0.125
    3   0.173    0.089    0.739


Classification Probabilities for the Most Likely Latent Class Membership (Column)
by Latent Class (Row)

           1        2        3

    1   0.721    0.056    0.222
    2   0.116    0.590    0.294
    3   0.132    0.036    0.832


Logits for the Classification Probabilities for the Most Likely Latent Class Membership (Column)
by Latent Class (Row)

              1        2        3

    1      1.177   -1.377    0.000
    2     -0.928    0.696    0.000
    3     -1.839   -3.154    0.000


MODEL RESULTS

                                                    Two-Tailed
                    Estimate       S.E.  Est./S.E.    P-Value

Latent Class 1

 KINSHIPJ WITH
    MUTUALISMJ        32.458      8.678      3.740      0.000
    EXCHANGEJ         34.980      8.156      4.289      0.000
    HAWKJ             50.144     11.376      4.408      0.000
    DOVEJ             29.218      9.760      2.994      0.003
    DIVISIONJ         19.939      9.394      2.123      0.034
    POSSESSION         8.262      8.439      0.979      0.328

 MUTUALIS WITH
    EXCHANGEJ         43.379      6.400      6.778      0.000
    HAWKJ             19.813      9.110      2.175      0.030
    DOVEJ             13.514      6.186      2.185      0.029
    DIVISIONJ         30.354      7.891      3.847      0.000
    POSSESSION        -2.820      6.305     -0.447      0.655

 EXCHANGE WITH
    HAWKJ             31.306      7.868      3.979      0.000
    DOVEJ              4.667      5.367      0.869      0.385
    DIVISIONJ         26.298      7.480      3.516      0.000
    POSSESSION         8.613      6.059      1.422      0.155

 HAWKJ    WITH
    DOVEJ             38.913      9.060      4.295      0.000
    DIVISIONJ         13.332     10.209      1.306      0.192
    POSSESSION         3.530      7.165      0.493      0.622

 DOVEJ    WITH
    DIVISIONJ         -0.229      7.955     -0.029      0.977
    POSSESSION         5.755      8.649      0.665      0.506

 DIVISION WITH
    POSSESSION        19.340      7.681      2.518      0.012

 Means
    KINSHIPJ          60.869      1.144     53.216      0.000
    MUTUALISMJ        59.617      1.473     40.473      0.000
    EXCHANGEJ         67.520      0.873     77.356      0.000
    HAWKJ             61.076      1.492     40.929      0.000
    DOVEJ             45.252      1.943     23.293      0.000
    DIVISIONJ         67.022      1.429     46.912      0.000
    POSSESSION        41.339      1.274     32.438      0.000

 Variances
    KINSHIPJ         270.488     27.343      9.892      0.000
    MUTUALISMJ       203.800     20.510      9.936      0.000
    EXCHANGEJ        153.969     14.324     10.749      0.000
    HAWKJ            267.751     22.159     12.083      0.000
    DOVEJ            252.170     18.872     13.362      0.000
    DIVISIONJ        257.348     23.564     10.921      0.000
    POSSESSION       174.687     16.772     10.416      0.000

Latent Class 2

 KINSHIPJ WITH
    MUTUALISMJ        32.458      8.678      3.740      0.000
    EXCHANGEJ         34.980      8.156      4.289      0.000
    HAWKJ             50.144     11.376      4.408      0.000
    DOVEJ             29.218      9.760      2.994      0.003
    DIVISIONJ         19.939      9.394      2.123      0.034
    POSSESSION         8.262      8.439      0.979      0.328

 MUTUALIS WITH
    EXCHANGEJ         43.379      6.400      6.778      0.000
    HAWKJ             19.813      9.110      2.175      0.030
    DOVEJ             13.514      6.186      2.185      0.029
    DIVISIONJ         30.354      7.891      3.847      0.000
    POSSESSION        -2.820      6.305     -0.447      0.655

 EXCHANGE WITH
    HAWKJ             31.306      7.868      3.979      0.000
    DOVEJ              4.667      5.367      0.869      0.385
    DIVISIONJ         26.298      7.480      3.516      0.000
    POSSESSION         8.613      6.059      1.422      0.155

 HAWKJ    WITH
    DOVEJ             38.913      9.060      4.295      0.000
    DIVISIONJ         13.332     10.209      1.306      0.192
    POSSESSION         3.530      7.165      0.493      0.622

 DOVEJ    WITH
    DIVISIONJ         -0.229      7.955     -0.029      0.977
    POSSESSION         5.755      8.649      0.665      0.506

 DIVISION WITH
    POSSESSION        19.340      7.681      2.518      0.012

 Means
    KINSHIPJ          77.714      2.821     27.553      0.000
    MUTUALISMJ        62.929      1.925     32.688      0.000
    EXCHANGEJ         78.121      1.802     43.345      0.000
    HAWKJ             64.156      2.420     26.513      0.000
    DOVEJ             63.848      2.036     31.361      0.000
    DIVISIONJ         60.623      3.004     20.183      0.000
    POSSESSION        33.428      3.246     10.298      0.000

 Variances
    KINSHIPJ         139.515     33.468      4.169      0.000
    MUTUALISMJ       236.317     26.551      8.901      0.000
    EXCHANGEJ         84.563     14.201      5.955      0.000
    HAWKJ            317.133     46.481      6.823      0.000
    DOVEJ            131.134     26.871      4.880      0.000
    DIVISIONJ        366.293     45.973      7.968      0.000
    POSSESSION       250.870     58.016      4.324      0.000

Latent Class 3

 KINSHIPJ WITH
    MUTUALISMJ        32.458      8.678      3.740      0.000
    EXCHANGEJ         34.980      8.156      4.289      0.000
    HAWKJ             50.144     11.376      4.408      0.000
    DOVEJ             29.218      9.760      2.994      0.003
    DIVISIONJ         19.939      9.394      2.123      0.034
    POSSESSION         8.262      8.439      0.979      0.328

 MUTUALIS WITH
    EXCHANGEJ         43.379      6.400      6.778      0.000
    HAWKJ             19.813      9.110      2.175      0.030
    DOVEJ             13.514      6.186      2.185      0.029
    DIVISIONJ         30.354      7.891      3.847      0.000
    POSSESSION        -2.820      6.305     -0.447      0.655

 EXCHANGE WITH
    HAWKJ             31.306      7.868      3.979      0.000
    DOVEJ              4.667      5.367      0.869      0.385
    DIVISIONJ         26.298      7.480      3.516      0.000
    POSSESSION         8.613      6.059      1.422      0.155

 HAWKJ    WITH
    DOVEJ             38.913      9.060      4.295      0.000
    DIVISIONJ         13.332     10.209      1.306      0.192
    POSSESSION         3.530      7.165      0.493      0.622

 DOVEJ    WITH
    DIVISIONJ         -0.229      7.955     -0.029      0.977
    POSSESSION         5.755      8.649      0.665      0.506

 DIVISION WITH
    POSSESSION        19.340      7.681      2.518      0.012

 Means
    KINSHIPJ          71.265      1.859     38.343      0.000
    MUTUALISMJ        69.095      1.228     56.279      0.000
    EXCHANGEJ         73.484      1.284     57.226      0.000
    HAWKJ             70.002      1.745     40.111      0.000
    DOVEJ             58.510      1.643     35.613      0.000
    DIVISIONJ         75.480      1.587     47.562      0.000
    POSSESSION        39.206      1.079     36.337      0.000

 Variances
    KINSHIPJ         167.905     20.090      8.358      0.000
    MUTUALISMJ       107.577     10.545     10.202      0.000
    EXCHANGEJ         87.697     10.354      8.470      0.000
    HAWKJ            176.133     17.831      9.878      0.000
    DOVEJ            158.005     24.746      6.385      0.000
    DIVISIONJ        121.706     17.951      6.780      0.000
    POSSESSION       265.994     19.357     13.742      0.000

Categorical Latent Variables

 Means
    C1#1              -0.132      0.342     -0.387      0.699
    C1#2              -1.081      0.296     -3.652      0.000


QUALITY OF NUMERICAL RESULTS

     Condition Number for the Information Matrix              0.182E-05
       (ratio of smallest to largest eigenvalue)


TECHNICAL 14 OUTPUT

     Random Starts Specifications for the k-1 Class Analysis Model
        Number of initial stage random starts                  20
        Number of final stage optimizations                     4

     Random Starts Specification for the k-1 Class Model for Generated Data
        Number of initial stage random starts                   0
        Number of final stage optimizations for the
           initial stage random starts                          0
     Random Starts Specification for the k Class Model for Generated Data
        Number of initial stage random starts                  40
        Number of final stage optimizations                     8
     Number of bootstrap draws requested                   Varies


     PARAMETRIC BOOTSTRAPPED LIKELIHOOD RATIO TEST FOR 2 (H0) VERSUS 3 CLASSES

          H0 Loglikelihood Value                       -39444.186
          2 Times the Loglikelihood Difference             76.199
          Difference in the Number of Parameters               15
          Approximate P-Value                              0.0909
          Successful Bootstrap Draws                           66

     WARNING:  OF THE 66 BOOTSTRAP DRAWS, 50 DRAWS HAD BOTH A SMALLER LRT VALUE THAN THE
     OBSERVED LRT VALUE AND NOT A REPLICATED BEST LOGLIKELIHOOD VALUE FOR THE 3-CLASS MODEL.
     THIS MEANS THAT THE P-VALUE MAY NOT BE TRUSTWORTHY DUE TO LOCAL MAXIMA.
     INCREASE THE NUMBER OF RANDOM STARTS USING THE LRTSTARTS OPTION.



SAVEDATA INFORMATION


  Save file
    model_4_class_3.dat

  Order and format of variables

    KINSHIPJ       F10.3
    MUTUALIS       F10.3
    EXCHANGE       F10.3
    HAWKJ          F10.3
    DOVEJ          F10.3
    DIVISION       F10.3
    POSSESSI       F10.3
    CPROB1         F10.3
    CPROB2         F10.3
    CPROB3         F10.3
    C1             F10.3

  Save file format
    11F10.3

  Save file record length    10000


     Beginning Time:  10:14:18
        Ending Time:  10:15:39
       Elapsed Time:  00:01:21



MUTHEN & MUTHEN
3463 Stoner Ave.
Los Angeles, CA  90066

Tel: (310) 391-9971
Fax: (310) 391-8971
Web: www.StatModel.com
Support: Support@StatModel.com

Copyright (c) 1998-2018 Muthen & Muthen
