Mplus VERSION 8.2 (Mac)
MUTHEN & MUTHEN
08/26/2020  10:08 AM

INPUT INSTRUCTIONS

  TITLE:
  model 3 with 3 classes
  DATA:
  FILE = "data_624dd70f9f561f2c8c991d291c51b950.dat";

  VARIABLE:
  NAMES = KinshipJ MutualismJ ExchangeJ HawkJ DoveJ DivisionJ PossessionJ;
   MISSING=.;
   CLASSES = c1(3);

  ANALYSIS:
  TYPE = mixture;

  MODEL:
  %c1#1%
  KinshipJ (vKinshipJ);
  MutualismJ (vMutualismJ);
  ExchangeJ (vExchangeJ);
  HawkJ (vHawkJ);
  DoveJ (vDoveJ);
  DivisionJ (vDivisionJ);
  PossessionJ (vPossessionJ);

  KinshipJ WITH MutualismJ (KinshipJWMutualismJ);
  KinshipJ WITH ExchangeJ (KinshipJWExchangeJ);
  KinshipJ WITH HawkJ (KinshipJWHawkJ);
  KinshipJ WITH DoveJ (KinshipJWDoveJ);
  KinshipJ WITH DivisionJ (KinshipJWDivisionJ);
  KinshipJ WITH PossessionJ (KinshipJWPossessionJ);
  MutualismJ WITH ExchangeJ (MutualismJWExchangeJ);
  MutualismJ WITH HawkJ (MutualismJWHawkJ);
  MutualismJ WITH DoveJ (MutualismJWDoveJ);
  MutualismJ WITH DivisionJ (MutualismJWDivisionJ);
  MutualismJ WITH PossessionJ (MutualismJWPossessionJ);
  ExchangeJ WITH HawkJ (ExchangeJWHawkJ);
  ExchangeJ WITH DoveJ (ExchangeJWDoveJ);
  ExchangeJ WITH DivisionJ (ExchangeJWDivisionJ);
  ExchangeJ WITH PossessionJ (ExchangeJWPossessionJ);
  HawkJ WITH DoveJ (HawkJWDoveJ);
  HawkJ WITH DivisionJ (HawkJWDivisionJ);
  HawkJ WITH PossessionJ (HawkJWPossessionJ);
  DoveJ WITH DivisionJ (DoveJWDivisionJ);
  DoveJ WITH PossessionJ (DoveJWPossessionJ);
  DivisionJ WITH PossessionJ (DivisionJWPossessionJ);

  %c1#2%
  KinshipJ (vKinshipJ);
  MutualismJ (vMutualismJ);
  ExchangeJ (vExchangeJ);
  HawkJ (vHawkJ);
  DoveJ (vDoveJ);
  DivisionJ (vDivisionJ);
  PossessionJ (vPossessionJ);

  KinshipJ WITH MutualismJ (KinshipJWMutualismJ);
  KinshipJ WITH ExchangeJ (KinshipJWExchangeJ);
  KinshipJ WITH HawkJ (KinshipJWHawkJ);
  KinshipJ WITH DoveJ (KinshipJWDoveJ);
  KinshipJ WITH DivisionJ (KinshipJWDivisionJ);
  KinshipJ WITH PossessionJ (KinshipJWPossessionJ);
  MutualismJ WITH ExchangeJ (MutualismJWExchangeJ);
  MutualismJ WITH HawkJ (MutualismJWHawkJ);
  MutualismJ WITH DoveJ (MutualismJWDoveJ);
  MutualismJ WITH DivisionJ (MutualismJWDivisionJ);
  MutualismJ WITH PossessionJ (MutualismJWPossessionJ);
  ExchangeJ WITH HawkJ (ExchangeJWHawkJ);
  ExchangeJ WITH DoveJ (ExchangeJWDoveJ);
  ExchangeJ WITH DivisionJ (ExchangeJWDivisionJ);
  ExchangeJ WITH PossessionJ (ExchangeJWPossessionJ);
  HawkJ WITH DoveJ (HawkJWDoveJ);
  HawkJ WITH DivisionJ (HawkJWDivisionJ);
  HawkJ WITH PossessionJ (HawkJWPossessionJ);
  DoveJ WITH DivisionJ (DoveJWDivisionJ);
  DoveJ WITH PossessionJ (DoveJWPossessionJ);
  DivisionJ WITH PossessionJ (DivisionJWPossessionJ);

  %c1#3%
  KinshipJ (vKinshipJ);
  MutualismJ (vMutualismJ);
  ExchangeJ (vExchangeJ);
  HawkJ (vHawkJ);
  DoveJ (vDoveJ);
  DivisionJ (vDivisionJ);
  PossessionJ (vPossessionJ);

  KinshipJ WITH MutualismJ (KinshipJWMutualismJ);
  KinshipJ WITH ExchangeJ (KinshipJWExchangeJ);
  KinshipJ WITH HawkJ (KinshipJWHawkJ);
  KinshipJ WITH DoveJ (KinshipJWDoveJ);
  KinshipJ WITH DivisionJ (KinshipJWDivisionJ);
  KinshipJ WITH PossessionJ (KinshipJWPossessionJ);
  MutualismJ WITH ExchangeJ (MutualismJWExchangeJ);
  MutualismJ WITH HawkJ (MutualismJWHawkJ);
  MutualismJ WITH DoveJ (MutualismJWDoveJ);
  MutualismJ WITH DivisionJ (MutualismJWDivisionJ);
  MutualismJ WITH PossessionJ (MutualismJWPossessionJ);
  ExchangeJ WITH HawkJ (ExchangeJWHawkJ);
  ExchangeJ WITH DoveJ (ExchangeJWDoveJ);
  ExchangeJ WITH DivisionJ (ExchangeJWDivisionJ);
  ExchangeJ WITH PossessionJ (ExchangeJWPossessionJ);
  HawkJ WITH DoveJ (HawkJWDoveJ);
  HawkJ WITH DivisionJ (HawkJWDivisionJ);
  HawkJ WITH PossessionJ (HawkJWPossessionJ);
  DoveJ WITH DivisionJ (DoveJWDivisionJ);
  DoveJ WITH PossessionJ (DoveJWPossessionJ);
  DivisionJ WITH PossessionJ (DivisionJWPossessionJ);


  OUTPUT:
  TECH14;

  SAVEDATA:
  FILE IS model_3_class_3.dat;
  SAVE = cprobabilities;



*** WARNING in VARIABLE command
  Note that only the first 8 characters of variable names are used in the output.
  Shorten variable names to avoid any confusion.
*** WARNING in MODEL command
  All variables are uncorrelated with all other variables within class.
  Check that this is what is intended.
   2 WARNING(S) FOUND IN THE INPUT INSTRUCTIONS




model 3 with 3 classes

SUMMARY OF ANALYSIS

Number of groups                                                 1
Number of observations                                        1392

Number of dependent variables                                    7
Number of independent variables                                  0
Number of continuous latent variables                            0
Number of categorical latent variables                           1

Observed dependent variables

  Continuous
   KINSHIPJ    MUTUALISMJ  EXCHANGEJ   HAWKJ       DOVEJ       DIVISIONJ
   POSSESSION

Categorical latent variables
   C1


Estimator                                                      MLR
Information matrix                                        OBSERVED
Optimization Specifications for the Quasi-Newton Algorithm for
Continuous Outcomes
  Maximum number of iterations                                 100
  Convergence criterion                                  0.100D-05
Optimization Specifications for the EM Algorithm
  Maximum number of iterations                                 500
  Convergence criteria
    Loglikelihood change                                 0.100D-06
    Relative loglikelihood change                        0.100D-06
    Derivative                                           0.100D-05
Optimization Specifications for the M step of the EM Algorithm for
Categorical Latent variables
  Number of M step iterations                                    1
  M step convergence criterion                           0.100D-05
  Basis for M step termination                           ITERATION
Optimization Specifications for the M step of the EM Algorithm for
Censored, Binary or Ordered Categorical (Ordinal), Unordered
Categorical (Nominal) and Count Outcomes
  Number of M step iterations                                    1
  M step convergence criterion                           0.100D-05
  Basis for M step termination                           ITERATION
  Maximum value for logit thresholds                            15
  Minimum value for logit thresholds                           -15
  Minimum expected cell size for chi-square              0.100D-01
Maximum number of iterations for H1                           2000
Convergence criterion for H1                             0.100D-03
Optimization algorithm                                         EMA
Random Starts Specifications
  Number of initial stage random starts                         20
  Number of final stage optimizations                            4
  Number of initial stage iterations                            10
  Initial stage convergence criterion                    0.100D+01
  Random starts scale                                    0.500D+01
  Random seed for generating random starts                       0

Input data file(s)
  data_624dd70f9f561f2c8c991d291c51b950.dat
Input data format  FREE


SUMMARY OF DATA

     Number of missing data patterns             1
     Number of y missing data patterns           1
     Number of u missing data patterns           0


COVARIANCE COVERAGE OF DATA

Minimum covariance coverage value   0.100


     PROPORTION OF DATA PRESENT FOR Y


           Covariance Coverage
              KINSHIPJ      MUTUALIS      EXCHANGE      HAWKJ         DOVEJ
              ________      ________      ________      ________      ________
 KINSHIPJ       1.000
 MUTUALIS       1.000         1.000
 EXCHANGE       1.000         1.000         1.000
 HAWKJ          1.000         1.000         1.000         1.000
 DOVEJ          1.000         1.000         1.000         1.000         1.000
 DIVISION       1.000         1.000         1.000         1.000         1.000
 POSSESSI       1.000         1.000         1.000         1.000         1.000


           Covariance Coverage
              DIVISION      POSSESSI
              ________      ________
 DIVISION       1.000
 POSSESSI       1.000         1.000



UNIVARIATE SAMPLE STATISTICS


     UNIVARIATE HIGHER-ORDER MOMENT DESCRIPTIVE STATISTICS

         Variable/         Mean/     Skewness/   Minimum/ % with                Percentiles
        Sample Size      Variance    Kurtosis    Maximum  Min/Max      20%/60%    40%/80%    Median

     KINSHIPJ             68.142      -0.400      12.667    0.07%      55.333     64.667     69.000
            1392.000     243.252      -0.028      99.333    0.07%      73.000     82.000
     MUTUALISMJ           64.403      -0.398      11.000    0.07%      53.000     61.667     65.000
            1392.000     184.479       0.162      96.000    0.07%      68.333     76.333
     EXCHANGEJ            71.836      -0.357      32.667    0.07%      62.667     69.667     72.667
            1392.000     127.269       0.056      98.000    0.14%      75.333     81.333
     HAWKJ                65.577      -0.286      11.000    0.07%      52.333     61.667     66.000
            1392.000     250.911      -0.258      99.667    0.14%      70.333     80.000
     DOVEJ                54.086      -0.377       2.000    0.07%      41.000     51.333     55.167
            1392.000     244.615      -0.092      92.333    0.07%      59.000     68.000
     DIVISIONJ            69.860      -0.574       6.333    0.07%      57.333     67.000     71.333
            1392.000     243.008       0.243     100.000    0.29%      75.333     83.000
     POSSESSIONJ          39.164       0.105       1.667    0.07%      26.000     35.000     39.333
            1392.000     234.437      -0.117      95.333    0.07%      43.000     52.000

RANDOM STARTS RESULTS RANKED FROM THE BEST TO THE WORST LOGLIKELIHOOD VALUES

Final stage loglikelihood values at local maxima, seeds, and initial stage start numbers:

          -39491.486  107446           12
          -39496.659  650371           14
          -39504.535  573096           20
          -39510.786  939021           8



     WARNING:  THE BEST LOGLIKELIHOOD VALUE WAS NOT REPLICATED.  THE
     SOLUTION MAY NOT BE TRUSTWORTHY DUE TO LOCAL MAXIMA.  INCREASE THE
     NUMBER OF RANDOM STARTS.


THE MODEL ESTIMATION TERMINATED NORMALLY



MODEL FIT INFORMATION

Number of Free Parameters                       51

Loglikelihood

          H0 Value                      -39491.486
          H0 Scaling Correction Factor      1.1927
            for MLR

Information Criteria

          Akaike (AIC)                   79084.972
          Bayesian (BIC)                 79352.136
          Sample-Size Adjusted BIC       79190.128
            (n* = (n + 2) / 24)



FINAL CLASS COUNTS AND PROPORTIONS FOR THE LATENT CLASSES
BASED ON THE ESTIMATED MODEL

    Latent
   Classes

       1        140.90243          0.10122
       2        842.20090          0.60503
       3        408.89668          0.29375


FINAL CLASS COUNTS AND PROPORTIONS FOR THE LATENT CLASSES
BASED ON ESTIMATED POSTERIOR PROBABILITIES

    Latent
   Classes

       1        140.90243          0.10122
       2        842.20090          0.60503
       3        408.89668          0.29375


FINAL CLASS COUNTS AND PROPORTIONS FOR THE LATENT CLASSES
BASED ON THEIR MOST LIKELY LATENT CLASS MEMBERSHIP

Class Counts and Proportions

    Latent
   Classes

       1              122          0.08764
       2              888          0.63793
       3              382          0.27443


CLASSIFICATION QUALITY

     Entropy                         0.575


Average Latent Class Probabilities for Most Likely Latent Class Membership (Row)
by Latent Class (Column)

           1        2        3

    1   0.763    0.084    0.152
    2   0.021    0.847    0.133
    3   0.077    0.210    0.713


Classification Probabilities for the Most Likely Latent Class Membership (Column)
by Latent Class (Row)

           1        2        3

    1   0.661    0.130    0.210
    2   0.012    0.893    0.095
    3   0.045    0.288    0.666


Logits for the Classification Probabilities for the Most Likely Latent Class Membership (Column)
by Latent Class (Row)

              1        2        3

    1      1.149   -0.481    0.000
    2     -2.052    2.240    0.000
    3     -2.684   -0.838    0.000


MODEL RESULTS

                                                    Two-Tailed
                    Estimate       S.E.  Est./S.E.    P-Value

Latent Class 1

 KINSHIPJ WITH
    MUTUALISMJ        33.725     12.187      2.767      0.006
    EXCHANGEJ         44.279      8.348      5.304      0.000
    HAWKJ             34.950     10.464      3.340      0.001
    DOVEJ             68.006      7.794      8.726      0.000
    DIVISIONJ          1.312     11.358      0.116      0.908
    POSSESSION       -11.934      7.693     -1.551      0.121

 MUTUALIS WITH
    EXCHANGEJ         44.336      6.476      6.846      0.000
    HAWKJ              8.801     24.540      0.359      0.720
    DOVEJ             33.002      7.722      4.274      0.000
    DIVISIONJ         19.106     13.759      1.389      0.165
    POSSESSION       -12.304      8.024     -1.533      0.125

 EXCHANGE WITH
    HAWKJ             15.760     10.946      1.440      0.150
    DOVEJ             23.971      5.878      4.078      0.000
    DIVISIONJ         16.595      9.936      1.670      0.095
    POSSESSION        -3.368      5.879     -0.573      0.567

 HAWKJ    WITH
    DOVEJ             43.738     10.930      4.002      0.000
    DIVISIONJ        -11.802     14.279     -0.827      0.408
    POSSESSION        -9.516     11.399     -0.835      0.404

 DOVEJ    WITH
    DIVISIONJ         -1.649     10.887     -0.151      0.880
    POSSESSION       -12.698      6.562     -1.935      0.053

 DIVISION WITH
    POSSESSION         9.495      9.730      0.976      0.329

 Means
    KINSHIPJ          67.316      3.066     21.958      0.000
    MUTUALISMJ        59.912      3.560     16.828      0.000
    EXCHANGEJ         73.614      1.533     48.011      0.000
    HAWKJ             65.234      3.605     18.095      0.000
    DOVEJ             54.858      2.971     18.465      0.000
    DIVISIONJ         43.056      3.836     11.223      0.000
    POSSESSION        35.493      2.870     12.366      0.000

 Variances
    KINSHIPJ         226.812     11.722     19.349      0.000
    MUTUALISMJ       169.075     21.950      7.703      0.000
    EXCHANGEJ        119.145      9.586     12.429      0.000
    HAWKJ            178.297     21.330      8.359      0.000
    DOVEJ            241.472      9.449     25.556      0.000
    DIVISIONJ        143.386     21.762      6.589      0.000
    POSSESSION       231.685      9.113     25.423      0.000

Latent Class 2

 KINSHIPJ WITH
    MUTUALISMJ        33.725     12.187      2.767      0.006
    EXCHANGEJ         44.279      8.348      5.304      0.000
    HAWKJ             34.950     10.464      3.340      0.001
    DOVEJ             68.006      7.794      8.726      0.000
    DIVISIONJ          1.312     11.358      0.116      0.908
    POSSESSION       -11.934      7.693     -1.551      0.121

 MUTUALIS WITH
    EXCHANGEJ         44.336      6.476      6.846      0.000
    HAWKJ              8.801     24.540      0.359      0.720
    DOVEJ             33.002      7.722      4.274      0.000
    DIVISIONJ         19.106     13.759      1.389      0.165
    POSSESSION       -12.304      8.024     -1.533      0.125

 EXCHANGE WITH
    HAWKJ             15.760     10.946      1.440      0.150
    DOVEJ             23.971      5.878      4.078      0.000
    DIVISIONJ         16.595      9.936      1.670      0.095
    POSSESSION        -3.368      5.879     -0.573      0.567

 HAWKJ    WITH
    DOVEJ             43.738     10.930      4.002      0.000
    DIVISIONJ        -11.802     14.279     -0.827      0.408
    POSSESSION        -9.516     11.399     -0.835      0.404

 DOVEJ    WITH
    DIVISIONJ         -1.649     10.887     -0.151      0.880
    POSSESSION       -12.698      6.562     -1.935      0.053

 DIVISION WITH
    POSSESSION         9.495      9.730      0.976      0.329

 Means
    KINSHIPJ          71.209      0.978     72.795      0.000
    MUTUALISMJ        67.572      2.243     30.121      0.000
    EXCHANGEJ         73.684      1.170     62.961      0.000
    HAWKJ             71.878      1.089     66.027      0.000
    DOVEJ             55.288      0.930     59.440      0.000
    DIVISIONJ         76.058      1.593     47.755      0.000
    POSSESSION        40.394      1.074     37.626      0.000

 Variances
    KINSHIPJ         226.812     11.722     19.349      0.000
    MUTUALISMJ       169.075     21.950      7.703      0.000
    EXCHANGEJ        119.145      9.586     12.429      0.000
    HAWKJ            178.297     21.330      8.359      0.000
    DOVEJ            241.472      9.449     25.556      0.000
    DIVISIONJ        143.386     21.762      6.589      0.000
    POSSESSION       231.685      9.113     25.423      0.000

Latent Class 3

 KINSHIPJ WITH
    MUTUALISMJ        33.725     12.187      2.767      0.006
    EXCHANGEJ         44.279      8.348      5.304      0.000
    HAWKJ             34.950     10.464      3.340      0.001
    DOVEJ             68.006      7.794      8.726      0.000
    DIVISIONJ          1.312     11.358      0.116      0.908
    POSSESSION       -11.934      7.693     -1.551      0.121

 MUTUALIS WITH
    EXCHANGEJ         44.336      6.476      6.846      0.000
    HAWKJ              8.801     24.540      0.359      0.720
    DOVEJ             33.002      7.722      4.274      0.000
    DIVISIONJ         19.106     13.759      1.389      0.165
    POSSESSION       -12.304      8.024     -1.533      0.125

 EXCHANGE WITH
    HAWKJ             15.760     10.946      1.440      0.150
    DOVEJ             23.971      5.878      4.078      0.000
    DIVISIONJ         16.595      9.936      1.670      0.095
    POSSESSION        -3.368      5.879     -0.573      0.567

 HAWKJ    WITH
    DOVEJ             43.738     10.930      4.002      0.000
    DIVISIONJ        -11.802     14.279     -0.827      0.408
    POSSESSION        -9.516     11.399     -0.835      0.404

 DOVEJ    WITH
    DIVISIONJ         -1.649     10.887     -0.151      0.880
    POSSESSION       -12.698      6.562     -1.935      0.053

 DIVISION WITH
    POSSESSION         9.495      9.730      0.976      0.329

 Means
    KINSHIPJ          62.112      1.528     40.650      0.000
    MUTUALISMJ        59.423      3.876     15.331      0.000
    EXCHANGEJ         67.417      2.467     27.327      0.000
    HAWKJ             52.717      2.834     18.605      0.000
    DOVEJ             51.344      1.718     29.881      0.000
    DIVISIONJ         66.330      3.034     21.863      0.000
    POSSESSION        37.896      1.793     21.135      0.000

 Variances
    KINSHIPJ         226.812     11.722     19.349      0.000
    MUTUALISMJ       169.075     21.950      7.703      0.000
    EXCHANGEJ        119.145      9.586     12.429      0.000
    HAWKJ            178.297     21.330      8.359      0.000
    DOVEJ            241.472      9.449     25.556      0.000
    DIVISIONJ        143.386     21.762      6.589      0.000
    POSSESSION       231.685      9.113     25.423      0.000

Categorical Latent Variables

 Means
    C1#1              -1.065      0.562     -1.897      0.058
    C1#2               0.723      0.262      2.753      0.006


QUALITY OF NUMERICAL RESULTS

     Condition Number for the Information Matrix              0.984E-06
       (ratio of smallest to largest eigenvalue)


TECHNICAL 14 OUTPUT

     Random Starts Specifications for the k-1 Class Analysis Model
        Number of initial stage random starts                  20
        Number of final stage optimizations                     4

     Random Starts Specification for the k-1 Class Model for Generated Data
        Number of initial stage random starts                   0
        Number of final stage optimizations for the
           initial stage random starts                          0
     Random Starts Specification for the k Class Model for Generated Data
        Number of initial stage random starts                  40
        Number of final stage optimizations                     8
     Number of bootstrap draws requested                   Varies


     PARAMETRIC BOOTSTRAPPED LIKELIHOOD RATIO TEST FOR 2 (H0) VERSUS 3 CLASSES

          H0 Loglikelihood Value                       -39502.470
          2 Times the Loglikelihood Difference             21.969
          Difference in the Number of Parameters                8
          Approximate P-Value                              1.0000
          Successful Bootstrap Draws                            2


SAVEDATA INFORMATION


  Save file
    model_3_class_3.dat

  Order and format of variables

    KINSHIPJ       F10.3
    MUTUALIS       F10.3
    EXCHANGE       F10.3
    HAWKJ          F10.3
    DOVEJ          F10.3
    DIVISION       F10.3
    POSSESSI       F10.3
    CPROB1         F10.3
    CPROB2         F10.3
    CPROB3         F10.3
    C1             F10.3

  Save file format
    11F10.3

  Save file record length    10000


     Beginning Time:  10:08:48
        Ending Time:  10:08:52
       Elapsed Time:  00:00:04



MUTHEN & MUTHEN
3463 Stoner Ave.
Los Angeles, CA  90066

Tel: (310) 391-9971
Fax: (310) 391-8971
Web: www.StatModel.com
Support: Support@StatModel.com

Copyright (c) 1998-2018 Muthen & Muthen
