Mplus VERSION 8.2 (Mac)
MUTHEN & MUTHEN
08/26/2020  11:32 AM

INPUT INSTRUCTIONS

  TITLE:
  model 5 with 9 classes
  DATA:
  FILE = "data_624dd70f9f561f2c8c991d291c51b950.dat";

  VARIABLE:
  NAMES = KinshipJ MutualismJ ExchangeJ HawkJ DoveJ DivisionJ PossessionJ;
   MISSING=.;
   CLASSES = c1(9);

  ANALYSIS:
  TYPE = mixture;

  MODEL:
  %c1#1%
  KinshipJ (vKinshipJ);
  MutualismJ (vMutualismJ);
  ExchangeJ (vExchangeJ);
  HawkJ (vHawkJ);
  DoveJ (vDoveJ);
  DivisionJ (vDivisionJ);
  PossessionJ (vPossessionJ);

  KinshipJ WITH MutualismJ (KinshipJWMutualismJ1);
  KinshipJ WITH ExchangeJ (KinshipJWExchangeJ1);
  KinshipJ WITH HawkJ (KinshipJWHawkJ1);
  KinshipJ WITH DoveJ (KinshipJWDoveJ1);
  KinshipJ WITH DivisionJ (KinshipJWDivisionJ1);
  KinshipJ WITH PossessionJ (KinshipJWPossessionJ1);
  MutualismJ WITH ExchangeJ (MutualismJWExchangeJ1);
  MutualismJ WITH HawkJ (MutualismJWHawkJ1);
  MutualismJ WITH DoveJ (MutualismJWDoveJ1);
  MutualismJ WITH DivisionJ (MutualismJWDivisionJ1);
  MutualismJ WITH PossessionJ (MutualismJWPossessionJ1);
  ExchangeJ WITH HawkJ (ExchangeJWHawkJ1);
  ExchangeJ WITH DoveJ (ExchangeJWDoveJ1);
  ExchangeJ WITH DivisionJ (ExchangeJWDivisionJ1);
  ExchangeJ WITH PossessionJ (ExchangeJWPossessionJ1);
  HawkJ WITH DoveJ (HawkJWDoveJ1);
  HawkJ WITH DivisionJ (HawkJWDivisionJ1);
  HawkJ WITH PossessionJ (HawkJWPossessionJ1);
  DoveJ WITH DivisionJ (DoveJWDivisionJ1);
  DoveJ WITH PossessionJ (DoveJWPossessionJ1);
  DivisionJ WITH PossessionJ (DivisionJWPossessionJ1);

  %c1#2%
  KinshipJ (vKinshipJ);
  MutualismJ (vMutualismJ);
  ExchangeJ (vExchangeJ);
  HawkJ (vHawkJ);
  DoveJ (vDoveJ);
  DivisionJ (vDivisionJ);
  PossessionJ (vPossessionJ);

  KinshipJ WITH MutualismJ (KinshipJWMutualismJ2);
  KinshipJ WITH ExchangeJ (KinshipJWExchangeJ2);
  KinshipJ WITH HawkJ (KinshipJWHawkJ2);
  KinshipJ WITH DoveJ (KinshipJWDoveJ2);
  KinshipJ WITH DivisionJ (KinshipJWDivisionJ2);
  KinshipJ WITH PossessionJ (KinshipJWPossessionJ2);
  MutualismJ WITH ExchangeJ (MutualismJWExchangeJ2);
  MutualismJ WITH HawkJ (MutualismJWHawkJ2);
  MutualismJ WITH DoveJ (MutualismJWDoveJ2);
  MutualismJ WITH DivisionJ (MutualismJWDivisionJ2);
  MutualismJ WITH PossessionJ (MutualismJWPossessionJ2);
  ExchangeJ WITH HawkJ (ExchangeJWHawkJ2);
  ExchangeJ WITH DoveJ (ExchangeJWDoveJ2);
  ExchangeJ WITH DivisionJ (ExchangeJWDivisionJ2);
  ExchangeJ WITH PossessionJ (ExchangeJWPossessionJ2);
  HawkJ WITH DoveJ (HawkJWDoveJ2);
  HawkJ WITH DivisionJ (HawkJWDivisionJ2);
  HawkJ WITH PossessionJ (HawkJWPossessionJ2);
  DoveJ WITH DivisionJ (DoveJWDivisionJ2);
  DoveJ WITH PossessionJ (DoveJWPossessionJ2);
  DivisionJ WITH PossessionJ (DivisionJWPossessionJ2);

  %c1#3%
  KinshipJ (vKinshipJ);
  MutualismJ (vMutualismJ);
  ExchangeJ (vExchangeJ);
  HawkJ (vHawkJ);
  DoveJ (vDoveJ);
  DivisionJ (vDivisionJ);
  PossessionJ (vPossessionJ);

  KinshipJ WITH MutualismJ (KinshipJWMutualismJ3);
  KinshipJ WITH ExchangeJ (KinshipJWExchangeJ3);
  KinshipJ WITH HawkJ (KinshipJWHawkJ3);
  KinshipJ WITH DoveJ (KinshipJWDoveJ3);
  KinshipJ WITH DivisionJ (KinshipJWDivisionJ3);
  KinshipJ WITH PossessionJ (KinshipJWPossessionJ3);
  MutualismJ WITH ExchangeJ (MutualismJWExchangeJ3);
  MutualismJ WITH HawkJ (MutualismJWHawkJ3);
  MutualismJ WITH DoveJ (MutualismJWDoveJ3);
  MutualismJ WITH DivisionJ (MutualismJWDivisionJ3);
  MutualismJ WITH PossessionJ (MutualismJWPossessionJ3);
  ExchangeJ WITH HawkJ (ExchangeJWHawkJ3);
  ExchangeJ WITH DoveJ (ExchangeJWDoveJ3);
  ExchangeJ WITH DivisionJ (ExchangeJWDivisionJ3);
  ExchangeJ WITH PossessionJ (ExchangeJWPossessionJ3);
  HawkJ WITH DoveJ (HawkJWDoveJ3);
  HawkJ WITH DivisionJ (HawkJWDivisionJ3);
  HawkJ WITH PossessionJ (HawkJWPossessionJ3);
  DoveJ WITH DivisionJ (DoveJWDivisionJ3);
  DoveJ WITH PossessionJ (DoveJWPossessionJ3);
  DivisionJ WITH PossessionJ (DivisionJWPossessionJ3);

  %c1#4%
  KinshipJ (vKinshipJ);
  MutualismJ (vMutualismJ);
  ExchangeJ (vExchangeJ);
  HawkJ (vHawkJ);
  DoveJ (vDoveJ);
  DivisionJ (vDivisionJ);
  PossessionJ (vPossessionJ);

  KinshipJ WITH MutualismJ (KinshipJWMutualismJ4);
  KinshipJ WITH ExchangeJ (KinshipJWExchangeJ4);
  KinshipJ WITH HawkJ (KinshipJWHawkJ4);
  KinshipJ WITH DoveJ (KinshipJWDoveJ4);
  KinshipJ WITH DivisionJ (KinshipJWDivisionJ4);
  KinshipJ WITH PossessionJ (KinshipJWPossessionJ4);
  MutualismJ WITH ExchangeJ (MutualismJWExchangeJ4);
  MutualismJ WITH HawkJ (MutualismJWHawkJ4);
  MutualismJ WITH DoveJ (MutualismJWDoveJ4);
  MutualismJ WITH DivisionJ (MutualismJWDivisionJ4);
  MutualismJ WITH PossessionJ (MutualismJWPossessionJ4);
  ExchangeJ WITH HawkJ (ExchangeJWHawkJ4);
  ExchangeJ WITH DoveJ (ExchangeJWDoveJ4);
  ExchangeJ WITH DivisionJ (ExchangeJWDivisionJ4);
  ExchangeJ WITH PossessionJ (ExchangeJWPossessionJ4);
  HawkJ WITH DoveJ (HawkJWDoveJ4);
  HawkJ WITH DivisionJ (HawkJWDivisionJ4);
  HawkJ WITH PossessionJ (HawkJWPossessionJ4);
  DoveJ WITH DivisionJ (DoveJWDivisionJ4);
  DoveJ WITH PossessionJ (DoveJWPossessionJ4);
  DivisionJ WITH PossessionJ (DivisionJWPossessionJ4);

  %c1#5%
  KinshipJ (vKinshipJ);
  MutualismJ (vMutualismJ);
  ExchangeJ (vExchangeJ);
  HawkJ (vHawkJ);
  DoveJ (vDoveJ);
  DivisionJ (vDivisionJ);
  PossessionJ (vPossessionJ);

  KinshipJ WITH MutualismJ (KinshipJWMutualismJ5);
  KinshipJ WITH ExchangeJ (KinshipJWExchangeJ5);
  KinshipJ WITH HawkJ (KinshipJWHawkJ5);
  KinshipJ WITH DoveJ (KinshipJWDoveJ5);
  KinshipJ WITH DivisionJ (KinshipJWDivisionJ5);
  KinshipJ WITH PossessionJ (KinshipJWPossessionJ5);
  MutualismJ WITH ExchangeJ (MutualismJWExchangeJ5);
  MutualismJ WITH HawkJ (MutualismJWHawkJ5);
  MutualismJ WITH DoveJ (MutualismJWDoveJ5);
  MutualismJ WITH DivisionJ (MutualismJWDivisionJ5);
  MutualismJ WITH PossessionJ (MutualismJWPossessionJ5);
  ExchangeJ WITH HawkJ (ExchangeJWHawkJ5);
  ExchangeJ WITH DoveJ (ExchangeJWDoveJ5);
  ExchangeJ WITH DivisionJ (ExchangeJWDivisionJ5);
  ExchangeJ WITH PossessionJ (ExchangeJWPossessionJ5);
  HawkJ WITH DoveJ (HawkJWDoveJ5);
  HawkJ WITH DivisionJ (HawkJWDivisionJ5);
  HawkJ WITH PossessionJ (HawkJWPossessionJ5);
  DoveJ WITH DivisionJ (DoveJWDivisionJ5);
  DoveJ WITH PossessionJ (DoveJWPossessionJ5);
  DivisionJ WITH PossessionJ (DivisionJWPossessionJ5);

  %c1#6%
  KinshipJ (vKinshipJ);
  MutualismJ (vMutualismJ);
  ExchangeJ (vExchangeJ);
  HawkJ (vHawkJ);
  DoveJ (vDoveJ);
  DivisionJ (vDivisionJ);
  PossessionJ (vPossessionJ);

  KinshipJ WITH MutualismJ (KinshipJWMutualismJ6);
  KinshipJ WITH ExchangeJ (KinshipJWExchangeJ6);
  KinshipJ WITH HawkJ (KinshipJWHawkJ6);
  KinshipJ WITH DoveJ (KinshipJWDoveJ6);
  KinshipJ WITH DivisionJ (KinshipJWDivisionJ6);
  KinshipJ WITH PossessionJ (KinshipJWPossessionJ6);
  MutualismJ WITH ExchangeJ (MutualismJWExchangeJ6);
  MutualismJ WITH HawkJ (MutualismJWHawkJ6);
  MutualismJ WITH DoveJ (MutualismJWDoveJ6);
  MutualismJ WITH DivisionJ (MutualismJWDivisionJ6);
  MutualismJ WITH PossessionJ (MutualismJWPossessionJ6);
  ExchangeJ WITH HawkJ (ExchangeJWHawkJ6);
  ExchangeJ WITH DoveJ (ExchangeJWDoveJ6);
  ExchangeJ WITH DivisionJ (ExchangeJWDivisionJ6);
  ExchangeJ WITH PossessionJ (ExchangeJWPossessionJ6);
  HawkJ WITH DoveJ (HawkJWDoveJ6);
  HawkJ WITH DivisionJ (HawkJWDivisionJ6);
  HawkJ WITH PossessionJ (HawkJWPossessionJ6);
  DoveJ WITH DivisionJ (DoveJWDivisionJ6);
  DoveJ WITH PossessionJ (DoveJWPossessionJ6);
  DivisionJ WITH PossessionJ (DivisionJWPossessionJ6);

  %c1#7%
  KinshipJ (vKinshipJ);
  MutualismJ (vMutualismJ);
  ExchangeJ (vExchangeJ);
  HawkJ (vHawkJ);
  DoveJ (vDoveJ);
  DivisionJ (vDivisionJ);
  PossessionJ (vPossessionJ);

  KinshipJ WITH MutualismJ (KinshipJWMutualismJ7);
  KinshipJ WITH ExchangeJ (KinshipJWExchangeJ7);
  KinshipJ WITH HawkJ (KinshipJWHawkJ7);
  KinshipJ WITH DoveJ (KinshipJWDoveJ7);
  KinshipJ WITH DivisionJ (KinshipJWDivisionJ7);
  KinshipJ WITH PossessionJ (KinshipJWPossessionJ7);
  MutualismJ WITH ExchangeJ (MutualismJWExchangeJ7);
  MutualismJ WITH HawkJ (MutualismJWHawkJ7);
  MutualismJ WITH DoveJ (MutualismJWDoveJ7);
  MutualismJ WITH DivisionJ (MutualismJWDivisionJ7);
  MutualismJ WITH PossessionJ (MutualismJWPossessionJ7);
  ExchangeJ WITH HawkJ (ExchangeJWHawkJ7);
  ExchangeJ WITH DoveJ (ExchangeJWDoveJ7);
  ExchangeJ WITH DivisionJ (ExchangeJWDivisionJ7);
  ExchangeJ WITH PossessionJ (ExchangeJWPossessionJ7);
  HawkJ WITH DoveJ (HawkJWDoveJ7);
  HawkJ WITH DivisionJ (HawkJWDivisionJ7);
  HawkJ WITH PossessionJ (HawkJWPossessionJ7);
  DoveJ WITH DivisionJ (DoveJWDivisionJ7);
  DoveJ WITH PossessionJ (DoveJWPossessionJ7);
  DivisionJ WITH PossessionJ (DivisionJWPossessionJ7);

  %c1#8%
  KinshipJ (vKinshipJ);
  MutualismJ (vMutualismJ);
  ExchangeJ (vExchangeJ);
  HawkJ (vHawkJ);
  DoveJ (vDoveJ);
  DivisionJ (vDivisionJ);
  PossessionJ (vPossessionJ);

  KinshipJ WITH MutualismJ (KinshipJWMutualismJ8);
  KinshipJ WITH ExchangeJ (KinshipJWExchangeJ8);
  KinshipJ WITH HawkJ (KinshipJWHawkJ8);
  KinshipJ WITH DoveJ (KinshipJWDoveJ8);
  KinshipJ WITH DivisionJ (KinshipJWDivisionJ8);
  KinshipJ WITH PossessionJ (KinshipJWPossessionJ8);
  MutualismJ WITH ExchangeJ (MutualismJWExchangeJ8);
  MutualismJ WITH HawkJ (MutualismJWHawkJ8);
  MutualismJ WITH DoveJ (MutualismJWDoveJ8);
  MutualismJ WITH DivisionJ (MutualismJWDivisionJ8);
  MutualismJ WITH PossessionJ (MutualismJWPossessionJ8);
  ExchangeJ WITH HawkJ (ExchangeJWHawkJ8);
  ExchangeJ WITH DoveJ (ExchangeJWDoveJ8);
  ExchangeJ WITH DivisionJ (ExchangeJWDivisionJ8);
  ExchangeJ WITH PossessionJ (ExchangeJWPossessionJ8);
  HawkJ WITH DoveJ (HawkJWDoveJ8);
  HawkJ WITH DivisionJ (HawkJWDivisionJ8);
  HawkJ WITH PossessionJ (HawkJWPossessionJ8);
  DoveJ WITH DivisionJ (DoveJWDivisionJ8);
  DoveJ WITH PossessionJ (DoveJWPossessionJ8);
  DivisionJ WITH PossessionJ (DivisionJWPossessionJ8);

  %c1#9%
  KinshipJ (vKinshipJ);
  MutualismJ (vMutualismJ);
  ExchangeJ (vExchangeJ);
  HawkJ (vHawkJ);
  DoveJ (vDoveJ);
  DivisionJ (vDivisionJ);
  PossessionJ (vPossessionJ);

  KinshipJ WITH MutualismJ (KinshipJWMutualismJ9);
  KinshipJ WITH ExchangeJ (KinshipJWExchangeJ9);
  KinshipJ WITH HawkJ (KinshipJWHawkJ9);
  KinshipJ WITH DoveJ (KinshipJWDoveJ9);
  KinshipJ WITH DivisionJ (KinshipJWDivisionJ9);
  KinshipJ WITH PossessionJ (KinshipJWPossessionJ9);
  MutualismJ WITH ExchangeJ (MutualismJWExchangeJ9);
  MutualismJ WITH HawkJ (MutualismJWHawkJ9);
  MutualismJ WITH DoveJ (MutualismJWDoveJ9);
  MutualismJ WITH DivisionJ (MutualismJWDivisionJ9);
  MutualismJ WITH PossessionJ (MutualismJWPossessionJ9);
  ExchangeJ WITH HawkJ (ExchangeJWHawkJ9);
  ExchangeJ WITH DoveJ (ExchangeJWDoveJ9);
  ExchangeJ WITH DivisionJ (ExchangeJWDivisionJ9);
  ExchangeJ WITH PossessionJ (ExchangeJWPossessionJ9);
  HawkJ WITH DoveJ (HawkJWDoveJ9);
  HawkJ WITH DivisionJ (HawkJWDivisionJ9);
  HawkJ WITH PossessionJ (HawkJWPossessionJ9);
  DoveJ WITH DivisionJ (DoveJWDivisionJ9);
  DoveJ WITH PossessionJ (DoveJWPossessionJ9);
  DivisionJ WITH PossessionJ (DivisionJWPossessionJ9);


  OUTPUT:
  TECH14;

  SAVEDATA:
  FILE IS model_5_class_9.dat;
  SAVE = cprobabilities;



*** WARNING in VARIABLE command
  Note that only the first 8 characters of variable names are used in the output.
  Shorten variable names to avoid any confusion.
*** WARNING in MODEL command
  All variables are uncorrelated with all other variables within class.
  Check that this is what is intended.
   2 WARNING(S) FOUND IN THE INPUT INSTRUCTIONS




model 5 with 9 classes

SUMMARY OF ANALYSIS

Number of groups                                                 1
Number of observations                                        1392

Number of dependent variables                                    7
Number of independent variables                                  0
Number of continuous latent variables                            0
Number of categorical latent variables                           1

Observed dependent variables

  Continuous
   KINSHIPJ    MUTUALISMJ  EXCHANGEJ   HAWKJ       DOVEJ       DIVISIONJ
   POSSESSION

Categorical latent variables
   C1


Estimator                                                      MLR
Information matrix                                        OBSERVED
Optimization Specifications for the Quasi-Newton Algorithm for
Continuous Outcomes
  Maximum number of iterations                                 100
  Convergence criterion                                  0.100D-05
Optimization Specifications for the EM Algorithm
  Maximum number of iterations                                 500
  Convergence criteria
    Loglikelihood change                                 0.100D-06
    Relative loglikelihood change                        0.100D-06
    Derivative                                           0.100D-05
Optimization Specifications for the M step of the EM Algorithm for
Categorical Latent variables
  Number of M step iterations                                    1
  M step convergence criterion                           0.100D-05
  Basis for M step termination                           ITERATION
Optimization Specifications for the M step of the EM Algorithm for
Censored, Binary or Ordered Categorical (Ordinal), Unordered
Categorical (Nominal) and Count Outcomes
  Number of M step iterations                                    1
  M step convergence criterion                           0.100D-05
  Basis for M step termination                           ITERATION
  Maximum value for logit thresholds                            15
  Minimum value for logit thresholds                           -15
  Minimum expected cell size for chi-square              0.100D-01
Maximum number of iterations for H1                           2000
Convergence criterion for H1                             0.100D-03
Optimization algorithm                                         EMA
Random Starts Specifications
  Number of initial stage random starts                         20
  Number of final stage optimizations                            4
  Number of initial stage iterations                            10
  Initial stage convergence criterion                    0.100D+01
  Random starts scale                                    0.500D+01
  Random seed for generating random starts                       0

Input data file(s)
  data_624dd70f9f561f2c8c991d291c51b950.dat
Input data format  FREE


SUMMARY OF DATA

     Number of missing data patterns             1
     Number of y missing data patterns           1
     Number of u missing data patterns           0


COVARIANCE COVERAGE OF DATA

Minimum covariance coverage value   0.100


     PROPORTION OF DATA PRESENT FOR Y


           Covariance Coverage
              KINSHIPJ      MUTUALIS      EXCHANGE      HAWKJ         DOVEJ
              ________      ________      ________      ________      ________
 KINSHIPJ       1.000
 MUTUALIS       1.000         1.000
 EXCHANGE       1.000         1.000         1.000
 HAWKJ          1.000         1.000         1.000         1.000
 DOVEJ          1.000         1.000         1.000         1.000         1.000
 DIVISION       1.000         1.000         1.000         1.000         1.000
 POSSESSI       1.000         1.000         1.000         1.000         1.000


           Covariance Coverage
              DIVISION      POSSESSI
              ________      ________
 DIVISION       1.000
 POSSESSI       1.000         1.000



UNIVARIATE SAMPLE STATISTICS


     UNIVARIATE HIGHER-ORDER MOMENT DESCRIPTIVE STATISTICS

         Variable/         Mean/     Skewness/   Minimum/ % with                Percentiles
        Sample Size      Variance    Kurtosis    Maximum  Min/Max      20%/60%    40%/80%    Median

     KINSHIPJ             68.142      -0.400      12.667    0.07%      55.333     64.667     69.000
            1392.000     243.252      -0.028      99.333    0.07%      73.000     82.000
     MUTUALISMJ           64.403      -0.398      11.000    0.07%      53.000     61.667     65.000
            1392.000     184.479       0.162      96.000    0.07%      68.333     76.333
     EXCHANGEJ            71.836      -0.357      32.667    0.07%      62.667     69.667     72.667
            1392.000     127.269       0.056      98.000    0.14%      75.333     81.333
     HAWKJ                65.577      -0.286      11.000    0.07%      52.333     61.667     66.000
            1392.000     250.911      -0.258      99.667    0.14%      70.333     80.000
     DOVEJ                54.086      -0.377       2.000    0.07%      41.000     51.333     55.167
            1392.000     244.615      -0.092      92.333    0.07%      59.000     68.000
     DIVISIONJ            69.860      -0.574       6.333    0.07%      57.333     67.000     71.333
            1392.000     243.008       0.243     100.000    0.29%      75.333     83.000
     POSSESSIONJ          39.164       0.105       1.667    0.07%      26.000     35.000     39.333
            1392.000     234.437      -0.117      95.333    0.07%      43.000     52.000

RANDOM STARTS RESULTS RANKED FROM THE BEST TO THE WORST LOGLIKELIHOOD VALUES

Unperturbed starting value run did not converge in the initial stage
optimizations.

14 perturbed starting value run(s) did not converge in the initial stage
optimizations.

Final stage loglikelihood values at local maxima, seeds, and initial stage start numbers:

          -39188.538  608496           4
          -39210.192  68985            17
          -39233.995  415931           10
          -39239.672  127215           9



     WARNING:  THE BEST LOGLIKELIHOOD VALUE WAS NOT REPLICATED.  THE
     SOLUTION MAY NOT BE TRUSTWORTHY DUE TO LOCAL MAXIMA.  INCREASE THE
     NUMBER OF RANDOM STARTS.

     THE STANDARD ERRORS OF THE MODEL PARAMETER ESTIMATES MAY NOT BE
     TRUSTWORTHY FOR SOME PARAMETERS DUE TO A NON-POSITIVE DEFINITE
     FIRST-ORDER DERIVATIVE PRODUCT MATRIX.  THIS MAY BE DUE TO THE STARTING
     VALUES BUT MAY ALSO BE AN INDICATION OF MODEL NONIDENTIFICATION.  THE
     CONDITION NUMBER IS       0.618D-12.  PROBLEM INVOLVING THE FOLLOWING PARAMETER:
     Parameter 33, %C1#1%: POSSESSIONJ WITH DOVEJ (equality/label)


THE MODEL ESTIMATION TERMINATED NORMALLY



MODEL FIT INFORMATION

Number of Free Parameters                      267

Loglikelihood

          H0 Value                      -39188.538
          H0 Scaling Correction Factor      1.1211
            for MLR

Information Criteria

          Akaike (AIC)                   78911.077
          Bayesian (BIC)                 80309.755
          Sample-Size Adjusted BIC       79461.598
            (n* = (n + 2) / 24)



FINAL CLASS COUNTS AND PROPORTIONS FOR THE LATENT CLASSES
BASED ON THE ESTIMATED MODEL

    Latent
   Classes

       1         18.22147          0.01309
       2         25.57184          0.01837
       3        201.94192          0.14507
       4        112.06931          0.08051
       5         89.01166          0.06395
       6        111.35312          0.08000
       7        673.32530          0.48371
       8        128.98824          0.09266
       9         31.51714          0.02264


FINAL CLASS COUNTS AND PROPORTIONS FOR THE LATENT CLASSES
BASED ON ESTIMATED POSTERIOR PROBABILITIES

    Latent
   Classes

       1         18.22147          0.01309
       2         25.57184          0.01837
       3        201.94192          0.14507
       4        112.06931          0.08051
       5         89.01166          0.06395
       6        111.35312          0.08000
       7        673.32530          0.48371
       8        128.98824          0.09266
       9         31.51714          0.02264


FINAL CLASS COUNTS AND PROPORTIONS FOR THE LATENT CLASSES
BASED ON THEIR MOST LIKELY LATENT CLASS MEMBERSHIP

Class Counts and Proportions

    Latent
   Classes

       1               19          0.01365
       2               27          0.01940
       3              221          0.15876
       4              110          0.07902
       5               84          0.06034
       6               87          0.06250
       7              716          0.51437
       8               94          0.06753
       9               34          0.02443


CLASSIFICATION QUALITY

     Entropy                         0.719


Average Latent Class Probabilities for Most Likely Latent Class Membership (Row)
by Latent Class (Column)

           1        2        3        4        5        6        7        8        9

    1   0.940    0.000    0.006    0.000    0.006    0.002    0.032    0.012    0.000
    2   0.001    0.918    0.030    0.001    0.001    0.014    0.032    0.003    0.000
    3   0.000    0.002    0.719    0.013    0.010    0.028    0.181    0.045    0.002
    4   0.000    0.000    0.021    0.650    0.018    0.035    0.249    0.027    0.000
    5   0.001    0.000    0.022    0.008    0.791    0.017    0.131    0.030    0.000
    6   0.000    0.002    0.031    0.014    0.027    0.674    0.229    0.023    0.000
    7   0.000    0.000    0.044    0.046    0.018    0.054    0.768    0.065    0.004
    8   0.000    0.000    0.032    0.025    0.028    0.021    0.210    0.683    0.000
    9   0.000    0.000    0.032    0.009    0.006    0.001    0.111    0.007    0.835



Classification Probabilities for the Most Likely Latent Class Membership (Column)
by Latent Class (Row)

           1        2        3        4        5        6        7        8        9

    1   0.980    0.001    0.000    0.000    0.004    0.001    0.011    0.003    0.000
    2   0.000    0.969    0.013    0.000    0.000    0.006    0.010    0.001    0.000
    3   0.001    0.004    0.787    0.012    0.009    0.013    0.155    0.015    0.005
    4   0.000    0.000    0.026    0.638    0.006    0.011    0.295    0.021    0.003
    5   0.001    0.000    0.026    0.022    0.747    0.027    0.146    0.029    0.002
    6   0.000    0.003    0.056    0.035    0.013    0.526    0.348    0.018    0.000
    7   0.001    0.001    0.059    0.041    0.016    0.030    0.817    0.029    0.006
    8   0.002    0.001    0.078    0.023    0.020    0.016    0.361    0.498    0.002
    9   0.000    0.000    0.012    0.001    0.000    0.000    0.087    0.000    0.901



Logits for the Classification Probabilities for the Most Likely Latent Class Membership (Column)
by Latent Class (Row)

              1        2        3        4        5        6        7        8        9

    1      8.643    2.076    0.026   -5.153    3.096    1.364    4.131    2.681    0.000
    2      3.593   13.784    9.494    0.291    3.204    8.750    9.221    6.699    0.000
    3     -2.225   -0.290    4.996    0.772    0.532    0.920    3.371    1.017    0.000
    4     -4.196   -3.045    2.237    5.455    0.776    1.397    4.686    2.058    0.000
    5     -0.460   -1.768    2.484    2.316    5.847    2.522    4.214    2.600    0.000
    6      0.421    2.576    5.370    4.897    3.907    7.619    7.206    4.251    0.000
    7     -1.814   -1.470    2.364    1.983    1.072    1.663    4.984    1.657    0.000
    8     -0.007   -0.974    3.754    2.554    2.377    2.144    5.291    5.611    0.000
    9    -13.711  -13.711   -4.325   -7.382  -13.711  -10.810   -2.342  -13.711    0.000



MODEL RESULTS

                                                    Two-Tailed
                    Estimate       S.E.  Est./S.E.    P-Value

Latent Class 1

 KINSHIPJ WITH
    MUTUALISMJ        -6.765     40.736     -0.166      0.868
    EXCHANGEJ         -1.580     21.839     -0.072      0.942
    HAWKJ             85.093     28.474      2.988      0.003
    DOVEJ             56.880     24.054      2.365      0.018
    DIVISIONJ          8.909     34.077      0.261      0.794
    POSSESSION        98.651     27.781      3.551      0.000

 MUTUALIS WITH
    EXCHANGEJ         64.181     15.399      4.168      0.000
    HAWKJ            -73.106     28.613     -2.555      0.011
    DOVEJ             52.536     26.286      1.999      0.046
    DIVISIONJ         11.535     30.872      0.374      0.709
    POSSESSION        98.262     30.667      3.204      0.001

 EXCHANGE WITH
    HAWKJ            -79.631     18.354     -4.339      0.000
    DOVEJ             75.923     18.820      4.034      0.000
    DIVISIONJ        -15.292     20.172     -0.758      0.448
    POSSESSION        65.348     25.340      2.579      0.010

 HAWKJ    WITH
    DOVEJ            -36.284     30.819     -1.177      0.239
    DIVISIONJ       -113.942     15.548     -7.328      0.000
    POSSESSION       -40.964     31.209     -1.313      0.189

 DOVEJ    WITH
    DIVISIONJ        -82.803     29.071     -2.848      0.004
    POSSESSION         7.854     30.563      0.257      0.797

 DIVISION WITH
    POSSESSION        49.112     46.775      1.050      0.294

 Means
    KINSHIPJ          55.491      3.624     15.314      0.000
    MUTUALISMJ        51.647      2.843     18.164      0.000
    EXCHANGEJ         63.399      3.091     20.510      0.000
    HAWKJ             55.704      3.943     14.128      0.000
    DOVEJ             33.928      4.566      7.431      0.000
    DIVISIONJ         36.672      4.009      9.147      0.000
    POSSESSION        33.153      2.662     12.456      0.000

 Variances
    KINSHIPJ         180.323     13.059     13.809      0.000
    MUTUALISMJ       145.814      7.787     18.726      0.000
    EXCHANGEJ        103.654      6.639     15.613      0.000
    HAWKJ            231.041      8.981     25.725      0.000
    DOVEJ            219.885     11.505     19.112      0.000
    DIVISIONJ        190.366     11.271     16.890      0.000
    POSSESSION       223.708      9.242     24.206      0.000

Latent Class 2

 KINSHIPJ WITH
    MUTUALISMJ       -32.573     27.574     -1.181      0.237
    EXCHANGEJ         -6.101     24.769     -0.246      0.805
    HAWKJ            -36.848     37.409     -0.985      0.325
    DOVEJ             64.560     22.272      2.899      0.004
    DIVISIONJ        113.336     20.162      5.621      0.000
    POSSESSION       -38.866     34.110     -1.139      0.255

 MUTUALIS WITH
    EXCHANGEJ         11.484     16.497      0.696      0.486
    HAWKJ           -101.599     21.831     -4.654      0.000
    DOVEJ            119.214     16.820      7.088      0.000
    DIVISIONJ        -44.924     19.017     -2.362      0.018
    POSSESSION       -49.227     34.025     -1.447      0.148

 EXCHANGE WITH
    HAWKJ             59.674     14.331      4.164      0.000
    DOVEJ             73.548     13.548      5.429      0.000
    DIVISIONJ         39.892     16.314      2.445      0.014
    POSSESSION         1.498     27.171      0.055      0.956

 HAWKJ    WITH
    DOVEJ            -77.472     29.855     -2.595      0.009
    DIVISIONJ        -51.246     26.348     -1.945      0.052
    POSSESSION       137.354     23.164      5.930      0.000

 DOVEJ    WITH
    DIVISIONJ         25.287     31.717      0.797      0.425
    POSSESSION       -61.665     27.117     -2.274      0.023

 DIVISION WITH
    POSSESSION      -102.105     24.370     -4.190      0.000

 Means
    KINSHIPJ          63.249      3.637     17.389      0.000
    MUTUALISMJ        43.007      2.828     15.209      0.000
    EXCHANGEJ         71.895      2.453     29.311      0.000
    HAWKJ             40.922      3.629     11.275      0.000
    DOVEJ             48.864      3.900     12.530      0.000
    DIVISIONJ         63.634      4.154     15.318      0.000
    POSSESSION        41.315      3.278     12.603      0.000

 Variances
    KINSHIPJ         180.323     13.059     13.809      0.000
    MUTUALISMJ       145.814      7.787     18.726      0.000
    EXCHANGEJ        103.654      6.639     15.613      0.000
    HAWKJ            231.041      8.981     25.725      0.000
    DOVEJ            219.885     11.505     19.112      0.000
    DIVISIONJ        190.366     11.271     16.890      0.000
    POSSESSION       223.708      9.242     24.206      0.000

Latent Class 3

 KINSHIPJ WITH
    MUTUALISMJ       -19.642     15.086     -1.302      0.193
    EXCHANGEJ        -45.470     13.986     -3.251      0.001
    HAWKJ             26.432     19.177      1.378      0.168
    DOVEJ            105.196     19.188      5.482      0.000
    DIVISIONJ        -53.861     20.384     -2.642      0.008
    POSSESSION        -5.715     21.900     -0.261      0.794

 MUTUALIS WITH
    EXCHANGEJ          7.149     11.326      0.631      0.528
    HAWKJ             -4.338     18.000     -0.241      0.810
    DOVEJ             14.269     16.995      0.840      0.401
    DIVISIONJ         40.548     13.864      2.925      0.003
    POSSESSION       -11.810     15.833     -0.746      0.456

 EXCHANGE WITH
    HAWKJ             35.185     17.942      1.961      0.050
    DOVEJ            -31.243     12.975     -2.408      0.016
    DIVISIONJ         11.114     10.681      1.041      0.298
    POSSESSION        21.147     14.819      1.427      0.154

 HAWKJ    WITH
    DOVEJ             52.994     16.773      3.159      0.002
    DIVISIONJ         -5.667     18.507     -0.306      0.759
    POSSESSION       -23.192     20.445     -1.134      0.257

 DOVEJ    WITH
    DIVISIONJ        -54.336     19.752     -2.751      0.006
    POSSESSION       -47.862     22.651     -2.113      0.035

 DIVISION WITH
    POSSESSION        31.885     20.722      1.539      0.124

 Means
    KINSHIPJ          50.184      1.673     29.994      0.000
    MUTUALISMJ        54.746      1.804     30.348      0.000
    EXCHANGEJ         61.972      1.336     46.372      0.000
    HAWKJ             60.344      1.927     31.311      0.000
    DOVEJ             52.614      1.495     35.192      0.000
    DIVISIONJ         67.079      1.803     37.196      0.000
    POSSESSION        39.332      1.501     26.212      0.000

 Variances
    KINSHIPJ         180.323     13.059     13.809      0.000
    MUTUALISMJ       145.814      7.787     18.726      0.000
    EXCHANGEJ        103.654      6.639     15.613      0.000
    HAWKJ            231.041      8.981     25.725      0.000
    DOVEJ            219.885     11.505     19.112      0.000
    DIVISIONJ        190.366     11.271     16.890      0.000
    POSSESSION       223.708      9.242     24.206      0.000

Latent Class 4

 KINSHIPJ WITH
    MUTUALISMJ         3.344     21.260      0.157      0.875
    EXCHANGEJ         21.394     20.046      1.067      0.286
    HAWKJ            120.403     22.596      5.329      0.000
    DOVEJ             91.790     33.211      2.764      0.006
    DIVISIONJ        -88.914     18.160     -4.896      0.000
    POSSESSION         0.145     33.199      0.004      0.997

 MUTUALIS WITH
    EXCHANGEJ         13.603     15.113      0.900      0.368
    HAWKJ             12.406     24.363      0.509      0.611
    DOVEJ             41.158     18.937      2.173      0.030
    DIVISIONJ        -55.815     20.402     -2.736      0.006
    POSSESSION       -16.407     20.699     -0.793      0.428

 EXCHANGE WITH
    HAWKJ             59.625     16.702      3.570      0.000
    DOVEJ            103.728     15.245      6.804      0.000
    DIVISIONJ        -65.574     15.240     -4.303      0.000
    POSSESSION       -63.634     16.444     -3.870      0.000

 HAWKJ    WITH
    DOVEJ             68.848     29.199      2.358      0.018
    DIVISIONJ        -33.555     30.333     -1.106      0.269
    POSSESSION        25.543     37.452      0.682      0.495

 DOVEJ    WITH
    DIVISIONJ       -154.042     15.559     -9.901      0.000
    POSSESSION       -89.771     28.945     -3.101      0.002

 DIVISION WITH
    POSSESSION        33.508     32.348      1.036      0.300

 Means
    KINSHIPJ          72.071      1.769     40.742      0.000
    MUTUALISMJ        63.315      1.971     32.130      0.000
    EXCHANGEJ         67.167      1.322     50.817      0.000
    HAWKJ             72.509      1.857     39.056      0.000
    DOVEJ             53.054      2.484     21.362      0.000
    DIVISIONJ         70.098      2.123     33.018      0.000
    POSSESSION        30.615      2.652     11.546      0.000

 Variances
    KINSHIPJ         180.323     13.059     13.809      0.000
    MUTUALISMJ       145.814      7.787     18.726      0.000
    EXCHANGEJ        103.654      6.639     15.613      0.000
    HAWKJ            231.041      8.981     25.725      0.000
    DOVEJ            219.885     11.505     19.112      0.000
    DIVISIONJ        190.366     11.271     16.890      0.000
    POSSESSION       223.708      9.242     24.206      0.000

Latent Class 5

 KINSHIPJ WITH
    MUTUALISMJ       -76.841     25.738     -2.986      0.003
    EXCHANGEJ         -1.901     33.233     -0.057      0.954
    HAWKJ             77.222     26.499      2.914      0.004
    DOVEJ             59.092     25.600      2.308      0.021
    DIVISIONJ        -46.994     37.597     -1.250      0.211
    POSSESSION         3.238     52.416      0.062      0.951

 MUTUALIS WITH
    EXCHANGEJ          2.338     20.791      0.112      0.910
    HAWKJ            -16.291     27.451     -0.593      0.553
    DOVEJ             27.894     27.022      1.032      0.302
    DIVISIONJ         -4.951     27.376     -0.181      0.856
    POSSESSION       -12.389     27.397     -0.452      0.651

 EXCHANGE WITH
    HAWKJ            -56.264     29.954     -1.878      0.060
    DOVEJ             16.823     22.083      0.762      0.446
    DIVISIONJ        -19.984     16.557     -1.207      0.227
    POSSESSION       -33.410     30.589     -1.092      0.275

 HAWKJ    WITH
    DOVEJ             52.414     28.902      1.814      0.070
    DIVISIONJ        -93.394     32.162     -2.904      0.004
    POSSESSION       106.037     20.029      5.294      0.000

 DOVEJ    WITH
    DIVISIONJ       -111.087     28.045     -3.961      0.000
    POSSESSION       -81.887     26.747     -3.062      0.002

 DIVISION WITH
    POSSESSION        41.157     30.112      1.367      0.172

 Means
    KINSHIPJ          67.010      4.452     15.053      0.000
    MUTUALISMJ        60.748      2.606     23.306      0.000
    EXCHANGEJ         76.425      1.686     45.333      0.000
    HAWKJ             65.472      3.522     18.588      0.000
    DOVEJ             42.952      3.911     10.982      0.000
    DIVISIONJ         51.161      4.314     11.859      0.000
    POSSESSION        33.609      2.301     14.608      0.000

 Variances
    KINSHIPJ         180.323     13.059     13.809      0.000
    MUTUALISMJ       145.814      7.787     18.726      0.000
    EXCHANGEJ        103.654      6.639     15.613      0.000
    HAWKJ            231.041      8.981     25.725      0.000
    DOVEJ            219.885     11.505     19.112      0.000
    DIVISIONJ        190.366     11.271     16.890      0.000
    POSSESSION       223.708      9.242     24.206      0.000

Latent Class 6

 KINSHIPJ WITH
    MUTUALISMJ        -7.777     38.690     -0.201      0.841
    EXCHANGEJ         66.892     18.951      3.530      0.000
    HAWKJ            -10.388     40.491     -0.257      0.798
    DOVEJ             45.601     29.816      1.529      0.126
    DIVISIONJ         84.225     23.561      3.575      0.000
    POSSESSION       -44.604     28.110     -1.587      0.113

 MUTUALIS WITH
    EXCHANGEJ         12.671     26.675      0.475      0.635
    HAWKJ             -4.877     26.240     -0.186      0.853
    DOVEJ            -34.297     23.279     -1.473      0.141
    DIVISIONJ         77.883     23.027      3.382      0.001
    POSSESSION        33.792     32.822      1.030      0.303

 EXCHANGE WITH
    HAWKJ            -15.984     23.267     -0.687      0.492
    DOVEJ             62.570     46.531      1.345      0.179
    DIVISIONJ        104.867     11.769      8.910      0.000
    POSSESSION        22.354     41.841      0.534      0.593

 HAWKJ    WITH
    DOVEJ            -31.858     45.414     -0.702      0.483
    DIVISIONJ         39.765     32.571      1.221      0.222
    POSSESSION       -92.784     34.717     -2.673      0.008

 DOVEJ    WITH
    DIVISIONJ         43.509     37.647      1.156      0.248
    POSSESSION       -75.112     32.618     -2.303      0.021

 DIVISION WITH
    POSSESSION        25.565     26.012      0.983      0.326

 Means
    KINSHIPJ          69.144      3.292     21.005      0.000
    MUTUALISMJ        63.997      2.699     23.712      0.000
    EXCHANGEJ         77.626      2.175     35.688      0.000
    HAWKJ             63.818      2.552     25.011      0.000
    DOVEJ             47.458      4.916      9.654      0.000
    DIVISIONJ         76.649      2.366     32.402      0.000
    POSSESSION        37.534      4.035      9.301      0.000

 Variances
    KINSHIPJ         180.323     13.059     13.809      0.000
    MUTUALISMJ       145.814      7.787     18.726      0.000
    EXCHANGEJ        103.654      6.639     15.613      0.000
    HAWKJ            231.041      8.981     25.725      0.000
    DOVEJ            219.885     11.505     19.112      0.000
    DIVISIONJ        190.366     11.271     16.890      0.000
    POSSESSION       223.708      9.242     24.206      0.000

Latent Class 7

 KINSHIPJ WITH
    MUTUALISMJ        47.488     10.395      4.568      0.000
    EXCHANGEJ         36.654     13.001      2.819      0.005
    HAWKJ             55.897     15.066      3.710      0.000
    DOVEJ             61.039     13.164      4.637      0.000
    DIVISIONJ         18.800     17.343      1.084      0.278
    POSSESSION       -10.779     10.304     -1.046      0.296

 MUTUALIS WITH
    EXCHANGEJ         65.303      6.681      9.774      0.000
    HAWKJ             49.016     12.088      4.055      0.000
    DOVEJ             46.710     14.485      3.225      0.001
    DIVISIONJ         30.783     12.625      2.438      0.015
    POSSESSION        -9.817      9.117     -1.077      0.282

 EXCHANGE WITH
    HAWKJ             47.757     11.261      4.241      0.000
    DOVEJ             31.600     10.935      2.890      0.004
    DIVISIONJ         24.719     12.102      2.043      0.041
    POSSESSION        -6.861      8.824     -0.778      0.437

 HAWKJ    WITH
    DOVEJ             86.132     15.242      5.651      0.000
    DIVISIONJ         33.298     13.122      2.538      0.011
    POSSESSION         2.167     12.726      0.170      0.865

 DOVEJ    WITH
    DIVISIONJ          8.951     17.605      0.508      0.611
    POSSESSION         1.860     11.521      0.161      0.872

 DIVISION WITH
    POSSESSION         0.478     11.379      0.042      0.967

 Means
    KINSHIPJ          72.658      1.116     65.134      0.000
    MUTUALISMJ        68.861      0.898     76.718      0.000
    EXCHANGEJ         73.956      0.775     95.446      0.000
    HAWKJ             66.933      1.028     65.139      0.000
    DOVEJ             57.526      1.113     51.681      0.000
    DIVISIONJ         73.982      0.777     95.246      0.000
    POSSESSION        40.846      1.271     32.148      0.000

 Variances
    KINSHIPJ         180.323     13.059     13.809      0.000
    MUTUALISMJ       145.814      7.787     18.726      0.000
    EXCHANGEJ        103.654      6.639     15.613      0.000
    HAWKJ            231.041      8.981     25.725      0.000
    DOVEJ            219.885     11.505     19.112      0.000
    DIVISIONJ        190.366     11.271     16.890      0.000
    POSSESSION       223.708      9.242     24.206      0.000

Latent Class 8

 KINSHIPJ WITH
    MUTUALISMJ        -4.442     27.424     -0.162      0.871
    EXCHANGEJ        111.204      9.358     11.883      0.000
    HAWKJ             47.752     36.130      1.322      0.186
    DOVEJ              1.956     25.523      0.077      0.939
    DIVISIONJ        -23.540     27.062     -0.870      0.384
    POSSESSION        30.527     27.736      1.101      0.271

 MUTUALIS WITH
    EXCHANGEJ         10.542     26.513      0.398      0.691
    HAWKJ             33.095     39.773      0.832      0.405
    DOVEJ           -114.870     33.335     -3.446      0.001
    DIVISIONJ         44.963     18.974      2.370      0.018
    POSSESSION       -17.118     27.639     -0.619      0.536

 EXCHANGE WITH
    HAWKJ             48.292     33.866      1.426      0.154
    DOVEJ              7.882     22.830      0.345      0.730
    DIVISIONJ         17.704     23.256      0.761      0.447
    POSSESSION         6.388     19.612      0.326      0.745

 HAWKJ    WITH
    DOVEJ            -30.585     33.916     -0.902      0.367
    DIVISIONJ        100.293     27.667      3.625      0.000
    POSSESSION         7.766     26.953      0.288      0.773

 DOVEJ    WITH
    DIVISIONJ         41.570     24.198      1.718      0.086
    POSSESSION        83.400     24.711      3.375      0.001

 DIVISION WITH
    POSSESSION        60.483     32.743      1.847      0.065

 Means
    KINSHIPJ          73.174      3.477     21.044      0.000
    MUTUALISMJ        63.888      2.834     22.542      0.000
    EXCHANGEJ         74.201      2.373     31.272      0.000
    HAWKJ             69.277      2.801     24.733      0.000
    DOVEJ             53.860      2.220     24.266      0.000
    DIVISIONJ         66.938      3.291     20.337      0.000
    POSSESSION        44.639      3.322     13.437      0.000

 Variances
    KINSHIPJ         180.323     13.059     13.809      0.000
    MUTUALISMJ       145.814      7.787     18.726      0.000
    EXCHANGEJ        103.654      6.639     15.613      0.000
    HAWKJ            231.041      8.981     25.725      0.000
    DOVEJ            219.885     11.505     19.112      0.000
    DIVISIONJ        190.366     11.271     16.890      0.000
    POSSESSION       223.708      9.242     24.206      0.000

Latent Class 9

 KINSHIPJ WITH
    MUTUALISMJ        41.508     38.341      1.083      0.279
    EXCHANGEJ        -34.497     13.076     -2.638      0.008
    HAWKJ             52.517     38.523      1.363      0.173
    DOVEJ             36.897     33.459      1.103      0.270
    DIVISIONJ         72.786     33.575      2.168      0.030
    POSSESSION       -63.656     38.257     -1.664      0.096

 MUTUALIS WITH
    EXCHANGEJ          8.807     21.312      0.413      0.679
    HAWKJ           -116.779     17.475     -6.683      0.000
    DOVEJ            -85.602     22.619     -3.784      0.000
    DIVISIONJ         31.996     27.809      1.151      0.250
    POSSESSION      -177.078      6.732    -26.305      0.000

 EXCHANGE WITH
    HAWKJ             -2.253     29.997     -0.075      0.940
    DOVEJ             64.805     22.436      2.888      0.004
    DIVISIONJ         -1.928     28.267     -0.068      0.946
    POSSESSION       -18.871     25.207     -0.749      0.454

 HAWKJ    WITH
    DOVEJ            189.735     13.717     13.832      0.000
    DIVISIONJ        113.823     30.495      3.733      0.000
    POSSESSION       138.532     24.676      5.614      0.000

 DOVEJ    WITH
    DIVISIONJ        107.147     29.632      3.616      0.000
    POSSESSION        96.265     29.554      3.257      0.001

 DIVISION WITH
    POSSESSION       -34.376     37.539     -0.916      0.360

 Means
    KINSHIPJ          63.131      4.130     15.285      0.000
    MUTUALISMJ        73.511      2.239     32.826      0.000
    EXCHANGEJ         68.075      2.670     25.494      0.000
    HAWKJ             62.571      2.688     23.278      0.000
    DOVEJ             65.376      2.706     24.163      0.000
    DIVISIONJ         63.776      4.011     15.901      0.000
    POSSESSION        33.319      3.116     10.693      0.000

 Variances
    KINSHIPJ         180.323     13.059     13.809      0.000
    MUTUALISMJ       145.814      7.787     18.726      0.000
    EXCHANGEJ        103.654      6.639     15.613      0.000
    HAWKJ            231.041      8.981     25.725      0.000
    DOVEJ            219.885     11.505     19.112      0.000
    DIVISIONJ        190.366     11.271     16.890      0.000
    POSSESSION       223.708      9.242     24.206      0.000

Categorical Latent Variables

 Means
    C1#1              -0.548      0.327     -1.676      0.094
    C1#2              -0.209      0.302     -0.692      0.489
    C1#3               1.857      0.273      6.803      0.000
    C1#4               1.269      0.337      3.759      0.000
    C1#5               1.038      0.330      3.150      0.002
    C1#6               1.262      0.518      2.436      0.015
    C1#7               3.062      0.268     11.416      0.000
    C1#8               1.409      0.394      3.579      0.000


QUALITY OF NUMERICAL RESULTS

     Condition Number for the Information Matrix              0.618E-12
       (ratio of smallest to largest eigenvalue)


TECHNICAL 1 OUTPUT


     PARAMETER SPECIFICATION FOR LATENT CLASS 1


           NU
              KINSHIPJ      MUTUALIS      EXCHANGE      HAWKJ         DOVEJ
              ________      ________      ________      ________      ________
                    1             2             3             4             5


           NU
              DIVISION      POSSESSI
              ________      ________
                    6             7


           THETA
              KINSHIPJ      MUTUALIS      EXCHANGE      HAWKJ         DOVEJ
              ________      ________      ________      ________      ________
 KINSHIPJ           8
 MUTUALIS           9            10
 EXCHANGE          11            12            13
 HAWKJ             14            15            16            17
 DOVEJ             18            19            20            21            22
 DIVISION          23            24            25            26            27
 POSSESSI          29            30            31            32            33


           THETA
              DIVISION      POSSESSI
              ________      ________
 DIVISION          28
 POSSESSI          34            35


     PARAMETER SPECIFICATION FOR LATENT CLASS 2


           NU
              KINSHIPJ      MUTUALIS      EXCHANGE      HAWKJ         DOVEJ
              ________      ________      ________      ________      ________
                   36            37            38            39            40


           NU
              DIVISION      POSSESSI
              ________      ________
                   41            42


           THETA
              KINSHIPJ      MUTUALIS      EXCHANGE      HAWKJ         DOVEJ
              ________      ________      ________      ________      ________
 KINSHIPJ           8
 MUTUALIS          43            10
 EXCHANGE          44            45            13
 HAWKJ             46            47            48            17
 DOVEJ             49            50            51            52            22
 DIVISION          53            54            55            56            57
 POSSESSI          58            59            60            61            62


           THETA
              DIVISION      POSSESSI
              ________      ________
 DIVISION          28
 POSSESSI          63            35


     PARAMETER SPECIFICATION FOR LATENT CLASS 3


           NU
              KINSHIPJ      MUTUALIS      EXCHANGE      HAWKJ         DOVEJ
              ________      ________      ________      ________      ________
                   64            65            66            67            68


           NU
              DIVISION      POSSESSI
              ________      ________
                   69            70


           THETA
              KINSHIPJ      MUTUALIS      EXCHANGE      HAWKJ         DOVEJ
              ________      ________      ________      ________      ________
 KINSHIPJ           8
 MUTUALIS          71            10
 EXCHANGE          72            73            13
 HAWKJ             74            75            76            17
 DOVEJ             77            78            79            80            22
 DIVISION          81            82            83            84            85
 POSSESSI          86            87            88            89            90


           THETA
              DIVISION      POSSESSI
              ________      ________
 DIVISION          28
 POSSESSI          91            35


     PARAMETER SPECIFICATION FOR LATENT CLASS 4


           NU
              KINSHIPJ      MUTUALIS      EXCHANGE      HAWKJ         DOVEJ
              ________      ________      ________      ________      ________
                   92            93            94            95            96


           NU
              DIVISION      POSSESSI
              ________      ________
                   97            98


           THETA
              KINSHIPJ      MUTUALIS      EXCHANGE      HAWKJ         DOVEJ
              ________      ________      ________      ________      ________
 KINSHIPJ           8
 MUTUALIS          99            10
 EXCHANGE         100           101            13
 HAWKJ            102           103           104            17
 DOVEJ            105           106           107           108            22
 DIVISION         109           110           111           112           113
 POSSESSI         114           115           116           117           118


           THETA
              DIVISION      POSSESSI
              ________      ________
 DIVISION          28
 POSSESSI         119            35


     PARAMETER SPECIFICATION FOR LATENT CLASS 5


           NU
              KINSHIPJ      MUTUALIS      EXCHANGE      HAWKJ         DOVEJ
              ________      ________      ________      ________      ________
                  120           121           122           123           124


           NU
              DIVISION      POSSESSI
              ________      ________
                  125           126


           THETA
              KINSHIPJ      MUTUALIS      EXCHANGE      HAWKJ         DOVEJ
              ________      ________      ________      ________      ________
 KINSHIPJ           8
 MUTUALIS         127            10
 EXCHANGE         128           129            13
 HAWKJ            130           131           132            17
 DOVEJ            133           134           135           136            22
 DIVISION         137           138           139           140           141
 POSSESSI         142           143           144           145           146


           THETA
              DIVISION      POSSESSI
              ________      ________
 DIVISION          28
 POSSESSI         147            35


     PARAMETER SPECIFICATION FOR LATENT CLASS 6


           NU
              KINSHIPJ      MUTUALIS      EXCHANGE      HAWKJ         DOVEJ
              ________      ________      ________      ________      ________
                  148           149           150           151           152


           NU
              DIVISION      POSSESSI
              ________      ________
                  153           154


           THETA
              KINSHIPJ      MUTUALIS      EXCHANGE      HAWKJ         DOVEJ
              ________      ________      ________      ________      ________
 KINSHIPJ           8
 MUTUALIS         155            10
 EXCHANGE         156           157            13
 HAWKJ            158           159           160            17
 DOVEJ            161           162           163           164            22
 DIVISION         165           166           167           168           169
 POSSESSI         170           171           172           173           174


           THETA
              DIVISION      POSSESSI
              ________      ________
 DIVISION          28
 POSSESSI         175            35


     PARAMETER SPECIFICATION FOR LATENT CLASS 7


           NU
              KINSHIPJ      MUTUALIS      EXCHANGE      HAWKJ         DOVEJ
              ________      ________      ________      ________      ________
                  176           177           178           179           180


           NU
              DIVISION      POSSESSI
              ________      ________
                  181           182


           THETA
              KINSHIPJ      MUTUALIS      EXCHANGE      HAWKJ         DOVEJ
              ________      ________      ________      ________      ________
 KINSHIPJ           8
 MUTUALIS         183            10
 EXCHANGE         184           185            13
 HAWKJ            186           187           188            17
 DOVEJ            189           190           191           192            22
 DIVISION         193           194           195           196           197
 POSSESSI         198           199           200           201           202


           THETA
              DIVISION      POSSESSI
              ________      ________
 DIVISION          28
 POSSESSI         203            35


     PARAMETER SPECIFICATION FOR LATENT CLASS 8


           NU
              KINSHIPJ      MUTUALIS      EXCHANGE      HAWKJ         DOVEJ
              ________      ________      ________      ________      ________
                  204           205           206           207           208


           NU
              DIVISION      POSSESSI
              ________      ________
                  209           210


           THETA
              KINSHIPJ      MUTUALIS      EXCHANGE      HAWKJ         DOVEJ
              ________      ________      ________      ________      ________
 KINSHIPJ           8
 MUTUALIS         211            10
 EXCHANGE         212           213            13
 HAWKJ            214           215           216            17
 DOVEJ            217           218           219           220            22
 DIVISION         221           222           223           224           225
 POSSESSI         226           227           228           229           230


           THETA
              DIVISION      POSSESSI
              ________      ________
 DIVISION          28
 POSSESSI         231            35


     PARAMETER SPECIFICATION FOR LATENT CLASS 9


           NU
              KINSHIPJ      MUTUALIS      EXCHANGE      HAWKJ         DOVEJ
              ________      ________      ________      ________      ________
                  232           233           234           235           236


           NU
              DIVISION      POSSESSI
              ________      ________
                  237           238


           THETA
              KINSHIPJ      MUTUALIS      EXCHANGE      HAWKJ         DOVEJ
              ________      ________      ________      ________      ________
 KINSHIPJ           8
 MUTUALIS         239            10
 EXCHANGE         240           241            13
 HAWKJ            242           243           244            17
 DOVEJ            245           246           247           248            22
 DIVISION         249           250           251           252           253
 POSSESSI         254           255           256           257           258


           THETA
              DIVISION      POSSESSI
              ________      ________
 DIVISION          28
 POSSESSI         259            35


     PARAMETER SPECIFICATION FOR LATENT CLASS REGRESSION MODEL PART


           ALPHA(C)
              C1#1          C1#2          C1#3          C1#4          C1#5
              ________      ________      ________      ________      ________
                  260           261           262           263           264


           ALPHA(C)
              C1#6          C1#7          C1#8          C1#9
              ________      ________      ________      ________
                  265           266           267             0


     STARTING VALUES FOR LATENT CLASS 1


           NU
              KINSHIPJ      MUTUALIS      EXCHANGE      HAWKJ         DOVEJ
              ________      ________      ________      ________      ________
               36.949        37.238        49.273        33.897        22.805


           NU
              DIVISION      POSSESSI
              ________      ________
               38.682         8.541


           THETA
              KINSHIPJ      MUTUALIS      EXCHANGE      HAWKJ         DOVEJ
              ________      ________      ________      ________      ________
 KINSHIPJ     121.626
 MUTUALIS       0.000        92.239
 EXCHANGE       0.000         0.000        63.634
 HAWKJ          0.000         0.000         0.000       125.455
 DOVEJ          0.000         0.000         0.000         0.000       122.308
 DIVISION       0.000         0.000         0.000         0.000         0.000
 POSSESSI       0.000         0.000         0.000         0.000         0.000


           THETA
              DIVISION      POSSESSI
              ________      ________
 DIVISION     121.504
 POSSESSI       0.000       117.219


     STARTING VALUES FOR LATENT CLASS 2


           NU
              KINSHIPJ      MUTUALIS      EXCHANGE      HAWKJ         DOVEJ
              ________      ________      ________      ________      ________
               52.546        50.820        60.555        49.737        38.446


           NU
              DIVISION      POSSESSI
              ________      ________
               54.271        23.853


           THETA
              KINSHIPJ      MUTUALIS      EXCHANGE      HAWKJ         DOVEJ
              ________      ________      ________      ________      ________
 KINSHIPJ     121.626
 MUTUALIS       0.000        92.239
 EXCHANGE       0.000         0.000        63.634
 HAWKJ          0.000         0.000         0.000       125.455
 DOVEJ          0.000         0.000         0.000         0.000       122.308
 DIVISION       0.000         0.000         0.000         0.000         0.000
 POSSESSI       0.000         0.000         0.000         0.000         0.000


           THETA
              DIVISION      POSSESSI
              ________      ________
 DIVISION     121.504
 POSSESSI       0.000       117.219


     STARTING VALUES FOR LATENT CLASS 3


           NU
              KINSHIPJ      MUTUALIS      EXCHANGE      HAWKJ         DOVEJ
              ________      ________      ________      ________      ________
               52.546        50.820        60.555        49.737        38.446


           NU
              DIVISION      POSSESSI
              ________      ________
               54.271        23.853


           THETA
              KINSHIPJ      MUTUALIS      EXCHANGE      HAWKJ         DOVEJ
              ________      ________      ________      ________      ________
 KINSHIPJ     121.626
 MUTUALIS       0.000        92.239
 EXCHANGE       0.000         0.000        63.634
 HAWKJ          0.000         0.000         0.000       125.455
 DOVEJ          0.000         0.000         0.000         0.000       122.308
 DIVISION       0.000         0.000         0.000         0.000         0.000
 POSSESSI       0.000         0.000         0.000         0.000         0.000


           THETA
              DIVISION      POSSESSI
              ________      ________
 DIVISION     121.504
 POSSESSI       0.000       117.219


     STARTING VALUES FOR LATENT CLASS 4


           NU
              KINSHIPJ      MUTUALIS      EXCHANGE      HAWKJ         DOVEJ
              ________      ________      ________      ________      ________
               68.142        64.403        71.836        65.577        54.086


           NU
              DIVISION      POSSESSI
              ________      ________
               69.860        39.164


           THETA
              KINSHIPJ      MUTUALIS      EXCHANGE      HAWKJ         DOVEJ
              ________      ________      ________      ________      ________
 KINSHIPJ     121.626
 MUTUALIS       0.000        92.239
 EXCHANGE       0.000         0.000        63.634
 HAWKJ          0.000         0.000         0.000       125.455
 DOVEJ          0.000         0.000         0.000         0.000       122.308
 DIVISION       0.000         0.000         0.000         0.000         0.000
 POSSESSI       0.000         0.000         0.000         0.000         0.000


           THETA
              DIVISION      POSSESSI
              ________      ________
 DIVISION     121.504
 POSSESSI       0.000       117.219


     STARTING VALUES FOR LATENT CLASS 5


           NU
              KINSHIPJ      MUTUALIS      EXCHANGE      HAWKJ         DOVEJ
              ________      ________      ________      ________      ________
               68.142        64.403        71.836        65.577        54.086


           NU
              DIVISION      POSSESSI
              ________      ________
               69.860        39.164


           THETA
              KINSHIPJ      MUTUALIS      EXCHANGE      HAWKJ         DOVEJ
              ________      ________      ________      ________      ________
 KINSHIPJ     121.626
 MUTUALIS       0.000        92.239
 EXCHANGE       0.000         0.000        63.634
 HAWKJ          0.000         0.000         0.000       125.455
 DOVEJ          0.000         0.000         0.000         0.000       122.308
 DIVISION       0.000         0.000         0.000         0.000         0.000
 POSSESSI       0.000         0.000         0.000         0.000         0.000


           THETA
              DIVISION      POSSESSI
              ________      ________
 DIVISION     121.504
 POSSESSI       0.000       117.219


     STARTING VALUES FOR LATENT CLASS 6


           NU
              KINSHIPJ      MUTUALIS      EXCHANGE      HAWKJ         DOVEJ
              ________      ________      ________      ________      ________
               68.142        64.403        71.836        65.577        54.086


           NU
              DIVISION      POSSESSI
              ________      ________
               69.860        39.164


           THETA
              KINSHIPJ      MUTUALIS      EXCHANGE      HAWKJ         DOVEJ
              ________      ________      ________      ________      ________
 KINSHIPJ     121.626
 MUTUALIS       0.000        92.239
 EXCHANGE       0.000         0.000        63.634
 HAWKJ          0.000         0.000         0.000       125.455
 DOVEJ          0.000         0.000         0.000         0.000       122.308
 DIVISION       0.000         0.000         0.000         0.000         0.000
 POSSESSI       0.000         0.000         0.000         0.000         0.000


           THETA
              DIVISION      POSSESSI
              ________      ________
 DIVISION     121.504
 POSSESSI       0.000       117.219


     STARTING VALUES FOR LATENT CLASS 7


           NU
              KINSHIPJ      MUTUALIS      EXCHANGE      HAWKJ         DOVEJ
              ________      ________      ________      ________      ________
               83.739        77.985        83.117        81.417        69.726


           NU
              DIVISION      POSSESSI
              ________      ________
               85.448        54.475


           THETA
              KINSHIPJ      MUTUALIS      EXCHANGE      HAWKJ         DOVEJ
              ________      ________      ________      ________      ________
 KINSHIPJ     121.626
 MUTUALIS       0.000        92.239
 EXCHANGE       0.000         0.000        63.634
 HAWKJ          0.000         0.000         0.000       125.455
 DOVEJ          0.000         0.000         0.000         0.000       122.308
 DIVISION       0.000         0.000         0.000         0.000         0.000
 POSSESSI       0.000         0.000         0.000         0.000         0.000


           THETA
              DIVISION      POSSESSI
              ________      ________
 DIVISION     121.504
 POSSESSI       0.000       117.219


     STARTING VALUES FOR LATENT CLASS 8


           NU
              KINSHIPJ      MUTUALIS      EXCHANGE      HAWKJ         DOVEJ
              ________      ________      ________      ________      ________
               83.739        77.985        83.117        81.417        69.726


           NU
              DIVISION      POSSESSI
              ________      ________
               85.448        54.475


           THETA
              KINSHIPJ      MUTUALIS      EXCHANGE      HAWKJ         DOVEJ
              ________      ________      ________      ________      ________
 KINSHIPJ     121.626
 MUTUALIS       0.000        92.239
 EXCHANGE       0.000         0.000        63.634
 HAWKJ          0.000         0.000         0.000       125.455
 DOVEJ          0.000         0.000         0.000         0.000       122.308
 DIVISION       0.000         0.000         0.000         0.000         0.000
 POSSESSI       0.000         0.000         0.000         0.000         0.000


           THETA
              DIVISION      POSSESSI
              ________      ________
 DIVISION     121.504
 POSSESSI       0.000       117.219


     STARTING VALUES FOR LATENT CLASS 9


           NU
              KINSHIPJ      MUTUALIS      EXCHANGE      HAWKJ         DOVEJ
              ________      ________      ________      ________      ________
               99.336        91.567        94.399        97.257        85.366


           NU
              DIVISION      POSSESSI
              ________      ________
              101.037        69.787


           THETA
              KINSHIPJ      MUTUALIS      EXCHANGE      HAWKJ         DOVEJ
              ________      ________      ________      ________      ________
 KINSHIPJ     121.626
 MUTUALIS       0.000        92.239
 EXCHANGE       0.000         0.000        63.634
 HAWKJ          0.000         0.000         0.000       125.455
 DOVEJ          0.000         0.000         0.000         0.000       122.308
 DIVISION       0.000         0.000         0.000         0.000         0.000
 POSSESSI       0.000         0.000         0.000         0.000         0.000


           THETA
              DIVISION      POSSESSI
              ________      ________
 DIVISION     121.504
 POSSESSI       0.000       117.219


     STARTING VALUES FOR LATENT CLASS REGRESSION MODEL PART


           ALPHA(C)
              C1#1          C1#2          C1#3          C1#4          C1#5
              ________      ________      ________      ________      ________
                0.000         0.000         0.000         0.000         0.000


           ALPHA(C)
              C1#6          C1#7          C1#8          C1#9
              ________      ________      ________      ________
                0.000         0.000         0.000         0.000


TECHNICAL 14 OUTPUT

     Random Starts Specifications for the k-1 Class Analysis Model
        Number of initial stage random starts                  20
        Number of final stage optimizations                     4

     Random Starts Specification for the k-1 Class Model for Generated Data
        Number of initial stage random starts                   0
        Number of final stage optimizations for the
           initial stage random starts                          0
     Random Starts Specification for the k Class Model for Generated Data
        Number of initial stage random starts                  40
        Number of final stage optimizations                     8
     Number of bootstrap draws requested                   Varies


     PARAMETRIC BOOTSTRAPPED LIKELIHOOD RATIO TEST FOR 8 (H0) VERSUS 9 CLASSES

          H0 Loglikelihood Value                       -39237.093
          2 Times the Loglikelihood Difference             97.109
          Difference in the Number of Parameters               29
          Approximate P-Value                              0.1053
          Successful Bootstrap Draws                           38

     WARNING:  62 OUT OF 100 BOOTSTRAP DRAWS DID NOT CONVERGE.
     THE P-VALUE MAY NOT BE TRUSTWORTHY.
     INCREASE THE NUMBER OF RANDOM STARTS USING THE LRTSTARTS OPTION.



SAVEDATA INFORMATION


  Save file
    model_5_class_9.dat

  Order and format of variables

    KINSHIPJ       F10.3
    MUTUALIS       F10.3
    EXCHANGE       F10.3
    HAWKJ          F10.3
    DOVEJ          F10.3
    DIVISION       F10.3
    POSSESSI       F10.3
    CPROB1         F10.3
    CPROB2         F10.3
    CPROB3         F10.3
    CPROB4         F10.3
    CPROB5         F10.3
    CPROB6         F10.3
    CPROB7         F10.3
    CPROB8         F10.3
    CPROB9         F10.3
    C1             F10.3

  Save file format
    17F10.3

  Save file record length    10000


     Beginning Time:  11:32:53
        Ending Time:  12:11:59
       Elapsed Time:  00:39:06



MUTHEN & MUTHEN
3463 Stoner Ave.
Los Angeles, CA  90066

Tel: (310) 391-9971
Fax: (310) 391-8971
Web: www.StatModel.com
Support: Support@StatModel.com

Copyright (c) 1998-2018 Muthen & Muthen
