Mplus VERSION 8.2 (Mac)
MUTHEN & MUTHEN
08/26/2020  10:13 AM

INPUT INSTRUCTIONS

  TITLE:
  model 3 with 7 classes
  DATA:
  FILE = "data_624dd70f9f561f2c8c991d291c51b950.dat";

  VARIABLE:
  NAMES = KinshipJ MutualismJ ExchangeJ HawkJ DoveJ DivisionJ PossessionJ;
   MISSING=.;
   CLASSES = c1(7);

  ANALYSIS:
  TYPE = mixture;

  MODEL:
  %c1#1%
  KinshipJ (vKinshipJ);
  MutualismJ (vMutualismJ);
  ExchangeJ (vExchangeJ);
  HawkJ (vHawkJ);
  DoveJ (vDoveJ);
  DivisionJ (vDivisionJ);
  PossessionJ (vPossessionJ);

  KinshipJ WITH MutualismJ (KinshipJWMutualismJ);
  KinshipJ WITH ExchangeJ (KinshipJWExchangeJ);
  KinshipJ WITH HawkJ (KinshipJWHawkJ);
  KinshipJ WITH DoveJ (KinshipJWDoveJ);
  KinshipJ WITH DivisionJ (KinshipJWDivisionJ);
  KinshipJ WITH PossessionJ (KinshipJWPossessionJ);
  MutualismJ WITH ExchangeJ (MutualismJWExchangeJ);
  MutualismJ WITH HawkJ (MutualismJWHawkJ);
  MutualismJ WITH DoveJ (MutualismJWDoveJ);
  MutualismJ WITH DivisionJ (MutualismJWDivisionJ);
  MutualismJ WITH PossessionJ (MutualismJWPossessionJ);
  ExchangeJ WITH HawkJ (ExchangeJWHawkJ);
  ExchangeJ WITH DoveJ (ExchangeJWDoveJ);
  ExchangeJ WITH DivisionJ (ExchangeJWDivisionJ);
  ExchangeJ WITH PossessionJ (ExchangeJWPossessionJ);
  HawkJ WITH DoveJ (HawkJWDoveJ);
  HawkJ WITH DivisionJ (HawkJWDivisionJ);
  HawkJ WITH PossessionJ (HawkJWPossessionJ);
  DoveJ WITH DivisionJ (DoveJWDivisionJ);
  DoveJ WITH PossessionJ (DoveJWPossessionJ);
  DivisionJ WITH PossessionJ (DivisionJWPossessionJ);

  %c1#2%
  KinshipJ (vKinshipJ);
  MutualismJ (vMutualismJ);
  ExchangeJ (vExchangeJ);
  HawkJ (vHawkJ);
  DoveJ (vDoveJ);
  DivisionJ (vDivisionJ);
  PossessionJ (vPossessionJ);

  KinshipJ WITH MutualismJ (KinshipJWMutualismJ);
  KinshipJ WITH ExchangeJ (KinshipJWExchangeJ);
  KinshipJ WITH HawkJ (KinshipJWHawkJ);
  KinshipJ WITH DoveJ (KinshipJWDoveJ);
  KinshipJ WITH DivisionJ (KinshipJWDivisionJ);
  KinshipJ WITH PossessionJ (KinshipJWPossessionJ);
  MutualismJ WITH ExchangeJ (MutualismJWExchangeJ);
  MutualismJ WITH HawkJ (MutualismJWHawkJ);
  MutualismJ WITH DoveJ (MutualismJWDoveJ);
  MutualismJ WITH DivisionJ (MutualismJWDivisionJ);
  MutualismJ WITH PossessionJ (MutualismJWPossessionJ);
  ExchangeJ WITH HawkJ (ExchangeJWHawkJ);
  ExchangeJ WITH DoveJ (ExchangeJWDoveJ);
  ExchangeJ WITH DivisionJ (ExchangeJWDivisionJ);
  ExchangeJ WITH PossessionJ (ExchangeJWPossessionJ);
  HawkJ WITH DoveJ (HawkJWDoveJ);
  HawkJ WITH DivisionJ (HawkJWDivisionJ);
  HawkJ WITH PossessionJ (HawkJWPossessionJ);
  DoveJ WITH DivisionJ (DoveJWDivisionJ);
  DoveJ WITH PossessionJ (DoveJWPossessionJ);
  DivisionJ WITH PossessionJ (DivisionJWPossessionJ);

  %c1#3%
  KinshipJ (vKinshipJ);
  MutualismJ (vMutualismJ);
  ExchangeJ (vExchangeJ);
  HawkJ (vHawkJ);
  DoveJ (vDoveJ);
  DivisionJ (vDivisionJ);
  PossessionJ (vPossessionJ);

  KinshipJ WITH MutualismJ (KinshipJWMutualismJ);
  KinshipJ WITH ExchangeJ (KinshipJWExchangeJ);
  KinshipJ WITH HawkJ (KinshipJWHawkJ);
  KinshipJ WITH DoveJ (KinshipJWDoveJ);
  KinshipJ WITH DivisionJ (KinshipJWDivisionJ);
  KinshipJ WITH PossessionJ (KinshipJWPossessionJ);
  MutualismJ WITH ExchangeJ (MutualismJWExchangeJ);
  MutualismJ WITH HawkJ (MutualismJWHawkJ);
  MutualismJ WITH DoveJ (MutualismJWDoveJ);
  MutualismJ WITH DivisionJ (MutualismJWDivisionJ);
  MutualismJ WITH PossessionJ (MutualismJWPossessionJ);
  ExchangeJ WITH HawkJ (ExchangeJWHawkJ);
  ExchangeJ WITH DoveJ (ExchangeJWDoveJ);
  ExchangeJ WITH DivisionJ (ExchangeJWDivisionJ);
  ExchangeJ WITH PossessionJ (ExchangeJWPossessionJ);
  HawkJ WITH DoveJ (HawkJWDoveJ);
  HawkJ WITH DivisionJ (HawkJWDivisionJ);
  HawkJ WITH PossessionJ (HawkJWPossessionJ);
  DoveJ WITH DivisionJ (DoveJWDivisionJ);
  DoveJ WITH PossessionJ (DoveJWPossessionJ);
  DivisionJ WITH PossessionJ (DivisionJWPossessionJ);

  %c1#4%
  KinshipJ (vKinshipJ);
  MutualismJ (vMutualismJ);
  ExchangeJ (vExchangeJ);
  HawkJ (vHawkJ);
  DoveJ (vDoveJ);
  DivisionJ (vDivisionJ);
  PossessionJ (vPossessionJ);

  KinshipJ WITH MutualismJ (KinshipJWMutualismJ);
  KinshipJ WITH ExchangeJ (KinshipJWExchangeJ);
  KinshipJ WITH HawkJ (KinshipJWHawkJ);
  KinshipJ WITH DoveJ (KinshipJWDoveJ);
  KinshipJ WITH DivisionJ (KinshipJWDivisionJ);
  KinshipJ WITH PossessionJ (KinshipJWPossessionJ);
  MutualismJ WITH ExchangeJ (MutualismJWExchangeJ);
  MutualismJ WITH HawkJ (MutualismJWHawkJ);
  MutualismJ WITH DoveJ (MutualismJWDoveJ);
  MutualismJ WITH DivisionJ (MutualismJWDivisionJ);
  MutualismJ WITH PossessionJ (MutualismJWPossessionJ);
  ExchangeJ WITH HawkJ (ExchangeJWHawkJ);
  ExchangeJ WITH DoveJ (ExchangeJWDoveJ);
  ExchangeJ WITH DivisionJ (ExchangeJWDivisionJ);
  ExchangeJ WITH PossessionJ (ExchangeJWPossessionJ);
  HawkJ WITH DoveJ (HawkJWDoveJ);
  HawkJ WITH DivisionJ (HawkJWDivisionJ);
  HawkJ WITH PossessionJ (HawkJWPossessionJ);
  DoveJ WITH DivisionJ (DoveJWDivisionJ);
  DoveJ WITH PossessionJ (DoveJWPossessionJ);
  DivisionJ WITH PossessionJ (DivisionJWPossessionJ);

  %c1#5%
  KinshipJ (vKinshipJ);
  MutualismJ (vMutualismJ);
  ExchangeJ (vExchangeJ);
  HawkJ (vHawkJ);
  DoveJ (vDoveJ);
  DivisionJ (vDivisionJ);
  PossessionJ (vPossessionJ);

  KinshipJ WITH MutualismJ (KinshipJWMutualismJ);
  KinshipJ WITH ExchangeJ (KinshipJWExchangeJ);
  KinshipJ WITH HawkJ (KinshipJWHawkJ);
  KinshipJ WITH DoveJ (KinshipJWDoveJ);
  KinshipJ WITH DivisionJ (KinshipJWDivisionJ);
  KinshipJ WITH PossessionJ (KinshipJWPossessionJ);
  MutualismJ WITH ExchangeJ (MutualismJWExchangeJ);
  MutualismJ WITH HawkJ (MutualismJWHawkJ);
  MutualismJ WITH DoveJ (MutualismJWDoveJ);
  MutualismJ WITH DivisionJ (MutualismJWDivisionJ);
  MutualismJ WITH PossessionJ (MutualismJWPossessionJ);
  ExchangeJ WITH HawkJ (ExchangeJWHawkJ);
  ExchangeJ WITH DoveJ (ExchangeJWDoveJ);
  ExchangeJ WITH DivisionJ (ExchangeJWDivisionJ);
  ExchangeJ WITH PossessionJ (ExchangeJWPossessionJ);
  HawkJ WITH DoveJ (HawkJWDoveJ);
  HawkJ WITH DivisionJ (HawkJWDivisionJ);
  HawkJ WITH PossessionJ (HawkJWPossessionJ);
  DoveJ WITH DivisionJ (DoveJWDivisionJ);
  DoveJ WITH PossessionJ (DoveJWPossessionJ);
  DivisionJ WITH PossessionJ (DivisionJWPossessionJ);

  %c1#6%
  KinshipJ (vKinshipJ);
  MutualismJ (vMutualismJ);
  ExchangeJ (vExchangeJ);
  HawkJ (vHawkJ);
  DoveJ (vDoveJ);
  DivisionJ (vDivisionJ);
  PossessionJ (vPossessionJ);

  KinshipJ WITH MutualismJ (KinshipJWMutualismJ);
  KinshipJ WITH ExchangeJ (KinshipJWExchangeJ);
  KinshipJ WITH HawkJ (KinshipJWHawkJ);
  KinshipJ WITH DoveJ (KinshipJWDoveJ);
  KinshipJ WITH DivisionJ (KinshipJWDivisionJ);
  KinshipJ WITH PossessionJ (KinshipJWPossessionJ);
  MutualismJ WITH ExchangeJ (MutualismJWExchangeJ);
  MutualismJ WITH HawkJ (MutualismJWHawkJ);
  MutualismJ WITH DoveJ (MutualismJWDoveJ);
  MutualismJ WITH DivisionJ (MutualismJWDivisionJ);
  MutualismJ WITH PossessionJ (MutualismJWPossessionJ);
  ExchangeJ WITH HawkJ (ExchangeJWHawkJ);
  ExchangeJ WITH DoveJ (ExchangeJWDoveJ);
  ExchangeJ WITH DivisionJ (ExchangeJWDivisionJ);
  ExchangeJ WITH PossessionJ (ExchangeJWPossessionJ);
  HawkJ WITH DoveJ (HawkJWDoveJ);
  HawkJ WITH DivisionJ (HawkJWDivisionJ);
  HawkJ WITH PossessionJ (HawkJWPossessionJ);
  DoveJ WITH DivisionJ (DoveJWDivisionJ);
  DoveJ WITH PossessionJ (DoveJWPossessionJ);
  DivisionJ WITH PossessionJ (DivisionJWPossessionJ);

  %c1#7%
  KinshipJ (vKinshipJ);
  MutualismJ (vMutualismJ);
  ExchangeJ (vExchangeJ);
  HawkJ (vHawkJ);
  DoveJ (vDoveJ);
  DivisionJ (vDivisionJ);
  PossessionJ (vPossessionJ);

  KinshipJ WITH MutualismJ (KinshipJWMutualismJ);
  KinshipJ WITH ExchangeJ (KinshipJWExchangeJ);
  KinshipJ WITH HawkJ (KinshipJWHawkJ);
  KinshipJ WITH DoveJ (KinshipJWDoveJ);
  KinshipJ WITH DivisionJ (KinshipJWDivisionJ);
  KinshipJ WITH PossessionJ (KinshipJWPossessionJ);
  MutualismJ WITH ExchangeJ (MutualismJWExchangeJ);
  MutualismJ WITH HawkJ (MutualismJWHawkJ);
  MutualismJ WITH DoveJ (MutualismJWDoveJ);
  MutualismJ WITH DivisionJ (MutualismJWDivisionJ);
  MutualismJ WITH PossessionJ (MutualismJWPossessionJ);
  ExchangeJ WITH HawkJ (ExchangeJWHawkJ);
  ExchangeJ WITH DoveJ (ExchangeJWDoveJ);
  ExchangeJ WITH DivisionJ (ExchangeJWDivisionJ);
  ExchangeJ WITH PossessionJ (ExchangeJWPossessionJ);
  HawkJ WITH DoveJ (HawkJWDoveJ);
  HawkJ WITH DivisionJ (HawkJWDivisionJ);
  HawkJ WITH PossessionJ (HawkJWPossessionJ);
  DoveJ WITH DivisionJ (DoveJWDivisionJ);
  DoveJ WITH PossessionJ (DoveJWPossessionJ);
  DivisionJ WITH PossessionJ (DivisionJWPossessionJ);


  OUTPUT:
  TECH14;

  SAVEDATA:
  FILE IS model_3_class_7.dat;
  SAVE = cprobabilities;



*** WARNING in VARIABLE command
  Note that only the first 8 characters of variable names are used in the output.
  Shorten variable names to avoid any confusion.
*** WARNING in MODEL command
  All variables are uncorrelated with all other variables within class.
  Check that this is what is intended.
   2 WARNING(S) FOUND IN THE INPUT INSTRUCTIONS




model 3 with 7 classes

SUMMARY OF ANALYSIS

Number of groups                                                 1
Number of observations                                        1392

Number of dependent variables                                    7
Number of independent variables                                  0
Number of continuous latent variables                            0
Number of categorical latent variables                           1

Observed dependent variables

  Continuous
   KINSHIPJ    MUTUALISMJ  EXCHANGEJ   HAWKJ       DOVEJ       DIVISIONJ
   POSSESSION

Categorical latent variables
   C1


Estimator                                                      MLR
Information matrix                                        OBSERVED
Optimization Specifications for the Quasi-Newton Algorithm for
Continuous Outcomes
  Maximum number of iterations                                 100
  Convergence criterion                                  0.100D-05
Optimization Specifications for the EM Algorithm
  Maximum number of iterations                                 500
  Convergence criteria
    Loglikelihood change                                 0.100D-06
    Relative loglikelihood change                        0.100D-06
    Derivative                                           0.100D-05
Optimization Specifications for the M step of the EM Algorithm for
Categorical Latent variables
  Number of M step iterations                                    1
  M step convergence criterion                           0.100D-05
  Basis for M step termination                           ITERATION
Optimization Specifications for the M step of the EM Algorithm for
Censored, Binary or Ordered Categorical (Ordinal), Unordered
Categorical (Nominal) and Count Outcomes
  Number of M step iterations                                    1
  M step convergence criterion                           0.100D-05
  Basis for M step termination                           ITERATION
  Maximum value for logit thresholds                            15
  Minimum value for logit thresholds                           -15
  Minimum expected cell size for chi-square              0.100D-01
Maximum number of iterations for H1                           2000
Convergence criterion for H1                             0.100D-03
Optimization algorithm                                         EMA
Random Starts Specifications
  Number of initial stage random starts                         20
  Number of final stage optimizations                            4
  Number of initial stage iterations                            10
  Initial stage convergence criterion                    0.100D+01
  Random starts scale                                    0.500D+01
  Random seed for generating random starts                       0

Input data file(s)
  data_624dd70f9f561f2c8c991d291c51b950.dat
Input data format  FREE


SUMMARY OF DATA

     Number of missing data patterns             1
     Number of y missing data patterns           1
     Number of u missing data patterns           0


COVARIANCE COVERAGE OF DATA

Minimum covariance coverage value   0.100


     PROPORTION OF DATA PRESENT FOR Y


           Covariance Coverage
              KINSHIPJ      MUTUALIS      EXCHANGE      HAWKJ         DOVEJ
              ________      ________      ________      ________      ________
 KINSHIPJ       1.000
 MUTUALIS       1.000         1.000
 EXCHANGE       1.000         1.000         1.000
 HAWKJ          1.000         1.000         1.000         1.000
 DOVEJ          1.000         1.000         1.000         1.000         1.000
 DIVISION       1.000         1.000         1.000         1.000         1.000
 POSSESSI       1.000         1.000         1.000         1.000         1.000


           Covariance Coverage
              DIVISION      POSSESSI
              ________      ________
 DIVISION       1.000
 POSSESSI       1.000         1.000



UNIVARIATE SAMPLE STATISTICS


     UNIVARIATE HIGHER-ORDER MOMENT DESCRIPTIVE STATISTICS

         Variable/         Mean/     Skewness/   Minimum/ % with                Percentiles
        Sample Size      Variance    Kurtosis    Maximum  Min/Max      20%/60%    40%/80%    Median

     KINSHIPJ             68.142      -0.400      12.667    0.07%      55.333     64.667     69.000
            1392.000     243.252      -0.028      99.333    0.07%      73.000     82.000
     MUTUALISMJ           64.403      -0.398      11.000    0.07%      53.000     61.667     65.000
            1392.000     184.479       0.162      96.000    0.07%      68.333     76.333
     EXCHANGEJ            71.836      -0.357      32.667    0.07%      62.667     69.667     72.667
            1392.000     127.269       0.056      98.000    0.14%      75.333     81.333
     HAWKJ                65.577      -0.286      11.000    0.07%      52.333     61.667     66.000
            1392.000     250.911      -0.258      99.667    0.14%      70.333     80.000
     DOVEJ                54.086      -0.377       2.000    0.07%      41.000     51.333     55.167
            1392.000     244.615      -0.092      92.333    0.07%      59.000     68.000
     DIVISIONJ            69.860      -0.574       6.333    0.07%      57.333     67.000     71.333
            1392.000     243.008       0.243     100.000    0.29%      75.333     83.000
     POSSESSIONJ          39.164       0.105       1.667    0.07%      26.000     35.000     39.333
            1392.000     234.437      -0.117      95.333    0.07%      43.000     52.000

RANDOM STARTS RESULTS RANKED FROM THE BEST TO THE WORST LOGLIKELIHOOD VALUES

Final stage loglikelihood values at local maxima, seeds, and initial stage start numbers:

          -39416.011  903420           5
          -39419.312  195873           6
          -39423.343  93468            3
          -39426.900  939021           8



     WARNING:  THE BEST LOGLIKELIHOOD VALUE WAS NOT REPLICATED.  THE
     SOLUTION MAY NOT BE TRUSTWORTHY DUE TO LOCAL MAXIMA.  INCREASE THE
     NUMBER OF RANDOM STARTS.


THE MODEL ESTIMATION TERMINATED NORMALLY



MODEL FIT INFORMATION

Number of Free Parameters                       83

Loglikelihood

          H0 Value                      -39416.011
          H0 Scaling Correction Factor      1.3608
            for MLR

Information Criteria

          Akaike (AIC)                   78998.023
          Bayesian (BIC)                 79432.818
          Sample-Size Adjusted BIC       79169.159
            (n* = (n + 2) / 24)



FINAL CLASS COUNTS AND PROPORTIONS FOR THE LATENT CLASSES
BASED ON THE ESTIMATED MODEL

    Latent
   Classes

       1         67.21028          0.04828
       2          8.12515          0.00584
       3         98.82535          0.07100
       4        171.15467          0.12296
       5         57.75722          0.04149
       6        539.38409          0.38749
       7        449.54325          0.32295


FINAL CLASS COUNTS AND PROPORTIONS FOR THE LATENT CLASSES
BASED ON ESTIMATED POSTERIOR PROBABILITIES

    Latent
   Classes

       1         67.21028          0.04828
       2          8.12515          0.00584
       3         98.82535          0.07100
       4        171.15467          0.12296
       5         57.75722          0.04149
       6        539.38409          0.38749
       7        449.54325          0.32295


FINAL CLASS COUNTS AND PROPORTIONS FOR THE LATENT CLASSES
BASED ON THEIR MOST LIKELY LATENT CLASS MEMBERSHIP

Class Counts and Proportions

    Latent
   Classes

       1               57          0.04095
       2                7          0.00503
       3               96          0.06897
       4              158          0.11351
       5               48          0.03448
       6              577          0.41451
       7              449          0.32256


CLASSIFICATION QUALITY

     Entropy                         0.628


Average Latent Class Probabilities for Most Likely Latent Class Membership (Row)
by Latent Class (Column)

           1        2        3        4        5        6        7

    1   0.765    0.000    0.013    0.021    0.003    0.111    0.087
    2   0.001    0.919    0.003    0.004    0.000    0.042    0.032
    3   0.006    0.001    0.695    0.047    0.000    0.089    0.162
    4   0.014    0.000    0.024    0.724    0.019    0.141    0.076
    5   0.003    0.000    0.000    0.062    0.674    0.113    0.148
    6   0.021    0.001    0.020    0.057    0.020    0.721    0.160
    7   0.020    0.002    0.035    0.034    0.024    0.179    0.706


Classification Probabilities for the Most Likely Latent Class Membership (Column)
by Latent Class (Row)

           1        2        3        4        5        6        7

    1   0.649    0.000    0.009    0.034    0.002    0.176    0.130
    2   0.000    0.791    0.008    0.004    0.000    0.083    0.113
    3   0.007    0.000    0.675    0.039    0.000    0.118    0.160
    4   0.007    0.000    0.026    0.669    0.018    0.191    0.090
    5   0.003    0.000    0.000    0.053    0.560    0.199    0.185
    6   0.012    0.001    0.016    0.041    0.010    0.771    0.149
    7   0.011    0.000    0.035    0.027    0.016    0.206    0.705


Logits for the Classification Probabilities for the Most Likely Latent Class Membership (Column)
by Latent Class (Row)

              1        2        3        4        5        6        7

    1      1.605   -7.401   -2.645   -1.355   -4.235    0.301    0.000
    2     -5.671    1.947   -2.631   -3.269   -6.946   -0.310    0.000
    3     -3.072   -6.624    1.440   -1.411   -7.065   -0.305    0.000
    4     -2.562   -6.264   -1.229    2.011   -1.631    0.757    0.000
    5     -3.990   -9.925   -6.359   -1.252    1.109    0.074    0.000
    6     -2.540   -5.616   -2.244   -1.285   -2.700    1.644    0.000
    7     -4.162   -7.268   -3.015   -3.268   -3.796   -1.231    0.000


MODEL RESULTS

                                                    Two-Tailed
                    Estimate       S.E.  Est./S.E.    P-Value

Latent Class 1

 KINSHIPJ WITH
    MUTUALISMJ        34.217     15.456      2.214      0.027
    EXCHANGEJ         57.588     16.810      3.426      0.001
    HAWKJ             56.182     12.020      4.674      0.000
    DOVEJ             55.597     26.910      2.066      0.039
    DIVISIONJ         22.911     15.800      1.450      0.147
    POSSESSION        21.047     27.788      0.757      0.449

 MUTUALIS WITH
    EXCHANGEJ         50.661     16.566      3.058      0.002
    HAWKJ             28.092      9.179      3.060      0.002
    DOVEJ             37.104     10.980      3.379      0.001
    DIVISIONJ         41.499     11.575      3.585      0.000
    POSSESSION        14.001     10.215      1.371      0.170

 EXCHANGE WITH
    HAWKJ             35.308     12.177      2.900      0.004
    DOVEJ             27.869      7.978      3.493      0.000
    DIVISIONJ         25.768     11.429      2.255      0.024
    POSSESSION        14.880     15.918      0.935      0.350

 HAWKJ    WITH
    DOVEJ             60.987     12.283      4.965      0.000
    DIVISIONJ         28.688      8.873      3.233      0.001
    POSSESSION        12.180     13.050      0.933      0.351

 DOVEJ    WITH
    DIVISIONJ          4.018     26.665      0.151      0.880
    POSSESSION        -2.791     13.812     -0.202      0.840

 DIVISION WITH
    POSSESSION        26.876      9.529      2.821      0.005

 Means
    KINSHIPJ          73.556      3.680     19.986      0.000
    MUTUALISMJ        62.003      5.649     10.976      0.000
    EXCHANGEJ         77.083      2.581     29.868      0.000
    HAWKJ             67.163      4.186     16.047      0.000
    DOVEJ             61.859      5.076     12.188      0.000
    DIVISIONJ         39.085      2.577     15.170      0.000
    POSSESSION        30.518      3.648      8.365      0.000

 Variances
    KINSHIPJ         187.441     19.883      9.427      0.000
    MUTUALISMJ       169.232     11.536     14.669      0.000
    EXCHANGEJ        104.798     29.223      3.586      0.000
    HAWKJ            238.843     10.544     22.651      0.000
    DOVEJ            165.472     55.540      2.979      0.003
    DIVISIONJ        188.388     17.936     10.503      0.000
    POSSESSION       172.963     26.442      6.541      0.000

Latent Class 2

 KINSHIPJ WITH
    MUTUALISMJ        34.217     15.456      2.214      0.027
    EXCHANGEJ         57.588     16.810      3.426      0.001
    HAWKJ             56.182     12.020      4.674      0.000
    DOVEJ             55.597     26.910      2.066      0.039
    DIVISIONJ         22.911     15.800      1.450      0.147
    POSSESSION        21.047     27.788      0.757      0.449

 MUTUALIS WITH
    EXCHANGEJ         50.661     16.566      3.058      0.002
    HAWKJ             28.092      9.179      3.060      0.002
    DOVEJ             37.104     10.980      3.379      0.001
    DIVISIONJ         41.499     11.575      3.585      0.000
    POSSESSION        14.001     10.215      1.371      0.170

 EXCHANGE WITH
    HAWKJ             35.308     12.177      2.900      0.004
    DOVEJ             27.869      7.978      3.493      0.000
    DIVISIONJ         25.768     11.429      2.255      0.024
    POSSESSION        14.880     15.918      0.935      0.350

 HAWKJ    WITH
    DOVEJ             60.987     12.283      4.965      0.000
    DIVISIONJ         28.688      8.873      3.233      0.001
    POSSESSION        12.180     13.050      0.933      0.351

 DOVEJ    WITH
    DIVISIONJ          4.018     26.665      0.151      0.880
    POSSESSION        -2.791     13.812     -0.202      0.840

 DIVISION WITH
    POSSESSION        26.876      9.529      2.821      0.005

 Means
    KINSHIPJ          84.112      5.195     16.190      0.000
    MUTUALISMJ        36.318      8.381      4.333      0.000
    EXCHANGEJ         77.990      4.587     17.002      0.000
    HAWKJ             37.583      8.017      4.688      0.000
    DOVEJ             51.798      7.916      6.543      0.000
    DIVISIONJ         84.234      5.571     15.119      0.000
    POSSESSION        36.210      5.753      6.294      0.000

 Variances
    KINSHIPJ         187.441     19.883      9.427      0.000
    MUTUALISMJ       169.232     11.536     14.669      0.000
    EXCHANGEJ        104.798     29.223      3.586      0.000
    HAWKJ            238.843     10.544     22.651      0.000
    DOVEJ            165.472     55.540      2.979      0.003
    DIVISIONJ        188.388     17.936     10.503      0.000
    POSSESSION       172.963     26.442      6.541      0.000

Latent Class 3

 KINSHIPJ WITH
    MUTUALISMJ        34.217     15.456      2.214      0.027
    EXCHANGEJ         57.588     16.810      3.426      0.001
    HAWKJ             56.182     12.020      4.674      0.000
    DOVEJ             55.597     26.910      2.066      0.039
    DIVISIONJ         22.911     15.800      1.450      0.147
    POSSESSION        21.047     27.788      0.757      0.449

 MUTUALIS WITH
    EXCHANGEJ         50.661     16.566      3.058      0.002
    HAWKJ             28.092      9.179      3.060      0.002
    DOVEJ             37.104     10.980      3.379      0.001
    DIVISIONJ         41.499     11.575      3.585      0.000
    POSSESSION        14.001     10.215      1.371      0.170

 EXCHANGE WITH
    HAWKJ             35.308     12.177      2.900      0.004
    DOVEJ             27.869      7.978      3.493      0.000
    DIVISIONJ         25.768     11.429      2.255      0.024
    POSSESSION        14.880     15.918      0.935      0.350

 HAWKJ    WITH
    DOVEJ             60.987     12.283      4.965      0.000
    DIVISIONJ         28.688      8.873      3.233      0.001
    POSSESSION        12.180     13.050      0.933      0.351

 DOVEJ    WITH
    DIVISIONJ          4.018     26.665      0.151      0.880
    POSSESSION        -2.791     13.812     -0.202      0.840

 DIVISION WITH
    POSSESSION        26.876      9.529      2.821      0.005

 Means
    KINSHIPJ          43.188      4.955      8.715      0.000
    MUTUALISMJ        58.697      3.587     16.364      0.000
    EXCHANGEJ         75.142      2.289     32.832      0.000
    HAWKJ             59.150      5.911     10.007      0.000
    DOVEJ             42.903      3.561     12.047      0.000
    DIVISIONJ         70.458      4.386     16.066      0.000
    POSSESSION        43.384      2.807     15.456      0.000

 Variances
    KINSHIPJ         187.441     19.883      9.427      0.000
    MUTUALISMJ       169.232     11.536     14.669      0.000
    EXCHANGEJ        104.798     29.223      3.586      0.000
    HAWKJ            238.843     10.544     22.651      0.000
    DOVEJ            165.472     55.540      2.979      0.003
    DIVISIONJ        188.388     17.936     10.503      0.000
    POSSESSION       172.963     26.442      6.541      0.000

Latent Class 4

 KINSHIPJ WITH
    MUTUALISMJ        34.217     15.456      2.214      0.027
    EXCHANGEJ         57.588     16.810      3.426      0.001
    HAWKJ             56.182     12.020      4.674      0.000
    DOVEJ             55.597     26.910      2.066      0.039
    DIVISIONJ         22.911     15.800      1.450      0.147
    POSSESSION        21.047     27.788      0.757      0.449

 MUTUALIS WITH
    EXCHANGEJ         50.661     16.566      3.058      0.002
    HAWKJ             28.092      9.179      3.060      0.002
    DOVEJ             37.104     10.980      3.379      0.001
    DIVISIONJ         41.499     11.575      3.585      0.000
    POSSESSION        14.001     10.215      1.371      0.170

 EXCHANGE WITH
    HAWKJ             35.308     12.177      2.900      0.004
    DOVEJ             27.869      7.978      3.493      0.000
    DIVISIONJ         25.768     11.429      2.255      0.024
    POSSESSION        14.880     15.918      0.935      0.350

 HAWKJ    WITH
    DOVEJ             60.987     12.283      4.965      0.000
    DIVISIONJ         28.688      8.873      3.233      0.001
    POSSESSION        12.180     13.050      0.933      0.351

 DOVEJ    WITH
    DIVISIONJ          4.018     26.665      0.151      0.880
    POSSESSION        -2.791     13.812     -0.202      0.840

 DIVISION WITH
    POSSESSION        26.876      9.529      2.821      0.005

 Means
    KINSHIPJ          69.611      3.330     20.902      0.000
    MUTUALISMJ        65.081      3.296     19.744      0.000
    EXCHANGEJ         71.245      5.680     12.543      0.000
    HAWKJ             68.811      3.722     18.486      0.000
    DOVEJ             33.316      2.592     12.855      0.000
    DIVISIONJ         67.327      9.616      7.002      0.000
    POSSESSION        42.621      1.651     25.817      0.000

 Variances
    KINSHIPJ         187.441     19.883      9.427      0.000
    MUTUALISMJ       169.232     11.536     14.669      0.000
    EXCHANGEJ        104.798     29.223      3.586      0.000
    HAWKJ            238.843     10.544     22.651      0.000
    DOVEJ            165.472     55.540      2.979      0.003
    DIVISIONJ        188.388     17.936     10.503      0.000
    POSSESSION       172.963     26.442      6.541      0.000

Latent Class 5

 KINSHIPJ WITH
    MUTUALISMJ        34.217     15.456      2.214      0.027
    EXCHANGEJ         57.588     16.810      3.426      0.001
    HAWKJ             56.182     12.020      4.674      0.000
    DOVEJ             55.597     26.910      2.066      0.039
    DIVISIONJ         22.911     15.800      1.450      0.147
    POSSESSION        21.047     27.788      0.757      0.449

 MUTUALIS WITH
    EXCHANGEJ         50.661     16.566      3.058      0.002
    HAWKJ             28.092      9.179      3.060      0.002
    DOVEJ             37.104     10.980      3.379      0.001
    DIVISIONJ         41.499     11.575      3.585      0.000
    POSSESSION        14.001     10.215      1.371      0.170

 EXCHANGE WITH
    HAWKJ             35.308     12.177      2.900      0.004
    DOVEJ             27.869      7.978      3.493      0.000
    DIVISIONJ         25.768     11.429      2.255      0.024
    POSSESSION        14.880     15.918      0.935      0.350

 HAWKJ    WITH
    DOVEJ             60.987     12.283      4.965      0.000
    DIVISIONJ         28.688      8.873      3.233      0.001
    POSSESSION        12.180     13.050      0.933      0.351

 DOVEJ    WITH
    DIVISIONJ          4.018     26.665      0.151      0.880
    POSSESSION        -2.791     13.812     -0.202      0.840

 DIVISION WITH
    POSSESSION        26.876      9.529      2.821      0.005

 Means
    KINSHIPJ          72.217     12.206      5.916      0.000
    MUTUALISMJ        63.836     11.345      5.627      0.000
    EXCHANGEJ         51.939      3.932     13.209      0.000
    HAWKJ             61.333      4.183     14.661      0.000
    DOVEJ             52.997     21.697      2.443      0.015
    DIVISIONJ         69.320     11.266      6.153      0.000
    POSSESSION        39.586      3.986      9.932      0.000

 Variances
    KINSHIPJ         187.441     19.883      9.427      0.000
    MUTUALISMJ       169.232     11.536     14.669      0.000
    EXCHANGEJ        104.798     29.223      3.586      0.000
    HAWKJ            238.843     10.544     22.651      0.000
    DOVEJ            165.472     55.540      2.979      0.003
    DIVISIONJ        188.388     17.936     10.503      0.000
    POSSESSION       172.963     26.442      6.541      0.000

Latent Class 6

 KINSHIPJ WITH
    MUTUALISMJ        34.217     15.456      2.214      0.027
    EXCHANGEJ         57.588     16.810      3.426      0.001
    HAWKJ             56.182     12.020      4.674      0.000
    DOVEJ             55.597     26.910      2.066      0.039
    DIVISIONJ         22.911     15.800      1.450      0.147
    POSSESSION        21.047     27.788      0.757      0.449

 MUTUALIS WITH
    EXCHANGEJ         50.661     16.566      3.058      0.002
    HAWKJ             28.092      9.179      3.060      0.002
    DOVEJ             37.104     10.980      3.379      0.001
    DIVISIONJ         41.499     11.575      3.585      0.000
    POSSESSION        14.001     10.215      1.371      0.170

 EXCHANGE WITH
    HAWKJ             35.308     12.177      2.900      0.004
    DOVEJ             27.869      7.978      3.493      0.000
    DIVISIONJ         25.768     11.429      2.255      0.024
    POSSESSION        14.880     15.918      0.935      0.350

 HAWKJ    WITH
    DOVEJ             60.987     12.283      4.965      0.000
    DIVISIONJ         28.688      8.873      3.233      0.001
    POSSESSION        12.180     13.050      0.933      0.351

 DOVEJ    WITH
    DIVISIONJ          4.018     26.665      0.151      0.880
    POSSESSION        -2.791     13.812     -0.202      0.840

 DIVISION WITH
    POSSESSION        26.876      9.529      2.821      0.005

 Means
    KINSHIPJ          72.329      4.514     16.023      0.000
    MUTUALISMJ        68.235      2.474     27.581      0.000
    EXCHANGEJ         74.382      3.141     23.683      0.000
    HAWKJ             67.658      1.980     34.179      0.000
    DOVEJ             57.119      2.203     25.931      0.000
    DIVISIONJ         74.063      2.077     35.660      0.000
    POSSESSION        30.703      1.903     16.138      0.000

 Variances
    KINSHIPJ         187.441     19.883      9.427      0.000
    MUTUALISMJ       169.232     11.536     14.669      0.000
    EXCHANGEJ        104.798     29.223      3.586      0.000
    HAWKJ            238.843     10.544     22.651      0.000
    DOVEJ            165.472     55.540      2.979      0.003
    DIVISIONJ        188.388     17.936     10.503      0.000
    POSSESSION       172.963     26.442      6.541      0.000

Latent Class 7

 KINSHIPJ WITH
    MUTUALISMJ        34.217     15.456      2.214      0.027
    EXCHANGEJ         57.588     16.810      3.426      0.001
    HAWKJ             56.182     12.020      4.674      0.000
    DOVEJ             55.597     26.910      2.066      0.039
    DIVISIONJ         22.911     15.800      1.450      0.147
    POSSESSION        21.047     27.788      0.757      0.449

 MUTUALIS WITH
    EXCHANGEJ         50.661     16.566      3.058      0.002
    HAWKJ             28.092      9.179      3.060      0.002
    DOVEJ             37.104     10.980      3.379      0.001
    DIVISIONJ         41.499     11.575      3.585      0.000
    POSSESSION        14.001     10.215      1.371      0.170

 EXCHANGE WITH
    HAWKJ             35.308     12.177      2.900      0.004
    DOVEJ             27.869      7.978      3.493      0.000
    DIVISIONJ         25.768     11.429      2.255      0.024
    POSSESSION        14.880     15.918      0.935      0.350

 HAWKJ    WITH
    DOVEJ             60.987     12.283      4.965      0.000
    DIVISIONJ         28.688      8.873      3.233      0.001
    POSSESSION        12.180     13.050      0.933      0.351

 DOVEJ    WITH
    DIVISIONJ          4.018     26.665      0.151      0.880
    POSSESSION        -2.791     13.812     -0.202      0.840

 DIVISION WITH
    POSSESSION        26.876      9.529      2.821      0.005

 Means
    KINSHIPJ          66.425      5.872     11.313      0.000
    MUTUALISMJ        61.740      1.499     41.179      0.000
    EXCHANGEJ         69.940      2.596     26.936      0.000
    HAWKJ             64.075      2.560     25.029      0.000
    DOVEJ             59.831      3.956     15.124      0.000
    DIVISIONJ         70.060      1.992     35.169      0.000
    POSSESSION        48.364      4.820     10.035      0.000

 Variances
    KINSHIPJ         187.441     19.883      9.427      0.000
    MUTUALISMJ       169.232     11.536     14.669      0.000
    EXCHANGEJ        104.798     29.223      3.586      0.000
    HAWKJ            238.843     10.544     22.651      0.000
    DOVEJ            165.472     55.540      2.979      0.003
    DIVISIONJ        188.388     17.936     10.503      0.000
    POSSESSION       172.963     26.442      6.541      0.000

Categorical Latent Variables

 Means
    C1#1              -1.900      0.440     -4.322      0.000
    C1#2              -4.013      0.638     -6.286      0.000
    C1#3              -1.515      0.950     -1.594      0.111
    C1#4              -0.966      1.059     -0.911      0.362
    C1#5              -2.052      1.734     -1.184      0.237
    C1#6               0.182      0.605      0.301      0.763


QUALITY OF NUMERICAL RESULTS

     Condition Number for the Information Matrix              0.253E-05
       (ratio of smallest to largest eigenvalue)


TECHNICAL 14 OUTPUT

     Random Starts Specifications for the k-1 Class Analysis Model
        Number of initial stage random starts                  20
        Number of final stage optimizations                     4

     Random Starts Specification for the k-1 Class Model for Generated Data
        Number of initial stage random starts                   0
        Number of final stage optimizations for the
           initial stage random starts                          0
     Random Starts Specification for the k Class Model for Generated Data
        Number of initial stage random starts                  40
        Number of final stage optimizations                     8
     Number of bootstrap draws requested                   Varies


     PARAMETRIC BOOTSTRAPPED LIKELIHOOD RATIO TEST FOR 6 (H0) VERSUS 7 CLASSES

          H0 Loglikelihood Value                       -39425.994
          2 Times the Loglikelihood Difference             19.965
          Difference in the Number of Parameters                8
          Approximate P-Value                              0.6667
          Successful Bootstrap Draws                            3


SAVEDATA INFORMATION


  Save file
    model_3_class_7.dat

  Order and format of variables

    KINSHIPJ       F10.3
    MUTUALIS       F10.3
    EXCHANGE       F10.3
    HAWKJ          F10.3
    DOVEJ          F10.3
    DIVISION       F10.3
    POSSESSI       F10.3
    CPROB1         F10.3
    CPROB2         F10.3
    CPROB3         F10.3
    CPROB4         F10.3
    CPROB5         F10.3
    CPROB6         F10.3
    CPROB7         F10.3
    C1             F10.3

  Save file format
    15F10.3

  Save file record length    10000


     Beginning Time:  10:13:13
        Ending Time:  10:13:24
       Elapsed Time:  00:00:11



MUTHEN & MUTHEN
3463 Stoner Ave.
Los Angeles, CA  90066

Tel: (310) 391-9971
Fax: (310) 391-8971
Web: www.StatModel.com
Support: Support@StatModel.com

Copyright (c) 1998-2018 Muthen & Muthen
