Mplus VERSION 8.2 (Mac)
MUTHEN & MUTHEN
10/09/2020   9:43 AM

INPUT INSTRUCTIONS

  TITLE:
  model 1 with 4 classes
  DATA:
  FILE = "data_624dd70f9f561f2c8c991d291c51b950.dat";

  VARIABLE:
  NAMES = KinshipJ MutualismJ ExchangeJ HawkJ DoveJ DivisionJ PossessionJ;
   MISSING=.;
   CLASSES = c1(4);

  ANALYSIS:
  TYPE = mixture;

  MODEL:
  %c1#1%
  KinshipJ (vKinshipJ);
  MutualismJ (vMutualismJ);
  ExchangeJ (vExchangeJ);
  HawkJ (vHawkJ);
  DoveJ (vDoveJ);
  DivisionJ (vDivisionJ);
  PossessionJ (vPossessionJ);

  KinshipJ WITH MutualismJ@0;
  KinshipJ WITH ExchangeJ@0;
  KinshipJ WITH HawkJ@0;
  KinshipJ WITH DoveJ@0;
  KinshipJ WITH DivisionJ@0;
  KinshipJ WITH PossessionJ@0;
  MutualismJ WITH ExchangeJ@0;
  MutualismJ WITH HawkJ@0;
  MutualismJ WITH DoveJ@0;
  MutualismJ WITH DivisionJ@0;
  MutualismJ WITH PossessionJ@0;
  ExchangeJ WITH HawkJ@0;
  ExchangeJ WITH DoveJ@0;
  ExchangeJ WITH DivisionJ@0;
  ExchangeJ WITH PossessionJ@0;
  HawkJ WITH DoveJ@0;
  HawkJ WITH DivisionJ@0;
  HawkJ WITH PossessionJ@0;
  DoveJ WITH DivisionJ@0;
  DoveJ WITH PossessionJ@0;
  DivisionJ WITH PossessionJ@0;

  %c1#2%
  KinshipJ (vKinshipJ);
  MutualismJ (vMutualismJ);
  ExchangeJ (vExchangeJ);
  HawkJ (vHawkJ);
  DoveJ (vDoveJ);
  DivisionJ (vDivisionJ);
  PossessionJ (vPossessionJ);

  KinshipJ WITH MutualismJ@0;
  KinshipJ WITH ExchangeJ@0;
  KinshipJ WITH HawkJ@0;
  KinshipJ WITH DoveJ@0;
  KinshipJ WITH DivisionJ@0;
  KinshipJ WITH PossessionJ@0;
  MutualismJ WITH ExchangeJ@0;
  MutualismJ WITH HawkJ@0;
  MutualismJ WITH DoveJ@0;
  MutualismJ WITH DivisionJ@0;
  MutualismJ WITH PossessionJ@0;
  ExchangeJ WITH HawkJ@0;
  ExchangeJ WITH DoveJ@0;
  ExchangeJ WITH DivisionJ@0;
  ExchangeJ WITH PossessionJ@0;
  HawkJ WITH DoveJ@0;
  HawkJ WITH DivisionJ@0;
  HawkJ WITH PossessionJ@0;
  DoveJ WITH DivisionJ@0;
  DoveJ WITH PossessionJ@0;
  DivisionJ WITH PossessionJ@0;

  %c1#3%
  KinshipJ (vKinshipJ);
  MutualismJ (vMutualismJ);
  ExchangeJ (vExchangeJ);
  HawkJ (vHawkJ);
  DoveJ (vDoveJ);
  DivisionJ (vDivisionJ);
  PossessionJ (vPossessionJ);

  KinshipJ WITH MutualismJ@0;
  KinshipJ WITH ExchangeJ@0;
  KinshipJ WITH HawkJ@0;
  KinshipJ WITH DoveJ@0;
  KinshipJ WITH DivisionJ@0;
  KinshipJ WITH PossessionJ@0;
  MutualismJ WITH ExchangeJ@0;
  MutualismJ WITH HawkJ@0;
  MutualismJ WITH DoveJ@0;
  MutualismJ WITH DivisionJ@0;
  MutualismJ WITH PossessionJ@0;
  ExchangeJ WITH HawkJ@0;
  ExchangeJ WITH DoveJ@0;
  ExchangeJ WITH DivisionJ@0;
  ExchangeJ WITH PossessionJ@0;
  HawkJ WITH DoveJ@0;
  HawkJ WITH DivisionJ@0;
  HawkJ WITH PossessionJ@0;
  DoveJ WITH DivisionJ@0;
  DoveJ WITH PossessionJ@0;
  DivisionJ WITH PossessionJ@0;

  %c1#4%
  KinshipJ (vKinshipJ);
  MutualismJ (vMutualismJ);
  ExchangeJ (vExchangeJ);
  HawkJ (vHawkJ);
  DoveJ (vDoveJ);
  DivisionJ (vDivisionJ);
  PossessionJ (vPossessionJ);

  KinshipJ WITH MutualismJ@0;
  KinshipJ WITH ExchangeJ@0;
  KinshipJ WITH HawkJ@0;
  KinshipJ WITH DoveJ@0;
  KinshipJ WITH DivisionJ@0;
  KinshipJ WITH PossessionJ@0;
  MutualismJ WITH ExchangeJ@0;
  MutualismJ WITH HawkJ@0;
  MutualismJ WITH DoveJ@0;
  MutualismJ WITH DivisionJ@0;
  MutualismJ WITH PossessionJ@0;
  ExchangeJ WITH HawkJ@0;
  ExchangeJ WITH DoveJ@0;
  ExchangeJ WITH DivisionJ@0;
  ExchangeJ WITH PossessionJ@0;
  HawkJ WITH DoveJ@0;
  HawkJ WITH DivisionJ@0;
  HawkJ WITH PossessionJ@0;
  DoveJ WITH DivisionJ@0;
  DoveJ WITH PossessionJ@0;
  DivisionJ WITH PossessionJ@0;


  OUTPUT:
  TECH14;

  SAVEDATA:
  FILE IS model_1_class_4.dat;
  SAVE = cprobabilities;



*** WARNING in VARIABLE command
  Note that only the first 8 characters of variable names are used in the output.
  Shorten variable names to avoid any confusion.
*** WARNING in MODEL command
  All variables are uncorrelated with all other variables within class.
  Check that this is what is intended.
   2 WARNING(S) FOUND IN THE INPUT INSTRUCTIONS




model 1 with 4 classes

SUMMARY OF ANALYSIS

Number of groups                                                 1
Number of observations                                        1392

Number of dependent variables                                    7
Number of independent variables                                  0
Number of continuous latent variables                            0
Number of categorical latent variables                           1

Observed dependent variables

  Continuous
   KINSHIPJ    MUTUALISMJ  EXCHANGEJ   HAWKJ       DOVEJ       DIVISIONJ
   POSSESSION

Categorical latent variables
   C1


Estimator                                                      MLR
Information matrix                                        OBSERVED
Optimization Specifications for the Quasi-Newton Algorithm for
Continuous Outcomes
  Maximum number of iterations                                 100
  Convergence criterion                                  0.100D-05
Optimization Specifications for the EM Algorithm
  Maximum number of iterations                                 500
  Convergence criteria
    Loglikelihood change                                 0.100D-06
    Relative loglikelihood change                        0.100D-06
    Derivative                                           0.100D-05
Optimization Specifications for the M step of the EM Algorithm for
Categorical Latent variables
  Number of M step iterations                                    1
  M step convergence criterion                           0.100D-05
  Basis for M step termination                           ITERATION
Optimization Specifications for the M step of the EM Algorithm for
Censored, Binary or Ordered Categorical (Ordinal), Unordered
Categorical (Nominal) and Count Outcomes
  Number of M step iterations                                    1
  M step convergence criterion                           0.100D-05
  Basis for M step termination                           ITERATION
  Maximum value for logit thresholds                            15
  Minimum value for logit thresholds                           -15
  Minimum expected cell size for chi-square              0.100D-01
Maximum number of iterations for H1                           2000
Convergence criterion for H1                             0.100D-03
Optimization algorithm                                         EMA
Random Starts Specifications
  Number of initial stage random starts                         20
  Number of final stage optimizations                            4
  Number of initial stage iterations                            10
  Initial stage convergence criterion                    0.100D+01
  Random starts scale                                    0.500D+01
  Random seed for generating random starts                       0

Input data file(s)
  data_624dd70f9f561f2c8c991d291c51b950.dat
Input data format  FREE


SUMMARY OF DATA

     Number of missing data patterns             1
     Number of y missing data patterns           1
     Number of u missing data patterns           0


COVARIANCE COVERAGE OF DATA

Minimum covariance coverage value   0.100


     PROPORTION OF DATA PRESENT FOR Y


           Covariance Coverage
              KINSHIPJ      MUTUALIS      EXCHANGE      HAWKJ         DOVEJ
              ________      ________      ________      ________      ________
 KINSHIPJ       1.000
 MUTUALIS       1.000         1.000
 EXCHANGE       1.000         1.000         1.000
 HAWKJ          1.000         1.000         1.000         1.000
 DOVEJ          1.000         1.000         1.000         1.000         1.000
 DIVISION       1.000         1.000         1.000         1.000         1.000
 POSSESSI       1.000         1.000         1.000         1.000         1.000


           Covariance Coverage
              DIVISION      POSSESSI
              ________      ________
 DIVISION       1.000
 POSSESSI       1.000         1.000



UNIVARIATE SAMPLE STATISTICS


     UNIVARIATE HIGHER-ORDER MOMENT DESCRIPTIVE STATISTICS

         Variable/         Mean/     Skewness/   Minimum/ % with                Percentiles
        Sample Size      Variance    Kurtosis    Maximum  Min/Max      20%/60%    40%/80%    Median

     KINSHIPJ             68.142      -0.400      12.667    0.07%      55.333     64.667     69.000
            1392.000     243.252      -0.028      99.333    0.07%      73.000     82.000
     MUTUALISMJ           64.403      -0.398      11.000    0.07%      53.000     61.667     65.000
            1392.000     184.479       0.162      96.000    0.07%      68.333     76.333
     EXCHANGEJ            71.836      -0.357      32.667    0.07%      62.667     69.667     72.667
            1392.000     127.269       0.056      98.000    0.14%      75.333     81.333
     HAWKJ                65.577      -0.286      11.000    0.07%      52.333     61.667     66.000
            1392.000     250.911      -0.258      99.667    0.14%      70.333     80.000
     DOVEJ                54.086      -0.377       2.000    0.07%      41.000     51.333     55.167
            1392.000     244.615      -0.092      92.333    0.07%      59.000     68.000
     DIVISIONJ            69.860      -0.574       6.333    0.07%      57.333     67.000     71.333
            1392.000     243.008       0.243     100.000    0.29%      75.333     83.000
     POSSESSIONJ          39.164       0.105       1.667    0.07%      26.000     35.000     39.333
            1392.000     234.437      -0.117      95.333    0.07%      43.000     52.000

RANDOM STARTS RESULTS RANKED FROM THE BEST TO THE WORST LOGLIKELIHOOD VALUES

Final stage loglikelihood values at local maxima, seeds, and initial stage start numbers:

          -39554.719  903420           5
          -39554.719  637345           19
          -39557.516  76974            16
          -39567.308  573096           20



THE BEST LOGLIKELIHOOD VALUE HAS BEEN REPLICATED.  RERUN WITH AT LEAST TWICE THE
RANDOM STARTS TO CHECK THAT THE BEST LOGLIKELIHOOD IS STILL OBTAINED AND REPLICATED.


THE MODEL ESTIMATION TERMINATED NORMALLY



MODEL FIT INFORMATION

Number of Free Parameters                       38

Loglikelihood

          H0 Value                      -39554.719
          H0 Scaling Correction Factor      1.2637
            for MLR

Information Criteria

          Akaike (AIC)                   79185.438
          Bayesian (BIC)                 79384.500
          Sample-Size Adjusted BIC       79263.789
            (n* = (n + 2) / 24)



FINAL CLASS COUNTS AND PROPORTIONS FOR THE LATENT CLASSES
BASED ON THE ESTIMATED MODEL

    Latent
   Classes

       1        640.75294          0.46031
       2         90.25559          0.06484
       3        235.35931          0.16908
       4        425.63216          0.30577


FINAL CLASS COUNTS AND PROPORTIONS FOR THE LATENT CLASSES
BASED ON ESTIMATED POSTERIOR PROBABILITIES

    Latent
   Classes

       1        640.75294          0.46031
       2         90.25559          0.06484
       3        235.35931          0.16908
       4        425.63216          0.30577


FINAL CLASS COUNTS AND PROPORTIONS FOR THE LATENT CLASSES
BASED ON THEIR MOST LIKELY LATENT CLASS MEMBERSHIP

Class Counts and Proportions

    Latent
   Classes

       1              693          0.49784
       2               75          0.05388
       3              210          0.15086
       4              414          0.29741


CLASSIFICATION QUALITY

     Entropy                         0.589


Average Latent Class Probabilities for Most Likely Latent Class Membership (Row)
by Latent Class (Column)

           1        2        3        4

    1   0.734    0.032    0.101    0.133
    2   0.146    0.745    0.018    0.092
    3   0.203    0.016    0.780    0.001
    4   0.190    0.021    0.000    0.789


Classification Probabilities for the Most Likely Latent Class Membership (Column)
by Latent Class (Row)

           1        2        3        4

    1   0.794    0.017    0.066    0.123
    2   0.245    0.619    0.038    0.098
    3   0.298    0.006    0.696    0.001
    4   0.216    0.016    0.000    0.767


Logits for the Classification Probabilities for the Most Likely Latent Class Membership (Column)
by Latent Class (Row)

              1        2        3        4

    1      1.868   -1.972   -0.612    0.000
    2      0.917    1.845   -0.937    0.000
    3      5.966    2.004    6.816    0.000
    4     -1.265   -3.861   -7.605    0.000


MODEL RESULTS

                                                    Two-Tailed
                    Estimate       S.E.  Est./S.E.    P-Value

Latent Class 1

 KINSHIPJ WITH
    MUTUALISMJ         0.000      0.000    999.000    999.000
    EXCHANGEJ          0.000      0.000    999.000    999.000
    HAWKJ              0.000      0.000    999.000    999.000
    DOVEJ              0.000      0.000    999.000    999.000
    DIVISIONJ          0.000      0.000    999.000    999.000
    POSSESSION         0.000      0.000    999.000    999.000

 MUTUALIS WITH
    EXCHANGEJ          0.000      0.000    999.000    999.000
    HAWKJ              0.000      0.000    999.000    999.000
    DOVEJ              0.000      0.000    999.000    999.000
    DIVISIONJ          0.000      0.000    999.000    999.000
    POSSESSION         0.000      0.000    999.000    999.000

 EXCHANGE WITH
    HAWKJ              0.000      0.000    999.000    999.000
    DOVEJ              0.000      0.000    999.000    999.000
    DIVISIONJ          0.000      0.000    999.000    999.000
    POSSESSION         0.000      0.000    999.000    999.000

 HAWKJ    WITH
    DOVEJ              0.000      0.000    999.000    999.000
    DIVISIONJ          0.000      0.000    999.000    999.000
    POSSESSION         0.000      0.000    999.000    999.000

 DOVEJ    WITH
    DIVISIONJ          0.000      0.000    999.000    999.000
    POSSESSION         0.000      0.000    999.000    999.000

 DIVISION WITH
    POSSESSION         0.000      0.000    999.000    999.000

 Means
    KINSHIPJ          65.282      3.544     18.420      0.000
    MUTUALISMJ        64.001      2.158     29.660      0.000
    EXCHANGEJ         70.661      1.404     50.334      0.000
    HAWKJ             63.958      2.477     25.818      0.000
    DOVEJ             51.557      2.906     17.740      0.000
    DIVISIONJ         70.977      1.222     58.062      0.000
    POSSESSION        39.583      0.979     40.424      0.000

 Variances
    KINSHIPJ         167.394     10.466     15.994      0.000
    MUTUALISMJ       136.945      8.521     16.072      0.000
    EXCHANGEJ         85.477      7.541     11.336      0.000
    HAWKJ            202.550      9.758     20.757      0.000
    DOVEJ            204.030      9.277     21.992      0.000
    DIVISIONJ        173.702     12.234     14.198      0.000
    POSSESSION       229.888      8.659     26.549      0.000

Latent Class 2

 KINSHIPJ WITH
    MUTUALISMJ         0.000      0.000    999.000    999.000
    EXCHANGEJ          0.000      0.000    999.000    999.000
    HAWKJ              0.000      0.000    999.000    999.000
    DOVEJ              0.000      0.000    999.000    999.000
    DIVISIONJ          0.000      0.000    999.000    999.000
    POSSESSION         0.000      0.000    999.000    999.000

 MUTUALIS WITH
    EXCHANGEJ          0.000      0.000    999.000    999.000
    HAWKJ              0.000      0.000    999.000    999.000
    DOVEJ              0.000      0.000    999.000    999.000
    DIVISIONJ          0.000      0.000    999.000    999.000
    POSSESSION         0.000      0.000    999.000    999.000

 EXCHANGE WITH
    HAWKJ              0.000      0.000    999.000    999.000
    DOVEJ              0.000      0.000    999.000    999.000
    DIVISIONJ          0.000      0.000    999.000    999.000
    POSSESSION         0.000      0.000    999.000    999.000

 HAWKJ    WITH
    DOVEJ              0.000      0.000    999.000    999.000
    DIVISIONJ          0.000      0.000    999.000    999.000
    POSSESSION         0.000      0.000    999.000    999.000

 DOVEJ    WITH
    DIVISIONJ          0.000      0.000    999.000    999.000
    POSSESSION         0.000      0.000    999.000    999.000

 DIVISION WITH
    POSSESSION         0.000      0.000    999.000    999.000

 Means
    KINSHIPJ          75.625      2.214     34.165      0.000
    MUTUALISMJ        60.792      3.983     15.262      0.000
    EXCHANGEJ         75.943      2.104     36.102      0.000
    HAWKJ             67.229      2.761     24.350      0.000
    DOVEJ             62.369      2.549     24.471      0.000
    DIVISIONJ         43.163      3.724     11.591      0.000
    POSSESSION        31.079      2.629     11.820      0.000

 Variances
    KINSHIPJ         167.394     10.466     15.994      0.000
    MUTUALISMJ       136.945      8.521     16.072      0.000
    EXCHANGEJ         85.477      7.541     11.336      0.000
    HAWKJ            202.550      9.758     20.757      0.000
    DOVEJ            204.030      9.277     21.992      0.000
    DIVISIONJ        173.702     12.234     14.198      0.000
    POSSESSION       229.888      8.659     26.549      0.000

Latent Class 3

 KINSHIPJ WITH
    MUTUALISMJ         0.000      0.000    999.000    999.000
    EXCHANGEJ          0.000      0.000    999.000    999.000
    HAWKJ              0.000      0.000    999.000    999.000
    DOVEJ              0.000      0.000    999.000    999.000
    DIVISIONJ          0.000      0.000    999.000    999.000
    POSSESSION         0.000      0.000    999.000    999.000

 MUTUALIS WITH
    EXCHANGEJ          0.000      0.000    999.000    999.000
    HAWKJ              0.000      0.000    999.000    999.000
    DOVEJ              0.000      0.000    999.000    999.000
    DIVISIONJ          0.000      0.000    999.000    999.000
    POSSESSION         0.000      0.000    999.000    999.000

 EXCHANGE WITH
    HAWKJ              0.000      0.000    999.000    999.000
    DOVEJ              0.000      0.000    999.000    999.000
    DIVISIONJ          0.000      0.000    999.000    999.000
    POSSESSION         0.000      0.000    999.000    999.000

 HAWKJ    WITH
    DOVEJ              0.000      0.000    999.000    999.000
    DIVISIONJ          0.000      0.000    999.000    999.000
    POSSESSION         0.000      0.000    999.000    999.000

 DOVEJ    WITH
    DIVISIONJ          0.000      0.000    999.000    999.000
    POSSESSION         0.000      0.000    999.000    999.000

 DIVISION WITH
    POSSESSION         0.000      0.000    999.000    999.000

 Means
    KINSHIPJ          53.918      2.144     25.153      0.000
    MUTUALISMJ        52.015      2.233     23.293      0.000
    EXCHANGEJ         60.086      3.382     17.765      0.000
    HAWKJ             53.668      1.673     32.083      0.000
    DOVEJ             44.304      2.289     19.357      0.000
    DIVISIONJ         63.826      2.944     21.678      0.000
    POSSESSION        39.926      1.304     30.617      0.000

 Variances
    KINSHIPJ         167.394     10.466     15.994      0.000
    MUTUALISMJ       136.945      8.521     16.072      0.000
    EXCHANGEJ         85.477      7.541     11.336      0.000
    HAWKJ            202.550      9.758     20.757      0.000
    DOVEJ            204.030      9.277     21.992      0.000
    DIVISIONJ        173.702     12.234     14.198      0.000
    POSSESSION       229.888      8.659     26.549      0.000

Latent Class 4

 KINSHIPJ WITH
    MUTUALISMJ         0.000      0.000    999.000    999.000
    EXCHANGEJ          0.000      0.000    999.000    999.000
    HAWKJ              0.000      0.000    999.000    999.000
    DOVEJ              0.000      0.000    999.000    999.000
    DIVISIONJ          0.000      0.000    999.000    999.000
    POSSESSION         0.000      0.000    999.000    999.000

 MUTUALIS WITH
    EXCHANGEJ          0.000      0.000    999.000    999.000
    HAWKJ              0.000      0.000    999.000    999.000
    DOVEJ              0.000      0.000    999.000    999.000
    DIVISIONJ          0.000      0.000    999.000    999.000
    POSSESSION         0.000      0.000    999.000    999.000

 EXCHANGE WITH
    HAWKJ              0.000      0.000    999.000    999.000
    DOVEJ              0.000      0.000    999.000    999.000
    DIVISIONJ          0.000      0.000    999.000    999.000
    POSSESSION         0.000      0.000    999.000    999.000

 HAWKJ    WITH
    DOVEJ              0.000      0.000    999.000    999.000
    DIVISIONJ          0.000      0.000    999.000    999.000
    POSSESSION         0.000      0.000    999.000    999.000

 DOVEJ    WITH
    DIVISIONJ          0.000      0.000    999.000    999.000
    POSSESSION         0.000      0.000    999.000    999.000

 DIVISION WITH
    POSSESSION         0.000      0.000    999.000    999.000

 Means
    KINSHIPJ          78.727      1.500     52.490      0.000
    MUTUALISMJ        72.624      1.495     48.565      0.000
    EXCHANGEJ         79.231      1.512     52.414      0.000
    HAWKJ             74.249      1.639     45.289      0.000
    DOVEJ             61.546      1.400     43.964      0.000
    DIVISIONJ         77.176      1.305     59.140      0.000
    POSSESSION        39.827      1.144     34.812      0.000

 Variances
    KINSHIPJ         167.394     10.466     15.994      0.000
    MUTUALISMJ       136.945      8.521     16.072      0.000
    EXCHANGEJ         85.477      7.541     11.336      0.000
    HAWKJ            202.550      9.758     20.757      0.000
    DOVEJ            204.030      9.277     21.992      0.000
    DIVISIONJ        173.702     12.234     14.198      0.000
    POSSESSION       229.888      8.659     26.549      0.000

Categorical Latent Variables

 Means
    C1#1               0.409      0.412      0.993      0.321
    C1#2              -1.551      0.375     -4.133      0.000
    C1#3              -0.592      0.675     -0.878      0.380


QUALITY OF NUMERICAL RESULTS

     Condition Number for the Information Matrix              0.664E-03
       (ratio of smallest to largest eigenvalue)


TECHNICAL 14 OUTPUT

     Random Starts Specifications for the k-1 Class Analysis Model
        Number of initial stage random starts                  20
        Number of final stage optimizations                     4

     Random Starts Specification for the k-1 Class Model for Generated Data
        Number of initial stage random starts                   0
        Number of final stage optimizations for the
           initial stage random starts                          0
     Random Starts Specification for the k Class Model for Generated Data
        Number of initial stage random starts                  40
        Number of final stage optimizations                     8
     Number of bootstrap draws requested                   Varies


     PARAMETRIC BOOTSTRAPPED LIKELIHOOD RATIO TEST FOR 3 (H0) VERSUS 4 CLASSES

          H0 Loglikelihood Value                       -39588.038
          2 Times the Loglikelihood Difference             66.638
          Difference in the Number of Parameters                8
          Approximate P-Value                              0.0000
          Successful Bootstrap Draws                           10

     WARNING:  OF THE 10 BOOTSTRAP DRAWS, 6 DRAWS HAD BOTH A SMALLER LRT VALUE THAN THE
     OBSERVED LRT VALUE AND NOT A REPLICATED BEST LOGLIKELIHOOD VALUE FOR THE 4-CLASS MODEL.
     THIS MEANS THAT THE P-VALUE MAY NOT BE TRUSTWORTHY DUE TO LOCAL MAXIMA.
     INCREASE THE NUMBER OF RANDOM STARTS USING THE LRTSTARTS OPTION.



SAVEDATA INFORMATION


  Save file
    model_1_class_4.dat

  Order and format of variables

    KINSHIPJ       F10.3
    MUTUALIS       F10.3
    EXCHANGE       F10.3
    HAWKJ          F10.3
    DOVEJ          F10.3
    DIVISION       F10.3
    POSSESSI       F10.3
    CPROB1         F10.3
    CPROB2         F10.3
    CPROB3         F10.3
    CPROB4         F10.3
    C1             F10.3

  Save file format
    12F10.3

  Save file record length    10000


     Beginning Time:  09:43:44
        Ending Time:  09:43:58
       Elapsed Time:  00:00:14



MUTHEN & MUTHEN
3463 Stoner Ave.
Los Angeles, CA  90066

Tel: (310) 391-9971
Fax: (310) 391-8971
Web: www.StatModel.com
Support: Support@StatModel.com

Copyright (c) 1998-2018 Muthen & Muthen
