Mplus VERSION 8.2 (Mac)
MUTHEN & MUTHEN
08/26/2020  10:17 AM

INPUT INSTRUCTIONS

  TITLE:
  model 4 with 7 classes
  DATA:
  FILE = "data_624dd70f9f561f2c8c991d291c51b950.dat";

  VARIABLE:
  NAMES = KinshipJ MutualismJ ExchangeJ HawkJ DoveJ DivisionJ PossessionJ;
   MISSING=.;
   CLASSES = c1(7);

  ANALYSIS:
  TYPE = mixture;

  MODEL:
  %c1#1%
  KinshipJ (vKinshipJ1);
  MutualismJ (vMutualismJ1);
  ExchangeJ (vExchangeJ1);
  HawkJ (vHawkJ1);
  DoveJ (vDoveJ1);
  DivisionJ (vDivisionJ1);
  PossessionJ (vPossessionJ1);

  KinshipJ WITH MutualismJ (KinshipJWMutualismJ);
  KinshipJ WITH ExchangeJ (KinshipJWExchangeJ);
  KinshipJ WITH HawkJ (KinshipJWHawkJ);
  KinshipJ WITH DoveJ (KinshipJWDoveJ);
  KinshipJ WITH DivisionJ (KinshipJWDivisionJ);
  KinshipJ WITH PossessionJ (KinshipJWPossessionJ);
  MutualismJ WITH ExchangeJ (MutualismJWExchangeJ);
  MutualismJ WITH HawkJ (MutualismJWHawkJ);
  MutualismJ WITH DoveJ (MutualismJWDoveJ);
  MutualismJ WITH DivisionJ (MutualismJWDivisionJ);
  MutualismJ WITH PossessionJ (MutualismJWPossessionJ);
  ExchangeJ WITH HawkJ (ExchangeJWHawkJ);
  ExchangeJ WITH DoveJ (ExchangeJWDoveJ);
  ExchangeJ WITH DivisionJ (ExchangeJWDivisionJ);
  ExchangeJ WITH PossessionJ (ExchangeJWPossessionJ);
  HawkJ WITH DoveJ (HawkJWDoveJ);
  HawkJ WITH DivisionJ (HawkJWDivisionJ);
  HawkJ WITH PossessionJ (HawkJWPossessionJ);
  DoveJ WITH DivisionJ (DoveJWDivisionJ);
  DoveJ WITH PossessionJ (DoveJWPossessionJ);
  DivisionJ WITH PossessionJ (DivisionJWPossessionJ);

  %c1#2%
  KinshipJ (vKinshipJ2);
  MutualismJ (vMutualismJ2);
  ExchangeJ (vExchangeJ2);
  HawkJ (vHawkJ2);
  DoveJ (vDoveJ2);
  DivisionJ (vDivisionJ2);
  PossessionJ (vPossessionJ2);

  KinshipJ WITH MutualismJ (KinshipJWMutualismJ);
  KinshipJ WITH ExchangeJ (KinshipJWExchangeJ);
  KinshipJ WITH HawkJ (KinshipJWHawkJ);
  KinshipJ WITH DoveJ (KinshipJWDoveJ);
  KinshipJ WITH DivisionJ (KinshipJWDivisionJ);
  KinshipJ WITH PossessionJ (KinshipJWPossessionJ);
  MutualismJ WITH ExchangeJ (MutualismJWExchangeJ);
  MutualismJ WITH HawkJ (MutualismJWHawkJ);
  MutualismJ WITH DoveJ (MutualismJWDoveJ);
  MutualismJ WITH DivisionJ (MutualismJWDivisionJ);
  MutualismJ WITH PossessionJ (MutualismJWPossessionJ);
  ExchangeJ WITH HawkJ (ExchangeJWHawkJ);
  ExchangeJ WITH DoveJ (ExchangeJWDoveJ);
  ExchangeJ WITH DivisionJ (ExchangeJWDivisionJ);
  ExchangeJ WITH PossessionJ (ExchangeJWPossessionJ);
  HawkJ WITH DoveJ (HawkJWDoveJ);
  HawkJ WITH DivisionJ (HawkJWDivisionJ);
  HawkJ WITH PossessionJ (HawkJWPossessionJ);
  DoveJ WITH DivisionJ (DoveJWDivisionJ);
  DoveJ WITH PossessionJ (DoveJWPossessionJ);
  DivisionJ WITH PossessionJ (DivisionJWPossessionJ);

  %c1#3%
  KinshipJ (vKinshipJ3);
  MutualismJ (vMutualismJ3);
  ExchangeJ (vExchangeJ3);
  HawkJ (vHawkJ3);
  DoveJ (vDoveJ3);
  DivisionJ (vDivisionJ3);
  PossessionJ (vPossessionJ3);

  KinshipJ WITH MutualismJ (KinshipJWMutualismJ);
  KinshipJ WITH ExchangeJ (KinshipJWExchangeJ);
  KinshipJ WITH HawkJ (KinshipJWHawkJ);
  KinshipJ WITH DoveJ (KinshipJWDoveJ);
  KinshipJ WITH DivisionJ (KinshipJWDivisionJ);
  KinshipJ WITH PossessionJ (KinshipJWPossessionJ);
  MutualismJ WITH ExchangeJ (MutualismJWExchangeJ);
  MutualismJ WITH HawkJ (MutualismJWHawkJ);
  MutualismJ WITH DoveJ (MutualismJWDoveJ);
  MutualismJ WITH DivisionJ (MutualismJWDivisionJ);
  MutualismJ WITH PossessionJ (MutualismJWPossessionJ);
  ExchangeJ WITH HawkJ (ExchangeJWHawkJ);
  ExchangeJ WITH DoveJ (ExchangeJWDoveJ);
  ExchangeJ WITH DivisionJ (ExchangeJWDivisionJ);
  ExchangeJ WITH PossessionJ (ExchangeJWPossessionJ);
  HawkJ WITH DoveJ (HawkJWDoveJ);
  HawkJ WITH DivisionJ (HawkJWDivisionJ);
  HawkJ WITH PossessionJ (HawkJWPossessionJ);
  DoveJ WITH DivisionJ (DoveJWDivisionJ);
  DoveJ WITH PossessionJ (DoveJWPossessionJ);
  DivisionJ WITH PossessionJ (DivisionJWPossessionJ);

  %c1#4%
  KinshipJ (vKinshipJ4);
  MutualismJ (vMutualismJ4);
  ExchangeJ (vExchangeJ4);
  HawkJ (vHawkJ4);
  DoveJ (vDoveJ4);
  DivisionJ (vDivisionJ4);
  PossessionJ (vPossessionJ4);

  KinshipJ WITH MutualismJ (KinshipJWMutualismJ);
  KinshipJ WITH ExchangeJ (KinshipJWExchangeJ);
  KinshipJ WITH HawkJ (KinshipJWHawkJ);
  KinshipJ WITH DoveJ (KinshipJWDoveJ);
  KinshipJ WITH DivisionJ (KinshipJWDivisionJ);
  KinshipJ WITH PossessionJ (KinshipJWPossessionJ);
  MutualismJ WITH ExchangeJ (MutualismJWExchangeJ);
  MutualismJ WITH HawkJ (MutualismJWHawkJ);
  MutualismJ WITH DoveJ (MutualismJWDoveJ);
  MutualismJ WITH DivisionJ (MutualismJWDivisionJ);
  MutualismJ WITH PossessionJ (MutualismJWPossessionJ);
  ExchangeJ WITH HawkJ (ExchangeJWHawkJ);
  ExchangeJ WITH DoveJ (ExchangeJWDoveJ);
  ExchangeJ WITH DivisionJ (ExchangeJWDivisionJ);
  ExchangeJ WITH PossessionJ (ExchangeJWPossessionJ);
  HawkJ WITH DoveJ (HawkJWDoveJ);
  HawkJ WITH DivisionJ (HawkJWDivisionJ);
  HawkJ WITH PossessionJ (HawkJWPossessionJ);
  DoveJ WITH DivisionJ (DoveJWDivisionJ);
  DoveJ WITH PossessionJ (DoveJWPossessionJ);
  DivisionJ WITH PossessionJ (DivisionJWPossessionJ);

  %c1#5%
  KinshipJ (vKinshipJ5);
  MutualismJ (vMutualismJ5);
  ExchangeJ (vExchangeJ5);
  HawkJ (vHawkJ5);
  DoveJ (vDoveJ5);
  DivisionJ (vDivisionJ5);
  PossessionJ (vPossessionJ5);

  KinshipJ WITH MutualismJ (KinshipJWMutualismJ);
  KinshipJ WITH ExchangeJ (KinshipJWExchangeJ);
  KinshipJ WITH HawkJ (KinshipJWHawkJ);
  KinshipJ WITH DoveJ (KinshipJWDoveJ);
  KinshipJ WITH DivisionJ (KinshipJWDivisionJ);
  KinshipJ WITH PossessionJ (KinshipJWPossessionJ);
  MutualismJ WITH ExchangeJ (MutualismJWExchangeJ);
  MutualismJ WITH HawkJ (MutualismJWHawkJ);
  MutualismJ WITH DoveJ (MutualismJWDoveJ);
  MutualismJ WITH DivisionJ (MutualismJWDivisionJ);
  MutualismJ WITH PossessionJ (MutualismJWPossessionJ);
  ExchangeJ WITH HawkJ (ExchangeJWHawkJ);
  ExchangeJ WITH DoveJ (ExchangeJWDoveJ);
  ExchangeJ WITH DivisionJ (ExchangeJWDivisionJ);
  ExchangeJ WITH PossessionJ (ExchangeJWPossessionJ);
  HawkJ WITH DoveJ (HawkJWDoveJ);
  HawkJ WITH DivisionJ (HawkJWDivisionJ);
  HawkJ WITH PossessionJ (HawkJWPossessionJ);
  DoveJ WITH DivisionJ (DoveJWDivisionJ);
  DoveJ WITH PossessionJ (DoveJWPossessionJ);
  DivisionJ WITH PossessionJ (DivisionJWPossessionJ);

  %c1#6%
  KinshipJ (vKinshipJ6);
  MutualismJ (vMutualismJ6);
  ExchangeJ (vExchangeJ6);
  HawkJ (vHawkJ6);
  DoveJ (vDoveJ6);
  DivisionJ (vDivisionJ6);
  PossessionJ (vPossessionJ6);

  KinshipJ WITH MutualismJ (KinshipJWMutualismJ);
  KinshipJ WITH ExchangeJ (KinshipJWExchangeJ);
  KinshipJ WITH HawkJ (KinshipJWHawkJ);
  KinshipJ WITH DoveJ (KinshipJWDoveJ);
  KinshipJ WITH DivisionJ (KinshipJWDivisionJ);
  KinshipJ WITH PossessionJ (KinshipJWPossessionJ);
  MutualismJ WITH ExchangeJ (MutualismJWExchangeJ);
  MutualismJ WITH HawkJ (MutualismJWHawkJ);
  MutualismJ WITH DoveJ (MutualismJWDoveJ);
  MutualismJ WITH DivisionJ (MutualismJWDivisionJ);
  MutualismJ WITH PossessionJ (MutualismJWPossessionJ);
  ExchangeJ WITH HawkJ (ExchangeJWHawkJ);
  ExchangeJ WITH DoveJ (ExchangeJWDoveJ);
  ExchangeJ WITH DivisionJ (ExchangeJWDivisionJ);
  ExchangeJ WITH PossessionJ (ExchangeJWPossessionJ);
  HawkJ WITH DoveJ (HawkJWDoveJ);
  HawkJ WITH DivisionJ (HawkJWDivisionJ);
  HawkJ WITH PossessionJ (HawkJWPossessionJ);
  DoveJ WITH DivisionJ (DoveJWDivisionJ);
  DoveJ WITH PossessionJ (DoveJWPossessionJ);
  DivisionJ WITH PossessionJ (DivisionJWPossessionJ);

  %c1#7%
  KinshipJ (vKinshipJ7);
  MutualismJ (vMutualismJ7);
  ExchangeJ (vExchangeJ7);
  HawkJ (vHawkJ7);
  DoveJ (vDoveJ7);
  DivisionJ (vDivisionJ7);
  PossessionJ (vPossessionJ7);

  KinshipJ WITH MutualismJ (KinshipJWMutualismJ);
  KinshipJ WITH ExchangeJ (KinshipJWExchangeJ);
  KinshipJ WITH HawkJ (KinshipJWHawkJ);
  KinshipJ WITH DoveJ (KinshipJWDoveJ);
  KinshipJ WITH DivisionJ (KinshipJWDivisionJ);
  KinshipJ WITH PossessionJ (KinshipJWPossessionJ);
  MutualismJ WITH ExchangeJ (MutualismJWExchangeJ);
  MutualismJ WITH HawkJ (MutualismJWHawkJ);
  MutualismJ WITH DoveJ (MutualismJWDoveJ);
  MutualismJ WITH DivisionJ (MutualismJWDivisionJ);
  MutualismJ WITH PossessionJ (MutualismJWPossessionJ);
  ExchangeJ WITH HawkJ (ExchangeJWHawkJ);
  ExchangeJ WITH DoveJ (ExchangeJWDoveJ);
  ExchangeJ WITH DivisionJ (ExchangeJWDivisionJ);
  ExchangeJ WITH PossessionJ (ExchangeJWPossessionJ);
  HawkJ WITH DoveJ (HawkJWDoveJ);
  HawkJ WITH DivisionJ (HawkJWDivisionJ);
  HawkJ WITH PossessionJ (HawkJWPossessionJ);
  DoveJ WITH DivisionJ (DoveJWDivisionJ);
  DoveJ WITH PossessionJ (DoveJWPossessionJ);
  DivisionJ WITH PossessionJ (DivisionJWPossessionJ);


  OUTPUT:
  TECH14;

  SAVEDATA:
  FILE IS model_4_class_7.dat;
  SAVE = cprobabilities;



*** WARNING in VARIABLE command
  Note that only the first 8 characters of variable names are used in the output.
  Shorten variable names to avoid any confusion.
*** WARNING in MODEL command
  All variables are uncorrelated with all other variables within class.
  Check that this is what is intended.
   2 WARNING(S) FOUND IN THE INPUT INSTRUCTIONS




model 4 with 7 classes

SUMMARY OF ANALYSIS

Number of groups                                                 1
Number of observations                                        1392

Number of dependent variables                                    7
Number of independent variables                                  0
Number of continuous latent variables                            0
Number of categorical latent variables                           1

Observed dependent variables

  Continuous
   KINSHIPJ    MUTUALISMJ  EXCHANGEJ   HAWKJ       DOVEJ       DIVISIONJ
   POSSESSION

Categorical latent variables
   C1


Estimator                                                      MLR
Information matrix                                        OBSERVED
Optimization Specifications for the Quasi-Newton Algorithm for
Continuous Outcomes
  Maximum number of iterations                                 100
  Convergence criterion                                  0.100D-05
Optimization Specifications for the EM Algorithm
  Maximum number of iterations                                 500
  Convergence criteria
    Loglikelihood change                                 0.100D-06
    Relative loglikelihood change                        0.100D-06
    Derivative                                           0.100D-05
Optimization Specifications for the M step of the EM Algorithm for
Categorical Latent variables
  Number of M step iterations                                    1
  M step convergence criterion                           0.100D-05
  Basis for M step termination                           ITERATION
Optimization Specifications for the M step of the EM Algorithm for
Censored, Binary or Ordered Categorical (Ordinal), Unordered
Categorical (Nominal) and Count Outcomes
  Number of M step iterations                                    1
  M step convergence criterion                           0.100D-05
  Basis for M step termination                           ITERATION
  Maximum value for logit thresholds                            15
  Minimum value for logit thresholds                           -15
  Minimum expected cell size for chi-square              0.100D-01
Maximum number of iterations for H1                           2000
Convergence criterion for H1                             0.100D-03
Optimization algorithm                                         EMA
Random Starts Specifications
  Number of initial stage random starts                         20
  Number of final stage optimizations                            4
  Number of initial stage iterations                            10
  Initial stage convergence criterion                    0.100D+01
  Random starts scale                                    0.500D+01
  Random seed for generating random starts                       0

Input data file(s)
  data_624dd70f9f561f2c8c991d291c51b950.dat
Input data format  FREE


SUMMARY OF DATA

     Number of missing data patterns             1
     Number of y missing data patterns           1
     Number of u missing data patterns           0


COVARIANCE COVERAGE OF DATA

Minimum covariance coverage value   0.100


     PROPORTION OF DATA PRESENT FOR Y


           Covariance Coverage
              KINSHIPJ      MUTUALIS      EXCHANGE      HAWKJ         DOVEJ
              ________      ________      ________      ________      ________
 KINSHIPJ       1.000
 MUTUALIS       1.000         1.000
 EXCHANGE       1.000         1.000         1.000
 HAWKJ          1.000         1.000         1.000         1.000
 DOVEJ          1.000         1.000         1.000         1.000         1.000
 DIVISION       1.000         1.000         1.000         1.000         1.000
 POSSESSI       1.000         1.000         1.000         1.000         1.000


           Covariance Coverage
              DIVISION      POSSESSI
              ________      ________
 DIVISION       1.000
 POSSESSI       1.000         1.000



UNIVARIATE SAMPLE STATISTICS


     UNIVARIATE HIGHER-ORDER MOMENT DESCRIPTIVE STATISTICS

         Variable/         Mean/     Skewness/   Minimum/ % with                Percentiles
        Sample Size      Variance    Kurtosis    Maximum  Min/Max      20%/60%    40%/80%    Median

     KINSHIPJ             68.142      -0.400      12.667    0.07%      55.333     64.667     69.000
            1392.000     243.252      -0.028      99.333    0.07%      73.000     82.000
     MUTUALISMJ           64.403      -0.398      11.000    0.07%      53.000     61.667     65.000
            1392.000     184.479       0.162      96.000    0.07%      68.333     76.333
     EXCHANGEJ            71.836      -0.357      32.667    0.07%      62.667     69.667     72.667
            1392.000     127.269       0.056      98.000    0.14%      75.333     81.333
     HAWKJ                65.577      -0.286      11.000    0.07%      52.333     61.667     66.000
            1392.000     250.911      -0.258      99.667    0.14%      70.333     80.000
     DOVEJ                54.086      -0.377       2.000    0.07%      41.000     51.333     55.167
            1392.000     244.615      -0.092      92.333    0.07%      59.000     68.000
     DIVISIONJ            69.860      -0.574       6.333    0.07%      57.333     67.000     71.333
            1392.000     243.008       0.243     100.000    0.29%      75.333     83.000
     POSSESSIONJ          39.164       0.105       1.667    0.07%      26.000     35.000     39.333
            1392.000     234.437      -0.117      95.333    0.07%      43.000     52.000

RANDOM STARTS RESULTS RANKED FROM THE BEST TO THE WORST LOGLIKELIHOOD VALUES

Unperturbed starting value run did not converge in the initial stage
optimizations.

10 perturbed starting value run(s) did not converge in the initial stage
optimizations.

Final stage loglikelihood values at local maxima, seeds, and initial stage start numbers:

          -39307.560  76974            16
          -39312.935  637345           19
          -39320.521  68985            17
          -39326.478  415931           10



     WARNING:  THE BEST LOGLIKELIHOOD VALUE WAS NOT REPLICATED.  THE
     SOLUTION MAY NOT BE TRUSTWORTHY DUE TO LOCAL MAXIMA.  INCREASE THE
     NUMBER OF RANDOM STARTS.


THE MODEL ESTIMATION TERMINATED NORMALLY



MODEL FIT INFORMATION

Number of Free Parameters                      125

Loglikelihood

          H0 Value                      -39307.560
          H0 Scaling Correction Factor      1.3422
            for MLR

Information Criteria

          Akaike (AIC)                   78865.120
          Bayesian (BIC)                 79519.932
          Sample-Size Adjusted BIC       79122.855
            (n* = (n + 2) / 24)



FINAL CLASS COUNTS AND PROPORTIONS FOR THE LATENT CLASSES
BASED ON THE ESTIMATED MODEL

    Latent
   Classes

       1        196.01559          0.14082
       2        107.70727          0.07738
       3        267.70118          0.19231
       4         87.66746          0.06298
       5        365.23726          0.26238
       6        157.05729          0.11283
       7        210.61395          0.15130


FINAL CLASS COUNTS AND PROPORTIONS FOR THE LATENT CLASSES
BASED ON ESTIMATED POSTERIOR PROBABILITIES

    Latent
   Classes

       1        196.01559          0.14082
       2        107.70727          0.07738
       3        267.70118          0.19231
       4         87.66746          0.06298
       5        365.23726          0.26238
       6        157.05729          0.11283
       7        210.61395          0.15130


FINAL CLASS COUNTS AND PROPORTIONS FOR THE LATENT CLASSES
BASED ON THEIR MOST LIKELY LATENT CLASS MEMBERSHIP

Class Counts and Proportions

    Latent
   Classes

       1              143          0.10273
       2              128          0.09195
       3              253          0.18175
       4              102          0.07328
       5              410          0.29454
       6              167          0.11997
       7              189          0.13578


CLASSIFICATION QUALITY

     Entropy                         0.553


Average Latent Class Probabilities for Most Likely Latent Class Membership (Row)
by Latent Class (Column)

           1        2        3        4        5        6        7

    1   0.650    0.004    0.155    0.018    0.092    0.004    0.077
    2   0.025    0.608    0.009    0.004    0.185    0.040    0.130
    3   0.140    0.000    0.715    0.015    0.075    0.036    0.020
    4   0.082    0.017    0.111    0.656    0.088    0.024    0.022
    5   0.082    0.042    0.074    0.031    0.648    0.053    0.070
    6   0.031    0.007    0.085    0.006    0.122    0.667    0.082
    7   0.091    0.049    0.042    0.001    0.075    0.036    0.706


Classification Probabilities for the Most Likely Latent Class Membership (Column)
by Latent Class (Row)

           1        2        3        4        5        6        7

    1   0.474    0.016    0.181    0.042    0.173    0.026    0.087
    2   0.005    0.722    0.001    0.016    0.159    0.012    0.086
    3   0.083    0.004    0.676    0.042    0.113    0.053    0.030
    4   0.030    0.005    0.042    0.763    0.147    0.011    0.002
    5   0.036    0.065    0.052    0.025    0.728    0.056    0.039
    6   0.004    0.033    0.058    0.016    0.138    0.709    0.043
    7   0.052    0.079    0.024    0.011    0.135    0.065    0.634


Logits for the Classification Probabilities for the Most Likely Latent Class Membership (Column)
by Latent Class (Row)

              1        2        3        4        5        6        7

    1      1.690   -1.672    0.724   -0.723    0.679   -1.200    0.000
    2     -2.869    2.129   -4.338   -1.686    0.613   -2.010    0.000
    3      1.024   -1.953    3.124    0.353    1.333    0.577    0.000
    4      2.943    1.183    3.295    6.187    4.537    1.974    0.000
    5     -0.076    0.511    0.285   -0.461    2.929    0.364    0.000
    6     -2.465   -0.279    0.289   -1.009    1.164    2.798    0.000
    7     -2.494   -2.085   -3.288   -4.064   -1.543   -2.279    0.000


MODEL RESULTS

                                                    Two-Tailed
                    Estimate       S.E.  Est./S.E.    P-Value

Latent Class 1

 KINSHIPJ WITH
    MUTUALISMJ        24.462      8.670      2.821      0.005
    EXCHANGEJ         26.893     14.249      1.887      0.059
    HAWKJ             42.621     10.145      4.201      0.000
    DOVEJ             15.883      9.806      1.620      0.105
    DIVISIONJ          9.045      9.698      0.933      0.351
    POSSESSION        27.492     22.684      1.212      0.226

 MUTUALIS WITH
    EXCHANGEJ         26.826      8.952      2.997      0.003
    HAWKJ             20.752     11.722      1.770      0.077
    DOVEJ             23.931     16.147      1.482      0.138
    DIVISIONJ         19.807     13.404      1.478      0.139
    POSSESSION        -4.130      8.913     -0.463      0.643

 EXCHANGE WITH
    HAWKJ             35.278      8.397      4.201      0.000
    DOVEJ             23.631     25.095      0.942      0.346
    DIVISIONJ         16.700     29.567      0.565      0.572
    POSSESSION         5.789      6.889      0.840      0.401

 HAWKJ    WITH
    DOVEJ             31.682      8.887      3.565      0.000
    DIVISIONJ          1.529     23.480      0.065      0.948
    POSSESSION        14.500      8.464      1.713      0.087

 DOVEJ    WITH
    DIVISIONJ         -6.474      9.755     -0.664      0.507
    POSSESSION        15.457     11.944      1.294      0.196

 DIVISION WITH
    POSSESSION        33.369     17.425      1.915      0.055

 Means
    KINSHIPJ          65.949      8.849      7.453      0.000
    MUTUALISMJ        53.330      4.041     13.198      0.000
    EXCHANGEJ         63.840      6.653      9.595      0.000
    HAWKJ             61.539      2.703     22.767      0.000
    DOVEJ             48.653     11.910      4.085      0.000
    DIVISIONJ         63.712      3.858     16.513      0.000
    POSSESSION        37.697      3.955      9.532      0.000

 Variances
    KINSHIPJ         170.437     46.682      3.651      0.000
    MUTUALISMJ       230.452     34.244      6.730      0.000
    EXCHANGEJ        177.416     34.933      5.079      0.000
    HAWKJ            267.068     47.641      5.606      0.000
    DOVEJ            306.383     65.812      4.655      0.000
    DIVISIONJ        266.684     77.835      3.426      0.001
    POSSESSION       119.541     35.842      3.335      0.001

Latent Class 2

 KINSHIPJ WITH
    MUTUALISMJ        24.462      8.670      2.821      0.005
    EXCHANGEJ         26.893     14.249      1.887      0.059
    HAWKJ             42.621     10.145      4.201      0.000
    DOVEJ             15.883      9.806      1.620      0.105
    DIVISIONJ          9.045      9.698      0.933      0.351
    POSSESSION        27.492     22.684      1.212      0.226

 MUTUALIS WITH
    EXCHANGEJ         26.826      8.952      2.997      0.003
    HAWKJ             20.752     11.722      1.770      0.077
    DOVEJ             23.931     16.147      1.482      0.138
    DIVISIONJ         19.807     13.404      1.478      0.139
    POSSESSION        -4.130      8.913     -0.463      0.643

 EXCHANGE WITH
    HAWKJ             35.278      8.397      4.201      0.000
    DOVEJ             23.631     25.095      0.942      0.346
    DIVISIONJ         16.700     29.567      0.565      0.572
    POSSESSION         5.789      6.889      0.840      0.401

 HAWKJ    WITH
    DOVEJ             31.682      8.887      3.565      0.000
    DIVISIONJ          1.529     23.480      0.065      0.948
    POSSESSION        14.500      8.464      1.713      0.087

 DOVEJ    WITH
    DIVISIONJ         -6.474      9.755     -0.664      0.507
    POSSESSION        15.457     11.944      1.294      0.196

 DIVISION WITH
    POSSESSION        33.369     17.425      1.915      0.055

 Means
    KINSHIPJ          80.016      3.345     23.918      0.000
    MUTUALISMJ        70.049     12.284      5.702      0.000
    EXCHANGEJ         75.080     14.082      5.332      0.000
    HAWKJ             74.018      6.240     11.862      0.000
    DOVEJ             70.052      5.691     12.309      0.000
    DIVISIONJ         76.667     32.635      2.349      0.019
    POSSESSION        41.570      3.834     10.844      0.000

 Variances
    KINSHIPJ          87.924     21.334      4.121      0.000
    MUTUALISMJ       165.375     64.354      2.570      0.010
    EXCHANGEJ         38.790     11.898      3.260      0.001
    HAWKJ            109.920     40.958      2.684      0.007
    DOVEJ             40.216     11.883      3.384      0.001
    DIVISIONJ        129.521    398.065      0.325      0.745
    POSSESSION       424.880     62.533      6.795      0.000

Latent Class 3

 KINSHIPJ WITH
    MUTUALISMJ        24.462      8.670      2.821      0.005
    EXCHANGEJ         26.893     14.249      1.887      0.059
    HAWKJ             42.621     10.145      4.201      0.000
    DOVEJ             15.883      9.806      1.620      0.105
    DIVISIONJ          9.045      9.698      0.933      0.351
    POSSESSION        27.492     22.684      1.212      0.226

 MUTUALIS WITH
    EXCHANGEJ         26.826      8.952      2.997      0.003
    HAWKJ             20.752     11.722      1.770      0.077
    DOVEJ             23.931     16.147      1.482      0.138
    DIVISIONJ         19.807     13.404      1.478      0.139
    POSSESSION        -4.130      8.913     -0.463      0.643

 EXCHANGE WITH
    HAWKJ             35.278      8.397      4.201      0.000
    DOVEJ             23.631     25.095      0.942      0.346
    DIVISIONJ         16.700     29.567      0.565      0.572
    POSSESSION         5.789      6.889      0.840      0.401

 HAWKJ    WITH
    DOVEJ             31.682      8.887      3.565      0.000
    DIVISIONJ          1.529     23.480      0.065      0.948
    POSSESSION        14.500      8.464      1.713      0.087

 DOVEJ    WITH
    DIVISIONJ         -6.474      9.755     -0.664      0.507
    POSSESSION        15.457     11.944      1.294      0.196

 DIVISION WITH
    POSSESSION        33.369     17.425      1.915      0.055

 Means
    KINSHIPJ          55.677      3.936     14.145      0.000
    MUTUALISMJ        62.794      3.808     16.490      0.000
    EXCHANGEJ         71.630      2.189     32.725      0.000
    HAWKJ             59.574      2.311     25.777      0.000
    DOVEJ             40.607      1.880     21.602      0.000
    DIVISIONJ         66.278      3.348     19.795      0.000
    POSSESSION        46.227      4.951      9.337      0.000

 Variances
    KINSHIPJ         264.867     40.492      6.541      0.000
    MUTUALISMJ       185.635     47.040      3.946      0.000
    EXCHANGEJ        107.186     29.490      3.635      0.000
    HAWKJ            258.133     33.517      7.702      0.000
    DOVEJ            196.135     32.519      6.031      0.000
    DIVISIONJ        259.083     40.177      6.449      0.000
    POSSESSION       180.680     27.678      6.528      0.000

Latent Class 4

 KINSHIPJ WITH
    MUTUALISMJ        24.462      8.670      2.821      0.005
    EXCHANGEJ         26.893     14.249      1.887      0.059
    HAWKJ             42.621     10.145      4.201      0.000
    DOVEJ             15.883      9.806      1.620      0.105
    DIVISIONJ          9.045      9.698      0.933      0.351
    POSSESSION        27.492     22.684      1.212      0.226

 MUTUALIS WITH
    EXCHANGEJ         26.826      8.952      2.997      0.003
    HAWKJ             20.752     11.722      1.770      0.077
    DOVEJ             23.931     16.147      1.482      0.138
    DIVISIONJ         19.807     13.404      1.478      0.139
    POSSESSION        -4.130      8.913     -0.463      0.643

 EXCHANGE WITH
    HAWKJ             35.278      8.397      4.201      0.000
    DOVEJ             23.631     25.095      0.942      0.346
    DIVISIONJ         16.700     29.567      0.565      0.572
    POSSESSION         5.789      6.889      0.840      0.401

 HAWKJ    WITH
    DOVEJ             31.682      8.887      3.565      0.000
    DIVISIONJ          1.529     23.480      0.065      0.948
    POSSESSION        14.500      8.464      1.713      0.087

 DOVEJ    WITH
    DIVISIONJ         -6.474      9.755     -0.664      0.507
    POSSESSION        15.457     11.944      1.294      0.196

 DIVISION WITH
    POSSESSION        33.369     17.425      1.915      0.055

 Means
    KINSHIPJ          58.727      2.977     19.730      0.000
    MUTUALISMJ        61.690      4.016     15.359      0.000
    EXCHANGEJ         66.915      2.302     29.069      0.000
    HAWKJ             58.367      3.253     17.941      0.000
    DOVEJ             59.052      3.645     16.203      0.000
    DIVISIONJ         59.938      3.551     16.877      0.000
    POSSESSION        46.703      4.923      9.486      0.000

 Variances
    KINSHIPJ          35.379      7.428      4.763      0.000
    MUTUALISMJ       102.314     33.334      3.069      0.002
    EXCHANGEJ         85.333     32.150      2.654      0.008
    HAWKJ            171.364     47.083      3.640      0.000
    DOVEJ             48.719     29.355      1.660      0.097
    DIVISIONJ        146.652     37.026      3.961      0.000
    POSSESSION       129.207     84.548      1.528      0.126

Latent Class 5

 KINSHIPJ WITH
    MUTUALISMJ        24.462      8.670      2.821      0.005
    EXCHANGEJ         26.893     14.249      1.887      0.059
    HAWKJ             42.621     10.145      4.201      0.000
    DOVEJ             15.883      9.806      1.620      0.105
    DIVISIONJ          9.045      9.698      0.933      0.351
    POSSESSION        27.492     22.684      1.212      0.226

 MUTUALIS WITH
    EXCHANGEJ         26.826      8.952      2.997      0.003
    HAWKJ             20.752     11.722      1.770      0.077
    DOVEJ             23.931     16.147      1.482      0.138
    DIVISIONJ         19.807     13.404      1.478      0.139
    POSSESSION        -4.130      8.913     -0.463      0.643

 EXCHANGE WITH
    HAWKJ             35.278      8.397      4.201      0.000
    DOVEJ             23.631     25.095      0.942      0.346
    DIVISIONJ         16.700     29.567      0.565      0.572
    POSSESSION         5.789      6.889      0.840      0.401

 HAWKJ    WITH
    DOVEJ             31.682      8.887      3.565      0.000
    DIVISIONJ          1.529     23.480      0.065      0.948
    POSSESSION        14.500      8.464      1.713      0.087

 DOVEJ    WITH
    DIVISIONJ         -6.474      9.755     -0.664      0.507
    POSSESSION        15.457     11.944      1.294      0.196

 DIVISION WITH
    POSSESSION        33.369     17.425      1.915      0.055

 Means
    KINSHIPJ          66.601      4.298     15.497      0.000
    MUTUALISMJ        65.400      1.731     37.780      0.000
    EXCHANGEJ         69.364      2.305     30.088      0.000
    HAWKJ             71.205      3.674     19.380      0.000
    DOVEJ             57.950      4.480     12.935      0.000
    DIVISIONJ         76.636      6.797     11.274      0.000
    POSSESSION        36.691      3.109     11.803      0.000

 Variances
    KINSHIPJ         196.040     43.077      4.551      0.000
    MUTUALISMJ        79.044     14.357      5.506      0.000
    EXCHANGEJ        101.394     32.359      3.133      0.002
    HAWKJ            164.716     20.833      7.907      0.000
    DOVEJ            152.868     27.918      5.476      0.000
    DIVISIONJ        105.769     26.704      3.961      0.000
    POSSESSION       249.685     32.334      7.722      0.000

Latent Class 6

 KINSHIPJ WITH
    MUTUALISMJ        24.462      8.670      2.821      0.005
    EXCHANGEJ         26.893     14.249      1.887      0.059
    HAWKJ             42.621     10.145      4.201      0.000
    DOVEJ             15.883      9.806      1.620      0.105
    DIVISIONJ          9.045      9.698      0.933      0.351
    POSSESSION        27.492     22.684      1.212      0.226

 MUTUALIS WITH
    EXCHANGEJ         26.826      8.952      2.997      0.003
    HAWKJ             20.752     11.722      1.770      0.077
    DOVEJ             23.931     16.147      1.482      0.138
    DIVISIONJ         19.807     13.404      1.478      0.139
    POSSESSION        -4.130      8.913     -0.463      0.643

 EXCHANGE WITH
    HAWKJ             35.278      8.397      4.201      0.000
    DOVEJ             23.631     25.095      0.942      0.346
    DIVISIONJ         16.700     29.567      0.565      0.572
    POSSESSION         5.789      6.889      0.840      0.401

 HAWKJ    WITH
    DOVEJ             31.682      8.887      3.565      0.000
    DIVISIONJ          1.529     23.480      0.065      0.948
    POSSESSION        14.500      8.464      1.713      0.087

 DOVEJ    WITH
    DIVISIONJ         -6.474      9.755     -0.664      0.507
    POSSESSION        15.457     11.944      1.294      0.196

 DIVISION WITH
    POSSESSION        33.369     17.425      1.915      0.055

 Means
    KINSHIPJ          75.212      2.415     31.146      0.000
    MUTUALISMJ        77.164      2.063     37.401      0.000
    EXCHANGEJ         81.085      3.742     21.668      0.000
    HAWKJ             67.787      6.288     10.780      0.000
    DOVEJ             49.471      6.405      7.724      0.000
    DIVISIONJ         77.636      4.631     16.766      0.000
    POSSESSION        37.444      2.201     17.011      0.000

 Variances
    KINSHIPJ         122.174     36.113      3.383      0.001
    MUTUALISMJ        55.410     18.466      3.001      0.003
    EXCHANGEJ         58.874     20.999      2.804      0.005
    HAWKJ            242.006     90.479      2.675      0.007
    DOVEJ            174.703    108.829      1.605      0.108
    DIVISIONJ        112.368     39.017      2.880      0.004
    POSSESSION       158.904     59.275      2.681      0.007

Latent Class 7

 KINSHIPJ WITH
    MUTUALISMJ        24.462      8.670      2.821      0.005
    EXCHANGEJ         26.893     14.249      1.887      0.059
    HAWKJ             42.621     10.145      4.201      0.000
    DOVEJ             15.883      9.806      1.620      0.105
    DIVISIONJ          9.045      9.698      0.933      0.351
    POSSESSION        27.492     22.684      1.212      0.226

 MUTUALIS WITH
    EXCHANGEJ         26.826      8.952      2.997      0.003
    HAWKJ             20.752     11.722      1.770      0.077
    DOVEJ             23.931     16.147      1.482      0.138
    DIVISIONJ         19.807     13.404      1.478      0.139
    POSSESSION        -4.130      8.913     -0.463      0.643

 EXCHANGE WITH
    HAWKJ             35.278      8.397      4.201      0.000
    DOVEJ             23.631     25.095      0.942      0.346
    DIVISIONJ         16.700     29.567      0.565      0.572
    POSSESSION         5.789      6.889      0.840      0.401

 HAWKJ    WITH
    DOVEJ             31.682      8.887      3.565      0.000
    DIVISIONJ          1.529     23.480      0.065      0.948
    POSSESSION        14.500      8.464      1.713      0.087

 DOVEJ    WITH
    DIVISIONJ         -6.474      9.755     -0.664      0.507
    POSSESSION        15.457     11.944      1.294      0.196

 DIVISION WITH
    POSSESSION        33.369     17.425      1.915      0.055

 Means
    KINSHIPJ          81.276      3.535     22.995      0.000
    MUTUALISMJ        63.749      3.861     16.512      0.000
    EXCHANGEJ         77.319     10.701      7.226      0.000
    HAWKJ             64.241      7.931      8.100      0.000
    DOVEJ             62.783      5.159     12.171      0.000
    DIVISIONJ         63.233      4.022     15.723      0.000
    POSSESSION        32.754      2.308     14.190      0.000

 Variances
    KINSHIPJ          91.015     41.958      2.169      0.030
    MUTUALISMJ       197.464     54.664      3.612      0.000
    EXCHANGEJ         92.557    110.047      0.841      0.400
    HAWKJ            319.344    106.505      2.998      0.003
    DOVEJ            137.774     49.412      2.788      0.005
    DIVISIONJ        349.048    159.263      2.192      0.028
    POSSESSION       251.037     38.976      6.441      0.000

Categorical Latent Variables

 Means
    C1#1              -0.072      1.063     -0.068      0.946
    C1#2              -0.671      2.148     -0.312      0.755
    C1#3               0.240      1.763      0.136      0.892
    C1#4              -0.876      1.358     -0.645      0.519
    C1#5               0.551      1.204      0.457      0.648
    C1#6              -0.293      1.895     -0.155      0.877


QUALITY OF NUMERICAL RESULTS

     Condition Number for the Information Matrix              0.336E-05
       (ratio of smallest to largest eigenvalue)


TECHNICAL 14 OUTPUT

     Random Starts Specifications for the k-1 Class Analysis Model
        Number of initial stage random starts                  20
        Number of final stage optimizations                     4

     Random Starts Specification for the k-1 Class Model for Generated Data
        Number of initial stage random starts                   0
        Number of final stage optimizations for the
           initial stage random starts                          0
     Random Starts Specification for the k Class Model for Generated Data
        Number of initial stage random starts                  40
        Number of final stage optimizations                     8
     Number of bootstrap draws requested                   Varies


     PARAMETRIC BOOTSTRAPPED LIKELIHOOD RATIO TEST FOR 6 (H0) VERSUS 7 CLASSES

          H0 Loglikelihood Value                       -39328.057
          2 Times the Loglikelihood Difference             40.994
          Difference in the Number of Parameters               15
          Approximate P-Value                              0.6667
          Successful Bootstrap Draws                            3

     WARNING:  1 OUT OF 4 BOOTSTRAP DRAWS DID NOT CONVERGE.
     INCREASE THE NUMBER OF RANDOM STARTS USING THE LRTSTARTS OPTION.



SAVEDATA INFORMATION


  Save file
    model_4_class_7.dat

  Order and format of variables

    KINSHIPJ       F10.3
    MUTUALIS       F10.3
    EXCHANGE       F10.3
    HAWKJ          F10.3
    DOVEJ          F10.3
    DIVISION       F10.3
    POSSESSI       F10.3
    CPROB1         F10.3
    CPROB2         F10.3
    CPROB3         F10.3
    CPROB4         F10.3
    CPROB5         F10.3
    CPROB6         F10.3
    CPROB7         F10.3
    C1             F10.3

  Save file format
    15F10.3

  Save file record length    10000


     Beginning Time:  10:17:54
        Ending Time:  10:18:19
       Elapsed Time:  00:00:25



MUTHEN & MUTHEN
3463 Stoner Ave.
Los Angeles, CA  90066

Tel: (310) 391-9971
Fax: (310) 391-8971
Web: www.StatModel.com
Support: Support@StatModel.com

Copyright (c) 1998-2018 Muthen & Muthen
