Mplus VERSION 8.2 (Mac)
MUTHEN & MUTHEN
08/26/2020  10:20 AM

INPUT INSTRUCTIONS

  TITLE:
  model 5 with 2 classes
  DATA:
  FILE = "data_624dd70f9f561f2c8c991d291c51b950.dat";

  VARIABLE:
  NAMES = KinshipJ MutualismJ ExchangeJ HawkJ DoveJ DivisionJ PossessionJ;
   MISSING=.;
   CLASSES = c1(2);

  ANALYSIS:
  TYPE = mixture;

  MODEL:
  %c1#1%
  KinshipJ (vKinshipJ);
  MutualismJ (vMutualismJ);
  ExchangeJ (vExchangeJ);
  HawkJ (vHawkJ);
  DoveJ (vDoveJ);
  DivisionJ (vDivisionJ);
  PossessionJ (vPossessionJ);

  KinshipJ WITH MutualismJ (KinshipJWMutualismJ1);
  KinshipJ WITH ExchangeJ (KinshipJWExchangeJ1);
  KinshipJ WITH HawkJ (KinshipJWHawkJ1);
  KinshipJ WITH DoveJ (KinshipJWDoveJ1);
  KinshipJ WITH DivisionJ (KinshipJWDivisionJ1);
  KinshipJ WITH PossessionJ (KinshipJWPossessionJ1);
  MutualismJ WITH ExchangeJ (MutualismJWExchangeJ1);
  MutualismJ WITH HawkJ (MutualismJWHawkJ1);
  MutualismJ WITH DoveJ (MutualismJWDoveJ1);
  MutualismJ WITH DivisionJ (MutualismJWDivisionJ1);
  MutualismJ WITH PossessionJ (MutualismJWPossessionJ1);
  ExchangeJ WITH HawkJ (ExchangeJWHawkJ1);
  ExchangeJ WITH DoveJ (ExchangeJWDoveJ1);
  ExchangeJ WITH DivisionJ (ExchangeJWDivisionJ1);
  ExchangeJ WITH PossessionJ (ExchangeJWPossessionJ1);
  HawkJ WITH DoveJ (HawkJWDoveJ1);
  HawkJ WITH DivisionJ (HawkJWDivisionJ1);
  HawkJ WITH PossessionJ (HawkJWPossessionJ1);
  DoveJ WITH DivisionJ (DoveJWDivisionJ1);
  DoveJ WITH PossessionJ (DoveJWPossessionJ1);
  DivisionJ WITH PossessionJ (DivisionJWPossessionJ1);

  %c1#2%
  KinshipJ (vKinshipJ);
  MutualismJ (vMutualismJ);
  ExchangeJ (vExchangeJ);
  HawkJ (vHawkJ);
  DoveJ (vDoveJ);
  DivisionJ (vDivisionJ);
  PossessionJ (vPossessionJ);

  KinshipJ WITH MutualismJ (KinshipJWMutualismJ2);
  KinshipJ WITH ExchangeJ (KinshipJWExchangeJ2);
  KinshipJ WITH HawkJ (KinshipJWHawkJ2);
  KinshipJ WITH DoveJ (KinshipJWDoveJ2);
  KinshipJ WITH DivisionJ (KinshipJWDivisionJ2);
  KinshipJ WITH PossessionJ (KinshipJWPossessionJ2);
  MutualismJ WITH ExchangeJ (MutualismJWExchangeJ2);
  MutualismJ WITH HawkJ (MutualismJWHawkJ2);
  MutualismJ WITH DoveJ (MutualismJWDoveJ2);
  MutualismJ WITH DivisionJ (MutualismJWDivisionJ2);
  MutualismJ WITH PossessionJ (MutualismJWPossessionJ2);
  ExchangeJ WITH HawkJ (ExchangeJWHawkJ2);
  ExchangeJ WITH DoveJ (ExchangeJWDoveJ2);
  ExchangeJ WITH DivisionJ (ExchangeJWDivisionJ2);
  ExchangeJ WITH PossessionJ (ExchangeJWPossessionJ2);
  HawkJ WITH DoveJ (HawkJWDoveJ2);
  HawkJ WITH DivisionJ (HawkJWDivisionJ2);
  HawkJ WITH PossessionJ (HawkJWPossessionJ2);
  DoveJ WITH DivisionJ (DoveJWDivisionJ2);
  DoveJ WITH PossessionJ (DoveJWPossessionJ2);
  DivisionJ WITH PossessionJ (DivisionJWPossessionJ2);


  OUTPUT:
  TECH14;

  SAVEDATA:
  FILE IS model_5_class_2.dat;
  SAVE = cprobabilities;



*** WARNING in VARIABLE command
  Note that only the first 8 characters of variable names are used in the output.
  Shorten variable names to avoid any confusion.
*** WARNING in MODEL command
  All variables are uncorrelated with all other variables within class.
  Check that this is what is intended.
   2 WARNING(S) FOUND IN THE INPUT INSTRUCTIONS




model 5 with 2 classes

SUMMARY OF ANALYSIS

Number of groups                                                 1
Number of observations                                        1392

Number of dependent variables                                    7
Number of independent variables                                  0
Number of continuous latent variables                            0
Number of categorical latent variables                           1

Observed dependent variables

  Continuous
   KINSHIPJ    MUTUALISMJ  EXCHANGEJ   HAWKJ       DOVEJ       DIVISIONJ
   POSSESSION

Categorical latent variables
   C1


Estimator                                                      MLR
Information matrix                                        OBSERVED
Optimization Specifications for the Quasi-Newton Algorithm for
Continuous Outcomes
  Maximum number of iterations                                 100
  Convergence criterion                                  0.100D-05
Optimization Specifications for the EM Algorithm
  Maximum number of iterations                                 500
  Convergence criteria
    Loglikelihood change                                 0.100D-06
    Relative loglikelihood change                        0.100D-06
    Derivative                                           0.100D-05
Optimization Specifications for the M step of the EM Algorithm for
Categorical Latent variables
  Number of M step iterations                                    1
  M step convergence criterion                           0.100D-05
  Basis for M step termination                           ITERATION
Optimization Specifications for the M step of the EM Algorithm for
Censored, Binary or Ordered Categorical (Ordinal), Unordered
Categorical (Nominal) and Count Outcomes
  Number of M step iterations                                    1
  M step convergence criterion                           0.100D-05
  Basis for M step termination                           ITERATION
  Maximum value for logit thresholds                            15
  Minimum value for logit thresholds                           -15
  Minimum expected cell size for chi-square              0.100D-01
Maximum number of iterations for H1                           2000
Convergence criterion for H1                             0.100D-03
Optimization algorithm                                         EMA
Random Starts Specifications
  Number of initial stage random starts                         20
  Number of final stage optimizations                            4
  Number of initial stage iterations                            10
  Initial stage convergence criterion                    0.100D+01
  Random starts scale                                    0.500D+01
  Random seed for generating random starts                       0

Input data file(s)
  data_624dd70f9f561f2c8c991d291c51b950.dat
Input data format  FREE


SUMMARY OF DATA

     Number of missing data patterns             1
     Number of y missing data patterns           1
     Number of u missing data patterns           0


COVARIANCE COVERAGE OF DATA

Minimum covariance coverage value   0.100


     PROPORTION OF DATA PRESENT FOR Y


           Covariance Coverage
              KINSHIPJ      MUTUALIS      EXCHANGE      HAWKJ         DOVEJ
              ________      ________      ________      ________      ________
 KINSHIPJ       1.000
 MUTUALIS       1.000         1.000
 EXCHANGE       1.000         1.000         1.000
 HAWKJ          1.000         1.000         1.000         1.000
 DOVEJ          1.000         1.000         1.000         1.000         1.000
 DIVISION       1.000         1.000         1.000         1.000         1.000
 POSSESSI       1.000         1.000         1.000         1.000         1.000


           Covariance Coverage
              DIVISION      POSSESSI
              ________      ________
 DIVISION       1.000
 POSSESSI       1.000         1.000



UNIVARIATE SAMPLE STATISTICS


     UNIVARIATE HIGHER-ORDER MOMENT DESCRIPTIVE STATISTICS

         Variable/         Mean/     Skewness/   Minimum/ % with                Percentiles
        Sample Size      Variance    Kurtosis    Maximum  Min/Max      20%/60%    40%/80%    Median

     KINSHIPJ             68.142      -0.400      12.667    0.07%      55.333     64.667     69.000
            1392.000     243.252      -0.028      99.333    0.07%      73.000     82.000
     MUTUALISMJ           64.403      -0.398      11.000    0.07%      53.000     61.667     65.000
            1392.000     184.479       0.162      96.000    0.07%      68.333     76.333
     EXCHANGEJ            71.836      -0.357      32.667    0.07%      62.667     69.667     72.667
            1392.000     127.269       0.056      98.000    0.14%      75.333     81.333
     HAWKJ                65.577      -0.286      11.000    0.07%      52.333     61.667     66.000
            1392.000     250.911      -0.258      99.667    0.14%      70.333     80.000
     DOVEJ                54.086      -0.377       2.000    0.07%      41.000     51.333     55.167
            1392.000     244.615      -0.092      92.333    0.07%      59.000     68.000
     DIVISIONJ            69.860      -0.574       6.333    0.07%      57.333     67.000     71.333
            1392.000     243.008       0.243     100.000    0.29%      75.333     83.000
     POSSESSIONJ          39.164       0.105       1.667    0.07%      26.000     35.000     39.333
            1392.000     234.437      -0.117      95.333    0.07%      43.000     52.000

RANDOM STARTS RESULTS RANKED FROM THE BEST TO THE WORST LOGLIKELIHOOD VALUES

Final stage loglikelihood values at local maxima, seeds, and initial stage start numbers:

          -39481.446  285380           1
          -39481.446  462953           7
          -39481.446  650371           14
          -39489.975  637345           19



THE BEST LOGLIKELIHOOD VALUE HAS BEEN REPLICATED.  RERUN WITH AT LEAST TWICE THE
RANDOM STARTS TO CHECK THAT THE BEST LOGLIKELIHOOD IS STILL OBTAINED AND REPLICATED.


THE MODEL ESTIMATION TERMINATED NORMALLY



MODEL FIT INFORMATION

Number of Free Parameters                       64

Loglikelihood

          H0 Value                      -39481.446
          H0 Scaling Correction Factor      1.1820
            for MLR

Information Criteria

          Akaike (AIC)                   79090.892
          Bayesian (BIC)                 79426.155
          Sample-Size Adjusted BIC       79222.852
            (n* = (n + 2) / 24)



FINAL CLASS COUNTS AND PROPORTIONS FOR THE LATENT CLASSES
BASED ON THE ESTIMATED MODEL

    Latent
   Classes

       1        165.43261          0.11885
       2       1226.56739          0.88115


FINAL CLASS COUNTS AND PROPORTIONS FOR THE LATENT CLASSES
BASED ON ESTIMATED POSTERIOR PROBABILITIES

    Latent
   Classes

       1        165.43261          0.11885
       2       1226.56739          0.88115


FINAL CLASS COUNTS AND PROPORTIONS FOR THE LATENT CLASSES
BASED ON THEIR MOST LIKELY LATENT CLASS MEMBERSHIP

Class Counts and Proportions

    Latent
   Classes

       1              147          0.10560
       2             1245          0.89440


CLASSIFICATION QUALITY

     Entropy                         0.812


Average Latent Class Probabilities for Most Likely Latent Class Membership (Row)
by Latent Class (Column)

           1        2

    1   0.801    0.199
    2   0.038    0.962


Classification Probabilities for the Most Likely Latent Class Membership (Column)
by Latent Class (Row)

           1        2

    1   0.712    0.288
    2   0.024    0.976


Logits for the Classification Probabilities for the Most Likely Latent Class Membership (Column)
by Latent Class (Row)

              1        2

    1      0.903    0.000
    2     -3.711    0.000


MODEL RESULTS

                                                    Two-Tailed
                    Estimate       S.E.  Est./S.E.    P-Value

Latent Class 1

 KINSHIPJ WITH
    MUTUALISMJ        28.547     39.259      0.727      0.467
    EXCHANGEJ         24.352     18.551      1.313      0.189
    HAWKJ             27.701     24.732      1.120      0.263
    DOVEJ             72.088     20.852      3.457      0.001
    DIVISIONJ         10.572     19.029      0.556      0.579
    POSSESSION       -33.395     29.408     -1.136      0.256

 MUTUALIS WITH
    EXCHANGEJ         50.715     11.169      4.541      0.000
    HAWKJ            -35.747     23.525     -1.520      0.129
    DOVEJ            -13.418     56.619     -0.237      0.813
    DIVISIONJ        -32.539     14.168     -2.297      0.022
    POSSESSION        -9.831     20.266     -0.485      0.628

 EXCHANGE WITH
    HAWKJ              1.302     27.321      0.048      0.962
    DOVEJ             39.731     15.094      2.632      0.008
    DIVISIONJ          3.252     13.470      0.241      0.809
    POSSESSION        -0.320     18.617     -0.017      0.986

 HAWKJ    WITH
    DOVEJ             21.467     21.726      0.988      0.323
    DIVISIONJ        -47.527     21.737     -2.186      0.029
    POSSESSION       -11.368     32.963     -0.345      0.730

 DOVEJ    WITH
    DIVISIONJ        -29.293     23.032     -1.272      0.203
    POSSESSION       -29.060     29.450     -0.987      0.324

 DIVISION WITH
    POSSESSION        28.266     30.782      0.918      0.358

 Means
    KINSHIPJ          67.607      3.478     19.440      0.000
    MUTUALISMJ        46.717      3.509     13.314      0.000
    EXCHANGEJ         72.973      1.505     48.503      0.000
    HAWKJ             58.298      5.276     11.050      0.000
    DOVEJ             43.934      8.749      5.021      0.000
    DIVISIONJ         56.458      2.838     19.897      0.000
    POSSESSION        37.799      1.866     20.261      0.000

 Variances
    KINSHIPJ         244.357      9.204     26.550      0.000
    MUTUALISMJ       142.355     12.665     11.240      0.000
    EXCHANGEJ        127.690      4.980     25.639      0.000
    HAWKJ            244.113     15.903     15.350      0.000
    DOVEJ            230.859     18.008     12.820      0.000
    DIVISIONJ        218.590     17.311     12.628      0.000
    POSSESSION       233.919      8.638     27.080      0.000

Latent Class 2

 KINSHIPJ WITH
    MUTUALISMJ        51.973      6.036      8.610      0.000
    EXCHANGEJ         61.063      6.116      9.984      0.000
    HAWKJ             77.815      9.048      8.600      0.000
    DOVEJ             75.491      8.631      8.746      0.000
    DIVISIONJ         23.530     10.608      2.218      0.027
    POSSESSION        -3.725      7.411     -0.503      0.615

 MUTUALIS WITH
    EXCHANGEJ         57.945      4.771     12.145      0.000
    HAWKJ             33.509     13.253      2.529      0.011
    DOVEJ             20.309      8.740      2.324      0.020
    DIVISIONJ         27.594     11.701      2.358      0.018
    POSSESSION        -9.312      5.772     -1.613      0.107

 EXCHANGE WITH
    HAWKJ             48.524      6.254      7.759      0.000
    DOVEJ             29.394      5.681      5.175      0.000
    DIVISIONJ         31.002      6.056      5.120      0.000
    POSSESSION        -0.502      4.910     -0.102      0.919

 HAWKJ    WITH
    DOVEJ             54.453      8.998      6.052      0.000
    DIVISIONJ         28.513     15.314      1.862      0.063
    POSSESSION         0.750      7.395      0.101      0.919

 DOVEJ    WITH
    DIVISIONJ        -10.427      9.758     -1.069      0.285
    POSSESSION       -10.194      7.018     -1.452      0.146

 DIVISION WITH
    POSSESSION        21.698      7.367      2.945      0.003

 Means
    KINSHIPJ          68.215      0.635    107.423      0.000
    MUTUALISMJ        66.788      1.089     61.302      0.000
    EXCHANGEJ         71.683      0.350    204.861      0.000
    HAWKJ             66.559      1.316     50.570      0.000
    DOVEJ             55.455      0.726     76.341      0.000
    DIVISIONJ         71.667      1.153     62.144      0.000
    POSSESSION        39.348      0.480     81.934      0.000

 Variances
    KINSHIPJ         244.357      9.204     26.550      0.000
    MUTUALISMJ       142.355     12.665     11.240      0.000
    EXCHANGEJ        127.690      4.980     25.639      0.000
    HAWKJ            244.113     15.903     15.350      0.000
    DOVEJ            230.859     18.008     12.820      0.000
    DIVISIONJ        218.590     17.311     12.628      0.000
    POSSESSION       233.919      8.638     27.080      0.000

Categorical Latent Variables

 Means
    C1#1              -2.003      0.595     -3.365      0.001


QUALITY OF NUMERICAL RESULTS

     Condition Number for the Information Matrix              0.133E-06
       (ratio of smallest to largest eigenvalue)


TECHNICAL 14 OUTPUT

     Random Starts Specifications for the k-1 Class Analysis Model
        Number of initial stage random starts                  20
        Number of final stage optimizations                     4

     Random Starts Specification for the k-1 Class Model for Generated Data
        Number of initial stage random starts                   0
        Number of final stage optimizations for the
           initial stage random starts                          0
     Random Starts Specification for the k Class Model for Generated Data
        Number of initial stage random starts                  40
        Number of final stage optimizations                     8
     Number of bootstrap draws requested                   Varies


     PARAMETRIC BOOTSTRAPPED LIKELIHOOD RATIO TEST FOR 1 (H0) VERSUS 2 CLASSES

          H0 Loglikelihood Value                       -39543.816
          2 Times the Loglikelihood Difference            124.741
          Difference in the Number of Parameters               29
          Approximate P-Value                              0.0000
          Successful Bootstrap Draws                           49

     WARNING:  OF THE 49 BOOTSTRAP DRAWS, 45 DRAWS HAD BOTH A SMALLER LRT VALUE THAN THE
     OBSERVED LRT VALUE AND NOT A REPLICATED BEST LOGLIKELIHOOD VALUE FOR THE 2-CLASS MODEL.
     THIS MEANS THAT THE P-VALUE MAY NOT BE TRUSTWORTHY DUE TO LOCAL MAXIMA.
     INCREASE THE NUMBER OF RANDOM STARTS USING THE LRTSTARTS OPTION.



SAVEDATA INFORMATION


  Save file
    model_5_class_2.dat

  Order and format of variables

    KINSHIPJ       F10.3
    MUTUALIS       F10.3
    EXCHANGE       F10.3
    HAWKJ          F10.3
    DOVEJ          F10.3
    DIVISION       F10.3
    POSSESSI       F10.3
    CPROB1         F10.3
    CPROB2         F10.3
    C1             F10.3

  Save file format
    10F10.3

  Save file record length    10000


     Beginning Time:  10:20:21
        Ending Time:  10:21:00
       Elapsed Time:  00:00:39



MUTHEN & MUTHEN
3463 Stoner Ave.
Los Angeles, CA  90066

Tel: (310) 391-9971
Fax: (310) 391-8971
Web: www.StatModel.com
Support: Support@StatModel.com

Copyright (c) 1998-2018 Muthen & Muthen
