Mplus VERSION 8.2 (Mac)
MUTHEN & MUTHEN
08/26/2020  12:12 PM

INPUT INSTRUCTIONS

  TITLE:
  model 6 with 5 classes
  DATA:
  FILE = "data_624dd70f9f561f2c8c991d291c51b950.dat";

  VARIABLE:
  NAMES = KinshipJ MutualismJ ExchangeJ HawkJ DoveJ DivisionJ PossessionJ;
   MISSING=.;
   CLASSES = c1(5);

  ANALYSIS:
  TYPE = mixture;

  MODEL:
  %c1#1%
  KinshipJ (vKinshipJ1);
  MutualismJ (vMutualismJ1);
  ExchangeJ (vExchangeJ1);
  HawkJ (vHawkJ1);
  DoveJ (vDoveJ1);
  DivisionJ (vDivisionJ1);
  PossessionJ (vPossessionJ1);

  KinshipJ WITH MutualismJ (KinshipJWMutualismJ1);
  KinshipJ WITH ExchangeJ (KinshipJWExchangeJ1);
  KinshipJ WITH HawkJ (KinshipJWHawkJ1);
  KinshipJ WITH DoveJ (KinshipJWDoveJ1);
  KinshipJ WITH DivisionJ (KinshipJWDivisionJ1);
  KinshipJ WITH PossessionJ (KinshipJWPossessionJ1);
  MutualismJ WITH ExchangeJ (MutualismJWExchangeJ1);
  MutualismJ WITH HawkJ (MutualismJWHawkJ1);
  MutualismJ WITH DoveJ (MutualismJWDoveJ1);
  MutualismJ WITH DivisionJ (MutualismJWDivisionJ1);
  MutualismJ WITH PossessionJ (MutualismJWPossessionJ1);
  ExchangeJ WITH HawkJ (ExchangeJWHawkJ1);
  ExchangeJ WITH DoveJ (ExchangeJWDoveJ1);
  ExchangeJ WITH DivisionJ (ExchangeJWDivisionJ1);
  ExchangeJ WITH PossessionJ (ExchangeJWPossessionJ1);
  HawkJ WITH DoveJ (HawkJWDoveJ1);
  HawkJ WITH DivisionJ (HawkJWDivisionJ1);
  HawkJ WITH PossessionJ (HawkJWPossessionJ1);
  DoveJ WITH DivisionJ (DoveJWDivisionJ1);
  DoveJ WITH PossessionJ (DoveJWPossessionJ1);
  DivisionJ WITH PossessionJ (DivisionJWPossessionJ1);

  %c1#2%
  KinshipJ (vKinshipJ2);
  MutualismJ (vMutualismJ2);
  ExchangeJ (vExchangeJ2);
  HawkJ (vHawkJ2);
  DoveJ (vDoveJ2);
  DivisionJ (vDivisionJ2);
  PossessionJ (vPossessionJ2);

  KinshipJ WITH MutualismJ (KinshipJWMutualismJ2);
  KinshipJ WITH ExchangeJ (KinshipJWExchangeJ2);
  KinshipJ WITH HawkJ (KinshipJWHawkJ2);
  KinshipJ WITH DoveJ (KinshipJWDoveJ2);
  KinshipJ WITH DivisionJ (KinshipJWDivisionJ2);
  KinshipJ WITH PossessionJ (KinshipJWPossessionJ2);
  MutualismJ WITH ExchangeJ (MutualismJWExchangeJ2);
  MutualismJ WITH HawkJ (MutualismJWHawkJ2);
  MutualismJ WITH DoveJ (MutualismJWDoveJ2);
  MutualismJ WITH DivisionJ (MutualismJWDivisionJ2);
  MutualismJ WITH PossessionJ (MutualismJWPossessionJ2);
  ExchangeJ WITH HawkJ (ExchangeJWHawkJ2);
  ExchangeJ WITH DoveJ (ExchangeJWDoveJ2);
  ExchangeJ WITH DivisionJ (ExchangeJWDivisionJ2);
  ExchangeJ WITH PossessionJ (ExchangeJWPossessionJ2);
  HawkJ WITH DoveJ (HawkJWDoveJ2);
  HawkJ WITH DivisionJ (HawkJWDivisionJ2);
  HawkJ WITH PossessionJ (HawkJWPossessionJ2);
  DoveJ WITH DivisionJ (DoveJWDivisionJ2);
  DoveJ WITH PossessionJ (DoveJWPossessionJ2);
  DivisionJ WITH PossessionJ (DivisionJWPossessionJ2);

  %c1#3%
  KinshipJ (vKinshipJ3);
  MutualismJ (vMutualismJ3);
  ExchangeJ (vExchangeJ3);
  HawkJ (vHawkJ3);
  DoveJ (vDoveJ3);
  DivisionJ (vDivisionJ3);
  PossessionJ (vPossessionJ3);

  KinshipJ WITH MutualismJ (KinshipJWMutualismJ3);
  KinshipJ WITH ExchangeJ (KinshipJWExchangeJ3);
  KinshipJ WITH HawkJ (KinshipJWHawkJ3);
  KinshipJ WITH DoveJ (KinshipJWDoveJ3);
  KinshipJ WITH DivisionJ (KinshipJWDivisionJ3);
  KinshipJ WITH PossessionJ (KinshipJWPossessionJ3);
  MutualismJ WITH ExchangeJ (MutualismJWExchangeJ3);
  MutualismJ WITH HawkJ (MutualismJWHawkJ3);
  MutualismJ WITH DoveJ (MutualismJWDoveJ3);
  MutualismJ WITH DivisionJ (MutualismJWDivisionJ3);
  MutualismJ WITH PossessionJ (MutualismJWPossessionJ3);
  ExchangeJ WITH HawkJ (ExchangeJWHawkJ3);
  ExchangeJ WITH DoveJ (ExchangeJWDoveJ3);
  ExchangeJ WITH DivisionJ (ExchangeJWDivisionJ3);
  ExchangeJ WITH PossessionJ (ExchangeJWPossessionJ3);
  HawkJ WITH DoveJ (HawkJWDoveJ3);
  HawkJ WITH DivisionJ (HawkJWDivisionJ3);
  HawkJ WITH PossessionJ (HawkJWPossessionJ3);
  DoveJ WITH DivisionJ (DoveJWDivisionJ3);
  DoveJ WITH PossessionJ (DoveJWPossessionJ3);
  DivisionJ WITH PossessionJ (DivisionJWPossessionJ3);

  %c1#4%
  KinshipJ (vKinshipJ4);
  MutualismJ (vMutualismJ4);
  ExchangeJ (vExchangeJ4);
  HawkJ (vHawkJ4);
  DoveJ (vDoveJ4);
  DivisionJ (vDivisionJ4);
  PossessionJ (vPossessionJ4);

  KinshipJ WITH MutualismJ (KinshipJWMutualismJ4);
  KinshipJ WITH ExchangeJ (KinshipJWExchangeJ4);
  KinshipJ WITH HawkJ (KinshipJWHawkJ4);
  KinshipJ WITH DoveJ (KinshipJWDoveJ4);
  KinshipJ WITH DivisionJ (KinshipJWDivisionJ4);
  KinshipJ WITH PossessionJ (KinshipJWPossessionJ4);
  MutualismJ WITH ExchangeJ (MutualismJWExchangeJ4);
  MutualismJ WITH HawkJ (MutualismJWHawkJ4);
  MutualismJ WITH DoveJ (MutualismJWDoveJ4);
  MutualismJ WITH DivisionJ (MutualismJWDivisionJ4);
  MutualismJ WITH PossessionJ (MutualismJWPossessionJ4);
  ExchangeJ WITH HawkJ (ExchangeJWHawkJ4);
  ExchangeJ WITH DoveJ (ExchangeJWDoveJ4);
  ExchangeJ WITH DivisionJ (ExchangeJWDivisionJ4);
  ExchangeJ WITH PossessionJ (ExchangeJWPossessionJ4);
  HawkJ WITH DoveJ (HawkJWDoveJ4);
  HawkJ WITH DivisionJ (HawkJWDivisionJ4);
  HawkJ WITH PossessionJ (HawkJWPossessionJ4);
  DoveJ WITH DivisionJ (DoveJWDivisionJ4);
  DoveJ WITH PossessionJ (DoveJWPossessionJ4);
  DivisionJ WITH PossessionJ (DivisionJWPossessionJ4);

  %c1#5%
  KinshipJ (vKinshipJ5);
  MutualismJ (vMutualismJ5);
  ExchangeJ (vExchangeJ5);
  HawkJ (vHawkJ5);
  DoveJ (vDoveJ5);
  DivisionJ (vDivisionJ5);
  PossessionJ (vPossessionJ5);

  KinshipJ WITH MutualismJ (KinshipJWMutualismJ5);
  KinshipJ WITH ExchangeJ (KinshipJWExchangeJ5);
  KinshipJ WITH HawkJ (KinshipJWHawkJ5);
  KinshipJ WITH DoveJ (KinshipJWDoveJ5);
  KinshipJ WITH DivisionJ (KinshipJWDivisionJ5);
  KinshipJ WITH PossessionJ (KinshipJWPossessionJ5);
  MutualismJ WITH ExchangeJ (MutualismJWExchangeJ5);
  MutualismJ WITH HawkJ (MutualismJWHawkJ5);
  MutualismJ WITH DoveJ (MutualismJWDoveJ5);
  MutualismJ WITH DivisionJ (MutualismJWDivisionJ5);
  MutualismJ WITH PossessionJ (MutualismJWPossessionJ5);
  ExchangeJ WITH HawkJ (ExchangeJWHawkJ5);
  ExchangeJ WITH DoveJ (ExchangeJWDoveJ5);
  ExchangeJ WITH DivisionJ (ExchangeJWDivisionJ5);
  ExchangeJ WITH PossessionJ (ExchangeJWPossessionJ5);
  HawkJ WITH DoveJ (HawkJWDoveJ5);
  HawkJ WITH DivisionJ (HawkJWDivisionJ5);
  HawkJ WITH PossessionJ (HawkJWPossessionJ5);
  DoveJ WITH DivisionJ (DoveJWDivisionJ5);
  DoveJ WITH PossessionJ (DoveJWPossessionJ5);
  DivisionJ WITH PossessionJ (DivisionJWPossessionJ5);


  OUTPUT:
  TECH14;

  SAVEDATA:
  FILE IS model_6_class_5.dat;
  SAVE = cprobabilities;



*** WARNING in VARIABLE command
  Note that only the first 8 characters of variable names are used in the output.
  Shorten variable names to avoid any confusion.
*** WARNING in MODEL command
  All variables are uncorrelated with all other variables within class.
  Check that this is what is intended.
   2 WARNING(S) FOUND IN THE INPUT INSTRUCTIONS




model 6 with 5 classes

SUMMARY OF ANALYSIS

Number of groups                                                 1
Number of observations                                        1392

Number of dependent variables                                    7
Number of independent variables                                  0
Number of continuous latent variables                            0
Number of categorical latent variables                           1

Observed dependent variables

  Continuous
   KINSHIPJ    MUTUALISMJ  EXCHANGEJ   HAWKJ       DOVEJ       DIVISIONJ
   POSSESSION

Categorical latent variables
   C1


Estimator                                                      MLR
Information matrix                                        OBSERVED
Optimization Specifications for the Quasi-Newton Algorithm for
Continuous Outcomes
  Maximum number of iterations                                 100
  Convergence criterion                                  0.100D-05
Optimization Specifications for the EM Algorithm
  Maximum number of iterations                                 500
  Convergence criteria
    Loglikelihood change                                 0.100D-06
    Relative loglikelihood change                        0.100D-06
    Derivative                                           0.100D-05
Optimization Specifications for the M step of the EM Algorithm for
Categorical Latent variables
  Number of M step iterations                                    1
  M step convergence criterion                           0.100D-05
  Basis for M step termination                           ITERATION
Optimization Specifications for the M step of the EM Algorithm for
Censored, Binary or Ordered Categorical (Ordinal), Unordered
Categorical (Nominal) and Count Outcomes
  Number of M step iterations                                    1
  M step convergence criterion                           0.100D-05
  Basis for M step termination                           ITERATION
  Maximum value for logit thresholds                            15
  Minimum value for logit thresholds                           -15
  Minimum expected cell size for chi-square              0.100D-01
Maximum number of iterations for H1                           2000
Convergence criterion for H1                             0.100D-03
Optimization algorithm                                         EMA
Random Starts Specifications
  Number of initial stage random starts                         20
  Number of final stage optimizations                            4
  Number of initial stage iterations                            10
  Initial stage convergence criterion                    0.100D+01
  Random starts scale                                    0.500D+01
  Random seed for generating random starts                       0

Input data file(s)
  data_624dd70f9f561f2c8c991d291c51b950.dat
Input data format  FREE


SUMMARY OF DATA

     Number of missing data patterns             1
     Number of y missing data patterns           1
     Number of u missing data patterns           0


COVARIANCE COVERAGE OF DATA

Minimum covariance coverage value   0.100


     PROPORTION OF DATA PRESENT FOR Y


           Covariance Coverage
              KINSHIPJ      MUTUALIS      EXCHANGE      HAWKJ         DOVEJ
              ________      ________      ________      ________      ________
 KINSHIPJ       1.000
 MUTUALIS       1.000         1.000
 EXCHANGE       1.000         1.000         1.000
 HAWKJ          1.000         1.000         1.000         1.000
 DOVEJ          1.000         1.000         1.000         1.000         1.000
 DIVISION       1.000         1.000         1.000         1.000         1.000
 POSSESSI       1.000         1.000         1.000         1.000         1.000


           Covariance Coverage
              DIVISION      POSSESSI
              ________      ________
 DIVISION       1.000
 POSSESSI       1.000         1.000



UNIVARIATE SAMPLE STATISTICS


     UNIVARIATE HIGHER-ORDER MOMENT DESCRIPTIVE STATISTICS

         Variable/         Mean/     Skewness/   Minimum/ % with                Percentiles
        Sample Size      Variance    Kurtosis    Maximum  Min/Max      20%/60%    40%/80%    Median

     KINSHIPJ             68.142      -0.400      12.667    0.07%      55.333     64.667     69.000
            1392.000     243.252      -0.028      99.333    0.07%      73.000     82.000
     MUTUALISMJ           64.403      -0.398      11.000    0.07%      53.000     61.667     65.000
            1392.000     184.479       0.162      96.000    0.07%      68.333     76.333
     EXCHANGEJ            71.836      -0.357      32.667    0.07%      62.667     69.667     72.667
            1392.000     127.269       0.056      98.000    0.14%      75.333     81.333
     HAWKJ                65.577      -0.286      11.000    0.07%      52.333     61.667     66.000
            1392.000     250.911      -0.258      99.667    0.14%      70.333     80.000
     DOVEJ                54.086      -0.377       2.000    0.07%      41.000     51.333     55.167
            1392.000     244.615      -0.092      92.333    0.07%      59.000     68.000
     DIVISIONJ            69.860      -0.574       6.333    0.07%      57.333     67.000     71.333
            1392.000     243.008       0.243     100.000    0.29%      75.333     83.000
     POSSESSIONJ          39.164       0.105       1.667    0.07%      26.000     35.000     39.333
            1392.000     234.437      -0.117      95.333    0.07%      43.000     52.000

RANDOM STARTS RESULTS RANKED FROM THE BEST TO THE WORST LOGLIKELIHOOD VALUES

Unperturbed starting value run did not converge in the initial stage
optimizations.

14 perturbed starting value run(s) did not converge in the initial stage
optimizations.

Final stage loglikelihood values at local maxima, seeds, and initial stage start numbers:

          -39273.625  573096           20
          -39279.054  127215           9
          -39282.147  68985            17
          -39289.567  608496           4



     WARNING:  THE BEST LOGLIKELIHOOD VALUE WAS NOT REPLICATED.  THE
     SOLUTION MAY NOT BE TRUSTWORTHY DUE TO LOCAL MAXIMA.  INCREASE THE
     NUMBER OF RANDOM STARTS.

     THE STANDARD ERRORS OF THE MODEL PARAMETER ESTIMATES MAY NOT BE
     TRUSTWORTHY FOR SOME PARAMETERS DUE TO A NON-POSITIVE DEFINITE
     FIRST-ORDER DERIVATIVE PRODUCT MATRIX.  THIS MAY BE DUE TO THE STARTING
     VALUES BUT MAY ALSO BE AN INDICATION OF MODEL NONIDENTIFICATION.  THE
     CONDITION NUMBER IS      -0.808D-16.  PROBLEM INVOLVING THE FOLLOWING PARAMETER:
     Parameter 12, %C1#1%: EXCHANGEJ WITH MUTUALISMJ (equality/label)

     ONE OR MORE PARAMETERS WERE FIXED TO AVOID SINGULARITY OF THE
     INFORMATION MATRIX. THE SINGULARITY IS MOST LIKELY BECAUSE THE
     MODEL IS NOT IDENTIFIED, OR BECAUSE OF EMPTY CELLS IN THE JOINT
     DISTRIBUTION OF THE CATEGORICAL VARIABLES IN THE MODEL.
     THE FOLLOWING PARAMETERS WERE FIXED:
     Parameter 137, %C1#4%: POSSESSIONJ WITH HAWKJ (equality/label)
     Parameter 135, %C1#4%: POSSESSIONJ WITH MUTUALISMJ (equality/label)
     Parameter 97, %C1#3%: DIVISIONJ WITH DOVEJ (equality/label)
     Parameter 30, %C1#1%: POSSESSIONJ WITH MUTUALISMJ (equality/label)


THE MODEL ESTIMATION TERMINATED NORMALLY



MODEL FIT INFORMATION

Number of Free Parameters                      179

Loglikelihood

          H0 Value                      -39273.625
          H0 Scaling Correction Factor      1.0712
            for MLR

Information Criteria

          Akaike (AIC)                   78905.250
          Bayesian (BIC)                 79842.941
          Sample-Size Adjusted BIC       79274.326
            (n* = (n + 2) / 24)



FINAL CLASS COUNTS AND PROPORTIONS FOR THE LATENT CLASSES
BASED ON THE ESTIMATED MODEL

    Latent
   Classes

       1          9.92776          0.00713
       2        505.25029          0.36297
       3        243.02197          0.17458
       4        145.52009          0.10454
       5        488.27989          0.35078


FINAL CLASS COUNTS AND PROPORTIONS FOR THE LATENT CLASSES
BASED ON ESTIMATED POSTERIOR PROBABILITIES

    Latent
   Classes

       1          9.92776          0.00713
       2        505.25029          0.36297
       3        243.02197          0.17458
       4        145.52009          0.10454
       5        488.27989          0.35078


FINAL CLASS COUNTS AND PROPORTIONS FOR THE LATENT CLASSES
BASED ON THEIR MOST LIKELY LATENT CLASS MEMBERSHIP

Class Counts and Proportions

    Latent
   Classes

       1               10          0.00718
       2              480          0.34483
       3              237          0.17026
       4              136          0.09770
       5              529          0.38003


CLASSIFICATION QUALITY

     Entropy                         0.641


Average Latent Class Probabilities for Most Likely Latent Class Membership (Row)
by Latent Class (Column)

           1        2        3        4        5

    1   0.993    0.006    0.000    0.001    0.000
    2   0.000    0.810    0.034    0.028    0.127
    3   0.000    0.074    0.779    0.025    0.122
    4   0.000    0.149    0.040    0.695    0.115
    5   0.000    0.148    0.069    0.060    0.723


Classification Probabilities for the Most Likely Latent Class Membership (Column)
by Latent Class (Row)

           1        2        3        4        5

    1   1.000    0.000    0.000    0.000    0.000
    2   0.000    0.770    0.035    0.040    0.155
    3   0.000    0.068    0.760    0.022    0.150
    4   0.000    0.093    0.040    0.650    0.217
    5   0.000    0.125    0.059    0.032    0.784


Logits for the Classification Probabilities for the Most Likely Latent Class Membership (Column)
by Latent Class (Row)

              1        2        3        4        5

    1     13.816    0.000    0.000    0.000    0.000
    2     -7.185    1.603   -1.493   -1.351    0.000
    3    -11.917   -0.793    1.624   -1.901    0.000
    4     -7.952   -0.851   -1.682    1.097    0.000
    5    -12.399   -1.836   -2.586   -3.193    0.000


MODEL RESULTS

                                                    Two-Tailed
                    Estimate       S.E.  Est./S.E.    P-Value

Latent Class 1

 KINSHIPJ WITH
    MUTUALISMJ      -274.609    122.384     -2.244      0.025
    EXCHANGEJ        108.049     84.125      1.284      0.199
    HAWKJ           -123.999     60.227     -2.059      0.040
    DOVEJ            332.555    133.246      2.496      0.013
    DIVISIONJ        169.840    225.440      0.753      0.451
    POSSESSION       135.320     89.092      1.519      0.129

 MUTUALIS WITH
    EXCHANGEJ         -9.644     23.697     -0.407      0.684
    HAWKJ             17.709     23.102      0.767      0.443
    DOVEJ            -62.528     67.263     -0.930      0.353
    DIVISIONJ       -192.673    100.878     -1.910      0.056
    POSSESSION        -5.118      0.000    999.000    999.000

 EXCHANGE WITH
    HAWKJ            -13.912     25.219     -0.552      0.581
    DOVEJ             14.425     53.532      0.269      0.788
    DIVISIONJ        -40.527     39.574     -1.024      0.306
    POSSESSION        67.336     41.839      1.609      0.108

 HAWKJ    WITH
    DOVEJ            -68.242     25.028     -2.727      0.006
    DIVISIONJ        -53.352     46.552     -1.146      0.252
    POSSESSION       -23.424     25.555     -0.917      0.359

 DOVEJ    WITH
    DIVISIONJ        -69.680    127.754     -0.545      0.585
    POSSESSION       121.359     81.129      1.496      0.135

 DIVISION WITH
    POSSESSION      -191.678    169.515     -1.131      0.258

 Means
    KINSHIPJ          55.348      9.227      5.998      0.000
    MUTUALISMJ        52.503      4.333     12.117      0.000
    EXCHANGEJ         71.363      2.990     23.864      0.000
    HAWKJ             25.215      2.104     11.983      0.000
    DOVEJ             39.399      5.272      7.473      0.000
    DIVISIONJ         68.680      7.868      8.729      0.000
    POSSESSION        32.427      5.356      6.055      0.000

 Variances
    KINSHIPJ         822.186    236.891      3.471      0.001
    MUTUALISMJ       176.703     62.543      2.825      0.005
    EXCHANGEJ         86.395     29.895      2.890      0.004
    HAWKJ             42.767     15.015      2.848      0.004
    DOVEJ            271.006     81.360      3.331      0.001
    DIVISIONJ        596.556    260.492      2.290      0.022
    POSSESSION       282.110    122.316      2.306      0.021

Latent Class 2

 KINSHIPJ WITH
    MUTUALISMJ         9.436     19.309      0.489      0.625
    EXCHANGEJ          7.543     11.645      0.648      0.517
    HAWKJ             57.993     19.690      2.945      0.003
    DOVEJ             36.265     16.101      2.252      0.024
    DIVISIONJ        -13.068     17.321     -0.754      0.451
    POSSESSION       -11.890     16.722     -0.711      0.477

 MUTUALIS WITH
    EXCHANGEJ         36.911     13.136      2.810      0.005
    HAWKJ             15.291     16.404      0.932      0.351
    DOVEJ              5.952     16.205      0.367      0.713
    DIVISIONJ         24.689     14.504      1.702      0.089
    POSSESSION        10.300     19.240      0.535      0.592

 EXCHANGE WITH
    HAWKJ             21.130     13.841      1.527      0.127
    DOVEJ             -6.806     15.696     -0.434      0.665
    DIVISIONJ        -11.107     11.835     -0.938      0.348
    POSSESSION         9.856     16.268      0.606      0.545

 HAWKJ    WITH
    DOVEJ              7.010     16.666      0.421      0.674
    DIVISIONJ        -14.634     21.812     -0.671      0.502
    POSSESSION         6.278     12.526      0.501      0.616

 DOVEJ    WITH
    DIVISIONJ        -43.531     18.220     -2.389      0.017
    POSSESSION       -18.525     14.556     -1.273      0.203

 DIVISION WITH
    POSSESSION        46.063     18.697      2.464      0.014

 Means
    KINSHIPJ          61.199      1.252     48.866      0.000
    MUTUALISMJ        57.849      1.719     33.649      0.000
    EXCHANGEJ         66.881      1.390     48.119      0.000
    HAWKJ             60.277      1.519     39.686      0.000
    DOVEJ             45.962      1.480     31.048      0.000
    DIVISIONJ         63.861      1.449     44.066      0.000
    POSSESSION        42.094      1.748     24.075      0.000

 Variances
    KINSHIPJ         240.791     22.588     10.660      0.000
    MUTUALISMJ       211.087     18.065     11.685      0.000
    EXCHANGEJ        138.338     11.299     12.244      0.000
    HAWKJ            250.936     18.617     13.479      0.000
    DOVEJ            267.935     22.953     11.673      0.000
    DIVISIONJ        274.164     25.937     10.570      0.000
    POSSESSION       168.034     17.619      9.537      0.000

Latent Class 3

 KINSHIPJ WITH
    MUTUALISMJ        11.942     14.059      0.849      0.396
    EXCHANGEJ         31.599     12.814      2.466      0.014
    HAWKJ             27.587     20.987      1.314      0.189
    DOVEJ             48.546     13.425      3.616      0.000
    DIVISIONJ         13.601     19.698      0.690      0.490
    POSSESSION        17.006     12.591      1.351      0.177

 MUTUALIS WITH
    EXCHANGEJ         17.786     15.347      1.159      0.247
    HAWKJ              6.827     24.167      0.282      0.778
    DOVEJ             33.829     19.250      1.757      0.079
    DIVISIONJ         16.537     15.969      1.036      0.300
    POSSESSION        -6.404     19.370     -0.331      0.741

 EXCHANGE WITH
    HAWKJ             19.742     14.605      1.352      0.176
    DOVEJ             14.313     10.286      1.391      0.164
    DIVISIONJ         25.258     14.072      1.795      0.073
    POSSESSION        29.478     12.566      2.346      0.019

 HAWKJ    WITH
    DOVEJ             32.171     27.658      1.163      0.245
    DIVISIONJ        -21.798     35.031     -0.622      0.534
    POSSESSION         9.638     22.778      0.423      0.672

 DOVEJ    WITH
    DIVISIONJ         -1.058      0.000    999.000    999.000
    POSSESSION       -50.984     19.052     -2.676      0.007

 DIVISION WITH
    POSSESSION        37.401     23.673      1.580      0.114

 Means
    KINSHIPJ          78.405      3.305     23.720      0.000
    MUTUALISMJ        77.390      2.823     27.414      0.000
    EXCHANGEJ         79.790      2.186     36.501      0.000
    HAWKJ             69.584      3.905     17.819      0.000
    DOVEJ             53.236      1.781     29.889      0.000
    DIVISIONJ         77.131      2.810     27.450      0.000
    POSSESSION        33.139      2.881     11.504      0.000

 Variances
    KINSHIPJ         112.893     32.601      3.463      0.001
    MUTUALISMJ        62.302     22.147      2.813      0.005
    EXCHANGEJ         69.093     12.197      5.665      0.000
    HAWKJ            211.412     42.409      4.985      0.000
    DOVEJ            221.033     27.064      8.167      0.000
    DIVISIONJ        137.358     25.104      5.472      0.000
    POSSESSION       176.535     30.901      5.713      0.000

Latent Class 4

 KINSHIPJ WITH
    MUTUALISMJ       -33.046     28.416     -1.163      0.245
    EXCHANGEJ         10.744     14.738      0.729      0.466
    HAWKJ             25.283     47.088      0.537      0.591
    DOVEJ             32.362     37.440      0.864      0.387
    DIVISIONJ        -50.020     56.785     -0.881      0.378
    POSSESSION        27.351     29.699      0.921      0.357

 MUTUALIS WITH
    EXCHANGEJ         -9.310     16.521     -0.564      0.573
    HAWKJ            -16.470     34.074     -0.483      0.629
    DOVEJ              8.036     19.276      0.417      0.677
    DIVISIONJ        -41.611     26.502     -1.570      0.116
    POSSESSION        -2.549      0.000    999.000    999.000

 EXCHANGE WITH
    HAWKJ            -13.508     17.955     -0.752      0.452
    DOVEJ              9.780     21.195      0.461      0.644
    DIVISIONJ         -8.327     34.222     -0.243      0.808
    POSSESSION       -17.460     25.800     -0.677      0.499

 HAWKJ    WITH
    DOVEJ            118.261     40.308      2.934      0.003
    DIVISIONJ        -60.890     54.009     -1.127      0.260
    POSSESSION         2.108      0.000    999.000    999.000

 DOVEJ    WITH
    DIVISIONJ        -10.288     31.222     -0.330      0.742
    POSSESSION        26.083     32.147      0.811      0.417

 DIVISION WITH
    POSSESSION       107.263     59.184      1.812      0.070

 Means
    KINSHIPJ          75.061      3.772     19.900      0.000
    MUTUALISMJ        64.410      2.234     28.834      0.000
    EXCHANGEJ         78.760      3.317     23.745      0.000
    HAWKJ             63.011      3.023     20.842      0.000
    DOVEJ             65.294      2.497     26.146      0.000
    DIVISIONJ         60.758      6.208      9.787      0.000
    POSSESSION        37.412      5.509      6.790      0.000

 Variances
    KINSHIPJ         151.320     57.634      2.626      0.009
    MUTUALISMJ       164.005     44.509      3.685      0.000
    EXCHANGEJ         54.152     12.164      4.452      0.000
    HAWKJ            259.206     45.072      5.751      0.000
    DOVEJ            124.972     28.406      4.399      0.000
    DIVISIONJ        304.591     55.894      5.449      0.000
    POSSESSION       332.195    104.314      3.185      0.001

Latent Class 5

 KINSHIPJ WITH
    MUTUALISMJ        22.161     12.534      1.768      0.077
    EXCHANGEJ         38.587     13.910      2.774      0.006
    HAWKJ             54.081     17.486      3.093      0.002
    DOVEJ             53.245     12.095      4.402      0.000
    DIVISIONJ         15.700     15.842      0.991      0.322
    POSSESSION        26.215     21.535      1.217      0.223

 MUTUALIS WITH
    EXCHANGEJ         23.896     10.222      2.338      0.019
    HAWKJ             24.500     13.428      1.825      0.068
    DOVEJ             30.557     12.098      2.526      0.012
    DIVISIONJ         29.418     13.765      2.137      0.033
    POSSESSION        31.933     16.408      1.946      0.052

 EXCHANGE WITH
    HAWKJ             51.420     15.502      3.317      0.001
    DOVEJ             22.994      7.643      3.008      0.003
    DIVISIONJ         32.549     13.192      2.467      0.014
    POSSESSION        19.072     13.907      1.371      0.170

 HAWKJ    WITH
    DOVEJ             34.365     15.690      2.190      0.029
    DIVISIONJ         37.248     18.647      1.998      0.046
    POSSESSION         6.851     18.197      0.376      0.707

 DOVEJ    WITH
    DIVISIONJ         12.211      9.937      1.229      0.219
    POSSESSION        25.050     12.882      1.945      0.052

 DIVISION WITH
    POSSESSION         9.758     15.982      0.611      0.542

 Means
    KINSHIPJ          68.417      2.237     30.591      0.000
    MUTUALISMJ        64.960      1.287     50.483      0.000
    EXCHANGEJ         70.950      1.789     39.662      0.000
    HAWKJ             70.652      1.868     37.815      0.000
    DOVEJ             59.874      1.788     33.496      0.000
    DIVISIONJ         75.184      1.453     51.751      0.000
    POSSESSION        39.790      2.149     18.517      0.000

 Variances
    KINSHIPJ         206.337     24.741      8.340      0.000
    MUTUALISMJ        92.418     13.857      6.669      0.000
    EXCHANGEJ         95.421     20.636      4.624      0.000
    HAWKJ            174.399     21.234      8.213      0.000
    DOVEJ            123.357     19.430      6.349      0.000
    DIVISIONJ        121.185     19.503      6.214      0.000
    POSSESSION       272.685     32.849      8.301      0.000

Categorical Latent Variables

 Means
    C1#1              -3.896      0.388    -10.047      0.000
    C1#2               0.034      0.319      0.107      0.915
    C1#3              -0.698      0.542     -1.287      0.198
    C1#4              -1.211      0.662     -1.829      0.067


QUALITY OF NUMERICAL RESULTS

     Condition Number for the Information Matrix              0.428E-09
       (ratio of smallest to largest eigenvalue)


TECHNICAL 1 OUTPUT


     PARAMETER SPECIFICATION FOR LATENT CLASS 1


           NU
              KINSHIPJ      MUTUALIS      EXCHANGE      HAWKJ         DOVEJ
              ________      ________      ________      ________      ________
                    1             2             3             4             5


           NU
              DIVISION      POSSESSI
              ________      ________
                    6             7


           THETA
              KINSHIPJ      MUTUALIS      EXCHANGE      HAWKJ         DOVEJ
              ________      ________      ________      ________      ________
 KINSHIPJ           8
 MUTUALIS           9            10
 EXCHANGE          11            12            13
 HAWKJ             14            15            16            17
 DOVEJ             18            19            20            21            22
 DIVISION          23            24            25            26            27
 POSSESSI          29            30            31            32            33


           THETA
              DIVISION      POSSESSI
              ________      ________
 DIVISION          28
 POSSESSI          34            35


     PARAMETER SPECIFICATION FOR LATENT CLASS 2


           NU
              KINSHIPJ      MUTUALIS      EXCHANGE      HAWKJ         DOVEJ
              ________      ________      ________      ________      ________
                   36            37            38            39            40


           NU
              DIVISION      POSSESSI
              ________      ________
                   41            42


           THETA
              KINSHIPJ      MUTUALIS      EXCHANGE      HAWKJ         DOVEJ
              ________      ________      ________      ________      ________
 KINSHIPJ          43
 MUTUALIS          44            45
 EXCHANGE          46            47            48
 HAWKJ             49            50            51            52
 DOVEJ             53            54            55            56            57
 DIVISION          58            59            60            61            62
 POSSESSI          64            65            66            67            68


           THETA
              DIVISION      POSSESSI
              ________      ________
 DIVISION          63
 POSSESSI          69            70


     PARAMETER SPECIFICATION FOR LATENT CLASS 3


           NU
              KINSHIPJ      MUTUALIS      EXCHANGE      HAWKJ         DOVEJ
              ________      ________      ________      ________      ________
                   71            72            73            74            75


           NU
              DIVISION      POSSESSI
              ________      ________
                   76            77


           THETA
              KINSHIPJ      MUTUALIS      EXCHANGE      HAWKJ         DOVEJ
              ________      ________      ________      ________      ________
 KINSHIPJ          78
 MUTUALIS          79            80
 EXCHANGE          81            82            83
 HAWKJ             84            85            86            87
 DOVEJ             88            89            90            91            92
 DIVISION          93            94            95            96            97
 POSSESSI          99           100           101           102           103


           THETA
              DIVISION      POSSESSI
              ________      ________
 DIVISION          98
 POSSESSI         104           105


     PARAMETER SPECIFICATION FOR LATENT CLASS 4


           NU
              KINSHIPJ      MUTUALIS      EXCHANGE      HAWKJ         DOVEJ
              ________      ________      ________      ________      ________
                  106           107           108           109           110


           NU
              DIVISION      POSSESSI
              ________      ________
                  111           112


           THETA
              KINSHIPJ      MUTUALIS      EXCHANGE      HAWKJ         DOVEJ
              ________      ________      ________      ________      ________
 KINSHIPJ         113
 MUTUALIS         114           115
 EXCHANGE         116           117           118
 HAWKJ            119           120           121           122
 DOVEJ            123           124           125           126           127
 DIVISION         128           129           130           131           132
 POSSESSI         134           135           136           137           138


           THETA
              DIVISION      POSSESSI
              ________      ________
 DIVISION         133
 POSSESSI         139           140


     PARAMETER SPECIFICATION FOR LATENT CLASS 5


           NU
              KINSHIPJ      MUTUALIS      EXCHANGE      HAWKJ         DOVEJ
              ________      ________      ________      ________      ________
                  141           142           143           144           145


           NU
              DIVISION      POSSESSI
              ________      ________
                  146           147


           THETA
              KINSHIPJ      MUTUALIS      EXCHANGE      HAWKJ         DOVEJ
              ________      ________      ________      ________      ________
 KINSHIPJ         148
 MUTUALIS         149           150
 EXCHANGE         151           152           153
 HAWKJ            154           155           156           157
 DOVEJ            158           159           160           161           162
 DIVISION         163           164           165           166           167
 POSSESSI         169           170           171           172           173


           THETA
              DIVISION      POSSESSI
              ________      ________
 DIVISION         168
 POSSESSI         174           175


     PARAMETER SPECIFICATION FOR LATENT CLASS REGRESSION MODEL PART


           ALPHA(C)
              C1#1          C1#2          C1#3          C1#4          C1#5
              ________      ________      ________      ________      ________
                  176           177           178           179             0


     STARTING VALUES FOR LATENT CLASS 1


           NU
              KINSHIPJ      MUTUALIS      EXCHANGE      HAWKJ         DOVEJ
              ________      ________      ________      ________      ________
               36.949        37.238        49.273        33.897        22.805


           NU
              DIVISION      POSSESSI
              ________      ________
               38.682         8.541


           THETA
              KINSHIPJ      MUTUALIS      EXCHANGE      HAWKJ         DOVEJ
              ________      ________      ________      ________      ________
 KINSHIPJ     121.626
 MUTUALIS       0.000        92.239
 EXCHANGE       0.000         0.000        63.634
 HAWKJ          0.000         0.000         0.000       125.455
 DOVEJ          0.000         0.000         0.000         0.000       122.308
 DIVISION       0.000         0.000         0.000         0.000         0.000
 POSSESSI       0.000         0.000         0.000         0.000         0.000


           THETA
              DIVISION      POSSESSI
              ________      ________
 DIVISION     121.504
 POSSESSI       0.000       117.219


     STARTING VALUES FOR LATENT CLASS 2


           NU
              KINSHIPJ      MUTUALIS      EXCHANGE      HAWKJ         DOVEJ
              ________      ________      ________      ________      ________
               52.546        50.820        60.555        49.737        38.446


           NU
              DIVISION      POSSESSI
              ________      ________
               54.271        23.853


           THETA
              KINSHIPJ      MUTUALIS      EXCHANGE      HAWKJ         DOVEJ
              ________      ________      ________      ________      ________
 KINSHIPJ     121.626
 MUTUALIS       0.000        92.239
 EXCHANGE       0.000         0.000        63.634
 HAWKJ          0.000         0.000         0.000       125.455
 DOVEJ          0.000         0.000         0.000         0.000       122.308
 DIVISION       0.000         0.000         0.000         0.000         0.000
 POSSESSI       0.000         0.000         0.000         0.000         0.000


           THETA
              DIVISION      POSSESSI
              ________      ________
 DIVISION     121.504
 POSSESSI       0.000       117.219


     STARTING VALUES FOR LATENT CLASS 3


           NU
              KINSHIPJ      MUTUALIS      EXCHANGE      HAWKJ         DOVEJ
              ________      ________      ________      ________      ________
               68.142        64.403        71.836        65.577        54.086


           NU
              DIVISION      POSSESSI
              ________      ________
               69.860        39.164


           THETA
              KINSHIPJ      MUTUALIS      EXCHANGE      HAWKJ         DOVEJ
              ________      ________      ________      ________      ________
 KINSHIPJ     121.626
 MUTUALIS       0.000        92.239
 EXCHANGE       0.000         0.000        63.634
 HAWKJ          0.000         0.000         0.000       125.455
 DOVEJ          0.000         0.000         0.000         0.000       122.308
 DIVISION       0.000         0.000         0.000         0.000         0.000
 POSSESSI       0.000         0.000         0.000         0.000         0.000


           THETA
              DIVISION      POSSESSI
              ________      ________
 DIVISION     121.504
 POSSESSI       0.000       117.219


     STARTING VALUES FOR LATENT CLASS 4


           NU
              KINSHIPJ      MUTUALIS      EXCHANGE      HAWKJ         DOVEJ
              ________      ________      ________      ________      ________
               83.739        77.985        83.117        81.417        69.726


           NU
              DIVISION      POSSESSI
              ________      ________
               85.448        54.475


           THETA
              KINSHIPJ      MUTUALIS      EXCHANGE      HAWKJ         DOVEJ
              ________      ________      ________      ________      ________
 KINSHIPJ     121.626
 MUTUALIS       0.000        92.239
 EXCHANGE       0.000         0.000        63.634
 HAWKJ          0.000         0.000         0.000       125.455
 DOVEJ          0.000         0.000         0.000         0.000       122.308
 DIVISION       0.000         0.000         0.000         0.000         0.000
 POSSESSI       0.000         0.000         0.000         0.000         0.000


           THETA
              DIVISION      POSSESSI
              ________      ________
 DIVISION     121.504
 POSSESSI       0.000       117.219


     STARTING VALUES FOR LATENT CLASS 5


           NU
              KINSHIPJ      MUTUALIS      EXCHANGE      HAWKJ         DOVEJ
              ________      ________      ________      ________      ________
               99.336        91.567        94.399        97.257        85.366


           NU
              DIVISION      POSSESSI
              ________      ________
              101.037        69.787


           THETA
              KINSHIPJ      MUTUALIS      EXCHANGE      HAWKJ         DOVEJ
              ________      ________      ________      ________      ________
 KINSHIPJ     121.626
 MUTUALIS       0.000        92.239
 EXCHANGE       0.000         0.000        63.634
 HAWKJ          0.000         0.000         0.000       125.455
 DOVEJ          0.000         0.000         0.000         0.000       122.308
 DIVISION       0.000         0.000         0.000         0.000         0.000
 POSSESSI       0.000         0.000         0.000         0.000         0.000


           THETA
              DIVISION      POSSESSI
              ________      ________
 DIVISION     121.504
 POSSESSI       0.000       117.219


     STARTING VALUES FOR LATENT CLASS REGRESSION MODEL PART


           ALPHA(C)
              C1#1          C1#2          C1#3          C1#4          C1#5
              ________      ________      ________      ________      ________
                0.000         0.000         0.000         0.000         0.000


TECHNICAL 14 OUTPUT

     Random Starts Specifications for the k-1 Class Analysis Model
        Number of initial stage random starts                  20
        Number of final stage optimizations                     4

     Random Starts Specification for the k-1 Class Model for Generated Data
        Number of initial stage random starts                   0
        Number of final stage optimizations for the
           initial stage random starts                          0
     Random Starts Specification for the k Class Model for Generated Data
        Number of initial stage random starts                  40
        Number of final stage optimizations                     8
     Number of bootstrap draws requested                   Varies


     PARAMETRIC BOOTSTRAPPED LIKELIHOOD RATIO TEST FOR 4 (H0) VERSUS 5 CLASSES

          H0 Loglikelihood Value                       -39317.692
          2 Times the Loglikelihood Difference             88.133
          Difference in the Number of Parameters               36
          Approximate P-Value                              0.0000
          Successful Bootstrap Draws                            5

     WARNING:  4 OUT OF 9 BOOTSTRAP DRAWS DID NOT CONVERGE.
     INCREASE THE NUMBER OF RANDOM STARTS USING THE LRTSTARTS OPTION.



SAVEDATA INFORMATION


  Save file
    model_6_class_5.dat

  Order and format of variables

    KINSHIPJ       F10.3
    MUTUALIS       F10.3
    EXCHANGE       F10.3
    HAWKJ          F10.3
    DOVEJ          F10.3
    DIVISION       F10.3
    POSSESSI       F10.3
    CPROB1         F10.3
    CPROB2         F10.3
    CPROB3         F10.3
    CPROB4         F10.3
    CPROB5         F10.3
    C1             F10.3

  Save file format
    13F10.3

  Save file record length    10000


     Beginning Time:  12:12:49
        Ending Time:  12:14:27
       Elapsed Time:  00:01:38



MUTHEN & MUTHEN
3463 Stoner Ave.
Los Angeles, CA  90066

Tel: (310) 391-9971
Fax: (310) 391-8971
Web: www.StatModel.com
Support: Support@StatModel.com

Copyright (c) 1998-2018 Muthen & Muthen
