Mplus VERSION 8.2 (Mac)
MUTHEN & MUTHEN
08/26/2020  12:14 PM

INPUT INSTRUCTIONS

  TITLE:
  model 6 with 6 classes
  DATA:
  FILE = "data_624dd70f9f561f2c8c991d291c51b950.dat";

  VARIABLE:
  NAMES = KinshipJ MutualismJ ExchangeJ HawkJ DoveJ DivisionJ PossessionJ;
   MISSING=.;
   CLASSES = c1(6);

  ANALYSIS:
  TYPE = mixture;

  MODEL:
  %c1#1%
  KinshipJ (vKinshipJ1);
  MutualismJ (vMutualismJ1);
  ExchangeJ (vExchangeJ1);
  HawkJ (vHawkJ1);
  DoveJ (vDoveJ1);
  DivisionJ (vDivisionJ1);
  PossessionJ (vPossessionJ1);

  KinshipJ WITH MutualismJ (KinshipJWMutualismJ1);
  KinshipJ WITH ExchangeJ (KinshipJWExchangeJ1);
  KinshipJ WITH HawkJ (KinshipJWHawkJ1);
  KinshipJ WITH DoveJ (KinshipJWDoveJ1);
  KinshipJ WITH DivisionJ (KinshipJWDivisionJ1);
  KinshipJ WITH PossessionJ (KinshipJWPossessionJ1);
  MutualismJ WITH ExchangeJ (MutualismJWExchangeJ1);
  MutualismJ WITH HawkJ (MutualismJWHawkJ1);
  MutualismJ WITH DoveJ (MutualismJWDoveJ1);
  MutualismJ WITH DivisionJ (MutualismJWDivisionJ1);
  MutualismJ WITH PossessionJ (MutualismJWPossessionJ1);
  ExchangeJ WITH HawkJ (ExchangeJWHawkJ1);
  ExchangeJ WITH DoveJ (ExchangeJWDoveJ1);
  ExchangeJ WITH DivisionJ (ExchangeJWDivisionJ1);
  ExchangeJ WITH PossessionJ (ExchangeJWPossessionJ1);
  HawkJ WITH DoveJ (HawkJWDoveJ1);
  HawkJ WITH DivisionJ (HawkJWDivisionJ1);
  HawkJ WITH PossessionJ (HawkJWPossessionJ1);
  DoveJ WITH DivisionJ (DoveJWDivisionJ1);
  DoveJ WITH PossessionJ (DoveJWPossessionJ1);
  DivisionJ WITH PossessionJ (DivisionJWPossessionJ1);

  %c1#2%
  KinshipJ (vKinshipJ2);
  MutualismJ (vMutualismJ2);
  ExchangeJ (vExchangeJ2);
  HawkJ (vHawkJ2);
  DoveJ (vDoveJ2);
  DivisionJ (vDivisionJ2);
  PossessionJ (vPossessionJ2);

  KinshipJ WITH MutualismJ (KinshipJWMutualismJ2);
  KinshipJ WITH ExchangeJ (KinshipJWExchangeJ2);
  KinshipJ WITH HawkJ (KinshipJWHawkJ2);
  KinshipJ WITH DoveJ (KinshipJWDoveJ2);
  KinshipJ WITH DivisionJ (KinshipJWDivisionJ2);
  KinshipJ WITH PossessionJ (KinshipJWPossessionJ2);
  MutualismJ WITH ExchangeJ (MutualismJWExchangeJ2);
  MutualismJ WITH HawkJ (MutualismJWHawkJ2);
  MutualismJ WITH DoveJ (MutualismJWDoveJ2);
  MutualismJ WITH DivisionJ (MutualismJWDivisionJ2);
  MutualismJ WITH PossessionJ (MutualismJWPossessionJ2);
  ExchangeJ WITH HawkJ (ExchangeJWHawkJ2);
  ExchangeJ WITH DoveJ (ExchangeJWDoveJ2);
  ExchangeJ WITH DivisionJ (ExchangeJWDivisionJ2);
  ExchangeJ WITH PossessionJ (ExchangeJWPossessionJ2);
  HawkJ WITH DoveJ (HawkJWDoveJ2);
  HawkJ WITH DivisionJ (HawkJWDivisionJ2);
  HawkJ WITH PossessionJ (HawkJWPossessionJ2);
  DoveJ WITH DivisionJ (DoveJWDivisionJ2);
  DoveJ WITH PossessionJ (DoveJWPossessionJ2);
  DivisionJ WITH PossessionJ (DivisionJWPossessionJ2);

  %c1#3%
  KinshipJ (vKinshipJ3);
  MutualismJ (vMutualismJ3);
  ExchangeJ (vExchangeJ3);
  HawkJ (vHawkJ3);
  DoveJ (vDoveJ3);
  DivisionJ (vDivisionJ3);
  PossessionJ (vPossessionJ3);

  KinshipJ WITH MutualismJ (KinshipJWMutualismJ3);
  KinshipJ WITH ExchangeJ (KinshipJWExchangeJ3);
  KinshipJ WITH HawkJ (KinshipJWHawkJ3);
  KinshipJ WITH DoveJ (KinshipJWDoveJ3);
  KinshipJ WITH DivisionJ (KinshipJWDivisionJ3);
  KinshipJ WITH PossessionJ (KinshipJWPossessionJ3);
  MutualismJ WITH ExchangeJ (MutualismJWExchangeJ3);
  MutualismJ WITH HawkJ (MutualismJWHawkJ3);
  MutualismJ WITH DoveJ (MutualismJWDoveJ3);
  MutualismJ WITH DivisionJ (MutualismJWDivisionJ3);
  MutualismJ WITH PossessionJ (MutualismJWPossessionJ3);
  ExchangeJ WITH HawkJ (ExchangeJWHawkJ3);
  ExchangeJ WITH DoveJ (ExchangeJWDoveJ3);
  ExchangeJ WITH DivisionJ (ExchangeJWDivisionJ3);
  ExchangeJ WITH PossessionJ (ExchangeJWPossessionJ3);
  HawkJ WITH DoveJ (HawkJWDoveJ3);
  HawkJ WITH DivisionJ (HawkJWDivisionJ3);
  HawkJ WITH PossessionJ (HawkJWPossessionJ3);
  DoveJ WITH DivisionJ (DoveJWDivisionJ3);
  DoveJ WITH PossessionJ (DoveJWPossessionJ3);
  DivisionJ WITH PossessionJ (DivisionJWPossessionJ3);

  %c1#4%
  KinshipJ (vKinshipJ4);
  MutualismJ (vMutualismJ4);
  ExchangeJ (vExchangeJ4);
  HawkJ (vHawkJ4);
  DoveJ (vDoveJ4);
  DivisionJ (vDivisionJ4);
  PossessionJ (vPossessionJ4);

  KinshipJ WITH MutualismJ (KinshipJWMutualismJ4);
  KinshipJ WITH ExchangeJ (KinshipJWExchangeJ4);
  KinshipJ WITH HawkJ (KinshipJWHawkJ4);
  KinshipJ WITH DoveJ (KinshipJWDoveJ4);
  KinshipJ WITH DivisionJ (KinshipJWDivisionJ4);
  KinshipJ WITH PossessionJ (KinshipJWPossessionJ4);
  MutualismJ WITH ExchangeJ (MutualismJWExchangeJ4);
  MutualismJ WITH HawkJ (MutualismJWHawkJ4);
  MutualismJ WITH DoveJ (MutualismJWDoveJ4);
  MutualismJ WITH DivisionJ (MutualismJWDivisionJ4);
  MutualismJ WITH PossessionJ (MutualismJWPossessionJ4);
  ExchangeJ WITH HawkJ (ExchangeJWHawkJ4);
  ExchangeJ WITH DoveJ (ExchangeJWDoveJ4);
  ExchangeJ WITH DivisionJ (ExchangeJWDivisionJ4);
  ExchangeJ WITH PossessionJ (ExchangeJWPossessionJ4);
  HawkJ WITH DoveJ (HawkJWDoveJ4);
  HawkJ WITH DivisionJ (HawkJWDivisionJ4);
  HawkJ WITH PossessionJ (HawkJWPossessionJ4);
  DoveJ WITH DivisionJ (DoveJWDivisionJ4);
  DoveJ WITH PossessionJ (DoveJWPossessionJ4);
  DivisionJ WITH PossessionJ (DivisionJWPossessionJ4);

  %c1#5%
  KinshipJ (vKinshipJ5);
  MutualismJ (vMutualismJ5);
  ExchangeJ (vExchangeJ5);
  HawkJ (vHawkJ5);
  DoveJ (vDoveJ5);
  DivisionJ (vDivisionJ5);
  PossessionJ (vPossessionJ5);

  KinshipJ WITH MutualismJ (KinshipJWMutualismJ5);
  KinshipJ WITH ExchangeJ (KinshipJWExchangeJ5);
  KinshipJ WITH HawkJ (KinshipJWHawkJ5);
  KinshipJ WITH DoveJ (KinshipJWDoveJ5);
  KinshipJ WITH DivisionJ (KinshipJWDivisionJ5);
  KinshipJ WITH PossessionJ (KinshipJWPossessionJ5);
  MutualismJ WITH ExchangeJ (MutualismJWExchangeJ5);
  MutualismJ WITH HawkJ (MutualismJWHawkJ5);
  MutualismJ WITH DoveJ (MutualismJWDoveJ5);
  MutualismJ WITH DivisionJ (MutualismJWDivisionJ5);
  MutualismJ WITH PossessionJ (MutualismJWPossessionJ5);
  ExchangeJ WITH HawkJ (ExchangeJWHawkJ5);
  ExchangeJ WITH DoveJ (ExchangeJWDoveJ5);
  ExchangeJ WITH DivisionJ (ExchangeJWDivisionJ5);
  ExchangeJ WITH PossessionJ (ExchangeJWPossessionJ5);
  HawkJ WITH DoveJ (HawkJWDoveJ5);
  HawkJ WITH DivisionJ (HawkJWDivisionJ5);
  HawkJ WITH PossessionJ (HawkJWPossessionJ5);
  DoveJ WITH DivisionJ (DoveJWDivisionJ5);
  DoveJ WITH PossessionJ (DoveJWPossessionJ5);
  DivisionJ WITH PossessionJ (DivisionJWPossessionJ5);

  %c1#6%
  KinshipJ (vKinshipJ6);
  MutualismJ (vMutualismJ6);
  ExchangeJ (vExchangeJ6);
  HawkJ (vHawkJ6);
  DoveJ (vDoveJ6);
  DivisionJ (vDivisionJ6);
  PossessionJ (vPossessionJ6);

  KinshipJ WITH MutualismJ (KinshipJWMutualismJ6);
  KinshipJ WITH ExchangeJ (KinshipJWExchangeJ6);
  KinshipJ WITH HawkJ (KinshipJWHawkJ6);
  KinshipJ WITH DoveJ (KinshipJWDoveJ6);
  KinshipJ WITH DivisionJ (KinshipJWDivisionJ6);
  KinshipJ WITH PossessionJ (KinshipJWPossessionJ6);
  MutualismJ WITH ExchangeJ (MutualismJWExchangeJ6);
  MutualismJ WITH HawkJ (MutualismJWHawkJ6);
  MutualismJ WITH DoveJ (MutualismJWDoveJ6);
  MutualismJ WITH DivisionJ (MutualismJWDivisionJ6);
  MutualismJ WITH PossessionJ (MutualismJWPossessionJ6);
  ExchangeJ WITH HawkJ (ExchangeJWHawkJ6);
  ExchangeJ WITH DoveJ (ExchangeJWDoveJ6);
  ExchangeJ WITH DivisionJ (ExchangeJWDivisionJ6);
  ExchangeJ WITH PossessionJ (ExchangeJWPossessionJ6);
  HawkJ WITH DoveJ (HawkJWDoveJ6);
  HawkJ WITH DivisionJ (HawkJWDivisionJ6);
  HawkJ WITH PossessionJ (HawkJWPossessionJ6);
  DoveJ WITH DivisionJ (DoveJWDivisionJ6);
  DoveJ WITH PossessionJ (DoveJWPossessionJ6);
  DivisionJ WITH PossessionJ (DivisionJWPossessionJ6);


  OUTPUT:
  TECH14;

  SAVEDATA:
  FILE IS model_6_class_6.dat;
  SAVE = cprobabilities;



*** WARNING in VARIABLE command
  Note that only the first 8 characters of variable names are used in the output.
  Shorten variable names to avoid any confusion.
*** WARNING in MODEL command
  All variables are uncorrelated with all other variables within class.
  Check that this is what is intended.
   2 WARNING(S) FOUND IN THE INPUT INSTRUCTIONS




model 6 with 6 classes

SUMMARY OF ANALYSIS

Number of groups                                                 1
Number of observations                                        1392

Number of dependent variables                                    7
Number of independent variables                                  0
Number of continuous latent variables                            0
Number of categorical latent variables                           1

Observed dependent variables

  Continuous
   KINSHIPJ    MUTUALISMJ  EXCHANGEJ   HAWKJ       DOVEJ       DIVISIONJ
   POSSESSION

Categorical latent variables
   C1


Estimator                                                      MLR
Information matrix                                        OBSERVED
Optimization Specifications for the Quasi-Newton Algorithm for
Continuous Outcomes
  Maximum number of iterations                                 100
  Convergence criterion                                  0.100D-05
Optimization Specifications for the EM Algorithm
  Maximum number of iterations                                 500
  Convergence criteria
    Loglikelihood change                                 0.100D-06
    Relative loglikelihood change                        0.100D-06
    Derivative                                           0.100D-05
Optimization Specifications for the M step of the EM Algorithm for
Categorical Latent variables
  Number of M step iterations                                    1
  M step convergence criterion                           0.100D-05
  Basis for M step termination                           ITERATION
Optimization Specifications for the M step of the EM Algorithm for
Censored, Binary or Ordered Categorical (Ordinal), Unordered
Categorical (Nominal) and Count Outcomes
  Number of M step iterations                                    1
  M step convergence criterion                           0.100D-05
  Basis for M step termination                           ITERATION
  Maximum value for logit thresholds                            15
  Minimum value for logit thresholds                           -15
  Minimum expected cell size for chi-square              0.100D-01
Maximum number of iterations for H1                           2000
Convergence criterion for H1                             0.100D-03
Optimization algorithm                                         EMA
Random Starts Specifications
  Number of initial stage random starts                         20
  Number of final stage optimizations                            4
  Number of initial stage iterations                            10
  Initial stage convergence criterion                    0.100D+01
  Random starts scale                                    0.500D+01
  Random seed for generating random starts                       0

Input data file(s)
  data_624dd70f9f561f2c8c991d291c51b950.dat
Input data format  FREE


SUMMARY OF DATA

     Number of missing data patterns             1
     Number of y missing data patterns           1
     Number of u missing data patterns           0


COVARIANCE COVERAGE OF DATA

Minimum covariance coverage value   0.100


     PROPORTION OF DATA PRESENT FOR Y


           Covariance Coverage
              KINSHIPJ      MUTUALIS      EXCHANGE      HAWKJ         DOVEJ
              ________      ________      ________      ________      ________
 KINSHIPJ       1.000
 MUTUALIS       1.000         1.000
 EXCHANGE       1.000         1.000         1.000
 HAWKJ          1.000         1.000         1.000         1.000
 DOVEJ          1.000         1.000         1.000         1.000         1.000
 DIVISION       1.000         1.000         1.000         1.000         1.000
 POSSESSI       1.000         1.000         1.000         1.000         1.000


           Covariance Coverage
              DIVISION      POSSESSI
              ________      ________
 DIVISION       1.000
 POSSESSI       1.000         1.000



UNIVARIATE SAMPLE STATISTICS


     UNIVARIATE HIGHER-ORDER MOMENT DESCRIPTIVE STATISTICS

         Variable/         Mean/     Skewness/   Minimum/ % with                Percentiles
        Sample Size      Variance    Kurtosis    Maximum  Min/Max      20%/60%    40%/80%    Median

     KINSHIPJ             68.142      -0.400      12.667    0.07%      55.333     64.667     69.000
            1392.000     243.252      -0.028      99.333    0.07%      73.000     82.000
     MUTUALISMJ           64.403      -0.398      11.000    0.07%      53.000     61.667     65.000
            1392.000     184.479       0.162      96.000    0.07%      68.333     76.333
     EXCHANGEJ            71.836      -0.357      32.667    0.07%      62.667     69.667     72.667
            1392.000     127.269       0.056      98.000    0.14%      75.333     81.333
     HAWKJ                65.577      -0.286      11.000    0.07%      52.333     61.667     66.000
            1392.000     250.911      -0.258      99.667    0.14%      70.333     80.000
     DOVEJ                54.086      -0.377       2.000    0.07%      41.000     51.333     55.167
            1392.000     244.615      -0.092      92.333    0.07%      59.000     68.000
     DIVISIONJ            69.860      -0.574       6.333    0.07%      57.333     67.000     71.333
            1392.000     243.008       0.243     100.000    0.29%      75.333     83.000
     POSSESSIONJ          39.164       0.105       1.667    0.07%      26.000     35.000     39.333
            1392.000     234.437      -0.117      95.333    0.07%      43.000     52.000

RANDOM STARTS RESULTS RANKED FROM THE BEST TO THE WORST LOGLIKELIHOOD VALUES

Unperturbed starting value run did not converge in the initial stage
optimizations.

12 perturbed starting value run(s) did not converge in the initial stage
optimizations.

Final stage loglikelihood values at local maxima, seeds, and initial stage start numbers:

          -39229.888  415931           10
          -39241.387  573096           20
          -39242.030  27071            15

1 perturbed starting value run(s) did not converge.



     WARNING:  THE BEST LOGLIKELIHOOD VALUE WAS NOT REPLICATED.  THE
     SOLUTION MAY NOT BE TRUSTWORTHY DUE TO LOCAL MAXIMA.  INCREASE THE
     NUMBER OF RANDOM STARTS.

     THE STANDARD ERRORS OF THE MODEL PARAMETER ESTIMATES MAY NOT BE
     TRUSTWORTHY FOR SOME PARAMETERS DUE TO A NON-POSITIVE DEFINITE
     FIRST-ORDER DERIVATIVE PRODUCT MATRIX.  THIS MAY BE DUE TO THE STARTING
     VALUES BUT MAY ALSO BE AN INDICATION OF MODEL NONIDENTIFICATION.  THE
     CONDITION NUMBER IS       0.102D-11.  PROBLEM INVOLVING THE FOLLOWING PARAMETER:
     Parameter 174, %C1#5%: POSSESSIONJ WITH DIVISIONJ (equality/label)


THE MODEL ESTIMATION TERMINATED NORMALLY



MODEL FIT INFORMATION

Number of Free Parameters                      215

Loglikelihood

          H0 Value                      -39229.888
          H0 Scaling Correction Factor      1.2592
            for MLR

Information Criteria

          Akaike (AIC)                   78889.775
          Bayesian (BIC)                 80016.052
          Sample-Size Adjusted BIC       79333.079
            (n* = (n + 2) / 24)



FINAL CLASS COUNTS AND PROPORTIONS FOR THE LATENT CLASSES
BASED ON THE ESTIMATED MODEL

    Latent
   Classes

       1        329.38948          0.23663
       2         64.93827          0.04665
       3        446.13160          0.32050
       4        103.98767          0.07470
       5         20.59013          0.01479
       6        426.96285          0.30673


FINAL CLASS COUNTS AND PROPORTIONS FOR THE LATENT CLASSES
BASED ON ESTIMATED POSTERIOR PROBABILITIES

    Latent
   Classes

       1        329.38948          0.23663
       2         64.93827          0.04665
       3        446.13160          0.32050
       4        103.98767          0.07470
       5         20.59013          0.01479
       6        426.96285          0.30673


FINAL CLASS COUNTS AND PROPORTIONS FOR THE LATENT CLASSES
BASED ON THEIR MOST LIKELY LATENT CLASS MEMBERSHIP

Class Counts and Proportions

    Latent
   Classes

       1              282          0.20259
       2               72          0.05172
       3              466          0.33477
       4              115          0.08261
       5               22          0.01580
       6              435          0.31250


CLASSIFICATION QUALITY

     Entropy                         0.663


Average Latent Class Probabilities for Most Likely Latent Class Membership (Row)
by Latent Class (Column)

           1        2        3        4        5        6

    1   0.793    0.015    0.144    0.022    0.000    0.026
    2   0.111    0.731    0.059    0.010    0.000    0.090
    3   0.147    0.006    0.702    0.030    0.001    0.114
    4   0.112    0.010    0.126    0.651    0.000    0.101
    5   0.009    0.000    0.041    0.001    0.902    0.046
    6   0.037    0.009    0.135    0.019    0.001    0.798


Classification Probabilities for the Most Likely Latent Class Membership (Column)
by Latent Class (Row)

           1        2        3        4        5        6

    1   0.679    0.024    0.208    0.039    0.001    0.049
    2   0.066    0.810    0.044    0.018    0.000    0.062
    3   0.091    0.009    0.733    0.033    0.002    0.132
    4   0.059    0.007    0.134    0.720    0.000    0.079
    5   0.000    0.000    0.011    0.000    0.964    0.025
    6   0.017    0.015    0.125    0.027    0.002    0.813


Logits for the Classification Probabilities for the Most Likely Latent Class Membership (Column)
by Latent Class (Row)

              1        2        3        4        5        6

    1      2.626   -0.710    1.442   -0.232   -4.389    0.000
    2      0.067    2.571   -0.341   -1.252  -11.034    0.000
    3     -0.369   -2.633    1.717   -1.398   -4.170    0.000
    4     -0.286   -2.395    0.528    2.210   -5.613    0.000
    5     -9.257  -10.117   -0.772   -4.687    3.661    0.000
    6     -3.875   -3.984   -1.874   -3.399   -5.829    0.000


MODEL RESULTS

                                                    Two-Tailed
                    Estimate       S.E.  Est./S.E.    P-Value

Latent Class 1

 KINSHIPJ WITH
    MUTUALISMJ        14.731     25.986      0.567      0.571
    EXCHANGEJ         33.605     13.287      2.529      0.011
    HAWKJ             90.322     22.058      4.095      0.000
    DOVEJ             40.097     29.140      1.376      0.169
    DIVISIONJ        -27.505     24.705     -1.113      0.266
    POSSESSION       -34.436     25.589     -1.346      0.178

 MUTUALIS WITH
    EXCHANGEJ         38.566     24.697      1.562      0.118
    HAWKJ              1.692     31.025      0.055      0.957
    DOVEJ             -7.763     39.683     -0.196      0.845
    DIVISIONJ          5.974     46.318      0.129      0.897
    POSSESSION        -9.932     27.171     -0.366      0.715

 EXCHANGE WITH
    HAWKJ             14.958     16.549      0.904      0.366
    DOVEJ              7.906     33.953      0.233      0.816
    DIVISIONJ        -49.835     21.068     -2.365      0.018
    POSSESSION       -13.569     18.518     -0.733      0.464

 HAWKJ    WITH
    DOVEJ             44.659     25.609      1.744      0.081
    DIVISIONJ        -36.093     35.897     -1.005      0.315
    POSSESSION         7.704     25.401      0.303      0.762

 DOVEJ    WITH
    DIVISIONJ        -50.431     67.487     -0.747      0.455
    POSSESSION       -32.178     29.973     -1.074      0.283

 DIVISION WITH
    POSSESSION        66.280     24.866      2.665      0.008

 Means
    KINSHIPJ          60.478      1.720     35.153      0.000
    MUTUALISMJ        56.287      3.447     16.332      0.000
    EXCHANGEJ         67.508      2.552     26.452      0.000
    HAWKJ             62.068      2.233     27.790      0.000
    DOVEJ             43.942      4.631      9.489      0.000
    DIVISIONJ         59.871      4.215     14.205      0.000
    POSSESSION        39.288      2.445     16.068      0.000

 Variances
    KINSHIPJ         256.888     30.891      8.316      0.000
    MUTUALISMJ       229.809     25.479      9.020      0.000
    EXCHANGEJ        169.590     14.119     12.011      0.000
    HAWKJ            229.478     36.177      6.343      0.000
    DOVEJ            280.498     28.505      9.840      0.000
    DIVISIONJ        297.282     34.606      8.590      0.000
    POSSESSION       169.895     23.244      7.309      0.000

Latent Class 2

 KINSHIPJ WITH
    MUTUALISMJ      -168.793     51.739     -3.262      0.001
    EXCHANGEJ         51.462     33.278      1.546      0.122
    HAWKJ            -34.618     75.766     -0.457      0.648
    DOVEJ            186.739     65.355      2.857      0.004
    DIVISIONJ        -28.297     31.507     -0.898      0.369
    POSSESSION       -21.302     51.754     -0.412      0.681

 MUTUALIS WITH
    EXCHANGEJ         33.051     26.227      1.260      0.208
    HAWKJ             -3.248     50.971     -0.064      0.949
    DOVEJ             15.634     40.102      0.390      0.697
    DIVISIONJ        -27.596     30.387     -0.908      0.364
    POSSESSION        59.046     39.099      1.510      0.131

 EXCHANGE WITH
    HAWKJ             54.117     32.453      1.668      0.095
    DOVEJ             54.493     24.565      2.218      0.027
    DIVISIONJ        -11.776     15.523     -0.759      0.448
    POSSESSION        33.842     27.670      1.223      0.221

 HAWKJ    WITH
    DOVEJ             33.535     61.407      0.546      0.585
    DIVISIONJ        -51.671     44.400     -1.164      0.245
    POSSESSION        55.093     56.669      0.972      0.331

 DOVEJ    WITH
    DIVISIONJ        -89.781     33.150     -2.708      0.007
    POSSESSION        14.821     53.319      0.278      0.781

 DIVISION WITH
    POSSESSION       -58.006     27.513     -2.108      0.035

 Means
    KINSHIPJ          59.717      3.324     17.967      0.000
    MUTUALISMJ        53.667      2.470     21.725      0.000
    EXCHANGEJ         77.687      1.785     43.511      0.000
    HAWKJ             51.364      3.892     13.198      0.000
    DOVEJ             54.413      3.901     13.947      0.000
    DIVISIONJ         75.355      2.031     37.111      0.000
    POSSESSION        44.343      2.452     18.081      0.000

 Variances
    KINSHIPJ         396.898     74.354      5.338      0.000
    MUTUALISMJ       202.243     41.967      4.819      0.000
    EXCHANGEJ         75.711     14.590      5.189      0.000
    HAWKJ            347.381     79.722      4.357      0.000
    DOVEJ            261.656     76.929      3.401      0.001
    DIVISIONJ        117.723     22.795      5.164      0.000
    POSSESSION       170.911     35.719      4.785      0.000

Latent Class 3

 KINSHIPJ WITH
    MUTUALISMJ        45.316     24.182      1.874      0.061
    EXCHANGEJ         72.740     25.623      2.839      0.005
    HAWKJ             66.171     18.895      3.502      0.000
    DOVEJ             33.963     24.215      1.403      0.161
    DIVISIONJ         -8.760     30.172     -0.290      0.772
    POSSESSION        10.193     16.099      0.633      0.527

 MUTUALIS WITH
    EXCHANGEJ         69.154     21.006      3.292      0.001
    HAWKJ             56.545     19.896      2.842      0.004
    DOVEJ              9.464     17.505      0.541      0.589
    DIVISIONJ         50.121     15.922      3.148      0.002
    POSSESSION       -22.088     19.518     -1.132      0.258

 EXCHANGE WITH
    HAWKJ             44.510     19.016      2.341      0.019
    DOVEJ              8.232     11.995      0.686      0.493
    DIVISIONJ         35.029     19.714      1.777      0.076
    POSSESSION        -3.517     18.443     -0.191      0.849

 HAWKJ    WITH
    DOVEJ             31.976     19.705      1.623      0.105
    DIVISIONJ         26.608     23.145      1.150      0.250
    POSSESSION        -3.939     17.664     -0.223      0.824

 DOVEJ    WITH
    DIVISIONJ       -100.055     27.719     -3.610      0.000
    POSSESSION       -29.743     22.284     -1.335      0.182

 DIVISION WITH
    POSSESSION         5.689     24.923      0.228      0.819

 Means
    KINSHIPJ          69.649      3.904     17.838      0.000
    MUTUALISMJ        68.574      2.733     25.092      0.000
    EXCHANGEJ         73.223      3.139     23.326      0.000
    HAWKJ             63.991      1.956     32.721      0.000
    DOVEJ             51.820      1.773     29.221      0.000
    DIVISIONJ         66.488      1.948     34.124      0.000
    POSSESSION        38.184      1.815     21.037      0.000

 Variances
    KINSHIPJ         189.637     34.521      5.493      0.000
    MUTUALISMJ       135.498     22.629      5.988      0.000
    EXCHANGEJ        105.028     26.179      4.012      0.000
    HAWKJ            264.014     33.877      7.793      0.000
    DOVEJ            193.984     32.014      6.059      0.000
    DIVISIONJ        217.772     36.105      6.032      0.000
    POSSESSION       221.758     22.988      9.647      0.000

Latent Class 4

 KINSHIPJ WITH
    MUTUALISMJ       -13.126     80.276     -0.164      0.870
    EXCHANGEJ        -67.284     27.873     -2.414      0.016
    HAWKJ            -27.965     52.864     -0.529      0.597
    DOVEJ            -13.060     33.122     -0.394      0.693
    DIVISIONJ        -40.721     49.254     -0.827      0.408
    POSSESSION        19.638    135.571      0.145      0.885

 MUTUALIS WITH
    EXCHANGEJ        -12.958     23.432     -0.553      0.580
    HAWKJ             10.750     57.586      0.187      0.852
    DOVEJ              8.030     32.003      0.251      0.802
    DIVISIONJ          2.328     47.498      0.049      0.961
    POSSESSION        51.275     77.074      0.665      0.506

 EXCHANGE WITH
    HAWKJ             89.986     30.125      2.987      0.003
    DOVEJ            -49.997     45.403     -1.101      0.271
    DIVISIONJ         18.527     26.104      0.710      0.478
    POSSESSION       -14.633     24.341     -0.601      0.548

 HAWKJ    WITH
    DOVEJ            -49.615    100.690     -0.493      0.622
    DIVISIONJ         61.375     41.368      1.484      0.138
    POSSESSION        -6.635     93.884     -0.071      0.944

 DOVEJ    WITH
    DIVISIONJ        -21.401     68.865     -0.311      0.756
    POSSESSION       -13.233     41.952     -0.315      0.752

 DIVISION WITH
    POSSESSION        35.248     28.782      1.225      0.221

 Means
    KINSHIPJ          60.428      4.242     14.244      0.000
    MUTUALISMJ        61.031      7.737      7.888      0.000
    EXCHANGEJ         61.678      2.434     25.341      0.000
    HAWKJ             67.450      7.459      9.042      0.000
    DOVEJ             52.570      3.584     14.668      0.000
    DIVISIONJ         76.217      4.749     16.050      0.000
    POSSESSION        36.422      7.719      4.718      0.000

 Variances
    KINSHIPJ         262.727     91.815      2.861      0.004
    MUTUALISMJ        57.748     71.640      0.806      0.420
    EXCHANGEJ         85.733     28.230      3.037      0.002
    HAWKJ            230.601    123.770      1.863      0.062
    DOVEJ            164.205     43.115      3.809      0.000
    DIVISIONJ        108.306     42.558      2.545      0.011
    POSSESSION       232.681     81.585      2.852      0.004

Latent Class 5

 KINSHIPJ WITH
    MUTUALISMJ        35.314     15.713      2.247      0.025
    EXCHANGEJ        -19.018     28.400     -0.670      0.503
    HAWKJ             10.838     65.364      0.166      0.868
    DOVEJ             70.607     29.509      2.393      0.017
    DIVISIONJ         24.709     69.706      0.354      0.723
    POSSESSION        51.721     28.485      1.816      0.069

 MUTUALIS WITH
    EXCHANGEJ        -10.241     30.569     -0.335      0.738
    HAWKJ            -75.043     38.253     -1.962      0.050
    DOVEJ             47.567     52.498      0.906      0.365
    DIVISIONJ          6.161     68.513      0.090      0.928
    POSSESSION        -4.245     20.848     -0.204      0.839

 EXCHANGE WITH
    HAWKJ            -39.391     85.567     -0.460      0.645
    DOVEJ             -4.412     23.983     -0.184      0.854
    DIVISIONJ         28.570     57.003      0.501      0.616
    POSSESSION       -47.527     23.567     -2.017      0.044

 HAWKJ    WITH
    DOVEJ            -23.429     55.240     -0.424      0.671
    DIVISIONJ          2.183     68.620      0.032      0.975
    POSSESSION        69.774     87.250      0.800      0.424

 DOVEJ    WITH
    DIVISIONJ         75.672     51.133      1.480      0.139
    POSSESSION        70.207     32.751      2.144      0.032

 DIVISION WITH
    POSSESSION        11.116     48.179      0.231      0.818

 Means
    KINSHIPJ          84.747      5.911     14.336      0.000
    MUTUALISMJ        75.308      3.902     19.301      0.000
    EXCHANGEJ         66.691      5.150     12.950      0.000
    HAWKJ             72.121      6.439     11.200      0.000
    DOVEJ             59.506      3.241     18.359      0.000
    DIVISIONJ         71.234      7.468      9.539      0.000
    POSSESSION        24.006      4.834      4.966      0.000

 Variances
    KINSHIPJ          68.197     33.676      2.025      0.043
    MUTUALISMJ        65.275     17.112      3.815      0.000
    EXCHANGEJ         46.209     20.319      2.274      0.023
    HAWKJ            232.246    101.180      2.295      0.022
    DOVEJ            139.008     74.675      1.861      0.063
    DIVISIONJ         78.301     45.249      1.730      0.084
    POSSESSION       129.191     51.711      2.498      0.012

Latent Class 6

 KINSHIPJ WITH
    MUTUALISMJ        18.520     10.026      1.847      0.065
    EXCHANGEJ         27.946     12.991      2.151      0.031
    HAWKJ             22.411     14.166      1.582      0.114
    DOVEJ             17.711     16.387      1.081      0.280
    DIVISIONJ         18.186     12.924      1.407      0.159
    POSSESSION        -5.689     12.775     -0.445      0.656

 MUTUALIS WITH
    EXCHANGEJ         27.674      9.442      2.931      0.003
    HAWKJ              8.829     12.826      0.688      0.491
    DOVEJ             20.049     11.657      1.720      0.085
    DIVISIONJ         35.953     13.727      2.619      0.009
    POSSESSION         1.880     17.046      0.110      0.912

 EXCHANGE WITH
    HAWKJ             30.358      9.018      3.366      0.001
    DOVEJ             12.554     12.382      1.014      0.311
    DIVISIONJ         23.696      9.222      2.570      0.010
    POSSESSION        -7.476     11.198     -0.668      0.504

 HAWKJ    WITH
    DOVEJ             40.953     13.143      3.116      0.002
    DIVISIONJ          3.308     14.808      0.223      0.823
    POSSESSION        -4.576     16.252     -0.282      0.778

 DOVEJ    WITH
    DIVISIONJ         -4.002     11.526     -0.347      0.728
    POSSESSION         2.954     16.981      0.174      0.862

 DIVISION WITH
    POSSESSION        10.281     14.636      0.702      0.482

 Means
    KINSHIPJ          74.841      2.536     29.510      0.000
    MUTUALISMJ        68.233      1.460     46.727      0.000
    EXCHANGEJ         75.558      1.469     51.442      0.000
    HAWKJ             71.331      1.499     47.575      0.000
    DOVEJ             64.337      1.546     41.615      0.000
    DIVISIONJ         78.638      1.711     45.969      0.000
    POSSESSION        40.704      1.953     20.843      0.000

 Variances
    KINSHIPJ         137.940     23.243      5.935      0.000
    MUTUALISMJ       124.902     17.188      7.267      0.000
    EXCHANGEJ         77.794     13.222      5.884      0.000
    HAWKJ            166.066     15.952     10.410      0.000
    DOVEJ            100.091     13.192      7.587      0.000
    DIVISIONJ        106.876     16.106      6.636      0.000
    POSSESSION       292.260     26.261     11.129      0.000

Categorical Latent Variables

 Means
    C1#1              -0.259      0.377     -0.687      0.492
    C1#2              -1.883      0.254     -7.403      0.000
    C1#3               0.044      0.405      0.108      0.914
    C1#4              -1.412      0.415     -3.405      0.001
    C1#5              -3.032      0.644     -4.709      0.000


QUALITY OF NUMERICAL RESULTS

     Condition Number for the Information Matrix              0.102E-11
       (ratio of smallest to largest eigenvalue)


TECHNICAL 1 OUTPUT


     PARAMETER SPECIFICATION FOR LATENT CLASS 1


           NU
              KINSHIPJ      MUTUALIS      EXCHANGE      HAWKJ         DOVEJ
              ________      ________      ________      ________      ________
                    1             2             3             4             5


           NU
              DIVISION      POSSESSI
              ________      ________
                    6             7


           THETA
              KINSHIPJ      MUTUALIS      EXCHANGE      HAWKJ         DOVEJ
              ________      ________      ________      ________      ________
 KINSHIPJ           8
 MUTUALIS           9            10
 EXCHANGE          11            12            13
 HAWKJ             14            15            16            17
 DOVEJ             18            19            20            21            22
 DIVISION          23            24            25            26            27
 POSSESSI          29            30            31            32            33


           THETA
              DIVISION      POSSESSI
              ________      ________
 DIVISION          28
 POSSESSI          34            35


     PARAMETER SPECIFICATION FOR LATENT CLASS 2


           NU
              KINSHIPJ      MUTUALIS      EXCHANGE      HAWKJ         DOVEJ
              ________      ________      ________      ________      ________
                   36            37            38            39            40


           NU
              DIVISION      POSSESSI
              ________      ________
                   41            42


           THETA
              KINSHIPJ      MUTUALIS      EXCHANGE      HAWKJ         DOVEJ
              ________      ________      ________      ________      ________
 KINSHIPJ          43
 MUTUALIS          44            45
 EXCHANGE          46            47            48
 HAWKJ             49            50            51            52
 DOVEJ             53            54            55            56            57
 DIVISION          58            59            60            61            62
 POSSESSI          64            65            66            67            68


           THETA
              DIVISION      POSSESSI
              ________      ________
 DIVISION          63
 POSSESSI          69            70


     PARAMETER SPECIFICATION FOR LATENT CLASS 3


           NU
              KINSHIPJ      MUTUALIS      EXCHANGE      HAWKJ         DOVEJ
              ________      ________      ________      ________      ________
                   71            72            73            74            75


           NU
              DIVISION      POSSESSI
              ________      ________
                   76            77


           THETA
              KINSHIPJ      MUTUALIS      EXCHANGE      HAWKJ         DOVEJ
              ________      ________      ________      ________      ________
 KINSHIPJ          78
 MUTUALIS          79            80
 EXCHANGE          81            82            83
 HAWKJ             84            85            86            87
 DOVEJ             88            89            90            91            92
 DIVISION          93            94            95            96            97
 POSSESSI          99           100           101           102           103


           THETA
              DIVISION      POSSESSI
              ________      ________
 DIVISION          98
 POSSESSI         104           105


     PARAMETER SPECIFICATION FOR LATENT CLASS 4


           NU
              KINSHIPJ      MUTUALIS      EXCHANGE      HAWKJ         DOVEJ
              ________      ________      ________      ________      ________
                  106           107           108           109           110


           NU
              DIVISION      POSSESSI
              ________      ________
                  111           112


           THETA
              KINSHIPJ      MUTUALIS      EXCHANGE      HAWKJ         DOVEJ
              ________      ________      ________      ________      ________
 KINSHIPJ         113
 MUTUALIS         114           115
 EXCHANGE         116           117           118
 HAWKJ            119           120           121           122
 DOVEJ            123           124           125           126           127
 DIVISION         128           129           130           131           132
 POSSESSI         134           135           136           137           138


           THETA
              DIVISION      POSSESSI
              ________      ________
 DIVISION         133
 POSSESSI         139           140


     PARAMETER SPECIFICATION FOR LATENT CLASS 5


           NU
              KINSHIPJ      MUTUALIS      EXCHANGE      HAWKJ         DOVEJ
              ________      ________      ________      ________      ________
                  141           142           143           144           145


           NU
              DIVISION      POSSESSI
              ________      ________
                  146           147


           THETA
              KINSHIPJ      MUTUALIS      EXCHANGE      HAWKJ         DOVEJ
              ________      ________      ________      ________      ________
 KINSHIPJ         148
 MUTUALIS         149           150
 EXCHANGE         151           152           153
 HAWKJ            154           155           156           157
 DOVEJ            158           159           160           161           162
 DIVISION         163           164           165           166           167
 POSSESSI         169           170           171           172           173


           THETA
              DIVISION      POSSESSI
              ________      ________
 DIVISION         168
 POSSESSI         174           175


     PARAMETER SPECIFICATION FOR LATENT CLASS 6


           NU
              KINSHIPJ      MUTUALIS      EXCHANGE      HAWKJ         DOVEJ
              ________      ________      ________      ________      ________
                  176           177           178           179           180


           NU
              DIVISION      POSSESSI
              ________      ________
                  181           182


           THETA
              KINSHIPJ      MUTUALIS      EXCHANGE      HAWKJ         DOVEJ
              ________      ________      ________      ________      ________
 KINSHIPJ         183
 MUTUALIS         184           185
 EXCHANGE         186           187           188
 HAWKJ            189           190           191           192
 DOVEJ            193           194           195           196           197
 DIVISION         198           199           200           201           202
 POSSESSI         204           205           206           207           208


           THETA
              DIVISION      POSSESSI
              ________      ________
 DIVISION         203
 POSSESSI         209           210


     PARAMETER SPECIFICATION FOR LATENT CLASS REGRESSION MODEL PART


           ALPHA(C)
              C1#1          C1#2          C1#3          C1#4          C1#5
              ________      ________      ________      ________      ________
                  211           212           213           214           215


           ALPHA(C)
              C1#6
              ________
                    0


     STARTING VALUES FOR LATENT CLASS 1


           NU
              KINSHIPJ      MUTUALIS      EXCHANGE      HAWKJ         DOVEJ
              ________      ________      ________      ________      ________
               36.949        37.238        49.273        33.897        22.805


           NU
              DIVISION      POSSESSI
              ________      ________
               38.682         8.541


           THETA
              KINSHIPJ      MUTUALIS      EXCHANGE      HAWKJ         DOVEJ
              ________      ________      ________      ________      ________
 KINSHIPJ     121.626
 MUTUALIS       0.000        92.239
 EXCHANGE       0.000         0.000        63.634
 HAWKJ          0.000         0.000         0.000       125.455
 DOVEJ          0.000         0.000         0.000         0.000       122.308
 DIVISION       0.000         0.000         0.000         0.000         0.000
 POSSESSI       0.000         0.000         0.000         0.000         0.000


           THETA
              DIVISION      POSSESSI
              ________      ________
 DIVISION     121.504
 POSSESSI       0.000       117.219


     STARTING VALUES FOR LATENT CLASS 2


           NU
              KINSHIPJ      MUTUALIS      EXCHANGE      HAWKJ         DOVEJ
              ________      ________      ________      ________      ________
               52.546        50.820        60.555        49.737        38.446


           NU
              DIVISION      POSSESSI
              ________      ________
               54.271        23.853


           THETA
              KINSHIPJ      MUTUALIS      EXCHANGE      HAWKJ         DOVEJ
              ________      ________      ________      ________      ________
 KINSHIPJ     121.626
 MUTUALIS       0.000        92.239
 EXCHANGE       0.000         0.000        63.634
 HAWKJ          0.000         0.000         0.000       125.455
 DOVEJ          0.000         0.000         0.000         0.000       122.308
 DIVISION       0.000         0.000         0.000         0.000         0.000
 POSSESSI       0.000         0.000         0.000         0.000         0.000


           THETA
              DIVISION      POSSESSI
              ________      ________
 DIVISION     121.504
 POSSESSI       0.000       117.219


     STARTING VALUES FOR LATENT CLASS 3


           NU
              KINSHIPJ      MUTUALIS      EXCHANGE      HAWKJ         DOVEJ
              ________      ________      ________      ________      ________
               68.142        64.403        71.836        65.577        54.086


           NU
              DIVISION      POSSESSI
              ________      ________
               69.860        39.164


           THETA
              KINSHIPJ      MUTUALIS      EXCHANGE      HAWKJ         DOVEJ
              ________      ________      ________      ________      ________
 KINSHIPJ     121.626
 MUTUALIS       0.000        92.239
 EXCHANGE       0.000         0.000        63.634
 HAWKJ          0.000         0.000         0.000       125.455
 DOVEJ          0.000         0.000         0.000         0.000       122.308
 DIVISION       0.000         0.000         0.000         0.000         0.000
 POSSESSI       0.000         0.000         0.000         0.000         0.000


           THETA
              DIVISION      POSSESSI
              ________      ________
 DIVISION     121.504
 POSSESSI       0.000       117.219


     STARTING VALUES FOR LATENT CLASS 4


           NU
              KINSHIPJ      MUTUALIS      EXCHANGE      HAWKJ         DOVEJ
              ________      ________      ________      ________      ________
               68.142        64.403        71.836        65.577        54.086


           NU
              DIVISION      POSSESSI
              ________      ________
               69.860        39.164


           THETA
              KINSHIPJ      MUTUALIS      EXCHANGE      HAWKJ         DOVEJ
              ________      ________      ________      ________      ________
 KINSHIPJ     121.626
 MUTUALIS       0.000        92.239
 EXCHANGE       0.000         0.000        63.634
 HAWKJ          0.000         0.000         0.000       125.455
 DOVEJ          0.000         0.000         0.000         0.000       122.308
 DIVISION       0.000         0.000         0.000         0.000         0.000
 POSSESSI       0.000         0.000         0.000         0.000         0.000


           THETA
              DIVISION      POSSESSI
              ________      ________
 DIVISION     121.504
 POSSESSI       0.000       117.219


     STARTING VALUES FOR LATENT CLASS 5


           NU
              KINSHIPJ      MUTUALIS      EXCHANGE      HAWKJ         DOVEJ
              ________      ________      ________      ________      ________
               83.739        77.985        83.117        81.417        69.726


           NU
              DIVISION      POSSESSI
              ________      ________
               85.448        54.475


           THETA
              KINSHIPJ      MUTUALIS      EXCHANGE      HAWKJ         DOVEJ
              ________      ________      ________      ________      ________
 KINSHIPJ     121.626
 MUTUALIS       0.000        92.239
 EXCHANGE       0.000         0.000        63.634
 HAWKJ          0.000         0.000         0.000       125.455
 DOVEJ          0.000         0.000         0.000         0.000       122.308
 DIVISION       0.000         0.000         0.000         0.000         0.000
 POSSESSI       0.000         0.000         0.000         0.000         0.000


           THETA
              DIVISION      POSSESSI
              ________      ________
 DIVISION     121.504
 POSSESSI       0.000       117.219


     STARTING VALUES FOR LATENT CLASS 6


           NU
              KINSHIPJ      MUTUALIS      EXCHANGE      HAWKJ         DOVEJ
              ________      ________      ________      ________      ________
               99.336        91.567        94.399        97.257        85.366


           NU
              DIVISION      POSSESSI
              ________      ________
              101.037        69.787


           THETA
              KINSHIPJ      MUTUALIS      EXCHANGE      HAWKJ         DOVEJ
              ________      ________      ________      ________      ________
 KINSHIPJ     121.626
 MUTUALIS       0.000        92.239
 EXCHANGE       0.000         0.000        63.634
 HAWKJ          0.000         0.000         0.000       125.455
 DOVEJ          0.000         0.000         0.000         0.000       122.308
 DIVISION       0.000         0.000         0.000         0.000         0.000
 POSSESSI       0.000         0.000         0.000         0.000         0.000


           THETA
              DIVISION      POSSESSI
              ________      ________
 DIVISION     121.504
 POSSESSI       0.000       117.219


     STARTING VALUES FOR LATENT CLASS REGRESSION MODEL PART


           ALPHA(C)
              C1#1          C1#2          C1#3          C1#4          C1#5
              ________      ________      ________      ________      ________
                0.000         0.000         0.000         0.000         0.000


           ALPHA(C)
              C1#6
              ________
                0.000


TECHNICAL 14 OUTPUT

     Random Starts Specifications for the k-1 Class Analysis Model
        Number of initial stage random starts                  20
        Number of final stage optimizations                     4

     Random Starts Specification for the k-1 Class Model for Generated Data
        Number of initial stage random starts                   0
        Number of final stage optimizations for the
           initial stage random starts                          0
     Random Starts Specification for the k Class Model for Generated Data
        Number of initial stage random starts                  40
        Number of final stage optimizations                     8
     Number of bootstrap draws requested                   Varies


     PARAMETRIC BOOTSTRAPPED LIKELIHOOD RATIO TEST FOR 5 (H0) VERSUS 6 CLASSES

          H0 Loglikelihood Value                       -39272.464
          2 Times the Loglikelihood Difference             85.153
          Difference in the Number of Parameters               36
          Approximate P-Value                              0.3333
          Successful Bootstrap Draws                            9


SAVEDATA INFORMATION


  Save file
    model_6_class_6.dat

  Order and format of variables

    KINSHIPJ       F10.3
    MUTUALIS       F10.3
    EXCHANGE       F10.3
    HAWKJ          F10.3
    DOVEJ          F10.3
    DIVISION       F10.3
    POSSESSI       F10.3
    CPROB1         F10.3
    CPROB2         F10.3
    CPROB3         F10.3
    CPROB4         F10.3
    CPROB5         F10.3
    CPROB6         F10.3
    C1             F10.3

  Save file format
    14F10.3

  Save file record length    10000


     Beginning Time:  12:14:28
        Ending Time:  12:16:33
       Elapsed Time:  00:02:05



MUTHEN & MUTHEN
3463 Stoner Ave.
Los Angeles, CA  90066

Tel: (310) 391-9971
Fax: (310) 391-8971
Web: www.StatModel.com
Support: Support@StatModel.com

Copyright (c) 1998-2018 Muthen & Muthen
